#
# There is insufficient memory for the Java Runtime Environment to continue.
# Native memory allocation (malloc) failed to allocate 356496 bytes for Chunk::new
# Possible reasons:
#   The system is out of physical RAM or swap space
#   The process is running with CompressedOops enabled, and the Java Heap may be blocking the growth of the native heap
# Possible solutions:
#   Reduce memory load on the system
#   Increase physical memory or swap space
#   Check if swap backing store is full
#   Decrease Java heap size (-Xmx/-Xms)
#   Decrease number of Java threads
#   Decrease Java thread stack sizes (-Xss)
#   Set larger code cache with -XX:ReservedCodeCacheSize=
#   JVM is running with Unscaled Compressed Oops mode in which the Java heap is
#     placed in the first 4GB address space. The Java Heap base address is the
#     maximum limit for the native heap growth. Please use -XX:HeapBaseMinAddress
#     to set the Java Heap base and to place the Java Heap above 4GB virtual address.
# This output file may be truncated or incomplete.
#
#  Out of Memory Error (./src/hotspot/share/memory/arena.cpp:197), pid=5768, tid=10268
#
# JRE version: OpenJDK Runtime Environment (11.0.11+9) (build 11.0.11+9-b60-7590822)
# Java VM: OpenJDK 64-Bit Server VM (11.0.11+9-b60-7590822, mixed mode, tiered, compressed oops, g1 gc, windows-amd64)
# No core dump will be written. Minidumps are not enabled by default on client versions of Windows
#

---------------  S U M M A R Y ------------

Command Line: --add-opens=java.base/java.util=ALL-UNNAMED --add-opens=java.base/java.lang=ALL-UNNAMED --add-opens=java.base/java.lang.invoke=ALL-UNNAMED --add-opens=java.base/java.util=ALL-UNNAMED --add-opens=java.prefs/java.util.prefs=ALL-UNNAMED --add-opens=java.prefs/java.util.prefs=ALL-UNNAMED --add-opens=java.base/java.nio.charset=ALL-UNNAMED --add-opens=java.base/java.net=ALL-UNNAMED --add-opens=java.base/java.util.concurrent.atomic=ALL-UNNAMED -Xmx2048m -Dfile.encoding=UTF-8 -Duser.country=RU -Duser.language=ru -Duser.variant org.gradle.launcher.daemon.bootstrap.GradleDaemon 7.2

Host: Intel(R) Core(TM) i7-6700K CPU @ 4.00GHz, 8 cores, 15G,  Windows 10 , 64 bit Build 19041 (10.0.19041.1645)
Time: Sun May  8 02:06:45 2022 RTZ 2 (зима) elapsed time: 9.895403 seconds (0d 0h 0m 9s)

---------------  T H R E A D  ---------------

Current thread (0x000001f0268d3800):  JavaThread "C2 CompilerThread2" daemon [_thread_in_native, id=10268, stack(0x0000006f19100000,0x0000006f19200000)]


Current CompileTask:
C2:   9895 10564   !   4       java.util.concurrent.ConcurrentHashMap::putVal (432 bytes)

Stack: [0x0000006f19100000,0x0000006f19200000]
Native frames: (J=compiled Java code, j=interpreted, Vv=VM code, C=native code)
V  [jvm.dll+0x5f214a]
V  [jvm.dll+0x726fb5]
V  [jvm.dll+0x7285cd]
V  [jvm.dll+0x728c83]
V  [DBGHELP.DLL+0x243278]
V  [jvm.dll+0xbc53c]
V  [jvm.dll+0xbca3c]
V  [jvm.dll+0x2b5c34]
V  [jvm.dll+0x508488]
V  [jvm.dll+0x203d53]
V  [jvm.dll+0x1fdbac]
V  [jvm.dll+0x1fb35f]
V  [jvm.dll+0x183d6c]
V  [jvm.dll+0x209a57]
V  [jvm.dll+0x2082a1]
V  [jvm.dll+0x6ef58f]
V  [jvm.dll+0x6e80b5]
V  [jvm.dll+0x5f1036]
C  [ucrtbase.dll+0x21bb2]
C  [KERNEL32.DLL+0x17034]
C  [ntdll.dll+0x52651]


---------------  P R O C E S S  ---------------

Threads class SMR info:
_java_thread_list=0x000001f02c78ef50, length=134, elements={
0x000001f007f7d000, 0x000001f024c31800, 0x000001f024c3b000, 0x000001f024c55800,
0x000001f024c59800, 0x000001f024c5a800, 0x000001f024caa800, 0x000001f024cad800,
0x000001f024cae000, 0x000001f024e1c000, 0x000001f024ea2000, 0x000001f0268d3800,
0x000001f025ab7000, 0x000001f026533000, 0x000001f026eb4800, 0x000001f0272f4000,
0x000001f026d5d000, 0x000001f0261c4000, 0x000001f026410000, 0x000001f028409000,
0x000001f0281cd000, 0x000001f027665000, 0x000001f027669000, 0x000001f027667800,
0x000001f027668000, 0x000001f027669800, 0x000001f027666800, 0x000001f027665800,
0x000001f02766a800, 0x000001f02766b800, 0x000001f02a5f9800, 0x000001f02a5fa800,
0x000001f02a5fb000, 0x000001f02a5fd000, 0x000001f02a5fd800, 0x000001f02a5f8000,
0x000001f02a603800, 0x000001f02a602800, 0x000001f02a604000, 0x000001f02a5ff800,
0x000001f02a5fe800, 0x000001f02a601000, 0x000001f02a601800, 0x000001f02a605000,
0x000001f02a606000, 0x000001f02a600000, 0x000001f02a5d8000, 0x000001f02a5d7000,
0x000001f02a5d8800, 0x000001f02a5d9800, 0x000001f02a5da800, 0x000001f02a5db000,
0x000001f02a5d5800, 0x000001f02a5d6000, 0x000001f02a5dd800, 0x000001f02a5dd000,
0x000001f02a5de800, 0x000001f02a5e0000, 0x000001f02a5df000, 0x000001f02a5e1000,
0x000001f02a5e1800, 0x000001f02a5dc000, 0x000001f02a5e2800, 0x000001f02a5e3800,
0x000001f02a5e4000, 0x000001f027cfc000, 0x000001f027cfc800, 0x000001f027cfd800,
0x000001f027cfe800, 0x000001f027cff000, 0x000001f027d00000, 0x000001f027d01000,
0x000001f027cfb000, 0x000001f027d06800, 0x000001f027d07800, 0x000001f027d05000,
0x000001f027d02800, 0x000001f027d05800, 0x000001f027d01800, 0x000001f027d08000,
0x000001f027d09000, 0x000001f027d03800, 0x000001f027d0a000, 0x000001f027d04000,
0x000001f028c28800, 0x000001f028c2b800, 0x000001f028c2e000, 0x000001f028c2f000,
0x000001f028c29000, 0x000001f028c2d000, 0x000001f028c2a000, 0x000001f028c2c800,
0x000001f028c30800, 0x000001f028c2f800, 0x000001f028c2a800, 0x000001f028c33000,
0x000001f028c32000, 0x000001f028c35800, 0x000001f028c34800, 0x000001f028c33800,
0x000001f028c36000, 0x000001f028c37000, 0x000001f028c31800, 0x000001f02ba2e000,
0x000001f02ba2d000, 0x000001f02ba29800, 0x000001f02ba30000, 0x000001f02ba2f800,
0x000001f02ba2a800, 0x000001f02ba2e800, 0x000001f02ba31000, 0x000001f02ba2b800,
0x000001f02ba32000, 0x000001f02ba2c000, 0x000001f02ba36000, 0x000001f02ba35000,
0x000001f02ba37000, 0x000001f02ba32800, 0x000001f02ba37800, 0x000001f02ba38800,
0x000001f02ba33800, 0x000001f02ba34800, 0x000001f028990800, 0x000001f028997000,
0x000001f028991000, 0x000001f028993800, 0x000001f028994800, 0x000001f028996000,
0x000001f028992000, 0x000001f02899b000, 0x000001f028995000, 0x000001f02899d800,
0x000001f02899b800, 0x000001f028998800
}

Java Threads: ( => current thread )
  0x000001f007f7d000 JavaThread "main" [_thread_blocked, id=9104, stack(0x0000006f17a00000,0x0000006f17b00000)]
  0x000001f024c31800 JavaThread "Reference Handler" daemon [_thread_blocked, id=16248, stack(0x0000006f18100000,0x0000006f18200000)]
  0x000001f024c3b000 JavaThread "Finalizer" daemon [_thread_blocked, id=6188, stack(0x0000006f18200000,0x0000006f18300000)]
  0x000001f024c55800 JavaThread "Signal Dispatcher" daemon [_thread_blocked, id=7472, stack(0x0000006f18300000,0x0000006f18400000)]
  0x000001f024c59800 JavaThread "Attach Listener" daemon [_thread_blocked, id=8464, stack(0x0000006f18400000,0x0000006f18500000)]
  0x000001f024c5a800 JavaThread "Service Thread" daemon [_thread_blocked, id=8256, stack(0x0000006f18500000,0x0000006f18600000)]
  0x000001f024caa800 JavaThread "C2 CompilerThread0" daemon [_thread_in_native, id=5860, stack(0x0000006f18600000,0x0000006f18700000)]
  0x000001f024cad800 JavaThread "C1 CompilerThread0" daemon [_thread_in_native, id=15712, stack(0x0000006f18700000,0x0000006f18800000)]
  0x000001f024cae000 JavaThread "Sweeper thread" daemon [_thread_blocked, id=15572, stack(0x0000006f18800000,0x0000006f18900000)]
  0x000001f024e1c000 JavaThread "Common-Cleaner" daemon [_thread_blocked, id=3348, stack(0x0000006f18900000,0x0000006f18a00000)]
  0x000001f024ea2000 JavaThread "C2 CompilerThread1" daemon [_thread_in_native, id=16280, stack(0x0000006f18b00000,0x0000006f18c00000)]
=>0x000001f0268d3800 JavaThread "C2 CompilerThread2" daemon [_thread_in_native, id=10268, stack(0x0000006f19100000,0x0000006f19200000)]
  0x000001f025ab7000 JavaThread "Daemon health stats" [_thread_blocked, id=7312, stack(0x0000006f19200000,0x0000006f19300000)]
  0x000001f026533000 JavaThread "Incoming local TCP Connector on port 63960" [_thread_in_native, id=7964, stack(0x0000006f19300000,0x0000006f19400000)]
  0x000001f026eb4800 JavaThread "Daemon periodic checks" [_thread_blocked, id=10652, stack(0x0000006f19400000,0x0000006f19500000)]
  0x000001f0272f4000 JavaThread "Daemon" [_thread_blocked, id=14888, stack(0x0000006f19500000,0x0000006f19600000)]
  0x000001f026d5d000 JavaThread "Handler for socket connection from /127.0.0.1:63960 to /127.0.0.1:63961" [_thread_in_native, id=16204, stack(0x0000006f19600000,0x0000006f19700000)]
  0x000001f0261c4000 JavaThread "Cancel handler" [_thread_blocked, id=1872, stack(0x0000006f19700000,0x0000006f19800000)]
  0x000001f026410000 JavaThread "Daemon worker" [_thread_blocked, id=13132, stack(0x0000006f19800000,0x0000006f19900000)]
  0x000001f028409000 JavaThread "Asynchronous log dispatcher for DefaultDaemonConnection: socket connection from /127.0.0.1:63960 to /127.0.0.1:63961" [_thread_blocked, id=7552, stack(0x0000006f19900000,0x0000006f19a00000)]
  0x000001f0281cd000 JavaThread "Stdin handler" [_thread_blocked, id=2624, stack(0x0000006f19a00000,0x0000006f19b00000)]
  0x000001f027665000 JavaThread "Daemon client event forwarder" [_thread_blocked, id=12532, stack(0x0000006f19b00000,0x0000006f19c00000)]
  0x000001f027669000 JavaThread "Cache worker for journal cache (C:\Users\nande\.gradle\caches\journal-1)" [_thread_blocked, id=10988, stack(0x0000006f19c00000,0x0000006f19d00000)]
  0x000001f027667800 JavaThread "File lock request listener" [_thread_in_native, id=13768, stack(0x0000006f19d00000,0x0000006f19e00000)]
  0x000001f027668000 JavaThread "Cache worker for file hash cache (C:\Users\nande\.gradle\caches\7.2\fileHashes)" [_thread_blocked, id=14976, stack(0x0000006f19e00000,0x0000006f19f00000)]
  0x000001f027669800 JavaThread "Cache worker for file hash cache (C:\Users\nande\AndroidStudioProjects\compose-simple-app\.gradle\7.2\fileHashes)" [_thread_blocked, id=4412, stack(0x0000006f1a200000,0x0000006f1a300000)]
  0x000001f027666800 JavaThread "File watcher server" daemon [_thread_in_native, id=13952, stack(0x0000006f1a300000,0x0000006f1a400000)]
  0x000001f027665800 JavaThread "File watcher consumer" daemon [_thread_blocked, id=2684, stack(0x0000006f1a400000,0x0000006f1a500000)]
  0x000001f02766a800 JavaThread "Cache worker for checksums cache (C:\Users\nande\AndroidStudioProjects\compose-simple-app\.gradle\checksums)" [_thread_blocked, id=14912, stack(0x0000006f1a500000,0x0000006f1a600000)]
  0x000001f02766b800 JavaThread "Cache worker for cache directory md-supplier (C:\Users\nande\.gradle\caches\7.2\md-supplier)" [_thread_blocked, id=9984, stack(0x0000006f1a600000,0x0000006f1a700000)]
  0x000001f02a5f9800 JavaThread "Cache worker for cache directory md-rule (C:\Users\nande\.gradle\caches\7.2\md-rule)" [_thread_blocked, id=5012, stack(0x0000006f1a700000,0x0000006f1a800000)]
  0x000001f02a5fa800 JavaThread "Cache worker for execution history cache (C:\Users\nande\.gradle\caches\7.2\executionHistory)" [_thread_blocked, id=10208, stack(0x0000006f1a800000,0x0000006f1a900000)]
  0x000001f02a5fb000 JavaThread "jar transforms" [_thread_blocked, id=11392, stack(0x0000006f1a900000,0x0000006f1aa00000)]
  0x000001f02a5fd000 JavaThread "Cache worker for file content cache (C:\Users\nande\.gradle\caches\7.2\fileContent)" [_thread_blocked, id=6084, stack(0x0000006f1aa00000,0x0000006f1ab00000)]
  0x000001f02a5fd800 JavaThread "jar transforms Thread 2" [_thread_blocked, id=12140, stack(0x0000006f1ab00000,0x0000006f1ac00000)]
  0x000001f02a5f8000 JavaThread "Cache worker for dependencies-accessors (C:\Users\nande\AndroidStudioProjects\compose-simple-app\.gradle\7.2\dependencies-accessors)" [_thread_blocked, id=1792, stack(0x0000006f1ac00000,0x0000006f1ad00000)]
  0x000001f02a603800 JavaThread "jar transforms Thread 3" [_thread_blocked, id=1596, stack(0x0000006f1ad00000,0x0000006f1ae00000)]
  0x000001f02a602800 JavaThread "Cache worker for Build Output Cleanup Cache (C:\Users\nande\AndroidStudioProjects\compose-simple-app\.gradle\buildOutputCleanup)" [_thread_blocked, id=3344, stack(0x0000006f1ae00000,0x0000006f1af00000)]
  0x000001f02a604000 JavaThread "Unconstrained build operations" [_thread_blocked, id=1180, stack(0x0000006f1af00000,0x0000006f1b000000)]
  0x000001f02a5ff800 JavaThread "Unconstrained build operations Thread 2" [_thread_blocked, id=7508, stack(0x0000006f1b000000,0x0000006f1b100000)]
  0x000001f02a5fe800 JavaThread "Unconstrained build operations Thread 3" [_thread_blocked, id=12176, stack(0x0000006f1b100000,0x0000006f1b200000)]
  0x000001f02a601000 JavaThread "Unconstrained build operations Thread 4" [_thread_blocked, id=8992, stack(0x0000006f1b200000,0x0000006f1b300000)]
  0x000001f02a601800 JavaThread "Unconstrained build operations Thread 5" [_thread_blocked, id=2216, stack(0x0000006f1b300000,0x0000006f1b400000)]
  0x000001f02a605000 JavaThread "Unconstrained build operations Thread 6" [_thread_blocked, id=3260, stack(0x0000006f1b400000,0x0000006f1b500000)]
  0x000001f02a606000 JavaThread "Unconstrained build operations Thread 7" [_thread_blocked, id=1340, stack(0x0000006f1b500000,0x0000006f1b600000)]
  0x000001f02a600000 JavaThread "Unconstrained build operations Thread 8" [_thread_blocked, id=9264, stack(0x0000006f1b600000,0x0000006f1b700000)]
  0x000001f02a5d8000 JavaThread "Unconstrained build operations Thread 9" [_thread_blocked, id=9372, stack(0x0000006f1b700000,0x0000006f1b800000)]
  0x000001f02a5d7000 JavaThread "Unconstrained build operations Thread 10" [_thread_blocked, id=9176, stack(0x0000006f1b800000,0x0000006f1b900000)]
  0x000001f02a5d8800 JavaThread "Unconstrained build operations Thread 11" [_thread_blocked, id=748, stack(0x0000006f1b900000,0x0000006f1ba00000)]
  0x000001f02a5d9800 JavaThread "Unconstrained build operations Thread 12" [_thread_blocked, id=2344, stack(0x0000006f1ba00000,0x0000006f1bb00000)]
  0x000001f02a5da800 JavaThread "Unconstrained build operations Thread 13" [_thread_blocked, id=15828, stack(0x0000006f1bb00000,0x0000006f1bc00000)]
  0x000001f02a5db000 JavaThread "Unconstrained build operations Thread 14" [_thread_blocked, id=12600, stack(0x0000006f1bc00000,0x0000006f1bd00000)]
  0x000001f02a5d5800 JavaThread "Unconstrained build operations Thread 15" [_thread_blocked, id=14864, stack(0x0000006f1bd00000,0x0000006f1be00000)]
  0x000001f02a5d6000 JavaThread "Unconstrained build operations Thread 16" [_thread_blocked, id=12372, stack(0x0000006f1be00000,0x0000006f1bf00000)]
  0x000001f02a5dd800 JavaThread "Unconstrained build operations Thread 17" [_thread_blocked, id=7516, stack(0x0000006f1bf00000,0x0000006f1c000000)]
  0x000001f02a5dd000 JavaThread "Unconstrained build operations Thread 18" [_thread_blocked, id=1452, stack(0x0000006f1c000000,0x0000006f1c100000)]
  0x000001f02a5de800 JavaThread "Unconstrained build operations Thread 19" [_thread_blocked, id=7260, stack(0x0000006f1c100000,0x0000006f1c200000)]
  0x000001f02a5e0000 JavaThread "Unconstrained build operations Thread 20" [_thread_blocked, id=12556, stack(0x0000006f1c200000,0x0000006f1c300000)]
  0x000001f02a5df000 JavaThread "Unconstrained build operations Thread 21" [_thread_blocked, id=16052, stack(0x0000006f1c300000,0x0000006f1c400000)]
  0x000001f02a5e1000 JavaThread "Unconstrained build operations Thread 22" [_thread_blocked, id=15260, stack(0x0000006f1c400000,0x0000006f1c500000)]
  0x000001f02a5e1800 JavaThread "Unconstrained build operations Thread 23" [_thread_blocked, id=15484, stack(0x0000006f1c500000,0x0000006f1c600000)]
  0x000001f02a5dc000 JavaThread "Unconstrained build operations Thread 24" [_thread_blocked, id=15804, stack(0x0000006f1c600000,0x0000006f1c700000)]
  0x000001f02a5e2800 JavaThread "Unconstrained build operations Thread 25" [_thread_in_vm, id=9548, stack(0x0000006f1c700000,0x0000006f1c800000)]
  0x000001f02a5e3800 JavaThread "Unconstrained build operations Thread 26" [_thread_blocked, id=1960, stack(0x0000006f1c800000,0x0000006f1c900000)]
  0x000001f02a5e4000 JavaThread "Unconstrained build operations Thread 27" [_thread_blocked, id=8304, stack(0x0000006f1c900000,0x0000006f1ca00000)]
  0x000001f027cfc000 JavaThread "Unconstrained build operations Thread 28" [_thread_blocked, id=2776, stack(0x0000006f1ca00000,0x0000006f1cb00000)]
  0x000001f027cfc800 JavaThread "Unconstrained build operations Thread 29" [_thread_blocked, id=1696, stack(0x0000006f1cb00000,0x0000006f1cc00000)]
  0x000001f027cfd800 JavaThread "Unconstrained build operations Thread 30" [_thread_blocked, id=9752, stack(0x0000006f1cc00000,0x0000006f1cd00000)]
  0x000001f027cfe800 JavaThread "Unconstrained build operations Thread 31" [_thread_blocked, id=6772, stack(0x0000006f1cd00000,0x0000006f1ce00000)]
  0x000001f027cff000 JavaThread "Unconstrained build operations Thread 32" [_thread_blocked, id=7372, stack(0x0000006f1ce00000,0x0000006f1cf00000)]
  0x000001f027d00000 JavaThread "Unconstrained build operations Thread 33" [_thread_blocked, id=3512, stack(0x0000006f1cf00000,0x0000006f1d000000)]
  0x000001f027d01000 JavaThread "Unconstrained build operations Thread 34" [_thread_blocked, id=1976, stack(0x0000006f1d000000,0x0000006f1d100000)]
  0x000001f027cfb000 JavaThread "Unconstrained build operations Thread 35" [_thread_blocked, id=7444, stack(0x0000006f1d100000,0x0000006f1d200000)]
  0x000001f027d06800 JavaThread "Unconstrained build operations Thread 36" [_thread_blocked, id=8800, stack(0x0000006f1d200000,0x0000006f1d300000)]
  0x000001f027d07800 JavaThread "Unconstrained build operations Thread 37" [_thread_blocked, id=4160, stack(0x0000006f1d300000,0x0000006f1d400000)]
  0x000001f027d05000 JavaThread "Unconstrained build operations Thread 38" [_thread_blocked, id=12032, stack(0x0000006f1d400000,0x0000006f1d500000)]
  0x000001f027d02800 JavaThread "Unconstrained build operations Thread 39" [_thread_in_native, id=1232, stack(0x0000006f1d500000,0x0000006f1d600000)]
  0x000001f027d05800 JavaThread "Unconstrained build operations Thread 40" [_thread_blocked, id=10408, stack(0x0000006f1d600000,0x0000006f1d700000)]
  0x000001f027d01800 JavaThread "Unconstrained build operations Thread 41" [_thread_blocked, id=6524, stack(0x0000006f1d700000,0x0000006f1d800000)]
  0x000001f027d08000 JavaThread "Unconstrained build operations Thread 42" [_thread_blocked, id=14004, stack(0x0000006f1d800000,0x0000006f1d900000)]
  0x000001f027d09000 JavaThread "Unconstrained build operations Thread 43" [_thread_blocked, id=9580, stack(0x0000006f1d900000,0x0000006f1da00000)]
  0x000001f027d03800 JavaThread "Unconstrained build operations Thread 44" [_thread_blocked, id=1748, stack(0x0000006f1da00000,0x0000006f1db00000)]
  0x000001f027d0a000 JavaThread "Unconstrained build operations Thread 45" [_thread_blocked, id=3420, stack(0x0000006f1db00000,0x0000006f1dc00000)]
  0x000001f027d04000 JavaThread "Unconstrained build operations Thread 46" [_thread_blocked, id=1812, stack(0x0000006f1dc00000,0x0000006f1dd00000)]
  0x000001f028c28800 JavaThread "Unconstrained build operations Thread 47" [_thread_blocked, id=7176, stack(0x0000006f1dd00000,0x0000006f1de00000)]
  0x000001f028c2b800 JavaThread "Unconstrained build operations Thread 48" [_thread_blocked, id=5932, stack(0x0000006f1de00000,0x0000006f1df00000)]
  0x000001f028c2e000 JavaThread "Unconstrained build operations Thread 49" [_thread_blocked, id=11568, stack(0x0000006f1df00000,0x0000006f1e000000)]
  0x000001f028c2f000 JavaThread "Unconstrained build operations Thread 50" [_thread_blocked, id=6536, stack(0x0000006f1e000000,0x0000006f1e100000)]
  0x000001f028c29000 JavaThread "Unconstrained build operations Thread 51" [_thread_blocked, id=10708, stack(0x0000006f1e100000,0x0000006f1e200000)]
  0x000001f028c2d000 JavaThread "Unconstrained build operations Thread 52" [_thread_blocked, id=13848, stack(0x0000006f1e200000,0x0000006f1e300000)]
  0x000001f028c2a000 JavaThread "Unconstrained build operations Thread 53" [_thread_blocked, id=8404, stack(0x0000006f1e300000,0x0000006f1e400000)]
  0x000001f028c2c800 JavaThread "Unconstrained build operations Thread 54" [_thread_blocked, id=10388, stack(0x0000006f1e400000,0x0000006f1e500000)]
  0x000001f028c30800 JavaThread "Unconstrained build operations Thread 55" [_thread_blocked, id=7712, stack(0x0000006f1e500000,0x0000006f1e600000)]
  0x000001f028c2f800 JavaThread "Unconstrained build operations Thread 56" [_thread_blocked, id=5948, stack(0x0000006f1e600000,0x0000006f1e700000)]
  0x000001f028c2a800 JavaThread "Unconstrained build operations Thread 57" [_thread_blocked, id=12956, stack(0x0000006f1e700000,0x0000006f1e800000)]
  0x000001f028c33000 JavaThread "Unconstrained build operations Thread 58" [_thread_blocked, id=15872, stack(0x0000006f1e800000,0x0000006f1e900000)]
  0x000001f028c32000 JavaThread "Unconstrained build operations Thread 59" [_thread_in_Java, id=4112, stack(0x0000006f1e900000,0x0000006f1ea00000)]
  0x000001f028c35800 JavaThread "Unconstrained build operations Thread 60" [_thread_blocked, id=12672, stack(0x0000006f1ea00000,0x0000006f1eb00000)]
  0x000001f028c34800 JavaThread "Unconstrained build operations Thread 61" [_thread_blocked, id=4856, stack(0x0000006f1eb00000,0x0000006f1ec00000)]
  0x000001f028c33800 JavaThread "Unconstrained build operations Thread 62" [_thread_blocked, id=2948, stack(0x0000006f1ec00000,0x0000006f1ed00000)]
  0x000001f028c36000 JavaThread "Unconstrained build operations Thread 63" [_thread_blocked, id=9476, stack(0x0000006f1ed00000,0x0000006f1ee00000)]
  0x000001f028c37000 JavaThread "Unconstrained build operations Thread 64" [_thread_blocked, id=3180, stack(0x0000006f1ee00000,0x0000006f1ef00000)]
  0x000001f028c31800 JavaThread "Unconstrained build operations Thread 65" [_thread_blocked, id=12976, stack(0x0000006f1ef00000,0x0000006f1f000000)]
  0x000001f02ba2e000 JavaThread "Unconstrained build operations Thread 66" [_thread_blocked, id=4480, stack(0x0000006f1f000000,0x0000006f1f100000)]
  0x000001f02ba2d000 JavaThread "Unconstrained build operations Thread 67" [_thread_blocked, id=15476, stack(0x0000006f1f100000,0x0000006f1f200000)]
  0x000001f02ba29800 JavaThread "Unconstrained build operations Thread 68" [_thread_blocked, id=13720, stack(0x0000006f1f200000,0x0000006f1f300000)]
  0x000001f02ba30000 JavaThread "Unconstrained build operations Thread 69" [_thread_blocked, id=2744, stack(0x0000006f1f300000,0x0000006f1f400000)]
  0x000001f02ba2f800 JavaThread "Unconstrained build operations Thread 70" [_thread_blocked, id=8588, stack(0x0000006f1f400000,0x0000006f1f500000)]
  0x000001f02ba2a800 JavaThread "Unconstrained build operations Thread 71" [_thread_blocked, id=14072, stack(0x0000006f1f500000,0x0000006f1f600000)]
  0x000001f02ba2e800 JavaThread "Unconstrained build operations Thread 72" [_thread_blocked, id=16068, stack(0x0000006f1f600000,0x0000006f1f700000)]
  0x000001f02ba31000 JavaThread "Unconstrained build operations Thread 73" [_thread_blocked, id=16344, stack(0x0000006f1f700000,0x0000006f1f800000)]
  0x000001f02ba2b800 JavaThread "Unconstrained build operations Thread 74" [_thread_blocked, id=15076, stack(0x0000006f1f800000,0x0000006f1f900000)]
  0x000001f02ba32000 JavaThread "Unconstrained build operations Thread 75" [_thread_blocked, id=9912, stack(0x0000006f1f900000,0x0000006f1fa00000)]
  0x000001f02ba2c000 JavaThread "Unconstrained build operations Thread 76" [_thread_blocked, id=1772, stack(0x0000006f1fa00000,0x0000006f1fb00000)]
  0x000001f02ba36000 JavaThread "Unconstrained build operations Thread 77" [_thread_blocked, id=15136, stack(0x0000006f1fb00000,0x0000006f1fc00000)]
  0x000001f02ba35000 JavaThread "Unconstrained build operations Thread 78" [_thread_blocked, id=9360, stack(0x0000006f1fc00000,0x0000006f1fd00000)]
  0x000001f02ba37000 JavaThread "Unconstrained build operations Thread 79" [_thread_blocked, id=3312, stack(0x0000006f1fd00000,0x0000006f1fe00000)]
  0x000001f02ba32800 JavaThread "Unconstrained build operations Thread 80" [_thread_blocked, id=1068, stack(0x0000006f1fe00000,0x0000006f1ff00000)]
  0x000001f02ba37800 JavaThread "jar transforms Thread 4" [_thread_blocked, id=12284, stack(0x0000006f1ff00000,0x0000006f20000000)]
  0x000001f02ba38800 JavaThread "jar transforms Thread 5" [_thread_blocked, id=15108, stack(0x0000006f20000000,0x0000006f20100000)]
  0x000001f02ba33800 JavaThread "jar transforms Thread 6" [_thread_blocked, id=14936, stack(0x0000006f20100000,0x0000006f20200000)]
  0x000001f02ba34800 JavaThread "jar transforms Thread 7" [_thread_blocked, id=10500, stack(0x0000006f20200000,0x0000006f20300000)]
  0x000001f028990800 JavaThread "jar transforms Thread 8" [_thread_blocked, id=14568, stack(0x0000006f20300000,0x0000006f20400000)]
  0x000001f028997000 JavaThread "Memory manager" [_thread_blocked, id=2716, stack(0x0000006f20400000,0x0000006f20500000)]
  0x000001f028991000 JavaThread "build event listener" [_thread_blocked, id=9856, stack(0x0000006f20500000,0x0000006f20600000)]
  0x000001f028993800 JavaThread "Execution worker for ':'" [_thread_blocked, id=12340, stack(0x0000006f20600000,0x0000006f20700000)]
  0x000001f028994800 JavaThread "Execution worker for ':' Thread 2" [_thread_blocked, id=10844, stack(0x0000006f20700000,0x0000006f20800000)]
  0x000001f028996000 JavaThread "Execution worker for ':' Thread 3" [_thread_blocked, id=10340, stack(0x0000006f20800000,0x0000006f20900000)]
  0x000001f028992000 JavaThread "Execution worker for ':' Thread 4" [_thread_blocked, id=7700, stack(0x0000006f20900000,0x0000006f20a00000)]
  0x000001f02899b000 JavaThread "Execution worker for ':' Thread 5" [_thread_blocked, id=11304, stack(0x0000006f20a00000,0x0000006f20b00000)]
  0x000001f028995000 JavaThread "Execution worker for ':' Thread 6" [_thread_blocked, id=9460, stack(0x0000006f20b00000,0x0000006f20c00000)]
  0x000001f02899d800 JavaThread "Execution worker for ':' Thread 7" [_thread_blocked, id=1900, stack(0x0000006f20c00000,0x0000006f20d00000)]
  0x000001f02899b800 JavaThread "Cache worker for execution history cache (C:\Users\nande\AndroidStudioProjects\compose-simple-app\.gradle\7.2\executionHistory)" [_thread_blocked, id=11740, stack(0x0000006f20d00000,0x0000006f20e00000)]
  0x000001f028998800 JavaThread "WorkerExecutor Queue" [_thread_blocked, id=7836, stack(0x0000006f20e00000,0x0000006f20f00000)]

Other Threads:
  0x000001f024c2d800 VMThread "VM Thread" [stack: 0x0000006f18000000,0x0000006f18100000] [id=9256]
  0x000001f024e3f000 WatcherThread [stack: 0x0000006f18a00000,0x0000006f18b00000] [id=11928]
  0x000001f007f95800 GCTaskThread "GC Thread#0" [stack: 0x0000006f17b00000,0x0000006f17c00000] [id=2104]
  0x000001f024f00800 GCTaskThread "GC Thread#1" [stack: 0x0000006f18c00000,0x0000006f18d00000] [id=7564]
  0x000001f025b12800 GCTaskThread "GC Thread#2" [stack: 0x0000006f18d00000,0x0000006f18e00000] [id=15304]
  0x000001f0258c8800 GCTaskThread "GC Thread#3" [stack: 0x0000006f18e00000,0x0000006f18f00000] [id=8784]
  0x000001f0258c9000 GCTaskThread "GC Thread#4" [stack: 0x0000006f18f00000,0x0000006f19000000] [id=15964]
  0x000001f025f10800 GCTaskThread "GC Thread#5" [stack: 0x0000006f19000000,0x0000006f19100000] [id=3384]
  0x000001f027d53000 GCTaskThread "GC Thread#6" [stack: 0x0000006f19f00000,0x0000006f1a000000] [id=16036]
  0x000001f027d53800 GCTaskThread "GC Thread#7" [stack: 0x0000006f1a000000,0x0000006f1a100000] [id=12784]
  0x000001f007fc8800 ConcurrentGCThread "G1 Main Marker" [stack: 0x0000006f17c00000,0x0000006f17d00000] [id=7800]
  0x000001f007fca000 ConcurrentGCThread "G1 Conc#0" [stack: 0x0000006f17d00000,0x0000006f17e00000] [id=5704]
  0x000001f026f3a000 ConcurrentGCThread "G1 Conc#1" [stack: 0x0000006f1a100000,0x0000006f1a200000] [id=7784]
  0x000001f00805e000 ConcurrentGCThread "G1 Refine#0" [stack: 0x0000006f17e00000,0x0000006f17f00000] [id=8872]
  0x000001f0348c2000 ConcurrentGCThread "G1 Refine#1" [stack: 0x0000006f20f00000,0x0000006f21000000] [id=6692]
  0x000001f0341ea000 ConcurrentGCThread "G1 Refine#2" [stack: 0x0000006f21000000,0x0000006f21100000] [id=11408]
  0x000001f0341eb000 ConcurrentGCThread "G1 Refine#3" [stack: 0x0000006f21100000,0x0000006f21200000] [id=13792]
  0x000001f02427a800 ConcurrentGCThread "G1 Young RemSet Sampling" [stack: 0x0000006f17f00000,0x0000006f18000000] [id=6980]

Threads with active compile tasks:
C2 CompilerThread0   9933 10378       4       org.gradle.api.internal.artifacts.transform.ConsumerProvidedVariantFinder::matchAttributes (68 bytes)
C2 CompilerThread1   9933 10608       4       org.gradle.internal.hash.HashCode::toStringBuilder (70 bytes)
C2 CompilerThread2   9933 10564   !   4       java.util.concurrent.ConcurrentHashMap::putVal (432 bytes)

VM state:not at safepoint (normal execution)

VM Mutex/Monitor currently owned by a thread: None

OutOfMemory and StackOverflow Exception counts:
OutOfMemoryError java_heap_errors=2
LinkageErrors=117

Heap address: 0x0000000080000000, size: 2048 MB, Compressed Oops mode: 32-bit
Narrow klass base: 0x0000000000000000, Narrow klass shift: 3
Compressed class space size: 1073741824 Address: 0x0000000100000000

Heap:
 garbage-first heap   total 262144K, used 138102K [0x0000000080000000, 0x0000000100000000)
  region size 1024K, 63 young (64512K), 18 survivors (18432K)
 Metaspace       used 90997K, capacity 93180K, committed 93260K, reserved 1130496K
  class space    used 11796K, capacity 12603K, committed 12620K, reserved 1048576K
Heap Regions: E=young(eden), S=young(survivor), O=old, HS=humongous(starts), HC=humongous(continues), CS=collection set, F=free, A=archive, TAMS=top-at-mark-start (previous, next)
|   0|0x0000000080000000, 0x0000000080100000, 0x0000000080100000|100%| O|  |TAMS 0x0000000080100000, 0x0000000080000000| Untracked 
|   1|0x0000000080100000, 0x0000000080200000, 0x0000000080200000|100%| O|  |TAMS 0x0000000080200000, 0x0000000080100000| Untracked 
|   2|0x0000000080200000, 0x0000000080300000, 0x0000000080300000|100%| O|  |TAMS 0x0000000080300000, 0x0000000080200000| Untracked 
|   3|0x0000000080300000, 0x0000000080400000, 0x0000000080400000|100%|HS|  |TAMS 0x0000000080400000, 0x0000000080300000| Complete 
|   4|0x0000000080400000, 0x0000000080500000, 0x0000000080500000|100%|HC|  |TAMS 0x0000000080500000, 0x0000000080400000| Complete 
|   5|0x0000000080500000, 0x0000000080600000, 0x0000000080600000|100%|HC|  |TAMS 0x0000000080600000, 0x0000000080500000| Complete 
|   6|0x0000000080600000, 0x0000000080700000, 0x0000000080700000|100%| O|  |TAMS 0x0000000080700000, 0x0000000080600000| Untracked 
|   7|0x0000000080700000, 0x0000000080800000, 0x0000000080800000|100%| O|  |TAMS 0x0000000080800000, 0x0000000080700000| Untracked 
|   8|0x0000000080800000, 0x0000000080900000, 0x0000000080900000|100%| O|  |TAMS 0x0000000080900000, 0x0000000080800000| Untracked 
|   9|0x0000000080900000, 0x0000000080a00000, 0x0000000080a00000|100%| O|  |TAMS 0x0000000080a00000, 0x0000000080900000| Untracked 
|  10|0x0000000080a00000, 0x0000000080b00000, 0x0000000080b00000|100%| O|  |TAMS 0x0000000080b00000, 0x0000000080a00000| Untracked 
|  11|0x0000000080b00000, 0x0000000080c00000, 0x0000000080c00000|100%| O|  |TAMS 0x0000000080c00000, 0x0000000080b00000| Untracked 
|  12|0x0000000080c00000, 0x0000000080d00000, 0x0000000080d00000|100%| O|  |TAMS 0x0000000080d00000, 0x0000000080c00000| Untracked 
|  13|0x0000000080d00000, 0x0000000080e00000, 0x0000000080e00000|100%| O|  |TAMS 0x0000000080e00000, 0x0000000080d00000| Untracked 
|  14|0x0000000080e00000, 0x0000000080f00000, 0x0000000080f00000|100%| O|  |TAMS 0x0000000080f00000, 0x0000000080e00000| Untracked 
|  15|0x0000000080f00000, 0x0000000081000000, 0x0000000081000000|100%| O|  |TAMS 0x0000000081000000, 0x0000000080f00000| Untracked 
|  16|0x0000000081000000, 0x0000000081100000, 0x0000000081100000|100%| O|  |TAMS 0x0000000081100000, 0x0000000081000000| Untracked 
|  17|0x0000000081100000, 0x0000000081200000, 0x0000000081200000|100%|HS|  |TAMS 0x0000000081200000, 0x0000000081100000| Complete 
|  18|0x0000000081200000, 0x0000000081300000, 0x0000000081300000|100%|HS|  |TAMS 0x0000000081300000, 0x0000000081200000| Complete 
|  19|0x0000000081300000, 0x0000000081400000, 0x0000000081400000|100%|HS|  |TAMS 0x0000000081400000, 0x0000000081300000| Complete 
|  20|0x0000000081400000, 0x0000000081500000, 0x0000000081500000|100%|HS|  |TAMS 0x0000000081500000, 0x0000000081400000| Complete 
|  21|0x0000000081500000, 0x0000000081600000, 0x0000000081600000|100%|HS|  |TAMS 0x0000000081600000, 0x0000000081500000| Complete 
|  22|0x0000000081600000, 0x0000000081700000, 0x0000000081700000|100%|HC|  |TAMS 0x0000000081700000, 0x0000000081600000| Complete 
|  23|0x0000000081700000, 0x0000000081800000, 0x0000000081800000|100%|HC|  |TAMS 0x0000000081800000, 0x0000000081700000| Complete 
|  24|0x0000000081800000, 0x0000000081900000, 0x0000000081900000|100%|HS|  |TAMS 0x0000000081900000, 0x0000000081800000| Complete 
|  25|0x0000000081900000, 0x0000000081a00000, 0x0000000081a00000|100%|HC|  |TAMS 0x0000000081a00000, 0x0000000081900000| Complete 
|  26|0x0000000081a00000, 0x0000000081b00000, 0x0000000081b00000|100%| O|  |TAMS 0x0000000081b00000, 0x0000000081a00000| Untracked 
|  27|0x0000000081b00000, 0x0000000081c00000, 0x0000000081c00000|100%| O|  |TAMS 0x0000000081c00000, 0x0000000081b00000| Untracked 
|  28|0x0000000081c00000, 0x0000000081d00000, 0x0000000081d00000|100%| O|  |TAMS 0x0000000081d00000, 0x0000000081c00000| Untracked 
|  29|0x0000000081d00000, 0x0000000081e00000, 0x0000000081e00000|100%| O|  |TAMS 0x0000000081e00000, 0x0000000081d00000| Untracked 
|  30|0x0000000081e00000, 0x0000000081f00000, 0x0000000081f00000|100%| O|  |TAMS 0x0000000081f00000, 0x0000000081e00000| Untracked 
|  31|0x0000000081f00000, 0x0000000082000000, 0x0000000082000000|100%| O|  |TAMS 0x0000000082000000, 0x0000000081f00000| Untracked 
|  32|0x0000000082000000, 0x0000000082100000, 0x0000000082100000|100%| O|  |TAMS 0x0000000082100000, 0x0000000082000000| Untracked 
|  33|0x0000000082100000, 0x0000000082200000, 0x0000000082200000|100%| O|  |TAMS 0x0000000082200000, 0x0000000082100000| Untracked 
|  34|0x0000000082200000, 0x0000000082300000, 0x0000000082300000|100%| O|  |TAMS 0x0000000082300000, 0x0000000082200000| Untracked 
|  35|0x0000000082300000, 0x0000000082400000, 0x0000000082400000|100%| O|  |TAMS 0x0000000082400000, 0x0000000082300000| Untracked 
|  36|0x0000000082400000, 0x0000000082500000, 0x0000000082500000|100%| O|  |TAMS 0x0000000082500000, 0x0000000082400000| Untracked 
|  37|0x0000000082500000, 0x0000000082600000, 0x0000000082600000|100%| O|  |TAMS 0x0000000082600000, 0x0000000082500000| Untracked 
|  38|0x0000000082600000, 0x0000000082700000, 0x0000000082700000|100%| O|  |TAMS 0x0000000082700000, 0x0000000082600000| Untracked 
|  39|0x0000000082700000, 0x0000000082800000, 0x0000000082800000|100%| O|  |TAMS 0x0000000082800000, 0x0000000082700000| Untracked 
|  40|0x0000000082800000, 0x0000000082900000, 0x0000000082900000|100%| O|  |TAMS 0x0000000082900000, 0x0000000082800000| Untracked 
|  41|0x0000000082900000, 0x0000000082a00000, 0x0000000082a00000|100%| O|  |TAMS 0x0000000082a00000, 0x0000000082900000| Untracked 
|  42|0x0000000082a00000, 0x0000000082b00000, 0x0000000082b00000|100%| O|  |TAMS 0x0000000082b00000, 0x0000000082a00000| Untracked 
|  43|0x0000000082b00000, 0x0000000082c00000, 0x0000000082c00000|100%| O|  |TAMS 0x0000000082c00000, 0x0000000082b00000| Untracked 
|  44|0x0000000082c00000, 0x0000000082d00000, 0x0000000082d00000|100%| O|  |TAMS 0x0000000082d00000, 0x0000000082c00000| Untracked 
|  45|0x0000000082d00000, 0x0000000082e00000, 0x0000000082e00000|100%| O|  |TAMS 0x0000000082e00000, 0x0000000082d00000| Untracked 
|  46|0x0000000082e00000, 0x0000000082f00000, 0x0000000082f00000|100%| O|  |TAMS 0x0000000082f00000, 0x0000000082e00000| Untracked 
|  47|0x0000000082f00000, 0x0000000083000000, 0x0000000083000000|100%| O|  |TAMS 0x0000000083000000, 0x0000000082f00000| Untracked 
|  48|0x0000000083000000, 0x0000000083100000, 0x0000000083100000|100%| O|  |TAMS 0x0000000083031400, 0x0000000083000000| Untracked 
|  49|0x0000000083100000, 0x0000000083200000, 0x0000000083200000|100%| O|  |TAMS 0x0000000083100000, 0x0000000083100000| Untracked 
|  50|0x0000000083200000, 0x0000000083300000, 0x0000000083300000|100%| O|  |TAMS 0x0000000083200000, 0x0000000083200000| Untracked 
|  51|0x0000000083300000, 0x0000000083400000, 0x0000000083400000|100%| O|  |TAMS 0x0000000083300000, 0x0000000083300000| Untracked 
|  52|0x0000000083400000, 0x0000000083500000, 0x0000000083500000|100%| O|  |TAMS 0x0000000083400000, 0x0000000083400000| Untracked 
|  53|0x0000000083500000, 0x0000000083600000, 0x0000000083600000|100%| O|  |TAMS 0x0000000083500000, 0x0000000083500000| Untracked 
|  54|0x0000000083600000, 0x0000000083700000, 0x0000000083700000|100%| O|  |TAMS 0x0000000083600000, 0x0000000083600000| Untracked 
|  55|0x0000000083700000, 0x0000000083800000, 0x0000000083800000|100%| O|  |TAMS 0x0000000083700000, 0x0000000083700000| Untracked 
|  56|0x0000000083800000, 0x0000000083900000, 0x0000000083900000|100%| O|  |TAMS 0x0000000083800000, 0x0000000083800000| Untracked 
|  57|0x0000000083900000, 0x0000000083a00000, 0x0000000083a00000|100%| O|  |TAMS 0x0000000083900000, 0x0000000083900000| Untracked 
|  58|0x0000000083a00000, 0x0000000083b00000, 0x0000000083b00000|100%| O|  |TAMS 0x0000000083a00000, 0x0000000083a00000| Untracked 
|  59|0x0000000083b00000, 0x0000000083c00000, 0x0000000083c00000|100%| O|  |TAMS 0x0000000083b00000, 0x0000000083b00000| Untracked 
|  60|0x0000000083c00000, 0x0000000083d00000, 0x0000000083d00000|100%| O|  |TAMS 0x0000000083c00000, 0x0000000083c00000| Untracked 
|  61|0x0000000083d00000, 0x0000000083e00000, 0x0000000083e00000|100%| O|  |TAMS 0x0000000083d00000, 0x0000000083d00000| Untracked 
|  62|0x0000000083e00000, 0x0000000083f00000, 0x0000000083f00000|100%| O|  |TAMS 0x0000000083e00000, 0x0000000083e00000| Untracked 
|  63|0x0000000083f00000, 0x0000000084000000, 0x0000000084000000|100%| O|  |TAMS 0x0000000083f00000, 0x0000000083f00000| Untracked 
|  64|0x0000000084000000, 0x0000000084100000, 0x0000000084100000|100%| O|  |TAMS 0x0000000084000000, 0x0000000084000000| Untracked 
|  65|0x0000000084100000, 0x0000000084200000, 0x0000000084200000|100%| O|  |TAMS 0x0000000084100000, 0x0000000084100000| Untracked 
|  66|0x0000000084200000, 0x0000000084300000, 0x0000000084300000|100%| O|  |TAMS 0x0000000084200000, 0x0000000084200000| Untracked 
|  67|0x0000000084300000, 0x0000000084400000, 0x0000000084400000|100%| O|  |TAMS 0x0000000084300000, 0x0000000084300000| Untracked 
|  68|0x0000000084400000, 0x0000000084500000, 0x0000000084500000|100%| O|  |TAMS 0x0000000084400000, 0x0000000084400000| Untracked 
|  69|0x0000000084500000, 0x0000000084600000, 0x0000000084600000|100%| O|  |TAMS 0x0000000084500000, 0x0000000084500000| Untracked 
|  70|0x0000000084600000, 0x0000000084700000, 0x0000000084700000|100%| O|  |TAMS 0x0000000084600000, 0x0000000084600000| Untracked 
|  71|0x0000000084700000, 0x0000000084800000, 0x0000000084800000|100%| O|  |TAMS 0x0000000084700000, 0x0000000084700000| Untracked 
|  72|0x0000000084800000, 0x0000000084900000, 0x0000000084900000|100%| O|  |TAMS 0x0000000084800000, 0x0000000084800000| Untracked 
|  73|0x0000000084900000, 0x00000000849dda00, 0x0000000084a00000| 86%| O|  |TAMS 0x0000000084900000, 0x0000000084900000| Untracked 
|  74|0x0000000084a00000, 0x0000000084a00000, 0x0000000084b00000|  0%| F|  |TAMS 0x0000000084a00000, 0x0000000084a00000| Untracked 
|  75|0x0000000084b00000, 0x0000000084b00000, 0x0000000084c00000|  0%| F|  |TAMS 0x0000000084b00000, 0x0000000084b00000| Untracked 
|  76|0x0000000084c00000, 0x0000000084c00000, 0x0000000084d00000|  0%| F|  |TAMS 0x0000000084c00000, 0x0000000084c00000| Untracked 
|  77|0x0000000084d00000, 0x0000000084d00000, 0x0000000084e00000|  0%| F|  |TAMS 0x0000000084d00000, 0x0000000084d00000| Untracked 
|  78|0x0000000084e00000, 0x0000000084e00000, 0x0000000084f00000|  0%| F|  |TAMS 0x0000000084e00000, 0x0000000084e00000| Untracked 
|  79|0x0000000084f00000, 0x0000000084f00000, 0x0000000085000000|  0%| F|  |TAMS 0x0000000084f00000, 0x0000000084f00000| Untracked 
|  80|0x0000000085000000, 0x0000000085000000, 0x0000000085100000|  0%| F|  |TAMS 0x0000000085000000, 0x0000000085000000| Untracked 
|  81|0x0000000085100000, 0x0000000085100000, 0x0000000085200000|  0%| F|  |TAMS 0x0000000085100000, 0x0000000085100000| Untracked 
|  82|0x0000000085200000, 0x0000000085200000, 0x0000000085300000|  0%| F|  |TAMS 0x0000000085200000, 0x0000000085200000| Untracked 
|  83|0x0000000085300000, 0x0000000085300000, 0x0000000085400000|  0%| F|  |TAMS 0x0000000085300000, 0x0000000085300000| Untracked 
|  84|0x0000000085400000, 0x0000000085400000, 0x0000000085500000|  0%| F|  |TAMS 0x0000000085400000, 0x0000000085400000| Untracked 
|  85|0x0000000085500000, 0x0000000085500000, 0x0000000085600000|  0%| F|  |TAMS 0x0000000085500000, 0x0000000085500000| Untracked 
|  86|0x0000000085600000, 0x0000000085600000, 0x0000000085700000|  0%| F|  |TAMS 0x0000000085600000, 0x0000000085600000| Untracked 
|  87|0x0000000085700000, 0x0000000085700000, 0x0000000085800000|  0%| F|  |TAMS 0x0000000085700000, 0x0000000085700000| Untracked 
|  88|0x0000000085800000, 0x0000000085800000, 0x0000000085900000|  0%| F|  |TAMS 0x0000000085800000, 0x0000000085800000| Untracked 
|  89|0x0000000085900000, 0x0000000085900000, 0x0000000085a00000|  0%| F|  |TAMS 0x0000000085900000, 0x0000000085900000| Untracked 
|  90|0x0000000085a00000, 0x0000000085a00000, 0x0000000085b00000|  0%| F|  |TAMS 0x0000000085a00000, 0x0000000085a00000| Untracked 
|  91|0x0000000085b00000, 0x0000000085b00000, 0x0000000085c00000|  0%| F|  |TAMS 0x0000000085b00000, 0x0000000085b00000| Untracked 
|  92|0x0000000085c00000, 0x0000000085c00000, 0x0000000085d00000|  0%| F|  |TAMS 0x0000000085c00000, 0x0000000085c00000| Untracked 
|  93|0x0000000085d00000, 0x0000000085d00000, 0x0000000085e00000|  0%| F|  |TAMS 0x0000000085d00000, 0x0000000085d00000| Untracked 
|  94|0x0000000085e00000, 0x0000000085e00000, 0x0000000085f00000|  0%| F|  |TAMS 0x0000000085e00000, 0x0000000085e00000| Untracked 
|  95|0x0000000085f00000, 0x0000000085f00000, 0x0000000086000000|  0%| F|  |TAMS 0x0000000085f00000, 0x0000000085f00000| Untracked 
|  96|0x0000000086000000, 0x0000000086100000, 0x0000000086100000|100%| S|CS|TAMS 0x0000000086000000, 0x0000000086000000| Complete 
|  97|0x0000000086100000, 0x0000000086200000, 0x0000000086200000|100%| S|CS|TAMS 0x0000000086100000, 0x0000000086100000| Complete 
|  98|0x0000000086200000, 0x0000000086300000, 0x0000000086300000|100%| S|CS|TAMS 0x0000000086200000, 0x0000000086200000| Complete 
|  99|0x0000000086300000, 0x0000000086400000, 0x0000000086400000|100%| S|CS|TAMS 0x0000000086300000, 0x0000000086300000| Complete 
| 100|0x0000000086400000, 0x0000000086500000, 0x0000000086500000|100%| S|CS|TAMS 0x0000000086400000, 0x0000000086400000| Complete 
| 101|0x0000000086500000, 0x0000000086600000, 0x0000000086600000|100%| S|CS|TAMS 0x0000000086500000, 0x0000000086500000| Complete 
| 102|0x0000000086600000, 0x0000000086700000, 0x0000000086700000|100%| S|CS|TAMS 0x0000000086600000, 0x0000000086600000| Complete 
| 103|0x0000000086700000, 0x0000000086800000, 0x0000000086800000|100%| S|CS|TAMS 0x0000000086700000, 0x0000000086700000| Complete 
| 104|0x0000000086800000, 0x0000000086800000, 0x0000000086900000|  0%| F|  |TAMS 0x0000000086800000, 0x0000000086800000| Untracked 
| 105|0x0000000086900000, 0x0000000086900000, 0x0000000086a00000|  0%| F|  |TAMS 0x0000000086900000, 0x0000000086900000| Untracked 
| 106|0x0000000086a00000, 0x0000000086a00000, 0x0000000086b00000|  0%| F|  |TAMS 0x0000000086a00000, 0x0000000086a00000| Untracked 
| 107|0x0000000086b00000, 0x0000000086b00000, 0x0000000086c00000|  0%| F|  |TAMS 0x0000000086b00000, 0x0000000086b00000| Untracked 
| 108|0x0000000086c00000, 0x0000000086c00000, 0x0000000086d00000|  0%| F|  |TAMS 0x0000000086c00000, 0x0000000086c00000| Untracked 
| 109|0x0000000086d00000, 0x0000000086d00000, 0x0000000086e00000|  0%| F|  |TAMS 0x0000000086d00000, 0x0000000086d00000| Untracked 
| 110|0x0000000086e00000, 0x0000000086e00000, 0x0000000086f00000|  0%| F|  |TAMS 0x0000000086e00000, 0x0000000086e00000| Untracked 
| 111|0x0000000086f00000, 0x0000000086f00000, 0x0000000087000000|  0%| F|  |TAMS 0x0000000086f00000, 0x0000000086f00000| Untracked 
| 112|0x0000000087000000, 0x0000000087000000, 0x0000000087100000|  0%| F|  |TAMS 0x0000000087000000, 0x0000000087000000| Untracked 
| 113|0x0000000087100000, 0x0000000087100000, 0x0000000087200000|  0%| F|  |TAMS 0x0000000087100000, 0x0000000087100000| Untracked 
| 114|0x0000000087200000, 0x0000000087200000, 0x0000000087300000|  0%| F|  |TAMS 0x0000000087200000, 0x0000000087200000| Untracked 
| 115|0x0000000087300000, 0x0000000087300000, 0x0000000087400000|  0%| F|  |TAMS 0x0000000087300000, 0x0000000087300000| Untracked 
| 116|0x0000000087400000, 0x0000000087500000, 0x0000000087500000|100%| S|CS|TAMS 0x0000000087400000, 0x0000000087400000| Complete 
| 117|0x0000000087500000, 0x0000000087600000, 0x0000000087600000|100%| S|CS|TAMS 0x0000000087500000, 0x0000000087500000| Complete 
| 118|0x0000000087600000, 0x0000000087700000, 0x0000000087700000|100%| S|CS|TAMS 0x0000000087600000, 0x0000000087600000| Complete 
| 119|0x0000000087700000, 0x0000000087800000, 0x0000000087800000|100%| S|CS|TAMS 0x0000000087700000, 0x0000000087700000| Complete 
| 120|0x0000000087800000, 0x0000000087900000, 0x0000000087900000|100%| S|CS|TAMS 0x0000000087800000, 0x0000000087800000| Complete 
| 121|0x0000000087900000, 0x0000000087a00000, 0x0000000087a00000|100%| S|CS|TAMS 0x0000000087900000, 0x0000000087900000| Complete 
| 122|0x0000000087a00000, 0x0000000087b00000, 0x0000000087b00000|100%| S|CS|TAMS 0x0000000087a00000, 0x0000000087a00000| Complete 
| 123|0x0000000087b00000, 0x0000000087b00000, 0x0000000087c00000|  0%| F|  |TAMS 0x0000000087b00000, 0x0000000087b00000| Untracked 
| 124|0x0000000087c00000, 0x0000000087c00000, 0x0000000087d00000|  0%| F|  |TAMS 0x0000000087c00000, 0x0000000087c00000| Untracked 
| 125|0x0000000087d00000, 0x0000000087d00000, 0x0000000087e00000|  0%| F|  |TAMS 0x0000000087d00000, 0x0000000087d00000| Untracked 
| 126|0x0000000087e00000, 0x0000000087e00000, 0x0000000087f00000|  0%| F|  |TAMS 0x0000000087e00000, 0x0000000087e00000| Untracked 
| 127|0x0000000087f00000, 0x0000000088000000, 0x0000000088000000|100%| S|CS|TAMS 0x0000000087f00000, 0x0000000087f00000| Complete 
| 128|0x0000000088000000, 0x0000000088100000, 0x0000000088100000|100%| S|CS|TAMS 0x0000000088000000, 0x0000000088000000| Complete 
| 129|0x0000000088100000, 0x0000000088200000, 0x0000000088200000|100%| S|CS|TAMS 0x0000000088100000, 0x0000000088100000| Complete 
| 130|0x0000000088200000, 0x0000000088200000, 0x0000000088300000|  0%| F|  |TAMS 0x0000000088200000, 0x0000000088200000| Untracked 
| 131|0x0000000088300000, 0x0000000088300000, 0x0000000088400000|  0%| F|  |TAMS 0x0000000088300000, 0x0000000088300000| Untracked 
| 132|0x0000000088400000, 0x0000000088400000, 0x0000000088500000|  0%| F|  |TAMS 0x0000000088400000, 0x0000000088400000| Untracked 
| 133|0x0000000088500000, 0x0000000088500000, 0x0000000088600000|  0%| F|  |TAMS 0x0000000088500000, 0x0000000088500000| Untracked 
| 134|0x0000000088600000, 0x0000000088600000, 0x0000000088700000|  0%| F|  |TAMS 0x0000000088600000, 0x0000000088600000| Untracked 
| 135|0x0000000088700000, 0x0000000088700000, 0x0000000088800000|  0%| F|  |TAMS 0x0000000088700000, 0x0000000088700000| Untracked 
| 136|0x0000000088800000, 0x0000000088800000, 0x0000000088900000|  0%| F|  |TAMS 0x0000000088800000, 0x0000000088800000| Untracked 
| 137|0x0000000088900000, 0x0000000088900000, 0x0000000088a00000|  0%| F|  |TAMS 0x0000000088900000, 0x0000000088900000| Untracked 
| 138|0x0000000088a00000, 0x0000000088a00000, 0x0000000088b00000|  0%| F|  |TAMS 0x0000000088a00000, 0x0000000088a00000| Untracked 
| 139|0x0000000088b00000, 0x0000000088b00000, 0x0000000088c00000|  0%| F|  |TAMS 0x0000000088b00000, 0x0000000088b00000| Untracked 
| 140|0x0000000088c00000, 0x0000000088c00000, 0x0000000088d00000|  0%| F|  |TAMS 0x0000000088c00000, 0x0000000088c00000| Untracked 
| 141|0x0000000088d00000, 0x0000000088d00000, 0x0000000088e00000|  0%| F|  |TAMS 0x0000000088d00000, 0x0000000088d00000| Untracked 
| 142|0x0000000088e00000, 0x0000000088e00000, 0x0000000088f00000|  0%| F|  |TAMS 0x0000000088e00000, 0x0000000088e00000| Untracked 
| 143|0x0000000088f00000, 0x0000000088f00000, 0x0000000089000000|  0%| F|  |TAMS 0x0000000088f00000, 0x0000000088f00000| Untracked 
| 144|0x0000000089000000, 0x0000000089000000, 0x0000000089100000|  0%| F|  |TAMS 0x0000000089000000, 0x0000000089000000| Untracked 
| 145|0x0000000089100000, 0x0000000089100000, 0x0000000089200000|  0%| F|  |TAMS 0x0000000089100000, 0x0000000089100000| Untracked 
| 146|0x0000000089200000, 0x0000000089200000, 0x0000000089300000|  0%| F|  |TAMS 0x0000000089200000, 0x0000000089200000| Untracked 
| 147|0x0000000089300000, 0x0000000089300000, 0x0000000089400000|  0%| F|  |TAMS 0x0000000089300000, 0x0000000089300000| Untracked 
| 148|0x0000000089400000, 0x0000000089400000, 0x0000000089500000|  0%| F|  |TAMS 0x0000000089400000, 0x0000000089400000| Untracked 
| 149|0x0000000089500000, 0x0000000089500000, 0x0000000089600000|  0%| F|  |TAMS 0x0000000089500000, 0x0000000089500000| Untracked 
| 150|0x0000000089600000, 0x0000000089600000, 0x0000000089700000|  0%| F|  |TAMS 0x0000000089600000, 0x0000000089600000| Untracked 
| 151|0x0000000089700000, 0x0000000089700000, 0x0000000089800000|  0%| F|  |TAMS 0x0000000089700000, 0x0000000089700000| Untracked 
| 152|0x0000000089800000, 0x0000000089800000, 0x0000000089900000|  0%| F|  |TAMS 0x0000000089800000, 0x0000000089800000| Untracked 
| 153|0x0000000089900000, 0x0000000089900000, 0x0000000089a00000|  0%| F|  |TAMS 0x0000000089900000, 0x0000000089900000| Untracked 
| 154|0x0000000089a00000, 0x0000000089a00000, 0x0000000089b00000|  0%| F|  |TAMS 0x0000000089a00000, 0x0000000089a00000| Untracked 
| 155|0x0000000089b00000, 0x0000000089b00000, 0x0000000089c00000|  0%| F|  |TAMS 0x0000000089b00000, 0x0000000089b00000| Untracked 
| 156|0x0000000089c00000, 0x0000000089c00000, 0x0000000089d00000|  0%| F|  |TAMS 0x0000000089c00000, 0x0000000089c00000| Untracked 
| 157|0x0000000089d00000, 0x0000000089d00000, 0x0000000089e00000|  0%| F|  |TAMS 0x0000000089d00000, 0x0000000089d00000| Untracked 
| 158|0x0000000089e00000, 0x0000000089e00000, 0x0000000089f00000|  0%| F|  |TAMS 0x0000000089e00000, 0x0000000089e00000| Untracked 
| 159|0x0000000089f00000, 0x0000000089f00000, 0x000000008a000000|  0%| F|  |TAMS 0x0000000089f00000, 0x0000000089f00000| Untracked 
| 160|0x000000008a000000, 0x000000008a000000, 0x000000008a100000|  0%| F|  |TAMS 0x000000008a000000, 0x000000008a000000| Untracked 
| 161|0x000000008a100000, 0x000000008a100000, 0x000000008a200000|  0%| F|  |TAMS 0x000000008a100000, 0x000000008a100000| Untracked 
| 162|0x000000008a200000, 0x000000008a200000, 0x000000008a300000|  0%| F|  |TAMS 0x000000008a200000, 0x000000008a200000| Untracked 
| 163|0x000000008a300000, 0x000000008a300000, 0x000000008a400000|  0%| F|  |TAMS 0x000000008a300000, 0x000000008a300000| Untracked 
| 164|0x000000008a400000, 0x000000008a400000, 0x000000008a500000|  0%| F|  |TAMS 0x000000008a400000, 0x000000008a400000| Untracked 
| 165|0x000000008a500000, 0x000000008a500000, 0x000000008a600000|  0%| F|  |TAMS 0x000000008a500000, 0x000000008a500000| Untracked 
| 166|0x000000008a600000, 0x000000008a600000, 0x000000008a700000|  0%| F|  |TAMS 0x000000008a600000, 0x000000008a600000| Untracked 
| 167|0x000000008a700000, 0x000000008a700000, 0x000000008a800000|  0%| F|  |TAMS 0x000000008a700000, 0x000000008a700000| Untracked 
| 168|0x000000008a800000, 0x000000008a800000, 0x000000008a900000|  0%| F|  |TAMS 0x000000008a800000, 0x000000008a800000| Untracked 
| 169|0x000000008a900000, 0x000000008a900000, 0x000000008aa00000|  0%| F|  |TAMS 0x000000008a900000, 0x000000008a900000| Untracked 
| 170|0x000000008aa00000, 0x000000008aa00000, 0x000000008ab00000|  0%| F|  |TAMS 0x000000008aa00000, 0x000000008aa00000| Untracked 
| 171|0x000000008ab00000, 0x000000008ab00000, 0x000000008ac00000|  0%| F|  |TAMS 0x000000008ab00000, 0x000000008ab00000| Untracked 
| 172|0x000000008ac00000, 0x000000008ac00000, 0x000000008ad00000|  0%| F|  |TAMS 0x000000008ac00000, 0x000000008ac00000| Untracked 
| 173|0x000000008ad00000, 0x000000008ad00000, 0x000000008ae00000|  0%| F|  |TAMS 0x000000008ad00000, 0x000000008ad00000| Untracked 
| 174|0x000000008ae00000, 0x000000008ae00000, 0x000000008af00000|  0%| F|  |TAMS 0x000000008ae00000, 0x000000008ae00000| Untracked 
| 175|0x000000008af00000, 0x000000008af00000, 0x000000008b000000|  0%| F|  |TAMS 0x000000008af00000, 0x000000008af00000| Untracked 
| 176|0x000000008b000000, 0x000000008b000000, 0x000000008b100000|  0%| F|  |TAMS 0x000000008b000000, 0x000000008b000000| Untracked 
| 177|0x000000008b100000, 0x000000008b100000, 0x000000008b200000|  0%| F|  |TAMS 0x000000008b100000, 0x000000008b100000| Untracked 
| 178|0x000000008b200000, 0x000000008b200000, 0x000000008b300000|  0%| F|  |TAMS 0x000000008b200000, 0x000000008b200000| Untracked 
| 179|0x000000008b300000, 0x000000008b300000, 0x000000008b400000|  0%| F|  |TAMS 0x000000008b300000, 0x000000008b300000| Untracked 
| 180|0x000000008b400000, 0x000000008b400000, 0x000000008b500000|  0%| F|  |TAMS 0x000000008b400000, 0x000000008b400000| Untracked 
| 181|0x000000008b500000, 0x000000008b500000, 0x000000008b600000|  0%| F|  |TAMS 0x000000008b500000, 0x000000008b500000| Untracked 
| 182|0x000000008b600000, 0x000000008b600000, 0x000000008b700000|  0%| F|  |TAMS 0x000000008b600000, 0x000000008b600000| Untracked 
| 183|0x000000008b700000, 0x000000008b700000, 0x000000008b800000|  0%| F|  |TAMS 0x000000008b700000, 0x000000008b700000| Untracked 
| 184|0x000000008b800000, 0x000000008b800000, 0x000000008b900000|  0%| F|  |TAMS 0x000000008b800000, 0x000000008b800000| Untracked 
| 185|0x000000008b900000, 0x000000008b900000, 0x000000008ba00000|  0%| F|  |TAMS 0x000000008b900000, 0x000000008b900000| Untracked 
| 186|0x000000008ba00000, 0x000000008ba00000, 0x000000008bb00000|  0%| F|  |TAMS 0x000000008ba00000, 0x000000008ba00000| Untracked 
| 187|0x000000008bb00000, 0x000000008bb00000, 0x000000008bc00000|  0%| F|  |TAMS 0x000000008bb00000, 0x000000008bb00000| Untracked 
| 188|0x000000008bc00000, 0x000000008bc00000, 0x000000008bd00000|  0%| F|  |TAMS 0x000000008bc00000, 0x000000008bc00000| Untracked 
| 189|0x000000008bd00000, 0x000000008bd00000, 0x000000008be00000|  0%| F|  |TAMS 0x000000008bd00000, 0x000000008bd00000| Untracked 
| 190|0x000000008be00000, 0x000000008be00000, 0x000000008bf00000|  0%| F|  |TAMS 0x000000008be00000, 0x000000008be00000| Untracked 
| 191|0x000000008bf00000, 0x000000008bf00000, 0x000000008c000000|  0%| F|  |TAMS 0x000000008bf00000, 0x000000008bf00000| Untracked 
| 192|0x000000008c000000, 0x000000008c000000, 0x000000008c100000|  0%| F|  |TAMS 0x000000008c000000, 0x000000008c000000| Untracked 
| 193|0x000000008c100000, 0x000000008c100000, 0x000000008c200000|  0%| F|  |TAMS 0x000000008c100000, 0x000000008c100000| Untracked 
| 194|0x000000008c200000, 0x000000008c200000, 0x000000008c300000|  0%| F|  |TAMS 0x000000008c200000, 0x000000008c200000| Untracked 
| 195|0x000000008c300000, 0x000000008c300000, 0x000000008c400000|  0%| F|  |TAMS 0x000000008c300000, 0x000000008c300000| Untracked 
| 196|0x000000008c400000, 0x000000008c400000, 0x000000008c500000|  0%| F|  |TAMS 0x000000008c400000, 0x000000008c400000| Untracked 
| 197|0x000000008c500000, 0x000000008c500000, 0x000000008c600000|  0%| F|  |TAMS 0x000000008c500000, 0x000000008c500000| Untracked 
| 198|0x000000008c600000, 0x000000008c600000, 0x000000008c700000|  0%| F|  |TAMS 0x000000008c600000, 0x000000008c600000| Untracked 
| 199|0x000000008c700000, 0x000000008c700000, 0x000000008c800000|  0%| F|  |TAMS 0x000000008c700000, 0x000000008c700000| Untracked 
| 200|0x000000008c800000, 0x000000008c800000, 0x000000008c900000|  0%| F|  |TAMS 0x000000008c800000, 0x000000008c800000| Untracked 
| 201|0x000000008c900000, 0x000000008c900000, 0x000000008ca00000|  0%| F|  |TAMS 0x000000008c900000, 0x000000008c900000| Untracked 
| 202|0x000000008ca00000, 0x000000008ca00000, 0x000000008cb00000|  0%| F|  |TAMS 0x000000008ca00000, 0x000000008ca00000| Untracked 
| 203|0x000000008cb00000, 0x000000008cb00000, 0x000000008cc00000|  0%| F|  |TAMS 0x000000008cb00000, 0x000000008cb00000| Untracked 
| 204|0x000000008cc00000, 0x000000008cc00000, 0x000000008cd00000|  0%| F|  |TAMS 0x000000008cc00000, 0x000000008cc00000| Untracked 
| 205|0x000000008cd00000, 0x000000008cd00000, 0x000000008ce00000|  0%| F|  |TAMS 0x000000008cd00000, 0x000000008cd00000| Untracked 
| 206|0x000000008ce00000, 0x000000008ce00000, 0x000000008cf00000|  0%| F|  |TAMS 0x000000008ce00000, 0x000000008ce00000| Untracked 
| 207|0x000000008cf00000, 0x000000008cf00000, 0x000000008d000000|  0%| F|  |TAMS 0x000000008cf00000, 0x000000008cf00000| Untracked 
| 208|0x000000008d000000, 0x000000008d0816d8, 0x000000008d100000| 50%| E|  |TAMS 0x000000008d000000, 0x000000008d000000| Complete 
| 209|0x000000008d100000, 0x000000008d200000, 0x000000008d200000|100%| E|CS|TAMS 0x000000008d100000, 0x000000008d100000| Complete 
| 210|0x000000008d200000, 0x000000008d300000, 0x000000008d300000|100%| E|CS|TAMS 0x000000008d200000, 0x000000008d200000| Complete 
| 211|0x000000008d300000, 0x000000008d3fff08, 0x000000008d400000| 99%| E|  |TAMS 0x000000008d300000, 0x000000008d300000| Complete 
| 212|0x000000008d400000, 0x000000008d500000, 0x000000008d500000|100%| E|CS|TAMS 0x000000008d400000, 0x000000008d400000| Complete 
| 213|0x000000008d500000, 0x000000008d600000, 0x000000008d600000|100%| E|CS|TAMS 0x000000008d500000, 0x000000008d500000| Complete 
| 214|0x000000008d600000, 0x000000008d700000, 0x000000008d700000|100%| E|CS|TAMS 0x000000008d600000, 0x000000008d600000| Complete 
| 215|0x000000008d700000, 0x000000008d800000, 0x000000008d800000|100%| E|CS|TAMS 0x000000008d700000, 0x000000008d700000| Complete 
| 216|0x000000008d800000, 0x000000008d900000, 0x000000008d900000|100%| E|CS|TAMS 0x000000008d800000, 0x000000008d800000| Complete 
| 217|0x000000008d900000, 0x000000008da00000, 0x000000008da00000|100%| E|CS|TAMS 0x000000008d900000, 0x000000008d900000| Complete 
| 218|0x000000008da00000, 0x000000008db00000, 0x000000008db00000|100%| E|CS|TAMS 0x000000008da00000, 0x000000008da00000| Complete 
| 219|0x000000008db00000, 0x000000008dc00000, 0x000000008dc00000|100%| E|CS|TAMS 0x000000008db00000, 0x000000008db00000| Complete 
| 220|0x000000008dc00000, 0x000000008dd00000, 0x000000008dd00000|100%| E|CS|TAMS 0x000000008dc00000, 0x000000008dc00000| Complete 
| 221|0x000000008dd00000, 0x000000008de00000, 0x000000008de00000|100%| E|CS|TAMS 0x000000008dd00000, 0x000000008dd00000| Complete 
| 222|0x000000008de00000, 0x000000008df00000, 0x000000008df00000|100%| E|CS|TAMS 0x000000008de00000, 0x000000008de00000| Complete 
| 223|0x000000008df00000, 0x000000008e000000, 0x000000008e000000|100%| E|CS|TAMS 0x000000008df00000, 0x000000008df00000| Complete 
| 224|0x000000008e000000, 0x000000008e100000, 0x000000008e100000|100%| E|CS|TAMS 0x000000008e000000, 0x000000008e000000| Complete 
| 225|0x000000008e100000, 0x000000008e200000, 0x000000008e200000|100%| E|CS|TAMS 0x000000008e100000, 0x000000008e100000| Complete 
| 226|0x000000008e200000, 0x000000008e300000, 0x000000008e300000|100%| E|CS|TAMS 0x000000008e200000, 0x000000008e200000| Complete 
| 227|0x000000008e300000, 0x000000008e400000, 0x000000008e400000|100%| E|CS|TAMS 0x000000008e300000, 0x000000008e300000| Complete 
| 228|0x000000008e400000, 0x000000008e500000, 0x000000008e500000|100%| E|CS|TAMS 0x000000008e400000, 0x000000008e400000| Complete 
| 229|0x000000008e500000, 0x000000008e600000, 0x000000008e600000|100%| E|CS|TAMS 0x000000008e500000, 0x000000008e500000| Complete 
| 230|0x000000008e600000, 0x000000008e700000, 0x000000008e700000|100%| E|CS|TAMS 0x000000008e600000, 0x000000008e600000| Complete 
| 231|0x000000008e700000, 0x000000008e800000, 0x000000008e800000|100%| E|CS|TAMS 0x000000008e700000, 0x000000008e700000| Complete 
| 232|0x000000008e800000, 0x000000008e900000, 0x000000008e900000|100%| E|CS|TAMS 0x000000008e800000, 0x000000008e800000| Complete 
| 233|0x000000008e900000, 0x000000008ea00000, 0x000000008ea00000|100%| E|CS|TAMS 0x000000008e900000, 0x000000008e900000| Complete 
| 234|0x000000008ea00000, 0x000000008eb00000, 0x000000008eb00000|100%| E|CS|TAMS 0x000000008ea00000, 0x000000008ea00000| Complete 
| 235|0x000000008eb00000, 0x000000008ec00000, 0x000000008ec00000|100%| E|CS|TAMS 0x000000008eb00000, 0x000000008eb00000| Complete 
| 236|0x000000008ec00000, 0x000000008ed00000, 0x000000008ed00000|100%| E|CS|TAMS 0x000000008ec00000, 0x000000008ec00000| Complete 
| 237|0x000000008ed00000, 0x000000008ee00000, 0x000000008ee00000|100%| E|CS|TAMS 0x000000008ed00000, 0x000000008ed00000| Complete 
| 238|0x000000008ee00000, 0x000000008ef00000, 0x000000008ef00000|100%| E|CS|TAMS 0x000000008ee00000, 0x000000008ee00000| Complete 
| 239|0x000000008ef00000, 0x000000008f000000, 0x000000008f000000|100%| E|CS|TAMS 0x000000008ef00000, 0x000000008ef00000| Complete 
| 240|0x000000008f000000, 0x000000008f100000, 0x000000008f100000|100%| E|CS|TAMS 0x000000008f000000, 0x000000008f000000| Complete 
| 241|0x000000008f100000, 0x000000008f200000, 0x000000008f200000|100%| E|CS|TAMS 0x000000008f100000, 0x000000008f100000| Complete 
| 242|0x000000008f200000, 0x000000008f300000, 0x000000008f300000|100%| E|CS|TAMS 0x000000008f200000, 0x000000008f200000| Complete 
| 243|0x000000008f300000, 0x000000008f400000, 0x000000008f400000|100%| E|CS|TAMS 0x000000008f300000, 0x000000008f300000| Complete 
| 244|0x000000008f400000, 0x000000008f500000, 0x000000008f500000|100%| E|CS|TAMS 0x000000008f400000, 0x000000008f400000| Complete 
| 245|0x000000008f500000, 0x000000008f600000, 0x000000008f600000|100%| E|CS|TAMS 0x000000008f500000, 0x000000008f500000| Complete 
| 246|0x000000008f600000, 0x000000008f700000, 0x000000008f700000|100%| E|CS|TAMS 0x000000008f600000, 0x000000008f600000| Complete 
| 247|0x000000008f700000, 0x000000008f800000, 0x000000008f800000|100%| E|CS|TAMS 0x000000008f700000, 0x000000008f700000| Complete 
| 248|0x000000008f800000, 0x000000008f900000, 0x000000008f900000|100%| E|CS|TAMS 0x000000008f800000, 0x000000008f800000| Complete 
| 249|0x000000008f900000, 0x000000008fa00000, 0x000000008fa00000|100%| E|CS|TAMS 0x000000008f900000, 0x000000008f900000| Complete 
| 250|0x000000008fa00000, 0x000000008fb00000, 0x000000008fb00000|100%| E|CS|TAMS 0x000000008fa00000, 0x000000008fa00000| Complete 
| 251|0x000000008fb00000, 0x000000008fc00000, 0x000000008fc00000|100%| E|CS|TAMS 0x000000008fb00000, 0x000000008fb00000| Complete 
| 252|0x000000008fc00000, 0x000000008fd00000, 0x000000008fd00000|100%| E|CS|TAMS 0x000000008fc00000, 0x000000008fc00000| Complete 
| 253|0x000000008fd00000, 0x000000008fe00000, 0x000000008fe00000|100%| E|CS|TAMS 0x000000008fd00000, 0x000000008fd00000| Complete 
| 254|0x000000008fe00000, 0x000000008ff00000, 0x000000008ff00000|100%| E|CS|TAMS 0x000000008fe00000, 0x000000008fe00000| Complete 
| 255|0x000000008ff00000, 0x0000000090000000, 0x0000000090000000|100%| E|CS|TAMS 0x000000008ff00000, 0x000000008ff00000| Complete 

Card table byte_map: [0x000001f01d0f0000,0x000001f01d4f0000] _byte_map_base: 0x000001f01ccf0000

Marking Bits (Prev, Next): (CMBitMap*) 0x000001f007fbfd40, (CMBitMap*) 0x000001f007fbfd08
 Prev Bits: [0x000001f01f8f0000, 0x000001f0218f0000)
 Next Bits: [0x000001f01d8f0000, 0x000001f01f8f0000)

Polling page: 0x000001f008060000

Metaspace:

Usage:
  Non-class:     78.76 MB capacity,    77.38 MB ( 98%) used,     1.13 MB (  1%) free+waste,   261.25 KB ( <1%) overhead. 
      Class:     12.31 MB capacity,    11.53 MB ( 94%) used,   682.07 KB (  5%) free+waste,   117.44 KB ( <1%) overhead. 
       Both:     91.07 MB capacity,    88.91 MB ( 98%) used,     1.79 MB (  2%) free+waste,   378.69 KB ( <1%) overhead. 

Virtual space:
  Non-class space:       80.00 MB reserved,      79.00 MB ( 99%) committed 
      Class space:        1.00 GB reserved,      12.32 MB (  1%) committed 
             Both:        1.08 GB reserved,      91.32 MB (  8%) committed 

Chunk freelists:
   Non-Class:  57.00 KB
       Class:  2.00 KB
        Both:  59.00 KB

MaxMetaspaceSize: 17179869184.00 GB
CompressedClassSpaceSize: 1.00 GB

CodeHeap 'non-profiled nmethods': size=120000Kb used=6453Kb max_used=6453Kb free=113546Kb
 bounds [0x000001f014d60000, 0x000001f0153b0000, 0x000001f01c290000]
CodeHeap 'profiled nmethods': size=120000Kb used=23411Kb max_used=23411Kb free=96588Kb
 bounds [0x000001f00d830000, 0x000001f00ef10000, 0x000001f014d60000]
CodeHeap 'non-nmethods': size=5760Kb used=2286Kb max_used=2356Kb free=3473Kb
 bounds [0x000001f00d290000, 0x000001f00d500000, 0x000001f00d830000]
 total_blobs=11478 nmethods=10589 adapters=800
 compilation: enabled
              stopped_count=0, restarted_count=0
 full_count=0

Compilation events (20 events):
Event: 9.881 Thread 0x000001f024cad800 10567       3       com.android.tools.r8.graph.p0::c (23 bytes)
Event: 9.881 Thread 0x000001f024cad800 nmethod 10567 0x000001f00eee8a10 code [0x000001f00eee8c20, 0x000001f00eee9218]
Event: 9.884 Thread 0x000001f024cad800 10570       3       com.android.tools.r8.graph.p0::d (134 bytes)
Event: 9.884 Thread 0x000001f024cad800 nmethod 10570 0x000001f00eee9490 code [0x000001f00eee9680, 0x000001f00eee9b08]
Event: 9.884 Thread 0x000001f024cad800 10573       3       com.android.tools.r8.graph.p0::a (32 bytes)
Event: 9.885 Thread 0x000001f024cad800 nmethod 10573 0x000001f00eee9c90 code [0x000001f00eee9ea0, 0x000001f00eeea378]
Event: 9.885 Thread 0x000001f024cad800 10572       3       com.android.tools.r8.graph.U0::<init> (5 bytes)
Event: 9.885 Thread 0x000001f024cad800 nmethod 10572 0x000001f00eeea610 code [0x000001f00eeea7e0, 0x000001f00eeeaa58]
Event: 9.885 Thread 0x000001f024cad800 10575       3       com.android.tools.r8.graph.X0::<init> (59 bytes)
Event: 9.885 Thread 0x000001f024cad800 nmethod 10575 0x000001f00eeeab90 code [0x000001f00eeead60, 0x000001f00eeeb0f8]
Event: 9.887 Thread 0x000001f024ea2000 nmethod 10555 0x000001f0153a9a90 code [0x000001f0153a9c60, 0x000001f0153aa778]
Event: 9.887 Thread 0x000001f024ea2000 10571       4       java.util.Arrays::hashCode (44 bytes)
Event: 9.891 Thread 0x000001f024ea2000 nmethod 10571 0x000001f0153aae10 code [0x000001f0153aafa0, 0x000001f0153ab178]
Event: 9.891 Thread 0x000001f024ea2000 10574       4       java.util.concurrent.ConcurrentHashMap::addCount (289 bytes)
Event: 9.892 Thread 0x000001f024cad800 10576       3       com.android.tools.r8.internal.mS0::d (140 bytes)
Event: 9.893 Thread 0x000001f024cad800 nmethod 10576 0x000001f00eeeb290 code [0x000001f00eeeb460, 0x000001f00eeeba38]
Event: 9.893 Thread 0x000001f024cad800 10577       3       com.android.tools.r8.internal.mS0::c (23 bytes)
Event: 9.893 Thread 0x000001f024cad800 nmethod 10577 0x000001f00eeebb10 code [0x000001f00eeebce0, 0x000001f00eeebed8]
Event: 9.893 Thread 0x000001f024cad800 10578       3       com.android.tools.r8.graph.k::equals (22 bytes)
Event: 9.893 Thread 0x000001f024cad800 nmethod 10578 0x000001f00eeebf90 code [0x000001f00eeec160, 0x000001f00eeec3a8]

GC Heap History (20 events):
Event: 1.757 GC heap before
{Heap before GC invocations=1 (full 0):
 garbage-first heap   total 262144K, used 108583K [0x0000000080000000, 0x0000000100000000)
  region size 1024K, 100 young (102400K), 3 survivors (3072K)
 Metaspace       used 20672K, capacity 21085K, committed 21248K, reserved 1067008K
  class space    used 2543K, capacity 2695K, committed 2816K, reserved 1048576K
}
Event: 1.767 GC heap after
{Heap after GC invocations=2 (full 0):
 garbage-first heap   total 262144K, used 16728K [0x0000000080000000, 0x0000000100000000)
  region size 1024K, 11 young (11264K), 11 survivors (11264K)
 Metaspace       used 20672K, capacity 21085K, committed 21248K, reserved 1067008K
  class space    used 2543K, capacity 2695K, committed 2816K, reserved 1048576K
}
Event: 1.969 GC heap before
{Heap before GC invocations=3 (full 0):
 garbage-first heap   total 262144K, used 44376K [0x0000000080000000, 0x0000000100000000)
  region size 1024K, 38 young (38912K), 11 survivors (11264K)
 Metaspace       used 23476K, capacity 24034K, committed 24192K, reserved 1071104K
  class space    used 2992K, capacity 3192K, committed 3200K, reserved 1048576K
}
Event: 1.974 GC heap after
{Heap after GC invocations=4 (full 0):
 garbage-first heap   total 262144K, used 18050K [0x0000000080000000, 0x0000000100000000)
  region size 1024K, 2 young (2048K), 2 survivors (2048K)
 Metaspace       used 23476K, capacity 24034K, committed 24192K, reserved 1071104K
  class space    used 2992K, capacity 3192K, committed 3200K, reserved 1048576K
}
Event: 2.782 GC heap before
{Heap before GC invocations=4 (full 0):
 garbage-first heap   total 262144K, used 102018K [0x0000000080000000, 0x0000000100000000)
  region size 1024K, 85 young (87040K), 2 survivors (2048K)
 Metaspace       used 35034K, capacity 35785K, committed 35840K, reserved 1081344K
  class space    used 4564K, capacity 4863K, committed 4864K, reserved 1048576K
}
Event: 2.789 GC heap after
{Heap after GC invocations=5 (full 0):
 garbage-first heap   total 262144K, used 22203K [0x0000000080000000, 0x0000000100000000)
  region size 1024K, 6 young (6144K), 6 survivors (6144K)
 Metaspace       used 35034K, capacity 35785K, committed 35840K, reserved 1081344K
  class space    used 4564K, capacity 4863K, committed 4864K, reserved 1048576K
}
Event: 3.892 GC heap before
{Heap before GC invocations=6 (full 0):
 garbage-first heap   total 262144K, used 150203K [0x0000000080000000, 0x0000000100000000)
  region size 1024K, 128 young (131072K), 6 survivors (6144K)
 Metaspace       used 45249K, capacity 46356K, committed 46540K, reserved 1089536K
  class space    used 5815K, capacity 6241K, committed 6348K, reserved 1048576K
}
Event: 3.901 GC heap after
{Heap after GC invocations=7 (full 0):
 garbage-first heap   total 262144K, used 29632K [0x0000000080000000, 0x0000000100000000)
  region size 1024K, 13 young (13312K), 13 survivors (13312K)
 Metaspace       used 45249K, capacity 46356K, committed 46540K, reserved 1089536K
  class space    used 5815K, capacity 6241K, committed 6348K, reserved 1048576K
}
Event: 5.138 GC heap before
{Heap before GC invocations=7 (full 0):
 garbage-first heap   total 262144K, used 176064K [0x0000000080000000, 0x0000000100000000)
  region size 1024K, 148 young (151552K), 13 survivors (13312K)
 Metaspace       used 56081K, capacity 57488K, committed 57548K, reserved 1099776K
  class space    used 7115K, capacity 7607K, committed 7628K, reserved 1048576K
}
Event: 5.157 GC heap after
{Heap after GC invocations=8 (full 0):
 garbage-first heap   total 262144K, used 50218K [0x0000000080000000, 0x0000000100000000)
  region size 1024K, 19 young (19456K), 19 survivors (19456K)
 Metaspace       used 56081K, capacity 57488K, committed 57548K, reserved 1099776K
  class space    used 7115K, capacity 7607K, committed 7628K, reserved 1048576K
}
Event: 5.380 GC heap before
{Heap before GC invocations=8 (full 0):
 garbage-first heap   total 262144K, used 68650K [0x0000000080000000, 0x0000000100000000)
  region size 1024K, 38 young (38912K), 19 survivors (19456K)
 Metaspace       used 58663K, capacity 60073K, committed 60236K, reserved 1101824K
  class space    used 7468K, capacity 7998K, committed 8012K, reserved 1048576K
}
Event: 5.394 GC heap after
{Heap after GC invocations=9 (full 0):
 garbage-first heap   total 262144K, used 52091K [0x0000000080000000, 0x0000000100000000)
  region size 1024K, 3 young (3072K), 3 survivors (3072K)
 Metaspace       used 58663K, capacity 60073K, committed 60236K, reserved 1101824K
  class space    used 7468K, capacity 7998K, committed 8012K, reserved 1048576K
}
Event: 6.519 GC heap before
{Heap before GC invocations=10 (full 0):
 garbage-first heap   total 262144K, used 192379K [0x0000000080000000, 0x0000000100000000)
  region size 1024K, 140 young (143360K), 3 survivors (3072K)
 Metaspace       used 67098K, capacity 68696K, committed 68812K, reserved 1110016K
  class space    used 8509K, capacity 9125K, committed 9164K, reserved 1048576K
}
Event: 6.526 GC heap after
{Heap after GC invocations=11 (full 0):
 garbage-first heap   total 262144K, used 60921K [0x0000000080000000, 0x0000000100000000)
  region size 1024K, 12 young (12288K), 12 survivors (12288K)
 Metaspace       used 67098K, capacity 68696K, committed 68812K, reserved 1110016K
  class space    used 8509K, capacity 9125K, committed 9164K, reserved 1048576K
}
Event: 7.965 GC heap before
{Heap before GC invocations=11 (full 0):
 garbage-first heap   total 262144K, used 197113K [0x0000000080000000, 0x0000000100000000)
  region size 1024K, 145 young (148480K), 12 survivors (12288K)
 Metaspace       used 80969K, capacity 82790K, committed 83020K, reserved 1120256K
  class space    used 10528K, capacity 11205K, committed 11340K, reserved 1048576K
}
Event: 7.978 GC heap after
{Heap after GC invocations=12 (full 0):
 garbage-first heap   total 262144K, used 69704K [0x0000000080000000, 0x0000000100000000)
  region size 1024K, 9 young (9216K), 9 survivors (9216K)
 Metaspace       used 80969K, capacity 82790K, committed 83020K, reserved 1120256K
  class space    used 10528K, capacity 11205K, committed 11340K, reserved 1048576K
}
Event: 9.092 GC heap before
{Heap before GC invocations=12 (full 0):
 garbage-first heap   total 262144K, used 200776K [0x0000000080000000, 0x0000000100000000)
  region size 1024K, 138 young (141312K), 9 survivors (9216K)
 Metaspace       used 86862K, capacity 89001K, committed 89292K, reserved 1126400K
  class space    used 11306K, capacity 12110K, committed 12236K, reserved 1048576K
}
Event: 9.107 GC heap after
{Heap after GC invocations=13 (full 0):
 garbage-first heap   total 262144K, used 76872K [0x0000000080000000, 0x0000000100000000)
  region size 1024K, 16 young (16384K), 16 survivors (16384K)
 Metaspace       used 86862K, capacity 89001K, committed 89292K, reserved 1126400K
  class space    used 11306K, capacity 12110K, committed 12236K, reserved 1048576K
}
Event: 9.818 GC heap before
{Heap before GC invocations=13 (full 0):
 garbage-first heap   total 262144K, used 204872K [0x0000000080000000, 0x0000000100000000)
  region size 1024K, 142 young (145408K), 16 survivors (16384K)
 Metaspace       used 90043K, capacity 92197K, committed 92364K, reserved 1128448K
  class space    used 11664K, capacity 12467K, committed 12492K, reserved 1048576K
}
Event: 9.837 GC heap after
{Heap after GC invocations=14 (full 0):
 garbage-first heap   total 262144K, used 94070K [0x0000000080000000, 0x0000000100000000)
  region size 1024K, 18 young (18432K), 18 survivors (18432K)
 Metaspace       used 90043K, capacity 92197K, committed 92364K, reserved 1128448K
  class space    used 11664K, capacity 12467K, committed 12492K, reserved 1048576K
}

Deoptimization events (20 events):
Event: 9.789 Thread 0x000001f02ba36000 DEOPT PACKING pc=0x000001f00eecff36 sp=0x0000006f1fbfa9d0
Event: 9.789 Thread 0x000001f02ba36000 DEOPT UNPACKING pc=0x000001f00d2b6dde sp=0x0000006f1fbf9eb0 mode 0
Event: 9.865 Thread 0x000001f02a5e1800 DEOPT PACKING pc=0x000001f00eed8644 sp=0x0000006f1c5faf50
Event: 9.865 Thread 0x000001f02a5e1800 DEOPT UNPACKING pc=0x000001f00d2b6dde sp=0x0000006f1c5fa430 mode 0
Event: 9.869 Thread 0x000001f02a5e1800 DEOPT PACKING pc=0x000001f00eed8644 sp=0x0000006f1c5faf50
Event: 9.869 Thread 0x000001f02a5e1800 DEOPT UNPACKING pc=0x000001f00d2b6dde sp=0x0000006f1c5fa430 mode 0
Event: 9.873 Thread 0x000001f028c37000 DEOPT PACKING pc=0x000001f00eed8644 sp=0x0000006f1eefabc0
Event: 9.873 Thread 0x000001f028c37000 DEOPT UNPACKING pc=0x000001f00d2b6dde sp=0x0000006f1eefa0a0 mode 0
Event: 9.877 Thread 0x000001f028c32000 Uncommon trap: trap_request=0xffffffc6 fr.pc=0x000001f0152d8634 relative=0x0000000000001c34
Event: 9.877 Thread 0x000001f028c32000 Uncommon trap: reason=bimorphic_or_optimized_type_check action=maybe_recompile pc=0x000001f0152d8634 method=java.util.concurrent.ConcurrentHashMap.putVal(Ljava/lang/Object;Ljava/lang/Object;Z)Ljava/lang/Object; @ 159 c2
Event: 9.877 Thread 0x000001f028c32000 DEOPT PACKING pc=0x000001f0152d8634 sp=0x0000006f1e9fa3e0
Event: 9.877 Thread 0x000001f028c32000 DEOPT UNPACKING pc=0x000001f00d2b662f sp=0x0000006f1e9fa380 mode 2
Event: 9.877 Thread 0x000001f028c32000 Uncommon trap: trap_request=0xffffffc6 fr.pc=0x000001f0152d8634 relative=0x0000000000001c34
Event: 9.877 Thread 0x000001f028c32000 Uncommon trap: reason=bimorphic_or_optimized_type_check action=maybe_recompile pc=0x000001f0152d8634 method=java.util.concurrent.ConcurrentHashMap.putVal(Ljava/lang/Object;Ljava/lang/Object;Z)Ljava/lang/Object; @ 159 c2
Event: 9.877 Thread 0x000001f028c32000 DEOPT PACKING pc=0x000001f0152d8634 sp=0x0000006f1e9fa3f0
Event: 9.877 Thread 0x000001f028c32000 DEOPT UNPACKING pc=0x000001f00d2b662f sp=0x0000006f1e9fa390 mode 2
Event: 9.881 Thread 0x000001f028c37000 DEOPT PACKING pc=0x000001f00eed8644 sp=0x0000006f1eefabc0
Event: 9.881 Thread 0x000001f028c37000 DEOPT UNPACKING pc=0x000001f00d2b6dde sp=0x0000006f1eefa0a0 mode 0
Event: 9.885 Thread 0x000001f02ba36000 DEOPT PACKING pc=0x000001f00ede2dd5 sp=0x0000006f1fbf9f00
Event: 9.885 Thread 0x000001f02ba36000 DEOPT UNPACKING pc=0x000001f00d2b6dde sp=0x0000006f1fbf9420 mode 0

Classes redefined (0 events):
No events

Internal exceptions (20 events):
Event: 8.092 Thread 0x000001f02899b000 Exception <a 'java/lang/IncompatibleClassChangeError'{0x000000008f5bcf18}: Found class java.lang.Object, but interface was expected> (0x000000008f5bcf18) thrown at [./src/hotspot/share/interpreter/linkResolver.cpp, line 839]
Event: 8.093 Thread 0x000001f028991000 Exception <a 'java/lang/NoSuchMethodError'{0x000000008f5e3118}: <clinit>> (0x000000008f5e3118) thrown at [./src/hotspot/share/prims/jni.cpp, line 1362]
Event: 8.095 Thread 0x000001f028991000 Exception <a 'java/lang/NoSuchMethodError'{0x000000008f5ed350}: 'void java.lang.invoke.DirectMethodHandle$Holder.invokeSpecial(java.lang.Object, java.lang.Object, java.lang.Object, int)'> (0x000000008f5ed350) thrown at [./src/hotspot/share/interpreter/linkResolver.cpp, line 773]
Event: 8.108 Thread 0x000001f027665000 Exception <a 'java/lang/NoSuchMethodError'{0x000000008f384ff0}: <clinit>> (0x000000008f384ff0) thrown at [./src/hotspot/share/prims/jni.cpp, line 1362]
Event: 8.109 Thread 0x000001f02899b000 Exception <a 'java/lang/NoSuchMethodError'{0x000000008f335c20}: 'java.lang.Object java.lang.invoke.DirectMethodHandle$Holder.invokeInterface(java.lang.Object, java.lang.Object, int)'> (0x000000008f335c20) thrown at [./src/hotspot/share/interpreter/linkResolver.cpp, line 773]
Event: 8.110 Thread 0x000001f02899b000 Exception <a 'java/lang/NoSuchMethodError'{0x000000008f348190}: 'void java.lang.invoke.DirectMethodHandle$Holder.invokeStatic(java.lang.Object, java.lang.Object, java.lang.Object, int)'> (0x000000008f348190) thrown at [./src/hotspot/share/interpreter/linkResolver.cpp, line 773]
Event: 8.135 Thread 0x000001f02899b000 Exception <a 'java/lang/IncompatibleClassChangeError'{0x000000008f277308}: Found class java.lang.Object, but interface was expected> (0x000000008f277308) thrown at [./src/hotspot/share/interpreter/linkResolver.cpp, line 839]
Event: 8.137 Thread 0x000001f02899b000 Exception <a 'java/lang/IncompatibleClassChangeError'{0x000000008f2dceb8}: Found class java.lang.Object, but interface was expected> (0x000000008f2dceb8) thrown at [./src/hotspot/share/interpreter/linkResolver.cpp, line 839]
Event: 8.168 Thread 0x000001f02899b000 Exception <a 'java/lang/NoSuchMethodError'{0x000000008ef259d0}: 'int java.lang.invoke.DirectMethodHandle$Holder.invokeStaticInit(java.lang.Object, java.lang.Object, java.lang.Object, java.lang.Object, java.lang.Object)'> (0x000000008ef259d0) thrown at [./src/hotspot/share/interpreter/linkResolver.cpp, line 773]
Event: 8.324 Thread 0x000001f02899b000 Exception <a 'java/lang/NoSuchMethodError'{0x000000008e5fcdf8}: 'void java.lang.invoke.DirectMethodHandle$Holder.invokeStatic(java.lang.Object, java.lang.Object, java.lang.Object, java.lang.Object, int, java.lang.Object, java.lang.Object)'> (0x000000008e5fcdf8) thrown at [./src/hotspot/share/interpreter/linkResolver.cpp, line 773]
Event: 8.344 Thread 0x000001f02a5fe800 Exception <a 'java/lang/NoSuchMethodError'{0x000000008d9dee70}: 'java.lang.Object java.lang.invoke.DirectMethodHandle$Holder.invokeSpecialIFC(java.lang.Object, java.lang.Object, java.lang.Object)'> (0x000000008d9dee70) thrown at [./src/hotspot/share/interpreter/linkResolver.cpp, line 773]
Event: 8.344 Thread 0x000001f02a600000 Exception <a 'java/lang/NoSuchMethodError'{0x000000008d80f450}: 'java.lang.Object java.lang.invoke.DirectMethodHandle$Holder.invokeSpecialIFC(java.lang.Object, java.lang.Object, java.lang.Object)'> (0x000000008d80f450) thrown at [./src/hotspot/share/interpreter/linkResolver.cpp, line 773]
Event: 8.344 Thread 0x000001f02899b000 Exception <a 'java/lang/NoSuchMethodError'{0x000000008e3468d8}: 'java.lang.Object java.lang.invoke.DirectMethodHandle$Holder.invokeSpecialIFC(java.lang.Object, java.lang.Object, java.lang.Object)'> (0x000000008e3468d8) thrown at [./src/hotspot/share/interpreter/linkResolver.cpp, line 773]
Event: 8.345 Thread 0x000001f02a604000 Exception <a 'java/lang/NoSuchMethodError'{0x000000008e3878e8}: 'java.lang.Object java.lang.invoke.DirectMethodHandle$Holder.invokeSpecialIFC(java.lang.Object, java.lang.Object, java.lang.Object)'> (0x000000008e3878e8) thrown at [./src/hotspot/share/interpreter/linkResolver.cpp, line 773]
Event: 8.344 Thread 0x000001f02a5d8000 Exception <a 'java/lang/NoSuchMethodError'{0x000000008e238908}: 'java.lang.Object java.lang.invoke.DirectMethodHandle$Holder.invokeSpecialIFC(java.lang.Object, java.lang.Object, java.lang.Object)'> (0x000000008e238908) thrown at [./src/hotspot/share/interpreter/linkResolver.cpp, line 773]
Event: 8.898 Thread 0x000001f028993800 Exception <a 'java/lang/NoSuchMethodError'{0x0000000089b9e9f0}: 'void java.lang.invoke.DirectMethodHandle$Holder.invokeVirtual(java.lang.Object, java.lang.Object)'> (0x0000000089b9e9f0) thrown at [./src/hotspot/share/interpreter/linkResolver.cpp, line 773]
Event: 9.809 Thread 0x000001f02a5e2800 Exception <a 'sun/nio/fs/WindowsException'{0x0000000088905838}> (0x0000000088905838) thrown at [./src/hotspot/share/prims/jni.cpp, line 615]
Event: 9.814 Thread 0x000001f02ba30000 Exception <a 'sun/nio/fs/WindowsException'{0x000000008840bb18}> (0x000000008840bb18) thrown at [./src/hotspot/share/prims/jni.cpp, line 615]
Event: 9.845 Thread 0x000001f028c32000 Exception <a 'sun/nio/fs/WindowsException'{0x000000008f966e48}> (0x000000008f966e48) thrown at [./src/hotspot/share/prims/jni.cpp, line 615]
Event: 9.884 Thread 0x000001f02ba36000 Exception <a 'sun/nio/fs/WindowsException'{0x000000008de4dd78}> (0x000000008de4dd78) thrown at [./src/hotspot/share/prims/jni.cpp, line 615]

Events (20 events):
Event: 9.890 loading class com/android/tools/r8/graph/J
Event: 9.890 loading class com/android/tools/r8/graph/J done
Event: 9.890 loading class com/android/tools/r8/graph/K
Event: 9.890 loading class com/android/tools/r8/graph/K done
Event: 9.891 loading class com/android/tools/r8/internal/f61
Event: 9.891 loading class com/android/tools/r8/internal/f61 done
Event: 9.891 loading class com/android/tools/r8/graph/Q0
Event: 9.891 loading class com/android/tools/r8/graph/Q0 done
Event: 9.891 loading class com/android/tools/r8/graph/O0
Event: 9.891 loading class com/android/tools/r8/graph/O0 done
Event: 9.891 loading class com/android/tools/r8/references/TypeReference
Event: 9.891 loading class com/android/tools/r8/references/TypeReference done
Event: 9.892 loading class com/android/tools/r8/internal/mS0
Event: 9.892 loading class com/android/tools/r8/internal/mS0 done
Event: 9.893 loading class com/android/tools/r8/graph/p0$a
Event: 9.893 loading class com/android/tools/r8/graph/p0$a done
Event: 9.893 loading class com/android/tools/r8/internal/gM0
Event: 9.893 loading class com/android/tools/r8/internal/gM0 done
Event: 9.893 loading class com/android/tools/r8/graph/I
Event: 9.893 loading class com/android/tools/r8/graph/I done


Dynamic libraries:
0x00007ff7ca380000 - 0x00007ff7ca38a000 	C:\Program Files\Android\Android Studio\jre\bin\java.exe
0x00007ffb611d0000 - 0x00007ffb613c5000 	C:\WINDOWS\SYSTEM32\ntdll.dll
0x00007ffb60c10000 - 0x00007ffb60cce000 	C:\WINDOWS\System32\KERNEL32.DLL
0x00007ffb5eaf0000 - 0x00007ffb5edb8000 	C:\WINDOWS\System32\KERNELBASE.dll
0x00007ffb5ef20000 - 0x00007ffb5f020000 	C:\WINDOWS\System32\ucrtbase.dll
0x00007ffb59050000 - 0x00007ffb59069000 	C:\Program Files\Android\Android Studio\jre\bin\jli.dll
0x00007ffb55390000 - 0x00007ffb553a7000 	C:\Program Files\Android\Android Studio\jre\bin\VCRUNTIME140.dll
0x00007ffb60f40000 - 0x00007ffb610e0000 	C:\WINDOWS\System32\USER32.dll
0x00007ffb4cff0000 - 0x00007ffb4d28a000 	C:\WINDOWS\WinSxS\amd64_microsoft.windows.common-controls_6595b64144ccf1df_6.0.19041.1110_none_60b5254171f9507e\COMCTL32.dll
0x00007ffb5e990000 - 0x00007ffb5e9b2000 	C:\WINDOWS\System32\win32u.dll
0x00007ffb5fa10000 - 0x00007ffb5faae000 	C:\WINDOWS\System32\msvcrt.dll
0x00007ffb5f980000 - 0x00007ffb5f9aa000 	C:\WINDOWS\System32\GDI32.dll
0x00007ffb5f020000 - 0x00007ffb5f12b000 	C:\WINDOWS\System32\gdi32full.dll
0x00007ffb5e8f0000 - 0x00007ffb5e98d000 	C:\WINDOWS\System32\msvcp_win.dll
0x00007ffb5fbf0000 - 0x00007ffb5fc20000 	C:\WINDOWS\System32\IMM32.DLL
0x00007ffb36480000 - 0x00007ffb3651d000 	C:\Program Files\Android\Android Studio\jre\bin\msvcp140.dll
0x00007ffb13c00000 - 0x00007ffb146d5000 	C:\Program Files\Android\Android Studio\jre\bin\server\jvm.dll
0x00007ffb601a0000 - 0x00007ffb6024e000 	C:\WINDOWS\System32\ADVAPI32.dll
0x00007ffb5fad0000 - 0x00007ffb5fb6c000 	C:\WINDOWS\System32\sechost.dll
0x00007ffb5ffe0000 - 0x00007ffb60105000 	C:\WINDOWS\System32\RPCRT4.dll
0x00007ffb604b0000 - 0x00007ffb604b8000 	C:\WINDOWS\System32\PSAPI.DLL
0x00007ffb56330000 - 0x00007ffb56357000 	C:\WINDOWS\SYSTEM32\WINMM.dll
0x00007ffb5c090000 - 0x00007ffb5c099000 	C:\WINDOWS\SYSTEM32\WSOCK32.dll
0x00007ffb58cd0000 - 0x00007ffb58cda000 	C:\WINDOWS\SYSTEM32\VERSION.dll
0x00007ffb60ba0000 - 0x00007ffb60c0b000 	C:\WINDOWS\System32\WS2_32.dll
0x00007ffb5c830000 - 0x00007ffb5c842000 	C:\WINDOWS\SYSTEM32\kernel.appcore.dll
0x00007ffb4e6a0000 - 0x00007ffb4e6b1000 	C:\Program Files\Android\Android Studio\jre\bin\verify.dll
0x00007ffb53ea0000 - 0x00007ffb54084000 	C:\WINDOWS\SYSTEM32\DBGHELP.DLL
0x00007ffb53df0000 - 0x00007ffb53e1c000 	C:\WINDOWS\SYSTEM32\dbgcore.DLL
0x00007ffb5f1a0000 - 0x00007ffb5f222000 	C:\WINDOWS\System32\bcryptPrimitives.dll
0x00007ffb48660000 - 0x00007ffb48689000 	C:\Program Files\Android\Android Studio\jre\bin\java.dll
0x00007ffb5a620000 - 0x00007ffb5a62b000 	C:\Program Files\Android\Android Studio\jre\bin\jimage.dll
0x00007ffb4d310000 - 0x00007ffb4d328000 	C:\Program Files\Android\Android Studio\jre\bin\zip.dll
0x00007ffb5f230000 - 0x00007ffb5f974000 	C:\WINDOWS\System32\SHELL32.dll
0x00007ffb5ca30000 - 0x00007ffb5d1c4000 	C:\WINDOWS\SYSTEM32\windows.storage.dll
0x00007ffb5fc20000 - 0x00007ffb5ff74000 	C:\WINDOWS\System32\combase.dll
0x00007ffb5e310000 - 0x00007ffb5e33c000 	C:\WINDOWS\SYSTEM32\Wldp.dll
0x00007ffb610e0000 - 0x00007ffb6118d000 	C:\WINDOWS\System32\SHCORE.dll
0x00007ffb60ae0000 - 0x00007ffb60b35000 	C:\WINDOWS\System32\shlwapi.dll
0x00007ffb5e830000 - 0x00007ffb5e84f000 	C:\WINDOWS\SYSTEM32\profapi.dll
0x00007ffb4a3a0000 - 0x00007ffb4a3ba000 	C:\Program Files\Android\Android Studio\jre\bin\net.dll
0x00007ffb58ea0000 - 0x00007ffb58faa000 	C:\WINDOWS\SYSTEM32\WINHTTP.dll
0x00007ffb5dff0000 - 0x00007ffb5e05a000 	C:\WINDOWS\system32\mswsock.dll
0x00007ffb48640000 - 0x00007ffb48654000 	C:\Program Files\Android\Android Studio\jre\bin\nio.dll
0x00007ffb54d20000 - 0x00007ffb54d47000 	C:\Users\nande\.gradle\native\e1d6ef7f7dcc3fd88c89a11ec53ec762bb8ba0a96d01ffa2cd45eb1d1d8dd5c5\windows-amd64\native-platform.dll
0x00007ffb32c20000 - 0x00007ffb32d64000 	C:\Users\nande\.gradle\native\5664cfc778a61ccfe75a443a1ab52a65af34e5dc3c78e0209fed803814484fcb\windows-amd64\native-platform-file-events.dll
0x00007ffb50390000 - 0x00007ffb5039a000 	C:\Program Files\Android\Android Studio\jre\bin\management.dll
0x00007ffb48d80000 - 0x00007ffb48d8d000 	C:\Program Files\Android\Android Studio\jre\bin\management_ext.dll
0x00007ffb5e240000 - 0x00007ffb5e258000 	C:\WINDOWS\SYSTEM32\CRYPTSP.dll
0x00007ffb5d970000 - 0x00007ffb5d9a4000 	C:\WINDOWS\system32\rsaenh.dll
0x00007ffb5ea10000 - 0x00007ffb5ea37000 	C:\WINDOWS\System32\bcrypt.dll
0x00007ffb5e7f0000 - 0x00007ffb5e81e000 	C:\WINDOWS\SYSTEM32\USERENV.dll
0x00007ffb5e260000 - 0x00007ffb5e26c000 	C:\WINDOWS\SYSTEM32\CRYPTBASE.dll
0x00007ffb5dce0000 - 0x00007ffb5dd1b000 	C:\WINDOWS\SYSTEM32\IPHLPAPI.DLL
0x00007ffb60cd0000 - 0x00007ffb60cd8000 	C:\WINDOWS\System32\NSI.dll
0x00007ffb57c10000 - 0x00007ffb57c27000 	C:\WINDOWS\SYSTEM32\dhcpcsvc6.DLL
0x00007ffb589a0000 - 0x00007ffb589bd000 	C:\WINDOWS\SYSTEM32\dhcpcsvc.DLL
0x00007ffb5dd20000 - 0x00007ffb5ddeb000 	C:\WINDOWS\SYSTEM32\DNSAPI.dll

dbghelp: loaded successfully - version: 4.0.5 - missing functions: none
symbol engine: initialized successfully - sym options: 0x614 - pdb path: .;C:\Program Files\Android\Android Studio\jre\bin;C:\WINDOWS\SYSTEM32;C:\WINDOWS\WinSxS\amd64_microsoft.windows.common-controls_6595b64144ccf1df_6.0.19041.1110_none_60b5254171f9507e;C:\Program Files\Android\Android Studio\jre\bin\server;C:\Users\nande\.gradle\native\e1d6ef7f7dcc3fd88c89a11ec53ec762bb8ba0a96d01ffa2cd45eb1d1d8dd5c5\windows-amd64;C:\Users\nande\.gradle\native\5664cfc778a61ccfe75a443a1ab52a65af34e5dc3c78e0209fed803814484fcb\windows-amd64

VM Arguments:
jvm_args: --add-opens=java.base/java.util=ALL-UNNAMED --add-opens=java.base/java.lang=ALL-UNNAMED --add-opens=java.base/java.lang.invoke=ALL-UNNAMED --add-opens=java.base/java.util=ALL-UNNAMED --add-opens=java.prefs/java.util.prefs=ALL-UNNAMED --add-opens=java.prefs/java.util.prefs=ALL-UNNAMED --add-opens=java.base/java.nio.charset=ALL-UNNAMED --add-opens=java.base/java.net=ALL-UNNAMED --add-opens=java.base/java.util.concurrent.atomic=ALL-UNNAMED -Xmx2048m -Dfile.encoding=UTF-8 -Duser.country=RU -Duser.language=ru -Duser.variant 
java_command: org.gradle.launcher.daemon.bootstrap.GradleDaemon 7.2
java_class_path (initial): C:\Users\nande\.gradle\wrapper\dists\gradle-7.2-bin\2dnblmf4td7x66yl1d74lt32g\gradle-7.2\lib\gradle-launcher-7.2.jar
Launcher Type: SUN_STANDARD

[Global flags]
     intx CICompilerCount                          = 4                                         {product} {ergonomic}
     uint ConcGCThreads                            = 2                                         {product} {ergonomic}
     uint G1ConcRefinementThreads                  = 8                                         {product} {ergonomic}
   size_t G1HeapRegionSize                         = 1048576                                   {product} {ergonomic}
    uintx GCDrainStackTargetSize                   = 64                                        {product} {ergonomic}
   size_t InitialHeapSize                          = 268435456                                 {product} {ergonomic}
   size_t MarkStackSize                            = 4194304                                   {product} {ergonomic}
   size_t MaxHeapSize                              = 2147483648                                {product} {command line}
   size_t MaxNewSize                               = 1287651328                                {product} {ergonomic}
   size_t MinHeapDeltaBytes                        = 1048576                                   {product} {ergonomic}
    uintx NonNMethodCodeHeapSize                   = 5836300                                {pd product} {ergonomic}
    uintx NonProfiledCodeHeapSize                  = 122910970                              {pd product} {ergonomic}
    uintx ProfiledCodeHeapSize                     = 122910970                              {pd product} {ergonomic}
    uintx ReservedCodeCacheSize                    = 251658240                              {pd product} {ergonomic}
     bool SegmentedCodeCache                       = true                                      {product} {ergonomic}
     bool UseCompressedClassPointers               = true                                 {lp64_product} {ergonomic}
     bool UseCompressedOops                        = true                                 {lp64_product} {ergonomic}
     bool UseG1GC                                  = true                                      {product} {ergonomic}
     bool UseLargePagesIndividualAllocation        = false                                  {pd product} {ergonomic}

Logging:
Log output configuration:
 #0: stdout all=warning uptime,level,tags
 #1: stderr all=off uptime,level,tags

Environment Variables:
PATH=C:\Program Files (x86)\Common Files\Intel\Shared Libraries\redist\intel64\compiler;C:\Windows\system32;C:\Windows;C:\Windows\System32\Wbem;C:\Windows\System32\WindowsPowerShell\v1.0\;C:\Windows\System32\OpenSSH\;C:\Program Files (x86)\NVIDIA Corporation\PhysX\Common;C:\Program Files\NVIDIA Corporation\NVIDIA NvDLISR;C:\WINDOWS\system32;C:\WINDOWS;C:\WINDOWS\System32\Wbem;C:\WINDOWS\System32\WindowsPowerShell\v1.0\;C:\WINDOWS\System32\OpenSSH\;C:\Program Files\Git\cmd;C:\Users\nande\Desktop\jdk-11.0.13\bin;C:\Program Files (x86)\Common Files\Acronis\SnapAPI\;C:\Users\nande\AppData\Local\Programs\Python\Python310\Scripts\;C:\Users\nande\AppData\Local\Programs\Python\Python310\;C:\Users\nande\AppData\Local\Microsoft\WindowsApps;C:\Program Files\JetBrains\IntelliJ IDEA 2020.3.1\bin;;C:\Users\nande\Desktop\apache-maven-3.8.4\bin;C:\Users\nande\AppData\Local\Programs\Microsoft VS Code\bin;C:\Program Files\JetBrains\PyCharm Community Edition 2021.3.2\bin;;C:\Program Files\JetBrains\PyCharm-2021.3.2\bin;;C:\Users\nande\Desktop\jdk-11.0.13\bin;
USERNAME=nande
OS=Windows_NT
PROCESSOR_IDENTIFIER=Intel64 Family 6 Model 94 Stepping 3, GenuineIntel



---------------  S Y S T E M  ---------------

OS: Windows 10 , 64 bit Build 19041 (10.0.19041.1645)
OS uptime: 5 days 0:25 hours

CPU:total 8 (initial active 8) (4 cores per cpu, 2 threads per core) family 6 model 94 stepping 3 microcode 0xcc, cmov, cx8, fxsr, mmx, sse, sse2, sse3, ssse3, sse4.1, sse4.2, popcnt, avx, avx2, aes, clmul, erms, rtm, 3dnowpref, lzcnt, ht, tsc, tscinvbit, bmi1, bmi2, adx, fma

Memory: 4k page, system-wide physical 16322M (3055M free)
TotalPageFile size 16322M (AvailPageFile size 25M)
current process WorkingSet (physical memory assigned to process): 561M, peak: 575M
current process commit charge ("private bytes"): 643M, peak: 667M

vm_info: OpenJDK 64-Bit Server VM (11.0.11+9-b60-7590822) for windows-amd64 JRE (11.0.11+9-b60-7590822), built on Jul 29 2021 21:43:44 by "builder" with MS VC++ 14.0 (VS2015)

END.
