#
# There is insufficient memory for the Java Runtime Environment to continue.
# Native memory allocation (malloc) failed to allocate 1375216 bytes for Chunk::new
# Possible reasons:
#   The system is out of physical RAM or swap space
#   The process is running with CompressedOops enabled, and the Java Heap may be blocking the growth of the native heap
# Possible solutions:
#   Reduce memory load on the system
#   Increase physical memory or swap space
#   Check if swap backing store is full
#   Decrease Java heap size (-Xmx/-Xms)
#   Decrease number of Java threads
#   Decrease Java thread stack sizes (-Xss)
#   Set larger code cache with -XX:ReservedCodeCacheSize=
#   JVM is running with Unscaled Compressed Oops mode in which the Java heap is
#     placed in the first 4GB address space. The Java Heap base address is the
#     maximum limit for the native heap growth. Please use -XX:HeapBaseMinAddress
#     to set the Java Heap base and to place the Java Heap above 4GB virtual address.
# This output file may be truncated or incomplete.
#
#  Out of Memory Error (./src/hotspot/share/memory/arena.cpp:197), pid=14352, tid=10452
#
# JRE version: OpenJDK Runtime Environment (11.0.11+9) (build 11.0.11+9-b60-7590822)
# Java VM: OpenJDK 64-Bit Server VM (11.0.11+9-b60-7590822, mixed mode, tiered, compressed oops, g1 gc, windows-amd64)
# No core dump will be written. Minidumps are not enabled by default on client versions of Windows
#

---------------  S U M M A R Y ------------

Command Line: --add-opens=java.base/java.util=ALL-UNNAMED --add-opens=java.base/java.lang=ALL-UNNAMED --add-opens=java.base/java.lang.invoke=ALL-UNNAMED --add-opens=java.base/java.util=ALL-UNNAMED --add-opens=java.prefs/java.util.prefs=ALL-UNNAMED --add-opens=java.prefs/java.util.prefs=ALL-UNNAMED --add-opens=java.base/java.nio.charset=ALL-UNNAMED --add-opens=java.base/java.net=ALL-UNNAMED --add-opens=java.base/java.util.concurrent.atomic=ALL-UNNAMED -Xmx2048m -Dfile.encoding=UTF-8 -Duser.country=RU -Duser.language=ru -Duser.variant org.gradle.launcher.daemon.bootstrap.GradleDaemon 7.2

Host: Intel(R) Core(TM) i7-6700K CPU @ 4.00GHz, 8 cores, 15G,  Windows 10 , 64 bit Build 19041 (10.0.19041.1645)
Time: Mon May  9 16:49:43 2022 RTZ 2 (зима) elapsed time: 2121.756206 seconds (0d 0h 35m 21s)

---------------  T H R E A D  ---------------

Current thread (0x000001adbdefb800):  JavaThread "C2 CompilerThread0" daemon [_thread_in_native, id=10452, stack(0x000000767e100000,0x000000767e200000)]


Current CompileTask:
C2:2121756 18569       4       org.gradle.internal.operations.DefaultBuildOperationRunner::execute (23 bytes)

Stack: [0x000000767e100000,0x000000767e200000]
Native frames: (J=compiled Java code, j=interpreted, Vv=VM code, C=native code)
V  [jvm.dll+0x5f214a]
V  [jvm.dll+0x726fb5]
V  [jvm.dll+0x7285cd]
V  [jvm.dll+0x728c83]
V  [jvm.dll+0x243278]
V  [jvm.dll+0xbc53c]
V  [jvm.dll+0xbca3c]
V  [jvm.dll+0x353e7d]
V  [jvm.dll+0x19875c]
V  [jvm.dll+0x1fc2ee]
V  [jvm.dll+0x1fb3d4]
V  [jvm.dll+0x183d6c]
V  [jvm.dll+0x209a57]
V  [jvm.dll+0x2082a1]
V  [jvm.dll+0x6ef58f]
V  [jvm.dll+0x6e80b5]
V  [jvm.dll+0x5f1036]
C  [ucrtbase.dll+0x21bb2]
C  [KERNEL32.DLL+0x17034]
C  [ntdll.dll+0x52651]


---------------  P R O C E S S  ---------------

Threads class SMR info:
_java_thread_list=0x000001adbf2c3230, length=137, elements={
0x000001ada11f4000, 0x000001adbde82800, 0x000001adbde84000, 0x000001adbdea8000,
0x000001adbdeaa000, 0x000001adbdeab000, 0x000001adbdefb800, 0x000001adbdefe800,
0x000001adbdf08000, 0x000001adbe087000, 0x000001adbf62f000, 0x000001adbfa2f000,
0x000001adc0981800, 0x000001adbfaf7000, 0x000001adbfaf6000, 0x000001adbfaf7800,
0x000001adc1480800, 0x000001adc147c800, 0x000001adc1481800, 0x000001adc1488000,
0x000001adc1482800, 0x000001adc1489000, 0x000001adc1487000, 0x000001adc1b7f000,
0x000001adc1b83800, 0x000001adc1b82000, 0x000001adc1b7f800, 0x000001adc1b83000,
0x000001adc1b85800, 0x000001adc157b800, 0x000001adc1576000, 0x000001adc157a000,
0x000001adc157c800, 0x000001adc157e000, 0x000001adc01ef800, 0x000001adc01f0000,
0x000001adc01f3800, 0x000001adc153b800, 0x000001adc1539000, 0x000001adc153c000,
0x000001adc1536800, 0x000001adc153d000, 0x000001adc1537800, 0x000001adc01ed800,
0x000001adc01f2000, 0x000001adc01ee800, 0x000001adc01f1000, 0x000001adc01f6800,
0x000001adc01f7800, 0x000001adc01f4000, 0x000001adc01f6000, 0x000001adc01f8800,
0x000001adc01f5000, 0x000001adc01f2800, 0x000001adc01fc800, 0x000001adc01fa000,
0x000001adc01f9000, 0x000001adc01fb000, 0x000001adc01fb800, 0x000001adc1538000,
0x000001adc1535800, 0x000001adc153f800, 0x000001adc1539800, 0x000001adc153e000,
0x000001adc153e800, 0x000001adc1540800, 0x000001adc153a800, 0x000001adc1541000,
0x000001adc1542000, 0x000001adc1542800, 0x000001adc1543800, 0x000001adc1544800,
0x000001adc1578800, 0x000001adc1576800, 0x000001adc157f000, 0x000001adc157d000,
0x000001adc157f800, 0x000001adc157b000, 0x000001adc1584800, 0x000001adc1581800,
0x000001adc1582000, 0x000001adc1580800, 0x000001adc1583000, 0x000001adc1583800,
0x000001adc1b7e000, 0x000001adc1b84800, 0x000001adc1b86000, 0x000001adc1b87000,
0x000001adc1b81800, 0x000001adc1b88000, 0x000001adc1b8a800, 0x000001adc1b88800,
0x000001adc1b8b000, 0x000001adc1b8c000, 0x000001adc1b8c800, 0x000001adc1483000,
0x000001adc147d800, 0x000001adc1480000, 0x000001adc1484000, 0x000001adc147e800,
0x000001adc147f000, 0x000001adc1489800, 0x000001adc1486800, 0x000001adc148a800,
0x000001adbfaf5800, 0x000001adcb0c2800, 0x000001adcb0c4800, 0x000001adcb0c3000,
0x000001adcb0c5800, 0x000001adcb0c9000, 0x000001adcb0c6800, 0x000001adcb0c7000,
0x000001adcb0c8000, 0x000001adcb0c4000, 0x000001adc135e800, 0x000001adc1365000,
0x000001adc1362800, 0x000001adc135f000, 0x000001adc1360000, 0x000001adc1363000,
0x000001adc1361800, 0x000001adc1364000, 0x000001adc1365800, 0x000001adc1360800,
0x000001adc1369000, 0x000001adc136b800, 0x000001adc1367000, 0x000001adc1366800,
0x000001adc136c000, 0x000001adc136d000, 0x000001adc1369800, 0x000001adc136a800,
0x000001adc1368000, 0x000001adc042d000, 0x000001adc042c000, 0x000001adc042e800,
0x000001adc0429000
}

Java Threads: ( => current thread )
  0x000001ada11f4000 JavaThread "main" [_thread_blocked, id=828, stack(0x000000767d500000,0x000000767d600000)]
  0x000001adbde82800 JavaThread "Reference Handler" daemon [_thread_blocked, id=7724, stack(0x000000767dc00000,0x000000767dd00000)]
  0x000001adbde84000 JavaThread "Finalizer" daemon [_thread_blocked, id=1872, stack(0x000000767dd00000,0x000000767de00000)]
  0x000001adbdea8000 JavaThread "Signal Dispatcher" daemon [_thread_blocked, id=7820, stack(0x000000767de00000,0x000000767df00000)]
  0x000001adbdeaa000 JavaThread "Attach Listener" daemon [_thread_blocked, id=15712, stack(0x000000767df00000,0x000000767e000000)]
  0x000001adbdeab000 JavaThread "Service Thread" daemon [_thread_blocked, id=464, stack(0x000000767e000000,0x000000767e100000)]
=>0x000001adbdefb800 JavaThread "C2 CompilerThread0" daemon [_thread_in_native, id=10452, stack(0x000000767e100000,0x000000767e200000)]
  0x000001adbdefe800 JavaThread "C1 CompilerThread0" daemon [_thread_blocked, id=7788, stack(0x000000767e200000,0x000000767e300000)]
  0x000001adbdf08000 JavaThread "Sweeper thread" daemon [_thread_blocked, id=14184, stack(0x000000767e300000,0x000000767e400000)]
  0x000001adbe087000 JavaThread "Common-Cleaner" daemon [_thread_blocked, id=10496, stack(0x000000767e400000,0x000000767e500000)]
  0x000001adbf62f000 JavaThread "Daemon health stats" [_thread_blocked, id=8024, stack(0x000000767ed00000,0x000000767ee00000)]
  0x000001adbfa2f000 JavaThread "Incoming local TCP Connector on port 61286" [_thread_in_native, id=12360, stack(0x000000767ee00000,0x000000767ef00000)]
  0x000001adc0981800 JavaThread "Daemon periodic checks" [_thread_blocked, id=6332, stack(0x000000767ef00000,0x000000767f000000)]
  0x000001adbfaf7000 JavaThread "Cache worker for journal cache (C:\Users\nande\.gradle\caches\journal-1)" [_thread_blocked, id=6816, stack(0x000000767ec00000,0x000000767ed00000)]
  0x000001adbfaf6000 JavaThread "File lock request listener" [_thread_in_native, id=9076, stack(0x000000767f700000,0x000000767f800000)]
  0x000001adbfaf7800 JavaThread "Cache worker for file hash cache (C:\Users\nande\.gradle\caches\7.2\fileHashes)" [_thread_blocked, id=5948, stack(0x000000767f800000,0x000000767f900000)]
  0x000001adc1480800 JavaThread "File watcher server" daemon [_thread_in_native, id=11248, stack(0x000000767fd00000,0x000000767fe00000)]
  0x000001adc147c800 JavaThread "File watcher consumer" daemon [_thread_blocked, id=13340, stack(0x000000767fe00000,0x000000767ff00000)]
  0x000001adc1481800 JavaThread "Cache worker for execution history cache (C:\Users\nande\.gradle\caches\7.2\executionHistory)" [_thread_blocked, id=12472, stack(0x0000007600200000,0x0000007600300000)]
  0x000001adc1488000 JavaThread "jar transforms" [_thread_blocked, id=9180, stack(0x0000007600400000,0x0000007600500000)]
  0x000001adc1482800 JavaThread "Cache worker for file content cache (C:\Users\nande\.gradle\caches\7.2\fileContent)" [_thread_blocked, id=11716, stack(0x0000007600500000,0x0000007600600000)]
  0x000001adc1489000 JavaThread "jar transforms Thread 2" [_thread_blocked, id=11668, stack(0x0000007600600000,0x0000007600700000)]
  0x000001adc1487000 JavaThread "jar transforms Thread 3" [_thread_blocked, id=9012, stack(0x0000007600800000,0x0000007600900000)]
  0x000001adc1b7f000 JavaThread "jar transforms Thread 4" [_thread_blocked, id=4376, stack(0x0000007605a00000,0x0000007605b00000)]
  0x000001adc1b83800 JavaThread "jar transforms Thread 5" [_thread_blocked, id=8752, stack(0x0000007605b00000,0x0000007605c00000)]
  0x000001adc1b82000 JavaThread "jar transforms Thread 6" [_thread_blocked, id=14972, stack(0x0000007605c00000,0x0000007605d00000)]
  0x000001adc1b7f800 JavaThread "jar transforms Thread 7" [_thread_blocked, id=10136, stack(0x0000007605d00000,0x0000007605e00000)]
  0x000001adc1b83000 JavaThread "jar transforms Thread 8" [_thread_blocked, id=1664, stack(0x0000007605e00000,0x0000007605f00000)]
  0x000001adc1b85800 JavaThread "Memory manager" [_thread_blocked, id=8240, stack(0x0000007606000000,0x0000007606100000)]
  0x000001adc157b800 JavaThread "RMI Scheduler(0)" daemon [_thread_blocked, id=12632, stack(0x0000007600300000,0x0000007600400000)]
  0x000001adc1576000 JavaThread "RMI GC Daemon" daemon [_thread_blocked, id=15632, stack(0x0000007606a00000,0x0000007606b00000)]
  0x000001adc157a000 JavaThread "RMI TCP Accept-0" daemon [_thread_in_native, id=8400, stack(0x0000007606b00000,0x0000007606c00000)]
  0x000001adc157c800 JavaThread "RMI Reaper" [_thread_blocked, id=7148, stack(0x0000007606c00000,0x0000007606d00000)]
  0x000001adc157e000 JavaThread "Cache worker for Java compile cache (C:\Users\nande\.gradle\caches\7.2\javaCompile)" [_thread_blocked, id=16224, stack(0x0000007607200000,0x0000007607300000)]
  0x000001adc01ef800 JavaThread "ForkJoinPool.commonPool-worker-13" daemon [_thread_blocked, id=7524, stack(0x0000007608700000,0x0000007608800000)]
  0x000001adc01f0000 JavaThread "Daemon Thread 2" [_thread_blocked, id=4556, stack(0x0000007600100000,0x0000007600200000)]
  0x000001adc01f3800 JavaThread "Daemon worker Thread 2" [_thread_blocked, id=13640, stack(0x0000007600a00000,0x0000007600b00000)]
  0x000001adc153b800 JavaThread "ForkJoinPool.commonPool-worker-1" daemon [_thread_blocked, id=4636, stack(0x0000007607f00000,0x0000007608000000)]
  0x000001adc1539000 JavaThread "ForkJoinPool.commonPool-worker-3" daemon [_thread_blocked, id=14388, stack(0x0000007608000000,0x0000007608100000)]
  0x000001adc153c000 JavaThread "ForkJoinPool.commonPool-worker-5" daemon [_thread_blocked, id=8484, stack(0x0000007608100000,0x0000007608200000)]
  0x000001adc1536800 JavaThread "ForkJoinPool.commonPool-worker-7" daemon [_thread_blocked, id=1496, stack(0x0000007608200000,0x0000007608300000)]
  0x000001adc153d000 JavaThread "ForkJoinPool.commonPool-worker-11" daemon [_thread_blocked, id=10324, stack(0x0000007608300000,0x0000007608400000)]
  0x000001adc1537800 JavaThread "ForkJoinPool.commonPool-worker-9" daemon [_thread_blocked, id=9804, stack(0x0000007608400000,0x0000007608500000)]
  0x000001adc01ed800 JavaThread "RMI TCP Connection(15)-127.0.0.1" daemon [_thread_in_native, id=15692, stack(0x0000007600700000,0x0000007600800000)]
  0x000001adc01f2000 JavaThread "Handler for socket connection from /127.0.0.1:61286 to /127.0.0.1:63296" [_thread_in_native, id=5216, stack(0x0000007600900000,0x0000007600a00000)]
  0x000001adc01ee800 JavaThread "Cancel handler" [_thread_blocked, id=3228, stack(0x0000007600b00000,0x0000007600c00000)]
  0x000001adc01f1000 JavaThread "Asynchronous log dispatcher for DefaultDaemonConnection: socket connection from /127.0.0.1:61286 to /127.0.0.1:63296" [_thread_blocked, id=16244, stack(0x0000007600c00000,0x0000007600d00000)]
  0x000001adc01f6800 JavaThread "Stdin handler" [_thread_blocked, id=7900, stack(0x0000007600d00000,0x0000007600e00000)]
  0x000001adc01f7800 JavaThread "Daemon client event forwarder" [_thread_blocked, id=7056, stack(0x0000007600e00000,0x0000007600f00000)]
  0x000001adc01f4000 JavaThread "Cache worker for file hash cache (C:\Users\nande\AndroidStudioProjects\compose-simple-app\.gradle\7.2\fileHashes)" [_thread_blocked, id=6552, stack(0x0000007600f00000,0x0000007601000000)]
  0x000001adc01f6000 JavaThread "C2 CompilerThread1" daemon [_thread_in_native, id=5124, stack(0x0000007601000000,0x0000007601100000)]
  0x000001adc01f8800 JavaThread "Cache worker for checksums cache (C:\Users\nande\AndroidStudioProjects\compose-simple-app\.gradle\checksums)" [_thread_blocked, id=9336, stack(0x0000007601100000,0x0000007601200000)]
  0x000001adc01f5000 JavaThread "Cache worker for cache directory md-supplier (C:\Users\nande\.gradle\caches\7.2\md-supplier)" [_thread_blocked, id=10812, stack(0x0000007601200000,0x0000007601300000)]
  0x000001adc01f2800 JavaThread "Cache worker for cache directory md-rule (C:\Users\nande\.gradle\caches\7.2\md-rule)" [_thread_blocked, id=14148, stack(0x0000007601300000,0x0000007601400000)]
  0x000001adc01fc800 JavaThread "C2 CompilerThread2" daemon [_thread_blocked, id=404, stack(0x0000007601400000,0x0000007601500000)]
  0x000001adc01fa000 JavaThread "Cache worker for dependencies-accessors (C:\Users\nande\AndroidStudioProjects\compose-simple-app\.gradle\7.2\dependencies-accessors)" [_thread_blocked, id=15204, stack(0x0000007601500000,0x0000007601600000)]
  0x000001adc01f9000 JavaThread "Cache worker for Build Output Cleanup Cache (C:\Users\nande\AndroidStudioProjects\compose-simple-app\.gradle\buildOutputCleanup)" [_thread_blocked, id=13392, stack(0x0000007601600000,0x0000007601700000)]
  0x000001adc01fb000 JavaThread "Unconstrained build operations" [_thread_blocked, id=14836, stack(0x0000007601700000,0x0000007601800000)]
  0x000001adc01fb800 JavaThread "Unconstrained build operations Thread 2" [_thread_blocked, id=9200, stack(0x0000007601800000,0x0000007601900000)]
  0x000001adc1538000 JavaThread "Unconstrained build operations Thread 3" [_thread_blocked, id=13764, stack(0x0000007601900000,0x0000007601a00000)]
  0x000001adc1535800 JavaThread "Unconstrained build operations Thread 4" [_thread_blocked, id=14284, stack(0x0000007601a00000,0x0000007601b00000)]
  0x000001adc153f800 JavaThread "Unconstrained build operations Thread 5" [_thread_blocked, id=1828, stack(0x0000007601b00000,0x0000007601c00000)]
  0x000001adc1539800 JavaThread "Unconstrained build operations Thread 6" [_thread_blocked, id=7492, stack(0x0000007601c00000,0x0000007601d00000)]
  0x000001adc153e000 JavaThread "Unconstrained build operations Thread 7" [_thread_blocked, id=15504, stack(0x0000007601d00000,0x0000007601e00000)]
  0x000001adc153e800 JavaThread "Unconstrained build operations Thread 8" [_thread_blocked, id=1508, stack(0x0000007601e00000,0x0000007601f00000)]
  0x000001adc1540800 JavaThread "Unconstrained build operations Thread 9" [_thread_blocked, id=2476, stack(0x0000007601f00000,0x0000007602000000)]
  0x000001adc153a800 JavaThread "Unconstrained build operations Thread 10" [_thread_blocked, id=12684, stack(0x0000007602000000,0x0000007602100000)]
  0x000001adc1541000 JavaThread "Unconstrained build operations Thread 11" [_thread_blocked, id=10612, stack(0x0000007602100000,0x0000007602200000)]
  0x000001adc1542000 JavaThread "Unconstrained build operations Thread 12" [_thread_blocked, id=8888, stack(0x0000007602200000,0x0000007602300000)]
  0x000001adc1542800 JavaThread "Unconstrained build operations Thread 13" [_thread_blocked, id=9376, stack(0x0000007602300000,0x0000007602400000)]
  0x000001adc1543800 JavaThread "Unconstrained build operations Thread 14" [_thread_blocked, id=15580, stack(0x0000007602400000,0x0000007602500000)]
  0x000001adc1544800 JavaThread "Unconstrained build operations Thread 15" [_thread_blocked, id=6624, stack(0x0000007602500000,0x0000007602600000)]
  0x000001adc1578800 JavaThread "Unconstrained build operations Thread 16" [_thread_blocked, id=11344, stack(0x0000007602600000,0x0000007602700000)]
  0x000001adc1576800 JavaThread "Unconstrained build operations Thread 17" [_thread_blocked, id=15584, stack(0x0000007602700000,0x0000007602800000)]
  0x000001adc157f000 JavaThread "Unconstrained build operations Thread 18" [_thread_blocked, id=11216, stack(0x0000007602800000,0x0000007602900000)]
  0x000001adc157d000 JavaThread "Unconstrained build operations Thread 19" [_thread_blocked, id=12500, stack(0x0000007602900000,0x0000007602a00000)]
  0x000001adc157f800 JavaThread "Unconstrained build operations Thread 20" [_thread_blocked, id=12532, stack(0x0000007602a00000,0x0000007602b00000)]
  0x000001adc157b000 JavaThread "Unconstrained build operations Thread 21" [_thread_blocked, id=4424, stack(0x0000007602b00000,0x0000007602c00000)]
  0x000001adc1584800 JavaThread "Unconstrained build operations Thread 22" [_thread_blocked, id=13868, stack(0x0000007602c00000,0x0000007602d00000)]
  0x000001adc1581800 JavaThread "Unconstrained build operations Thread 23" [_thread_blocked, id=9612, stack(0x0000007602d00000,0x0000007602e00000)]
  0x000001adc1582000 JavaThread "Unconstrained build operations Thread 24" [_thread_blocked, id=7796, stack(0x0000007602e00000,0x0000007602f00000)]
  0x000001adc1580800 JavaThread "Unconstrained build operations Thread 25" [_thread_blocked, id=10296, stack(0x0000007602f00000,0x0000007603000000)]
  0x000001adc1583000 JavaThread "Unconstrained build operations Thread 26" [_thread_blocked, id=16212, stack(0x0000007603000000,0x0000007603100000)]
  0x000001adc1583800 JavaThread "Unconstrained build operations Thread 27" [_thread_blocked, id=8616, stack(0x0000007603100000,0x0000007603200000)]
  0x000001adc1b7e000 JavaThread "Unconstrained build operations Thread 28" [_thread_blocked, id=15280, stack(0x0000007603200000,0x0000007603300000)]
  0x000001adc1b84800 JavaThread "Unconstrained build operations Thread 29" [_thread_blocked, id=11496, stack(0x0000007603300000,0x0000007603400000)]
  0x000001adc1b86000 JavaThread "Unconstrained build operations Thread 30" [_thread_blocked, id=7748, stack(0x0000007603400000,0x0000007603500000)]
  0x000001adc1b87000 JavaThread "Unconstrained build operations Thread 31" [_thread_blocked, id=11876, stack(0x0000007603500000,0x0000007603600000)]
  0x000001adc1b81800 JavaThread "Unconstrained build operations Thread 32" [_thread_blocked, id=2464, stack(0x0000007603600000,0x0000007603700000)]
  0x000001adc1b88000 JavaThread "Unconstrained build operations Thread 33" [_thread_blocked, id=9404, stack(0x0000007603700000,0x0000007603800000)]
  0x000001adc1b8a800 JavaThread "Unconstrained build operations Thread 34" [_thread_blocked, id=8136, stack(0x0000007603800000,0x0000007603900000)]
  0x000001adc1b88800 JavaThread "Unconstrained build operations Thread 35" [_thread_blocked, id=1332, stack(0x0000007603900000,0x0000007603a00000)]
  0x000001adc1b8b000 JavaThread "Unconstrained build operations Thread 36" [_thread_blocked, id=14964, stack(0x0000007603a00000,0x0000007603b00000)]
  0x000001adc1b8c000 JavaThread "Unconstrained build operations Thread 37" [_thread_blocked, id=11048, stack(0x0000007603b00000,0x0000007603c00000)]
  0x000001adc1b8c800 JavaThread "Unconstrained build operations Thread 38" [_thread_blocked, id=3332, stack(0x0000007603c00000,0x0000007603d00000)]
  0x000001adc1483000 JavaThread "Unconstrained build operations Thread 39" [_thread_blocked, id=8480, stack(0x0000007603d00000,0x0000007603e00000)]
  0x000001adc147d800 JavaThread "Unconstrained build operations Thread 40" [_thread_blocked, id=7484, stack(0x0000007603e00000,0x0000007603f00000)]
  0x000001adc1480000 JavaThread "Unconstrained build operations Thread 41" [_thread_blocked, id=3100, stack(0x0000007603f00000,0x0000007604000000)]
  0x000001adc1484000 JavaThread "Unconstrained build operations Thread 42" [_thread_blocked, id=984, stack(0x0000007604000000,0x0000007604100000)]
  0x000001adc147e800 JavaThread "Unconstrained build operations Thread 43" [_thread_blocked, id=7536, stack(0x0000007604100000,0x0000007604200000)]
  0x000001adc147f000 JavaThread "Unconstrained build operations Thread 44" [_thread_blocked, id=4924, stack(0x0000007604200000,0x0000007604300000)]
  0x000001adc1489800 JavaThread "Unconstrained build operations Thread 45" [_thread_blocked, id=3824, stack(0x0000007604300000,0x0000007604400000)]
  0x000001adc1486800 JavaThread "Unconstrained build operations Thread 46" [_thread_blocked, id=2968, stack(0x0000007604400000,0x0000007604500000)]
  0x000001adc148a800 JavaThread "Unconstrained build operations Thread 47" [_thread_blocked, id=7988, stack(0x0000007604500000,0x0000007604600000)]
  0x000001adbfaf5800 JavaThread "Unconstrained build operations Thread 48" [_thread_blocked, id=11092, stack(0x0000007604600000,0x0000007604700000)]
  0x000001adcb0c2800 JavaThread "Unconstrained build operations Thread 49" [_thread_blocked, id=4688, stack(0x0000007604700000,0x0000007604800000)]
  0x000001adcb0c4800 JavaThread "Unconstrained build operations Thread 50" [_thread_blocked, id=13612, stack(0x0000007604800000,0x0000007604900000)]
  0x000001adcb0c3000 JavaThread "Unconstrained build operations Thread 51" [_thread_blocked, id=4256, stack(0x0000007604900000,0x0000007604a00000)]
  0x000001adcb0c5800 JavaThread "Unconstrained build operations Thread 52" [_thread_blocked, id=11192, stack(0x0000007604a00000,0x0000007604b00000)]
  0x000001adcb0c9000 JavaThread "Unconstrained build operations Thread 53" [_thread_blocked, id=13908, stack(0x0000007604b00000,0x0000007604c00000)]
  0x000001adcb0c6800 JavaThread "Unconstrained build operations Thread 54" [_thread_blocked, id=7040, stack(0x0000007604c00000,0x0000007604d00000)]
  0x000001adcb0c7000 JavaThread "Unconstrained build operations Thread 55" [_thread_blocked, id=2816, stack(0x0000007604d00000,0x0000007604e00000)]
  0x000001adcb0c8000 JavaThread "Unconstrained build operations Thread 56" [_thread_blocked, id=6156, stack(0x0000007604e00000,0x0000007604f00000)]
  0x000001adcb0c4000 JavaThread "Unconstrained build operations Thread 57" [_thread_blocked, id=14496, stack(0x0000007604f00000,0x0000007605000000)]
  0x000001adc135e800 JavaThread "Unconstrained build operations Thread 58" [_thread_blocked, id=1956, stack(0x0000007605000000,0x0000007605100000)]
  0x000001adc1365000 JavaThread "Unconstrained build operations Thread 59" [_thread_blocked, id=6536, stack(0x0000007605100000,0x0000007605200000)]
  0x000001adc1362800 JavaThread "Unconstrained build operations Thread 60" [_thread_blocked, id=7220, stack(0x0000007605200000,0x0000007605300000)]
  0x000001adc135f000 JavaThread "Unconstrained build operations Thread 61" [_thread_blocked, id=10764, stack(0x0000007605300000,0x0000007605400000)]
  0x000001adc1360000 JavaThread "Unconstrained build operations Thread 62" [_thread_blocked, id=7204, stack(0x0000007605400000,0x0000007605500000)]
  0x000001adc1363000 JavaThread "Unconstrained build operations Thread 63" [_thread_blocked, id=3044, stack(0x0000007605500000,0x0000007605600000)]
  0x000001adc1361800 JavaThread "Unconstrained build operations Thread 64" [_thread_blocked, id=1680, stack(0x0000007605600000,0x0000007605700000)]
  0x000001adc1364000 JavaThread "Unconstrained build operations Thread 65" [_thread_blocked, id=2060, stack(0x0000007605700000,0x0000007605800000)]
  0x000001adc1365800 JavaThread "Unconstrained build operations Thread 66" [_thread_blocked, id=15924, stack(0x0000007605800000,0x0000007605900000)]
  0x000001adc1360800 JavaThread "Unconstrained build operations Thread 67" [_thread_blocked, id=4152, stack(0x0000007605900000,0x0000007605a00000)]
  0x000001adc1369000 JavaThread "Unconstrained build operations Thread 68" [_thread_blocked, id=9328, stack(0x0000007605f00000,0x0000007606000000)]
  0x000001adc136b800 JavaThread "Unconstrained build operations Thread 69" [_thread_blocked, id=10716, stack(0x0000007606100000,0x0000007606200000)]
  0x000001adc1367000 JavaThread "Unconstrained build operations Thread 70" [_thread_blocked, id=8500, stack(0x0000007606200000,0x0000007606300000)]
  0x000001adc1366800 JavaThread "Unconstrained build operations Thread 71" [_thread_blocked, id=3388, stack(0x0000007606300000,0x0000007606400000)]
  0x000001adc136c000 JavaThread "Unconstrained build operations Thread 72" [_thread_blocked, id=4044, stack(0x0000007606400000,0x0000007606500000)]
  0x000001adc136d000 JavaThread "Unconstrained build operations Thread 73" [_thread_blocked, id=11164, stack(0x0000007606500000,0x0000007606600000)]
  0x000001adc1369800 JavaThread "Unconstrained build operations Thread 74" [_thread_blocked, id=8496, stack(0x0000007606600000,0x0000007606700000)]
  0x000001adc136a800 JavaThread "Unconstrained build operations Thread 75" [_thread_blocked, id=14280, stack(0x0000007606700000,0x0000007606800000)]
  0x000001adc1368000 JavaThread "Unconstrained build operations Thread 76" [_thread_blocked, id=1380, stack(0x0000007606800000,0x0000007606900000)]
  0x000001adc042d000 JavaThread "Unconstrained build operations Thread 77" [_thread_blocked, id=8680, stack(0x0000007606900000,0x0000007606a00000)]
  0x000001adc042c000 JavaThread "Unconstrained build operations Thread 78" [_thread_blocked, id=6164, stack(0x0000007606d00000,0x0000007606e00000)]
  0x000001adc042e800 JavaThread "Unconstrained build operations Thread 79" [_thread_blocked, id=13692, stack(0x0000007606e00000,0x0000007606f00000)]
  0x000001adc0429000 JavaThread "Unconstrained build operations Thread 80" [_thread_blocked, id=11464, stack(0x0000007606f00000,0x0000007607000000)]

Other Threads:
  0x000001adbde80000 VMThread "VM Thread" [stack: 0x000000767db00000,0x000000767dc00000] [id=14412]
  0x000001adbe098800 WatcherThread [stack: 0x000000767e500000,0x000000767e600000] [id=9104]
  0x000001ada1208000 GCTaskThread "GC Thread#0" [stack: 0x000000767d600000,0x000000767d700000] [id=14572]
  0x000001adbee19000 GCTaskThread "GC Thread#1" [stack: 0x000000767e700000,0x000000767e800000] [id=12676]
  0x000001adbe166800 GCTaskThread "GC Thread#2" [stack: 0x000000767e800000,0x000000767e900000] [id=13796]
  0x000001adbf01a800 GCTaskThread "GC Thread#3" [stack: 0x000000767e900000,0x000000767ea00000] [id=7952]
  0x000001adbf13b800 GCTaskThread "GC Thread#4" [stack: 0x000000767ea00000,0x000000767eb00000] [id=12544]
  0x000001adbe53f000 GCTaskThread "GC Thread#5" [stack: 0x000000767eb00000,0x000000767ec00000] [id=2044]
  0x000001adbefc6000 GCTaskThread "GC Thread#6" [stack: 0x000000767f900000,0x000000767fa00000] [id=5036]
  0x000001adc092b000 GCTaskThread "GC Thread#7" [stack: 0x000000767fa00000,0x000000767fb00000] [id=1996]
  0x000001ada1238000 ConcurrentGCThread "G1 Main Marker" [stack: 0x000000767d700000,0x000000767d800000] [id=4000]
  0x000001ada1239800 ConcurrentGCThread "G1 Conc#0" [stack: 0x000000767d800000,0x000000767d900000] [id=13232]
  0x000001adc03f7800 ConcurrentGCThread "G1 Conc#1" [stack: 0x000000767fb00000,0x000000767fc00000] [id=11892]
  0x000001adbd4cb000 ConcurrentGCThread "G1 Refine#0" [stack: 0x000000767d900000,0x000000767da00000] [id=3396]
  0x000001adc4b58000 ConcurrentGCThread "G1 Refine#1" [stack: 0x0000007600000000,0x0000007600100000] [id=7736]
  0x000001adbe78a000 ConcurrentGCThread "G1 Refine#2" [stack: 0x0000007607000000,0x0000007607100000] [id=10864]
  0x000001adbf9e0800 ConcurrentGCThread "G1 Refine#3" [stack: 0x0000007607100000,0x0000007607200000] [id=14596]
  0x000001adbd4cc000 ConcurrentGCThread "G1 Young RemSet Sampling" [stack: 0x000000767da00000,0x000000767db00000] [id=8908]

Threads with active compile tasks:
C2 CompilerThread02121795 18569       4       org.gradle.internal.operations.DefaultBuildOperationRunner::execute (23 bytes)
C2 CompilerThread12121795 18630       4       org.gradle.api.internal.artifacts.ivyservice.resolveengine.result.ResolvedVariantResultSerializer::read (132 bytes)
C2 CompilerThread22121795 18671       4       org.gradle.internal.fingerprint.impl.AbstractFileCollectionFingerprinter::fingerprint (21 bytes)

VM state:not at safepoint (normal execution)

VM Mutex/Monitor currently owned by a thread: None

Heap address: 0x0000000080000000, size: 2048 MB, Compressed Oops mode: 32-bit
Narrow klass base: 0x0000000000000000, Narrow klass shift: 3
Compressed class space size: 1073741824 Address: 0x0000000100000000

Heap:
 garbage-first heap   total 265216K, used 204607K [0x0000000080000000, 0x0000000100000000)
  region size 1024K, 64 young (65536K), 1 survivors (1024K)
 Metaspace       used 129766K, capacity 133201K, committed 134956K, reserved 1165312K
  class space    used 16795K, capacity 18045K, committed 18784K, reserved 1048576K
Heap Regions: E=young(eden), S=young(survivor), O=old, HS=humongous(starts), HC=humongous(continues), CS=collection set, F=free, A=archive, TAMS=top-at-mark-start (previous, next)
|   0|0x0000000080000000, 0x0000000080100000, 0x0000000080100000|100%| O|  |TAMS 0x0000000080100000, 0x0000000080000000| Untracked 
|   1|0x0000000080100000, 0x0000000080200000, 0x0000000080200000|100%| O|  |TAMS 0x0000000080200000, 0x0000000080100000| Untracked 
|   2|0x0000000080200000, 0x0000000080300000, 0x0000000080300000|100%| O|  |TAMS 0x0000000080300000, 0x0000000080200000| Untracked 
|   3|0x0000000080300000, 0x0000000080400000, 0x0000000080400000|100%|HS|  |TAMS 0x0000000080400000, 0x0000000080300000| Complete 
|   4|0x0000000080400000, 0x0000000080500000, 0x0000000080500000|100%|HC|  |TAMS 0x0000000080500000, 0x0000000080400000| Complete 
|   5|0x0000000080500000, 0x0000000080600000, 0x0000000080600000|100%|HC|  |TAMS 0x0000000080600000, 0x0000000080500000| Complete 
|   6|0x0000000080600000, 0x0000000080700000, 0x0000000080700000|100%| O|  |TAMS 0x0000000080700000, 0x0000000080600000| Untracked 
|   7|0x0000000080700000, 0x0000000080800000, 0x0000000080800000|100%| O|  |TAMS 0x0000000080800000, 0x0000000080700000| Untracked 
|   8|0x0000000080800000, 0x0000000080900000, 0x0000000080900000|100%| O|  |TAMS 0x0000000080900000, 0x0000000080800000| Untracked 
|   9|0x0000000080900000, 0x0000000080a00000, 0x0000000080a00000|100%| O|  |TAMS 0x0000000080a00000, 0x0000000080900000| Untracked 
|  10|0x0000000080a00000, 0x0000000080b00000, 0x0000000080b00000|100%| O|  |TAMS 0x0000000080b00000, 0x0000000080a00000| Untracked 
|  11|0x0000000080b00000, 0x0000000080c00000, 0x0000000080c00000|100%| O|  |TAMS 0x0000000080c00000, 0x0000000080b00000| Untracked 
|  12|0x0000000080c00000, 0x0000000080d00000, 0x0000000080d00000|100%| O|  |TAMS 0x0000000080d00000, 0x0000000080c00000| Untracked 
|  13|0x0000000080d00000, 0x0000000080e00000, 0x0000000080e00000|100%| O|  |TAMS 0x0000000080e00000, 0x0000000080d00000| Untracked 
|  14|0x0000000080e00000, 0x0000000080f00000, 0x0000000080f00000|100%| O|  |TAMS 0x0000000080f00000, 0x0000000080e00000| Untracked 
|  15|0x0000000080f00000, 0x0000000081000000, 0x0000000081000000|100%| O|  |TAMS 0x0000000081000000, 0x0000000080f00000| Untracked 
|  16|0x0000000081000000, 0x0000000081100000, 0x0000000081100000|100%| O|  |TAMS 0x0000000081100000, 0x0000000081000000| Untracked 
|  17|0x0000000081100000, 0x0000000081200000, 0x0000000081200000|100%|HS|  |TAMS 0x0000000081200000, 0x0000000081100000| Complete 
|  18|0x0000000081200000, 0x0000000081300000, 0x0000000081300000|100%|HS|  |TAMS 0x0000000081300000, 0x0000000081200000| Complete 
|  19|0x0000000081300000, 0x0000000081400000, 0x0000000081400000|100%|HS|  |TAMS 0x0000000081400000, 0x0000000081300000| Complete 
|  20|0x0000000081400000, 0x0000000081500000, 0x0000000081500000|100%|HS|  |TAMS 0x0000000081500000, 0x0000000081400000| Complete 
|  21|0x0000000081500000, 0x0000000081600000, 0x0000000081600000|100%|HS|  |TAMS 0x0000000081600000, 0x0000000081500000| Complete 
|  22|0x0000000081600000, 0x0000000081700000, 0x0000000081700000|100%|HC|  |TAMS 0x0000000081700000, 0x0000000081600000| Complete 
|  23|0x0000000081700000, 0x0000000081800000, 0x0000000081800000|100%|HC|  |TAMS 0x0000000081800000, 0x0000000081700000| Complete 
|  24|0x0000000081800000, 0x0000000081900000, 0x0000000081900000|100%|HS|  |TAMS 0x0000000081900000, 0x0000000081800000| Complete 
|  25|0x0000000081900000, 0x0000000081a00000, 0x0000000081a00000|100%|HC|  |TAMS 0x0000000081a00000, 0x0000000081900000| Complete 
|  26|0x0000000081a00000, 0x0000000081b00000, 0x0000000081b00000|100%| O|  |TAMS 0x0000000081b00000, 0x0000000081a00000| Untracked 
|  27|0x0000000081b00000, 0x0000000081c00000, 0x0000000081c00000|100%| O|  |TAMS 0x0000000081c00000, 0x0000000081b00000| Untracked 
|  28|0x0000000081c00000, 0x0000000081d00000, 0x0000000081d00000|100%| O|  |TAMS 0x0000000081d00000, 0x0000000081c00000| Untracked 
|  29|0x0000000081d00000, 0x0000000081e00000, 0x0000000081e00000|100%| O|  |TAMS 0x0000000081e00000, 0x0000000081d00000| Untracked 
|  30|0x0000000081e00000, 0x0000000081f00000, 0x0000000081f00000|100%| O|  |TAMS 0x0000000081f00000, 0x0000000081e00000| Untracked 
|  31|0x0000000081f00000, 0x0000000082000000, 0x0000000082000000|100%| O|  |TAMS 0x0000000082000000, 0x0000000081f00000| Untracked 
|  32|0x0000000082000000, 0x0000000082100000, 0x0000000082100000|100%| O|  |TAMS 0x0000000082100000, 0x0000000082000000| Untracked 
|  33|0x0000000082100000, 0x0000000082200000, 0x0000000082200000|100%| O|  |TAMS 0x0000000082200000, 0x0000000082100000| Untracked 
|  34|0x0000000082200000, 0x0000000082300000, 0x0000000082300000|100%| O|  |TAMS 0x0000000082300000, 0x0000000082200000| Untracked 
|  35|0x0000000082300000, 0x0000000082400000, 0x0000000082400000|100%| O|  |TAMS 0x0000000082400000, 0x0000000082300000| Untracked 
|  36|0x0000000082400000, 0x0000000082500000, 0x0000000082500000|100%| O|  |TAMS 0x0000000082500000, 0x0000000082400000| Untracked 
|  37|0x0000000082500000, 0x0000000082600000, 0x0000000082600000|100%| O|  |TAMS 0x0000000082600000, 0x0000000082500000| Untracked 
|  38|0x0000000082600000, 0x0000000082700000, 0x0000000082700000|100%| O|  |TAMS 0x0000000082700000, 0x0000000082600000| Untracked 
|  39|0x0000000082700000, 0x0000000082800000, 0x0000000082800000|100%| O|  |TAMS 0x0000000082800000, 0x0000000082700000| Untracked 
|  40|0x0000000082800000, 0x0000000082900000, 0x0000000082900000|100%| O|  |TAMS 0x0000000082900000, 0x0000000082800000| Untracked 
|  41|0x0000000082900000, 0x0000000082a00000, 0x0000000082a00000|100%| O|  |TAMS 0x0000000082a00000, 0x0000000082900000| Untracked 
|  42|0x0000000082a00000, 0x0000000082b00000, 0x0000000082b00000|100%| O|  |TAMS 0x0000000082b00000, 0x0000000082a00000| Untracked 
|  43|0x0000000082b00000, 0x0000000082c00000, 0x0000000082c00000|100%| O|  |TAMS 0x0000000082c00000, 0x0000000082b00000| Untracked 
|  44|0x0000000082c00000, 0x0000000082d00000, 0x0000000082d00000|100%| O|  |TAMS 0x0000000082d00000, 0x0000000082c00000| Untracked 
|  45|0x0000000082d00000, 0x0000000082e00000, 0x0000000082e00000|100%| O|  |TAMS 0x0000000082d00000, 0x0000000082d00000| Untracked 
|  46|0x0000000082e00000, 0x0000000082f00000, 0x0000000082f00000|100%| O|  |TAMS 0x0000000082f00000, 0x0000000082e00000| Untracked 
|  47|0x0000000082f00000, 0x0000000083000000, 0x0000000083000000|100%| O|  |TAMS 0x0000000082f00000, 0x0000000082f00000| Untracked 
|  48|0x0000000083000000, 0x0000000083100000, 0x0000000083100000|100%| O|  |TAMS 0x0000000083100000, 0x0000000083000000| Untracked 
|  49|0x0000000083100000, 0x0000000083200000, 0x0000000083200000|100%| O|  |TAMS 0x0000000083200000, 0x0000000083100000| Untracked 
|  50|0x0000000083200000, 0x0000000083300000, 0x0000000083300000|100%| O|  |TAMS 0x0000000083300000, 0x0000000083200000| Untracked 
|  51|0x0000000083300000, 0x0000000083400000, 0x0000000083400000|100%| O|  |TAMS 0x0000000083300000, 0x0000000083300000| Untracked 
|  52|0x0000000083400000, 0x0000000083500000, 0x0000000083500000|100%| O|  |TAMS 0x0000000083500000, 0x0000000083400000| Untracked 
|  53|0x0000000083500000, 0x0000000083600000, 0x0000000083600000|100%| O|  |TAMS 0x0000000083600000, 0x0000000083500000| Untracked 
|  54|0x0000000083600000, 0x0000000083700000, 0x0000000083700000|100%|HS|  |TAMS 0x0000000083600000, 0x0000000083600000| Complete 
|  55|0x0000000083700000, 0x0000000083800000, 0x0000000083800000|100%|HC|  |TAMS 0x0000000083700000, 0x0000000083700000| Complete 
|  56|0x0000000083800000, 0x0000000083900000, 0x0000000083900000|100%| O|  |TAMS 0x0000000083900000, 0x0000000083800000| Untracked 
|  57|0x0000000083900000, 0x0000000083a00000, 0x0000000083a00000|100%| O|  |TAMS 0x0000000083900000, 0x0000000083900000| Untracked 
|  58|0x0000000083a00000, 0x0000000083b00000, 0x0000000083b00000|100%| O|  |TAMS 0x0000000083a00000, 0x0000000083a00000| Untracked 
|  59|0x0000000083b00000, 0x0000000083c00000, 0x0000000083c00000|100%| O|  |TAMS 0x0000000083c00000, 0x0000000083b00000| Untracked 
|  60|0x0000000083c00000, 0x0000000083d00000, 0x0000000083d00000|100%| O|  |TAMS 0x0000000083d00000, 0x0000000083c00000| Untracked 
|  61|0x0000000083d00000, 0x0000000083d00000, 0x0000000083e00000|  0%| F|  |TAMS 0x0000000083d00000, 0x0000000083d00000| Untracked 
|  62|0x0000000083e00000, 0x0000000083f00000, 0x0000000083f00000|100%| O|  |TAMS 0x0000000083e00000, 0x0000000083e00000| Untracked 
|  63|0x0000000083f00000, 0x0000000084000000, 0x0000000084000000|100%| O|  |TAMS 0x0000000083f00000, 0x0000000083f00000| Untracked 
|  64|0x0000000084000000, 0x0000000084100000, 0x0000000084100000|100%| O|  |TAMS 0x0000000084100000, 0x0000000084000000| Untracked 
|  65|0x0000000084100000, 0x0000000084200000, 0x0000000084200000|100%| O|  |TAMS 0x0000000084100000, 0x0000000084100000| Untracked 
|  66|0x0000000084200000, 0x0000000084300000, 0x0000000084300000|100%| O|  |TAMS 0x0000000084300000, 0x0000000084200000| Untracked 
|  67|0x0000000084300000, 0x0000000084400000, 0x0000000084400000|100%| O|  |TAMS 0x0000000084400000, 0x0000000084300000| Untracked 
|  68|0x0000000084400000, 0x0000000084400000, 0x0000000084500000|  0%| F|  |TAMS 0x0000000084400000, 0x0000000084400000| Untracked 
|  69|0x0000000084500000, 0x0000000084600000, 0x0000000084600000|100%| O|  |TAMS 0x0000000084600000, 0x0000000084500000| Untracked 
|  70|0x0000000084600000, 0x0000000084700000, 0x0000000084700000|100%| O|  |TAMS 0x0000000084700000, 0x0000000084600000| Untracked 
|  71|0x0000000084700000, 0x0000000084800000, 0x0000000084800000|100%| O|  |TAMS 0x0000000084800000, 0x0000000084700000| Untracked 
|  72|0x0000000084800000, 0x0000000084900000, 0x0000000084900000|100%| O|  |TAMS 0x0000000084900000, 0x0000000084800000| Untracked 
|  73|0x0000000084900000, 0x0000000084900000, 0x0000000084a00000|  0%| F|  |TAMS 0x0000000084900000, 0x0000000084900000| Untracked 
|  74|0x0000000084a00000, 0x0000000084b00000, 0x0000000084b00000|100%| O|  |TAMS 0x0000000084a00000, 0x0000000084a00000| Untracked 
|  75|0x0000000084b00000, 0x0000000084c00000, 0x0000000084c00000|100%| O|  |TAMS 0x0000000084c00000, 0x0000000084b00000| Untracked 
|  76|0x0000000084c00000, 0x0000000084d00000, 0x0000000084d00000|100%| O|  |TAMS 0x0000000084d00000, 0x0000000084c00000| Untracked 
|  77|0x0000000084d00000, 0x0000000084e00000, 0x0000000084e00000|100%| O|  |TAMS 0x0000000084e00000, 0x0000000084d00000| Untracked 
|  78|0x0000000084e00000, 0x0000000084f00000, 0x0000000084f00000|100%| O|  |TAMS 0x0000000084f00000, 0x0000000084e00000| Untracked 
|  79|0x0000000084f00000, 0x0000000085000000, 0x0000000085000000|100%| O|  |TAMS 0x0000000085000000, 0x0000000084f00000| Untracked 
|  80|0x0000000085000000, 0x0000000085100000, 0x0000000085100000|100%| O|  |TAMS 0x0000000085000000, 0x0000000085000000| Untracked 
|  81|0x0000000085100000, 0x0000000085200000, 0x0000000085200000|100%| O|  |TAMS 0x0000000085100000, 0x0000000085100000| Untracked 
|  82|0x0000000085200000, 0x0000000085300000, 0x0000000085300000|100%| O|  |TAMS 0x0000000085300000, 0x0000000085200000| Untracked 
|  83|0x0000000085300000, 0x0000000085400000, 0x0000000085400000|100%| O|  |TAMS 0x0000000085400000, 0x0000000085300000| Untracked 
|  84|0x0000000085400000, 0x0000000085500000, 0x0000000085500000|100%| O|  |TAMS 0x0000000085400000, 0x0000000085400000| Untracked 
|  85|0x0000000085500000, 0x0000000085600000, 0x0000000085600000|100%| O|  |TAMS 0x0000000085600000, 0x0000000085500000| Untracked 
|  86|0x0000000085600000, 0x0000000085700000, 0x0000000085700000|100%| O|  |TAMS 0x0000000085700000, 0x0000000085600000| Untracked 
|  87|0x0000000085700000, 0x0000000085800000, 0x0000000085800000|100%| O|  |TAMS 0x0000000085800000, 0x0000000085700000| Untracked 
|  88|0x0000000085800000, 0x0000000085900000, 0x0000000085900000|100%| O|  |TAMS 0x0000000085800000, 0x0000000085800000| Untracked 
|  89|0x0000000085900000, 0x0000000085a00000, 0x0000000085a00000|100%| O|  |TAMS 0x0000000085a00000, 0x0000000085900000| Untracked 
|  90|0x0000000085a00000, 0x0000000085b00000, 0x0000000085b00000|100%| O|  |TAMS 0x0000000085b00000, 0x0000000085a00000| Untracked 
|  91|0x0000000085b00000, 0x0000000085c00000, 0x0000000085c00000|100%| O|  |TAMS 0x0000000085c00000, 0x0000000085b00000| Untracked 
|  92|0x0000000085c00000, 0x0000000085d00000, 0x0000000085d00000|100%| O|  |TAMS 0x0000000085d00000, 0x0000000085c00000| Untracked 
|  93|0x0000000085d00000, 0x0000000085e00000, 0x0000000085e00000|100%| O|  |TAMS 0x0000000085e00000, 0x0000000085d00000| Untracked 
|  94|0x0000000085e00000, 0x0000000085f00000, 0x0000000085f00000|100%| O|  |TAMS 0x0000000085f00000, 0x0000000085e00000| Untracked 
|  95|0x0000000085f00000, 0x0000000086000000, 0x0000000086000000|100%| O|  |TAMS 0x0000000086000000, 0x0000000085f00000| Untracked 
|  96|0x0000000086000000, 0x0000000086100000, 0x0000000086100000|100%| O|  |TAMS 0x0000000086100000, 0x0000000086000000| Untracked 
|  97|0x0000000086100000, 0x0000000086200000, 0x0000000086200000|100%| O|  |TAMS 0x0000000086200000, 0x0000000086100000| Untracked 
|  98|0x0000000086200000, 0x0000000086300000, 0x0000000086300000|100%| O|  |TAMS 0x0000000086300000, 0x0000000086200000| Untracked 
|  99|0x0000000086300000, 0x0000000086400000, 0x0000000086400000|100%| O|  |TAMS 0x0000000086400000, 0x0000000086300000| Untracked 
| 100|0x0000000086400000, 0x0000000086500000, 0x0000000086500000|100%| O|  |TAMS 0x0000000086500000, 0x0000000086400000| Untracked 
| 101|0x0000000086500000, 0x0000000086500000, 0x0000000086600000|  0%| F|  |TAMS 0x0000000086500000, 0x0000000086500000| Untracked 
| 102|0x0000000086600000, 0x0000000086600000, 0x0000000086700000|  0%| F|  |TAMS 0x0000000086600000, 0x0000000086600000| Untracked 
| 103|0x0000000086700000, 0x0000000086800000, 0x0000000086800000|100%| O|  |TAMS 0x0000000086800000, 0x0000000086700000| Untracked 
| 104|0x0000000086800000, 0x0000000086900000, 0x0000000086900000|100%| O|  |TAMS 0x0000000086900000, 0x0000000086800000| Untracked 
| 105|0x0000000086900000, 0x0000000086900000, 0x0000000086a00000|  0%| F|  |TAMS 0x0000000086900000, 0x0000000086900000| Untracked 
| 106|0x0000000086a00000, 0x0000000086b00000, 0x0000000086b00000|100%| O|  |TAMS 0x0000000086b00000, 0x0000000086a00000| Untracked 
| 107|0x0000000086b00000, 0x0000000086c00000, 0x0000000086c00000|100%| O|  |TAMS 0x0000000086c00000, 0x0000000086b00000| Untracked 
| 108|0x0000000086c00000, 0x0000000086d00000, 0x0000000086d00000|100%| O|  |TAMS 0x0000000086d00000, 0x0000000086c00000| Untracked 
| 109|0x0000000086d00000, 0x0000000086e00000, 0x0000000086e00000|100%| O|  |TAMS 0x0000000086e00000, 0x0000000086d00000| Untracked 
| 110|0x0000000086e00000, 0x0000000086f00000, 0x0000000086f00000|100%| O|  |TAMS 0x0000000086f00000, 0x0000000086e00000| Untracked 
| 111|0x0000000086f00000, 0x0000000087000000, 0x0000000087000000|100%| O|  |TAMS 0x0000000087000000, 0x0000000086f00000| Untracked 
| 112|0x0000000087000000, 0x0000000087000000, 0x0000000087100000|  0%| F|  |TAMS 0x0000000087000000, 0x0000000087000000| Untracked 
| 113|0x0000000087100000, 0x0000000087200000, 0x0000000087200000|100%| O|  |TAMS 0x0000000087100000, 0x0000000087100000| Untracked 
| 114|0x0000000087200000, 0x0000000087300000, 0x0000000087300000|100%| O|  |TAMS 0x0000000087200000, 0x0000000087200000| Untracked 
| 115|0x0000000087300000, 0x0000000087300000, 0x0000000087400000|  0%| F|  |TAMS 0x0000000087300000, 0x0000000087300000| Untracked 
| 116|0x0000000087400000, 0x0000000087400000, 0x0000000087500000|  0%| F|  |TAMS 0x0000000087400000, 0x0000000087400000| Untracked 
| 117|0x0000000087500000, 0x0000000087500000, 0x0000000087600000|  0%| F|  |TAMS 0x0000000087500000, 0x0000000087500000| Untracked 
| 118|0x0000000087600000, 0x0000000087600000, 0x0000000087700000|  0%| F|  |TAMS 0x0000000087600000, 0x0000000087600000| Untracked 
| 119|0x0000000087700000, 0x0000000087700000, 0x0000000087800000|  0%| F|  |TAMS 0x0000000087700000, 0x0000000087700000| Untracked 
| 120|0x0000000087800000, 0x0000000087812800, 0x0000000087900000|  7%| O|  |TAMS 0x0000000087800000, 0x0000000087800000| Untracked 
| 121|0x0000000087900000, 0x0000000087900000, 0x0000000087a00000|  0%| F|  |TAMS 0x0000000087900000, 0x0000000087900000| Untracked 
| 122|0x0000000087a00000, 0x0000000087b00000, 0x0000000087b00000|100%| O|  |TAMS 0x0000000087b00000, 0x0000000087a00000| Untracked 
| 123|0x0000000087b00000, 0x0000000087c00000, 0x0000000087c00000|100%| O|  |TAMS 0x0000000087c00000, 0x0000000087b00000| Untracked 
| 124|0x0000000087c00000, 0x0000000087d00000, 0x0000000087d00000|100%| O|  |TAMS 0x0000000087d00000, 0x0000000087c00000| Untracked 
| 125|0x0000000087d00000, 0x0000000087e00000, 0x0000000087e00000|100%| O|  |TAMS 0x0000000087e00000, 0x0000000087d00000| Untracked 
| 126|0x0000000087e00000, 0x0000000087f00000, 0x0000000087f00000|100%|HS|  |TAMS 0x0000000087e00000, 0x0000000087e00000| Complete 
| 127|0x0000000087f00000, 0x0000000088000000, 0x0000000088000000|100%|HC|  |TAMS 0x0000000087f00000, 0x0000000087f00000| Complete 
| 128|0x0000000088000000, 0x0000000088100000, 0x0000000088100000|100%|HC|  |TAMS 0x0000000088000000, 0x0000000088000000| Complete 
| 129|0x0000000088100000, 0x0000000088200000, 0x0000000088200000|100%|HS|  |TAMS 0x0000000088100000, 0x0000000088100000| Complete 
| 130|0x0000000088200000, 0x0000000088300000, 0x0000000088300000|100%|HC|  |TAMS 0x0000000088200000, 0x0000000088200000| Complete 
| 131|0x0000000088300000, 0x0000000088400000, 0x0000000088400000|100%|HC|  |TAMS 0x0000000088300000, 0x0000000088300000| Complete 
| 132|0x0000000088400000, 0x0000000088500000, 0x0000000088500000|100%|HC|  |TAMS 0x0000000088400000, 0x0000000088400000| Complete 
| 133|0x0000000088500000, 0x0000000088500000, 0x0000000088600000|  0%| F|  |TAMS 0x0000000088500000, 0x0000000088500000| Untracked 
| 134|0x0000000088600000, 0x0000000088600000, 0x0000000088700000|  0%| F|  |TAMS 0x0000000088600000, 0x0000000088600000| Untracked 
| 135|0x0000000088700000, 0x0000000088700000, 0x0000000088800000|  0%| F|  |TAMS 0x0000000088700000, 0x0000000088700000| Untracked 
| 136|0x0000000088800000, 0x0000000088900000, 0x0000000088900000|100%|HS|  |TAMS 0x0000000088900000, 0x0000000088800000| Complete 
| 137|0x0000000088900000, 0x0000000088a00000, 0x0000000088a00000|100%|HC|  |TAMS 0x0000000088a00000, 0x0000000088900000| Complete 
| 138|0x0000000088a00000, 0x0000000088b00000, 0x0000000088b00000|100%|HS|  |TAMS 0x0000000088b00000, 0x0000000088a00000| Complete 
| 139|0x0000000088b00000, 0x0000000088c00000, 0x0000000088c00000|100%|HC|  |TAMS 0x0000000088c00000, 0x0000000088b00000| Complete 
| 140|0x0000000088c00000, 0x0000000088d00000, 0x0000000088d00000|100%|HC|  |TAMS 0x0000000088d00000, 0x0000000088c00000| Complete 
| 141|0x0000000088d00000, 0x0000000088e00000, 0x0000000088e00000|100%| O|  |TAMS 0x0000000088e00000, 0x0000000088d00000| Untracked 
| 142|0x0000000088e00000, 0x0000000088e00000, 0x0000000088f00000|  0%| F|  |TAMS 0x0000000088e00000, 0x0000000088e00000| Untracked 
| 143|0x0000000088f00000, 0x0000000089000000, 0x0000000089000000|100%| O|  |TAMS 0x0000000089000000, 0x0000000088f00000| Untracked 
| 144|0x0000000089000000, 0x0000000089100000, 0x0000000089100000|100%| O|  |TAMS 0x0000000089100000, 0x0000000089000000| Untracked 
| 145|0x0000000089100000, 0x0000000089200000, 0x0000000089200000|100%|HS|  |TAMS 0x0000000089200000, 0x0000000089100000| Complete 
| 146|0x0000000089200000, 0x0000000089300000, 0x0000000089300000|100%|HC|  |TAMS 0x0000000089300000, 0x0000000089200000| Complete 
| 147|0x0000000089300000, 0x0000000089400000, 0x0000000089400000|100%|HC|  |TAMS 0x0000000089400000, 0x0000000089300000| Complete 
| 148|0x0000000089400000, 0x0000000089500000, 0x0000000089500000|100%|HC|  |TAMS 0x0000000089500000, 0x0000000089400000| Complete 
| 149|0x0000000089500000, 0x0000000089600000, 0x0000000089600000|100%|HS|  |TAMS 0x0000000089600000, 0x0000000089500000| Complete 
| 150|0x0000000089600000, 0x0000000089700000, 0x0000000089700000|100%|HC|  |TAMS 0x0000000089700000, 0x0000000089600000| Complete 
| 151|0x0000000089700000, 0x0000000089800000, 0x0000000089800000|100%|HC|  |TAMS 0x0000000089800000, 0x0000000089700000| Complete 
| 152|0x0000000089800000, 0x0000000089900000, 0x0000000089900000|100%|HS|  |TAMS 0x0000000089900000, 0x0000000089800000| Complete 
| 153|0x0000000089900000, 0x0000000089a00000, 0x0000000089a00000|100%|HC|  |TAMS 0x0000000089a00000, 0x0000000089900000| Complete 
| 154|0x0000000089a00000, 0x0000000089b00000, 0x0000000089b00000|100%|HC|  |TAMS 0x0000000089b00000, 0x0000000089a00000| Complete 
| 155|0x0000000089b00000, 0x0000000089c00000, 0x0000000089c00000|100%|HC|  |TAMS 0x0000000089c00000, 0x0000000089b00000| Complete 
| 156|0x0000000089c00000, 0x0000000089c00000, 0x0000000089d00000|  0%| F|  |TAMS 0x0000000089c00000, 0x0000000089c00000| Untracked 
| 157|0x0000000089d00000, 0x0000000089d00000, 0x0000000089e00000|  0%| F|  |TAMS 0x0000000089d00000, 0x0000000089d00000| Untracked 
| 158|0x0000000089e00000, 0x0000000089e00000, 0x0000000089f00000|  0%| F|  |TAMS 0x0000000089e00000, 0x0000000089e00000| Untracked 
| 159|0x0000000089f00000, 0x0000000089f00000, 0x000000008a000000|  0%| F|  |TAMS 0x0000000089f00000, 0x0000000089f00000| Untracked 
| 160|0x000000008a000000, 0x000000008a000000, 0x000000008a100000|  0%| F|  |TAMS 0x000000008a000000, 0x000000008a000000| Untracked 
| 161|0x000000008a100000, 0x000000008a100000, 0x000000008a200000|  0%| F|  |TAMS 0x000000008a100000, 0x000000008a100000| Untracked 
| 162|0x000000008a200000, 0x000000008a200000, 0x000000008a300000|  0%| F|  |TAMS 0x000000008a200000, 0x000000008a200000| Untracked 
| 163|0x000000008a300000, 0x000000008a300000, 0x000000008a400000|  0%| F|  |TAMS 0x000000008a300000, 0x000000008a300000| Untracked 
| 164|0x000000008a400000, 0x000000008a400000, 0x000000008a500000|  0%| F|  |TAMS 0x000000008a400000, 0x000000008a400000| Untracked 
| 165|0x000000008a500000, 0x000000008a500000, 0x000000008a600000|  0%| F|  |TAMS 0x000000008a500000, 0x000000008a500000| Untracked 
| 166|0x000000008a600000, 0x000000008a600000, 0x000000008a700000|  0%| F|  |TAMS 0x000000008a600000, 0x000000008a600000| Untracked 
| 167|0x000000008a700000, 0x000000008a700000, 0x000000008a800000|  0%| F|  |TAMS 0x000000008a700000, 0x000000008a700000| Untracked 
| 168|0x000000008a800000, 0x000000008a800000, 0x000000008a900000|  0%| F|  |TAMS 0x000000008a800000, 0x000000008a800000| Untracked 
| 169|0x000000008a900000, 0x000000008a900000, 0x000000008aa00000|  0%| F|  |TAMS 0x000000008a900000, 0x000000008a900000| Untracked 
| 170|0x000000008aa00000, 0x000000008aa00000, 0x000000008ab00000|  0%| F|  |TAMS 0x000000008aa00000, 0x000000008aa00000| Untracked 
| 171|0x000000008ab00000, 0x000000008ab00000, 0x000000008ac00000|  0%| F|  |TAMS 0x000000008ab00000, 0x000000008ab00000| Untracked 
| 172|0x000000008ac00000, 0x000000008ac00000, 0x000000008ad00000|  0%| F|  |TAMS 0x000000008ac00000, 0x000000008ac00000| Untracked 
| 173|0x000000008ad00000, 0x000000008ad00000, 0x000000008ae00000|  0%| F|  |TAMS 0x000000008ad00000, 0x000000008ad00000| Untracked 
| 174|0x000000008ae00000, 0x000000008ae00000, 0x000000008af00000|  0%| F|  |TAMS 0x000000008ae00000, 0x000000008ae00000| Untracked 
| 175|0x000000008af00000, 0x000000008af00000, 0x000000008b000000|  0%| F|  |TAMS 0x000000008af00000, 0x000000008af00000| Untracked 
| 176|0x000000008b000000, 0x000000008b000000, 0x000000008b100000|  0%| F|  |TAMS 0x000000008b000000, 0x000000008b000000| Untracked 
| 177|0x000000008b100000, 0x000000008b100000, 0x000000008b200000|  0%| F|  |TAMS 0x000000008b100000, 0x000000008b100000| Untracked 
| 178|0x000000008b200000, 0x000000008b200000, 0x000000008b300000|  0%| F|  |TAMS 0x000000008b200000, 0x000000008b200000| Untracked 
| 179|0x000000008b300000, 0x000000008b300000, 0x000000008b400000|  0%| F|  |TAMS 0x000000008b300000, 0x000000008b300000| Untracked 
| 180|0x000000008b400000, 0x000000008b400000, 0x000000008b500000|  0%| F|  |TAMS 0x000000008b400000, 0x000000008b400000| Untracked 
| 181|0x000000008b500000, 0x000000008b500000, 0x000000008b600000|  0%| F|  |TAMS 0x000000008b500000, 0x000000008b500000| Untracked 
| 182|0x000000008b600000, 0x000000008b600000, 0x000000008b700000|  0%| F|  |TAMS 0x000000008b600000, 0x000000008b600000| Untracked 
| 183|0x000000008b700000, 0x000000008b700000, 0x000000008b800000|  0%| F|  |TAMS 0x000000008b700000, 0x000000008b700000| Untracked 
| 184|0x000000008b800000, 0x000000008b800000, 0x000000008b900000|  0%| F|  |TAMS 0x000000008b800000, 0x000000008b800000| Untracked 
| 185|0x000000008b900000, 0x000000008b900000, 0x000000008ba00000|  0%| F|  |TAMS 0x000000008b900000, 0x000000008b900000| Untracked 
| 186|0x000000008ba00000, 0x000000008ba00000, 0x000000008bb00000|  0%| F|  |TAMS 0x000000008ba00000, 0x000000008ba00000| Untracked 
| 187|0x000000008bb00000, 0x000000008bb00000, 0x000000008bc00000|  0%| F|  |TAMS 0x000000008bb00000, 0x000000008bb00000| Untracked 
| 188|0x000000008bc00000, 0x000000008bc00000, 0x000000008bd00000|  0%| F|  |TAMS 0x000000008bc00000, 0x000000008bc00000| Untracked 
| 189|0x000000008bd00000, 0x000000008bd00000, 0x000000008be00000|  0%| F|  |TAMS 0x000000008bd00000, 0x000000008bd00000| Untracked 
| 190|0x000000008be00000, 0x000000008be00000, 0x000000008bf00000|  0%| F|  |TAMS 0x000000008be00000, 0x000000008be00000| Untracked 
| 191|0x000000008bf00000, 0x000000008bf00000, 0x000000008c000000|  0%| F|  |TAMS 0x000000008bf00000, 0x000000008bf00000| Untracked 
| 192|0x000000008c000000, 0x000000008c000000, 0x000000008c100000|  0%| F|  |TAMS 0x000000008c000000, 0x000000008c000000| Untracked 
| 193|0x000000008c100000, 0x000000008c100000, 0x000000008c200000|  0%| F|  |TAMS 0x000000008c100000, 0x000000008c100000| Untracked 
| 194|0x000000008c200000, 0x000000008c23b570, 0x000000008c300000| 23%| E|  |TAMS 0x000000008c200000, 0x000000008c200000| Complete 
| 195|0x000000008c300000, 0x000000008c400000, 0x000000008c400000|100%| E|CS|TAMS 0x000000008c300000, 0x000000008c300000| Complete 
| 196|0x000000008c400000, 0x000000008c500000, 0x000000008c500000|100%| E|CS|TAMS 0x000000008c400000, 0x000000008c400000| Complete 
| 197|0x000000008c500000, 0x000000008c600000, 0x000000008c600000|100%| E|CS|TAMS 0x000000008c500000, 0x000000008c500000| Complete 
| 198|0x000000008c600000, 0x000000008c700000, 0x000000008c700000|100%| E|CS|TAMS 0x000000008c600000, 0x000000008c600000| Complete 
| 199|0x000000008c700000, 0x000000008c800000, 0x000000008c800000|100%| E|CS|TAMS 0x000000008c700000, 0x000000008c700000| Complete 
| 200|0x000000008c800000, 0x000000008c900000, 0x000000008c900000|100%| E|CS|TAMS 0x000000008c800000, 0x000000008c800000| Complete 
| 201|0x000000008c900000, 0x000000008ca00000, 0x000000008ca00000|100%| E|CS|TAMS 0x000000008c900000, 0x000000008c900000| Complete 
| 202|0x000000008ca00000, 0x000000008cb00000, 0x000000008cb00000|100%| E|CS|TAMS 0x000000008ca00000, 0x000000008ca00000| Complete 
| 203|0x000000008cb00000, 0x000000008cc00000, 0x000000008cc00000|100%| E|CS|TAMS 0x000000008cb00000, 0x000000008cb00000| Complete 
| 204|0x000000008cc00000, 0x000000008cd00000, 0x000000008cd00000|100%| E|CS|TAMS 0x000000008cc00000, 0x000000008cc00000| Complete 
| 205|0x000000008cd00000, 0x000000008ce00000, 0x000000008ce00000|100%| E|CS|TAMS 0x000000008cd00000, 0x000000008cd00000| Complete 
| 206|0x000000008ce00000, 0x000000008ceffeb8, 0x000000008cf00000| 99%| E|  |TAMS 0x000000008ce00000, 0x000000008ce00000| Complete 
| 207|0x000000008cf00000, 0x000000008d000000, 0x000000008d000000|100%| E|CS|TAMS 0x000000008cf00000, 0x000000008cf00000| Complete 
| 208|0x000000008d000000, 0x000000008d100000, 0x000000008d100000|100%| E|CS|TAMS 0x000000008d000000, 0x000000008d000000| Complete 
| 209|0x000000008d100000, 0x000000008d200000, 0x000000008d200000|100%| E|CS|TAMS 0x000000008d100000, 0x000000008d100000| Complete 
| 210|0x000000008d200000, 0x000000008d300000, 0x000000008d300000|100%| E|CS|TAMS 0x000000008d200000, 0x000000008d200000| Complete 
| 211|0x000000008d300000, 0x000000008d400000, 0x000000008d400000|100%| E|CS|TAMS 0x000000008d300000, 0x000000008d300000| Complete 
| 212|0x000000008d400000, 0x000000008d500000, 0x000000008d500000|100%| E|CS|TAMS 0x000000008d400000, 0x000000008d400000| Complete 
| 213|0x000000008d500000, 0x000000008d600000, 0x000000008d600000|100%| E|CS|TAMS 0x000000008d500000, 0x000000008d500000| Complete 
| 214|0x000000008d600000, 0x000000008d700000, 0x000000008d700000|100%| E|CS|TAMS 0x000000008d600000, 0x000000008d600000| Complete 
| 215|0x000000008d700000, 0x000000008d800000, 0x000000008d800000|100%| E|CS|TAMS 0x000000008d700000, 0x000000008d700000| Complete 
| 216|0x000000008d800000, 0x000000008d900000, 0x000000008d900000|100%| E|CS|TAMS 0x000000008d800000, 0x000000008d800000| Complete 
| 217|0x000000008d900000, 0x000000008da00000, 0x000000008da00000|100%| E|CS|TAMS 0x000000008d900000, 0x000000008d900000| Complete 
| 218|0x000000008da00000, 0x000000008db00000, 0x000000008db00000|100%| E|CS|TAMS 0x000000008da00000, 0x000000008da00000| Complete 
| 219|0x000000008db00000, 0x000000008dc00000, 0x000000008dc00000|100%| E|CS|TAMS 0x000000008db00000, 0x000000008db00000| Complete 
| 220|0x000000008dc00000, 0x000000008dd00000, 0x000000008dd00000|100%| E|CS|TAMS 0x000000008dc00000, 0x000000008dc00000| Complete 
| 221|0x000000008dd00000, 0x000000008de00000, 0x000000008de00000|100%| E|CS|TAMS 0x000000008dd00000, 0x000000008dd00000| Complete 
| 222|0x000000008de00000, 0x000000008df00000, 0x000000008df00000|100%| E|CS|TAMS 0x000000008de00000, 0x000000008de00000| Complete 
| 223|0x000000008df00000, 0x000000008e000000, 0x000000008e000000|100%| E|CS|TAMS 0x000000008df00000, 0x000000008df00000| Complete 
| 224|0x000000008e000000, 0x000000008e100000, 0x000000008e100000|100%| E|CS|TAMS 0x000000008e000000, 0x000000008e000000| Complete 
| 225|0x000000008e100000, 0x000000008e200000, 0x000000008e200000|100%| E|CS|TAMS 0x000000008e100000, 0x000000008e100000| Complete 
| 226|0x000000008e200000, 0x000000008e300000, 0x000000008e300000|100%| E|CS|TAMS 0x000000008e200000, 0x000000008e200000| Complete 
| 227|0x000000008e300000, 0x000000008e400000, 0x000000008e400000|100%| E|CS|TAMS 0x000000008e300000, 0x000000008e300000| Complete 
| 228|0x000000008e400000, 0x000000008e500000, 0x000000008e500000|100%| E|CS|TAMS 0x000000008e400000, 0x000000008e400000| Complete 
| 229|0x000000008e500000, 0x000000008e600000, 0x000000008e600000|100%| E|CS|TAMS 0x000000008e500000, 0x000000008e500000| Complete 
| 230|0x000000008e600000, 0x000000008e700000, 0x000000008e700000|100%| E|CS|TAMS 0x000000008e600000, 0x000000008e600000| Complete 
| 231|0x000000008e700000, 0x000000008e800000, 0x000000008e800000|100%| E|CS|TAMS 0x000000008e700000, 0x000000008e700000| Complete 
| 232|0x000000008e800000, 0x000000008e900000, 0x000000008e900000|100%| E|CS|TAMS 0x000000008e800000, 0x000000008e800000| Complete 
| 233|0x000000008e900000, 0x000000008ea00000, 0x000000008ea00000|100%| E|CS|TAMS 0x000000008e900000, 0x000000008e900000| Complete 
| 234|0x000000008ea00000, 0x000000008eb00000, 0x000000008eb00000|100%| E|CS|TAMS 0x000000008ea00000, 0x000000008ea00000| Complete 
| 235|0x000000008eb00000, 0x000000008ec00000, 0x000000008ec00000|100%| E|CS|TAMS 0x000000008eb00000, 0x000000008eb00000| Complete 
| 236|0x000000008ec00000, 0x000000008ed00000, 0x000000008ed00000|100%| E|CS|TAMS 0x000000008ec00000, 0x000000008ec00000| Complete 
| 237|0x000000008ed00000, 0x000000008ee00000, 0x000000008ee00000|100%| E|CS|TAMS 0x000000008ed00000, 0x000000008ed00000| Complete 
| 238|0x000000008ee00000, 0x000000008ef00000, 0x000000008ef00000|100%| E|CS|TAMS 0x000000008ee00000, 0x000000008ee00000| Complete 
| 239|0x000000008ef00000, 0x000000008f000000, 0x000000008f000000|100%| E|CS|TAMS 0x000000008ef00000, 0x000000008ef00000| Complete 
| 240|0x000000008f000000, 0x000000008f100000, 0x000000008f100000|100%| E|CS|TAMS 0x000000008f000000, 0x000000008f000000| Complete 
| 241|0x000000008f100000, 0x000000008f200000, 0x000000008f200000|100%| E|CS|TAMS 0x000000008f100000, 0x000000008f100000| Complete 
| 242|0x000000008f200000, 0x000000008f300000, 0x000000008f300000|100%| E|CS|TAMS 0x000000008f200000, 0x000000008f200000| Complete 
| 243|0x000000008f300000, 0x000000008f400000, 0x000000008f400000|100%| E|CS|TAMS 0x000000008f300000, 0x000000008f300000| Complete 
| 244|0x000000008f400000, 0x000000008f500000, 0x000000008f500000|100%| E|CS|TAMS 0x000000008f400000, 0x000000008f400000| Complete 
| 245|0x000000008f500000, 0x000000008f600000, 0x000000008f600000|100%| E|CS|TAMS 0x000000008f500000, 0x000000008f500000| Complete 
| 246|0x000000008f600000, 0x000000008f700000, 0x000000008f700000|100%| E|CS|TAMS 0x000000008f600000, 0x000000008f600000| Complete 
| 247|0x000000008f700000, 0x000000008f800000, 0x000000008f800000|100%| E|CS|TAMS 0x000000008f700000, 0x000000008f700000| Complete 
| 248|0x000000008f800000, 0x000000008f900000, 0x000000008f900000|100%| E|CS|TAMS 0x000000008f800000, 0x000000008f800000| Complete 
| 249|0x000000008f900000, 0x000000008fa00000, 0x000000008fa00000|100%| E|CS|TAMS 0x000000008f900000, 0x000000008f900000| Complete 
| 250|0x000000008fa00000, 0x000000008fb00000, 0x000000008fb00000|100%| E|CS|TAMS 0x000000008fa00000, 0x000000008fa00000| Complete 
| 251|0x000000008fb00000, 0x000000008fc00000, 0x000000008fc00000|100%| E|CS|TAMS 0x000000008fb00000, 0x000000008fb00000| Complete 
| 252|0x000000008fc00000, 0x000000008fd00000, 0x000000008fd00000|100%| E|CS|TAMS 0x000000008fc00000, 0x000000008fc00000| Complete 
| 253|0x000000008fd00000, 0x000000008fe00000, 0x000000008fe00000|100%| E|CS|TAMS 0x000000008fd00000, 0x000000008fd00000| Complete 
| 254|0x000000008fe00000, 0x000000008febd540, 0x000000008ff00000| 73%| S|CS|TAMS 0x000000008fe00000, 0x000000008fe00000| Complete 
| 255|0x000000008ff00000, 0x0000000090000000, 0x0000000090000000|100%| E|CS|TAMS 0x000000008ff00000, 0x000000008ff00000| Complete 
| 256|0x0000000090000000, 0x0000000090100000, 0x0000000090100000|100%| E|CS|TAMS 0x0000000090000000, 0x0000000090000000| Complete 
| 257|0x0000000090100000, 0x0000000090200000, 0x0000000090200000|100%| E|CS|TAMS 0x0000000090100000, 0x0000000090100000| Complete 
| 258|0x0000000090200000, 0x0000000090300000, 0x0000000090300000|100%| E|CS|TAMS 0x0000000090200000, 0x0000000090200000| Complete 

Card table byte_map: [0x000001adb6330000,0x000001adb6730000] _byte_map_base: 0x000001adb5f30000

Marking Bits (Prev, Next): (CMBitMap*) 0x000001ada122f470, (CMBitMap*) 0x000001ada122f438
 Prev Bits: [0x000001adb8b30000, 0x000001adbab30000)
 Next Bits: [0x000001adb6b30000, 0x000001adb8b30000)

Polling page: 0x000001ada12d0000

Metaspace:

Usage:
  Non-class:    112.46 MB capacity,   110.32 MB ( 98%) used,     1.73 MB (  2%) free+waste,   410.13 KB ( <1%) overhead. 
      Class:     17.62 MB capacity,    16.40 MB ( 93%) used,     1.04 MB (  6%) free+waste,   183.81 KB (  1%) overhead. 
       Both:    130.08 MB capacity,   126.73 MB ( 97%) used,     2.77 MB (  2%) free+waste,   593.94 KB ( <1%) overhead. 

Virtual space:
  Non-class space:      114.00 MB reserved,     113.45 MB (>99%) committed 
      Class space:        1.00 GB reserved,      18.34 MB (  2%) committed 
             Both:        1.11 GB reserved,     131.79 MB ( 12%) committed 

Chunk freelists:
   Non-Class:  1016.00 KB
       Class:  643.00 KB
        Both:  1.62 MB

MaxMetaspaceSize: 17179869184.00 GB
CompressedClassSpaceSize: 1.00 GB

CodeHeap 'non-profiled nmethods': size=120000Kb used=12061Kb max_used=12061Kb free=107938Kb
 bounds [0x000001adadfa0000, 0x000001adaeb70000, 0x000001adb54d0000]
CodeHeap 'profiled nmethods': size=120000Kb used=39169Kb max_used=39169Kb free=80830Kb
 bounds [0x000001ada6a70000, 0x000001ada90d0000, 0x000001adadfa0000]
CodeHeap 'non-nmethods': size=5760Kb used=2402Kb max_used=2448Kb free=3357Kb
 bounds [0x000001ada64d0000, 0x000001ada6740000, 0x000001ada6a70000]
 total_blobs=18812 nmethods=17775 adapters=947
 compilation: enabled
              stopped_count=0, restarted_count=0
 full_count=0

Compilation events (20 events):
Event: 2121.729 Thread 0x000001adbdefe800 18697       1       com.android.build.gradle.internal.ide.dependencies.ResolvedArtifact::getExtractedFolder (5 bytes)
Event: 2121.729 Thread 0x000001adbdefe800 nmethod 18697 0x000001adaeb63510 code [0x000001adaeb636c0, 0x000001adaeb63778]
Event: 2121.731 Thread 0x000001adbdefe800 18698       3       java.util.regex.Pattern$Begin::match (62 bytes)
Event: 2121.731 Thread 0x000001adbdefe800 nmethod 18698 0x000001ada76dd710 code [0x000001ada76dd8e0, 0x000001ada76ddc08]
Event: 2121.732 Thread 0x000001adbdefe800 18699       1       com.android.build.gradle.internal.ide.dependencies.ResolvedArtifact::getDependencyType (5 bytes)
Event: 2121.732 Thread 0x000001adbdefe800 nmethod 18699 0x000001adaeb63810 code [0x000001adaeb639c0, 0x000001adaeb63a78]
Event: 2121.732 Thread 0x000001adbdefe800 18700       1       com.android.build.gradle.internal.ide.dependencies.ResolvedArtifact::getArtifactFile (5 bytes)
Event: 2121.732 Thread 0x000001adbdefe800 nmethod 18700 0x000001adaeb63b10 code [0x000001adaeb63cc0, 0x000001adaeb63d78]
Event: 2121.732 Thread 0x000001adbdefe800 18701       1       com.android.build.gradle.internal.ide.dependencies.ArtifactHandler::access$getMavenCoordinatesCache$p (5 bytes)
Event: 2121.732 Thread 0x000001adbdefe800 nmethod 18701 0x000001adaeb63e10 code [0x000001adaeb63fc0, 0x000001adaeb64058]
Event: 2121.732 Thread 0x000001adbdefe800 18702       1       com.android.build.gradle.internal.ide.dependencies.MavenCoordinatesCacheBuildService::getCache (5 bytes)
Event: 2121.732 Thread 0x000001adbdefe800 nmethod 18702 0x000001adaeb64110 code [0x000001adaeb642c0, 0x000001adaeb64378]
Event: 2121.732 Thread 0x000001adbdefe800 18703       1       com.android.builder.dependency.MavenCoordinatesImpl::toString (5 bytes)
Event: 2121.732 Thread 0x000001adbdefe800 nmethod 18703 0x000001adaeb64410 code [0x000001adaeb645c0, 0x000001adaeb64678]
Event: 2121.733 Thread 0x000001adbdefe800 18704       3       com.android.ide.common.caching.CreatingCache::get (7 bytes)
Event: 2121.733 Thread 0x000001adbdefe800 nmethod 18704 0x000001ada7090110 code [0x000001ada70902c0, 0x000001ada7090408]
Event: 2121.733 Thread 0x000001adbdefe800 18705   !   3       com.android.ide.common.caching.CreatingCache::get (197 bytes)
Event: 2121.735 Thread 0x000001adbdefe800 nmethod 18705 0x000001ada90a8890 code [0x000001ada90a8d00, 0x000001ada90aaea8]
Event: 2121.735 Thread 0x000001adbdefe800 18706  s    3       com.android.ide.common.caching.CreatingCache::findValueState (87 bytes)
Event: 2121.735 Thread 0x000001adbdefe800 nmethod 18706 0x000001ada90abc90 code [0x000001ada90abf60, 0x000001ada90ad208]

GC Heap History (20 events):
Event: 27.863 GC heap before
{Heap before GC invocations=15 (full 0):
 garbage-first heap   total 262144K, used 173789K [0x0000000080000000, 0x0000000100000000)
  region size 1024K, 97 young (99328K), 16 survivors (16384K)
 Metaspace       used 98362K, capacity 100915K, committed 101036K, reserved 1136640K
  class space    used 12733K, capacity 13712K, committed 13792K, reserved 1048576K
}
Event: 27.877 GC heap after
{Heap after GC invocations=16 (full 0):
 garbage-first heap   total 262144K, used 96985K [0x0000000080000000, 0x0000000100000000)
  region size 1024K, 6 young (6144K), 6 survivors (6144K)
 Metaspace       used 98362K, capacity 100915K, committed 101036K, reserved 1136640K
  class space    used 12733K, capacity 13712K, committed 13792K, reserved 1048576K
}
Event: 29.632 GC heap before
{Heap before GC invocations=17 (full 0):
 garbage-first heap   total 262144K, used 228057K [0x0000000080000000, 0x0000000100000000)
  region size 1024K, 110 young (112640K), 6 survivors (6144K)
 Metaspace       used 111389K, capacity 114907K, committed 115116K, reserved 1148928K
  class space    used 14923K, capacity 16314K, committed 16352K, reserved 1048576K
}
Event: 29.641 GC heap after
{Heap after GC invocations=18 (full 0):
 garbage-first heap   total 262144K, used 119817K [0x0000000080000000, 0x0000000100000000)
  region size 1024K, 10 young (10240K), 10 survivors (10240K)
 Metaspace       used 111389K, capacity 114907K, committed 115116K, reserved 1148928K
  class space    used 14923K, capacity 16314K, committed 16352K, reserved 1048576K
}
Event: 2108.561 GC heap before
{Heap before GC invocations=19 (full 0):
 garbage-first heap   total 262144K, used 218121K [0x0000000080000000, 0x0000000100000000)
  region size 1024K, 103 young (105472K), 10 survivors (10240K)
 Metaspace       used 115420K, capacity 119162K, committed 119468K, reserved 1150976K
  class space    used 15566K, capacity 17005K, committed 17120K, reserved 1048576K
}
Event: 2108.575 GC heap after
{Heap after GC invocations=20 (full 0):
 garbage-first heap   total 262144K, used 103349K [0x0000000080000000, 0x0000000100000000)
  region size 1024K, 8 young (8192K), 8 survivors (8192K)
 Metaspace       used 115420K, capacity 119162K, committed 119468K, reserved 1150976K
  class space    used 15566K, capacity 17005K, committed 17120K, reserved 1048576K
}
Event: 2109.960 GC heap before
{Heap before GC invocations=20 (full 0):
 garbage-first heap   total 262144K, used 211893K [0x0000000080000000, 0x0000000100000000)
  region size 1024K, 115 young (117760K), 8 survivors (8192K)
 Metaspace       used 120226K, capacity 124122K, committed 124332K, reserved 1157120K
  class space    used 16027K, capacity 17543K, committed 17632K, reserved 1048576K
}
Event: 2109.973 GC heap after
{Heap after GC invocations=21 (full 0):
 garbage-first heap   total 262144K, used 111260K [0x0000000080000000, 0x0000000100000000)
  region size 1024K, 15 young (15360K), 15 survivors (15360K)
 Metaspace       used 120226K, capacity 124122K, committed 124332K, reserved 1157120K
  class space    used 16027K, capacity 17543K, committed 17632K, reserved 1048576K
}
Event: 2111.687 GC heap before
{Heap before GC invocations=21 (full 0):
 garbage-first heap   total 262144K, used 205468K [0x0000000080000000, 0x0000000100000000)
  region size 1024K, 88 young (90112K), 15 survivors (15360K)
 Metaspace       used 121942K, capacity 125885K, committed 125996K, reserved 1157120K
  class space    used 16192K, capacity 17746K, committed 17760K, reserved 1048576K
}
Event: 2111.706 GC heap after
{Heap after GC invocations=22 (full 0):
 garbage-first heap   total 262144K, used 122656K [0x0000000080000000, 0x0000000100000000)
  region size 1024K, 6 young (6144K), 6 survivors (6144K)
 Metaspace       used 121942K, capacity 125885K, committed 125996K, reserved 1157120K
  class space    used 16192K, capacity 17746K, committed 17760K, reserved 1048576K
}
Event: 2120.162 GC heap before
{Heap before GC invocations=23 (full 0):
 garbage-first heap   total 262144K, used 248608K [0x0000000080000000, 0x0000000100000000)
  region size 1024K, 90 young (92160K), 6 survivors (6144K)
 Metaspace       used 123794K, capacity 127888K, committed 128172K, reserved 1159168K
  class space    used 16418K, capacity 17991K, committed 18144K, reserved 1048576K
}
Event: 2120.170 GC heap after
{Heap after GC invocations=24 (full 0):
 garbage-first heap   total 265216K, used 141854K [0x0000000080000000, 0x0000000100000000)
  region size 1024K, 12 young (12288K), 12 survivors (12288K)
 Metaspace       used 123794K, capacity 127888K, committed 128172K, reserved 1159168K
  class space    used 16418K, capacity 17991K, committed 18144K, reserved 1048576K
}
Event: 2120.183 GC heap before
{Heap before GC invocations=24 (full 0):
 garbage-first heap   total 265216K, used 142878K [0x0000000080000000, 0x0000000100000000)
  region size 1024K, 13 young (13312K), 12 survivors (12288K)
 Metaspace       used 123934K, capacity 128019K, committed 128428K, reserved 1159168K
  class space    used 16435K, capacity 17992K, committed 18144K, reserved 1048576K
}
Event: 2120.197 GC heap after
{Heap after GC invocations=25 (full 0):
 garbage-first heap   total 265216K, used 134527K [0x0000000080000000, 0x0000000100000000)
  region size 1024K, 2 young (2048K), 2 survivors (2048K)
 Metaspace       used 123934K, capacity 128019K, committed 128428K, reserved 1159168K
  class space    used 16435K, capacity 17992K, committed 18144K, reserved 1048576K
}
Event: 2120.259 GC heap before
{Heap before GC invocations=25 (full 0):
 garbage-first heap   total 265216K, used 138623K [0x0000000080000000, 0x0000000100000000)
  region size 1024K, 7 young (7168K), 2 survivors (2048K)
 Metaspace       used 124471K, capacity 128595K, committed 128940K, reserved 1161216K
  class space    used 16499K, capacity 18056K, committed 18144K, reserved 1048576K
}
Event: 2120.262 GC heap after
{Heap after GC invocations=26 (full 0):
 garbage-first heap   total 265216K, used 134639K [0x0000000080000000, 0x0000000100000000)
  region size 1024K, 2 young (2048K), 2 survivors (2048K)
 Metaspace       used 124471K, capacity 128595K, committed 128940K, reserved 1161216K
  class space    used 16499K, capacity 18056K, committed 18144K, reserved 1048576K
}
Event: 2121.220 GC heap before
{Heap before GC invocations=27 (full 0):
 garbage-first heap   total 265216K, used 225775K [0x0000000080000000, 0x0000000100000000)
  region size 1024K, 83 young (84992K), 2 survivors (2048K)
 Metaspace       used 129403K, capacity 132804K, committed 134572K, reserved 1165312K
  class space    used 16758K, capacity 18002K, committed 18656K, reserved 1048576K
}
Event: 2121.227 GC heap after
{Heap after GC invocations=28 (full 0):
 garbage-first heap   total 265216K, used 150785K [0x0000000080000000, 0x0000000100000000)
  region size 1024K, 10 young (10240K), 10 survivors (10240K)
 Metaspace       used 129403K, capacity 132804K, committed 134572K, reserved 1165312K
  class space    used 16758K, capacity 18002K, committed 18656K, reserved 1048576K
}
Event: 2121.245 GC heap before
{Heap before GC invocations=28 (full 0):
 garbage-first heap   total 265216K, used 152833K [0x0000000080000000, 0x0000000100000000)
  region size 1024K, 12 young (12288K), 10 survivors (10240K)
 Metaspace       used 129423K, capacity 132868K, committed 134572K, reserved 1165312K
  class space    used 16759K, capacity 18002K, committed 18656K, reserved 1048576K
}
Event: 2121.257 GC heap after
{Heap after GC invocations=29 (full 0):
 garbage-first heap   total 265216K, used 142143K [0x0000000080000000, 0x0000000100000000)
  region size 1024K, 1 young (1024K), 1 survivors (1024K)
 Metaspace       used 129423K, capacity 132868K, committed 134572K, reserved 1165312K
  class space    used 16759K, capacity 18002K, committed 18656K, reserved 1048576K
}

Deoptimization events (20 events):
Event: 2121.649 Thread 0x000001adc1361800 Uncommon trap: trap_request=0xffffffde fr.pc=0x000001adaea9ad94 relative=0x0000000000005414
Event: 2121.649 Thread 0x000001adc1361800 Uncommon trap: reason=class_check action=maybe_recompile pc=0x000001adaea9ad94 method=org.gradle.api.internal.artifacts.transform.TransformingAsyncArtifactListener$TransformedArtifact.createInvocation()Lorg/gradle/api/internal/artifacts/transform/Cacheabl
Event: 2121.649 Thread 0x000001adc1361800 DEOPT PACKING pc=0x000001adaea9ad94 sp=0x00000076056fe540
Event: 2121.649 Thread 0x000001adc1361800 DEOPT UNPACKING pc=0x000001ada64f662f sp=0x00000076056fe500 mode 2
Event: 2121.699 Thread 0x000001adc01f3800 Uncommon trap: trap_request=0xffffffc6 fr.pc=0x000001adaeb32d94 relative=0x00000000000073f4
Event: 2121.699 Thread 0x000001adc01f3800 Uncommon trap: reason=bimorphic_or_optimized_type_check action=maybe_recompile pc=0x000001adaeb32d94 method=org.gradle.internal.component.model.ComponentAttributeMatcher$CachedQuery.of(Lorg/gradle/internal/component/model/AttributeSelectionSchema;Lorg/gra
Event: 2121.699 Thread 0x000001adc01f3800 DEOPT PACKING pc=0x000001adaeb32d94 sp=0x0000007600af9a30
Event: 2121.699 Thread 0x000001adc01f3800 DEOPT UNPACKING pc=0x000001ada64f662f sp=0x0000007600af99d8 mode 2
Event: 2121.699 Thread 0x000001adc01f3800 Uncommon trap: trap_request=0xffffffc6 fr.pc=0x000001adae23886c relative=0x000000000000028c
Event: 2121.699 Thread 0x000001adc01f3800 Uncommon trap: reason=bimorphic_or_optimized_type_check action=maybe_recompile pc=0x000001adae23886c method=com.google.common.collect.ImmutableList.copyOf(Ljava/util/Collection;)Lcom/google/common/collect/ImmutableList; @ 16 c2
Event: 2121.699 Thread 0x000001adc01f3800 DEOPT PACKING pc=0x000001adae23886c sp=0x0000007600af9990
Event: 2121.699 Thread 0x000001adc01f3800 DEOPT UNPACKING pc=0x000001ada64f662f sp=0x0000007600af9958 mode 2
Event: 2121.701 Thread 0x000001adc01f3800 Uncommon trap: trap_request=0xffffffc6 fr.pc=0x000001adaeb32d94 relative=0x00000000000073f4
Event: 2121.701 Thread 0x000001adc01f3800 Uncommon trap: reason=bimorphic_or_optimized_type_check action=maybe_recompile pc=0x000001adaeb32d94 method=org.gradle.internal.component.model.ComponentAttributeMatcher$CachedQuery.of(Lorg/gradle/internal/component/model/AttributeSelectionSchema;Lorg/gra
Event: 2121.701 Thread 0x000001adc01f3800 DEOPT PACKING pc=0x000001adaeb32d94 sp=0x0000007600af9a30
Event: 2121.701 Thread 0x000001adc01f3800 DEOPT UNPACKING pc=0x000001ada64f662f sp=0x0000007600af99d8 mode 2
Event: 2121.701 Thread 0x000001adc01f3800 Uncommon trap: trap_request=0xffffffc6 fr.pc=0x000001adaeb32d94 relative=0x00000000000073f4
Event: 2121.701 Thread 0x000001adc01f3800 Uncommon trap: reason=bimorphic_or_optimized_type_check action=maybe_recompile pc=0x000001adaeb32d94 method=org.gradle.internal.component.model.ComponentAttributeMatcher$CachedQuery.of(Lorg/gradle/internal/component/model/AttributeSelectionSchema;Lorg/gra
Event: 2121.701 Thread 0x000001adc01f3800 DEOPT PACKING pc=0x000001adaeb32d94 sp=0x0000007600af9ad0
Event: 2121.701 Thread 0x000001adc01f3800 DEOPT UNPACKING pc=0x000001ada64f662f sp=0x0000007600af9a78 mode 2

Classes redefined (0 events):
No events

Internal exceptions (20 events):
Event: 2120.735 Thread 0x000001adc01f3800 Exception <a 'java/lang/ClassNotFoundException'{0x000000008df670e0}: org/gradle/internal/extensibility/DefaultConventionBeanInfo> (0x000000008df670e0) thrown at [./src/hotspot/share/classfile/systemDictionary.cpp, line 231]
Event: 2120.735 Thread 0x000001adc01f3800 Exception <a 'java/lang/ClassNotFoundException'{0x000000008df7d238}: org/gradle/internal/extensibility/DefaultConventionCustomizer> (0x000000008df7d238) thrown at [./src/hotspot/share/classfile/systemDictionary.cpp, line 231]
Event: 2120.742 Thread 0x000001adc01f3800 Exception <a 'java/lang/ClassNotFoundException'{0x000000008de213b0}: org/gradle/internal/extensibility/DefaultExtensionsSchemaBeanInfo> (0x000000008de213b0) thrown at [./src/hotspot/share/classfile/systemDictionary.cpp, line 231]
Event: 2120.742 Thread 0x000001adc01f3800 Exception <a 'java/lang/ClassNotFoundException'{0x000000008de38748}: org/gradle/internal/extensibility/DefaultExtensionsSchemaCustomizer> (0x000000008de38748) thrown at [./src/hotspot/share/classfile/systemDictionary.cpp, line 231]
Event: 2120.743 Thread 0x000001adc01f3800 Exception <a 'java/lang/ClassNotFoundException'{0x000000008de776b0}: org/gradle/internal/extensibility/ExtensionsStorage$ExtensionHolderBeanInfo> (0x000000008de776b0) thrown at [./src/hotspot/share/classfile/systemDictionary.cpp, line 231]
Event: 2120.744 Thread 0x000001adc01f3800 Exception <a 'java/lang/ClassNotFoundException'{0x000000008de90038}: org/gradle/internal/extensibility/ExtensionsStorage$ExtensionHolderCustomizer> (0x000000008de90038) thrown at [./src/hotspot/share/classfile/systemDictionary.cpp, line 231]
Event: 2120.752 Thread 0x000001adc01f3800 Exception <a 'java/lang/ClassNotFoundException'{0x000000008dcc2ac8}: org/codehaus/groovy/runtime/NullObjectBeanInfo> (0x000000008dcc2ac8) thrown at [./src/hotspot/share/classfile/systemDictionary.cpp, line 231]
Event: 2120.754 Thread 0x000001adc01f3800 Exception <a 'java/lang/ClassNotFoundException'{0x000000008da96a60}: org/codehaus/groovy/runtime/NullObjectCustomizer> (0x000000008da96a60) thrown at [./src/hotspot/share/classfile/systemDictionary.cpp, line 231]
Event: 2120.832 Thread 0x000001adc01f3800 Exception <a 'java/lang/NoSuchMethodError'{0x000000008d2474b0}: <clinit>> (0x000000008d2474b0) thrown at [./src/hotspot/share/prims/jni.cpp, line 1362]
Event: 2120.833 Thread 0x000001adc01f3800 Exception <a 'java/lang/NoSuchMethodError'{0x000000008d259750}: <clinit>> (0x000000008d259750) thrown at [./src/hotspot/share/prims/jni.cpp, line 1362]
Event: 2120.843 Thread 0x000001adc01f3800 Exception <a 'java/lang/NoSuchMethodError'{0x000000008d197350}: <clinit>> (0x000000008d197350) thrown at [./src/hotspot/share/prims/jni.cpp, line 1362]
Event: 2120.844 Thread 0x000001adc01f3800 Exception <a 'java/lang/NoSuchMethodError'{0x000000008d1a5018}: <clinit>> (0x000000008d1a5018) thrown at [./src/hotspot/share/prims/jni.cpp, line 1362]
Event: 2120.844 Thread 0x000001adc01f3800 Exception <a 'java/lang/NoSuchMethodError'{0x000000008d1b2c48}: <clinit>> (0x000000008d1b2c48) thrown at [./src/hotspot/share/prims/jni.cpp, line 1362]
Event: 2120.915 Thread 0x000001adc01f3800 Implicit null exception at 0x000001adae69cfa4 to 0x000001adae6a1c2c
Event: 2121.018 Thread 0x000001adc01f3800 Exception <a 'sun/nio/fs/WindowsException'{0x000000008c0df580}> (0x000000008c0df580) thrown at [./src/hotspot/share/prims/jni.cpp, line 615]
Event: 2121.022 Thread 0x000001adc01f3800 Exception <a 'sun/nio/fs/WindowsException'{0x000000008bf7bc00}> (0x000000008bf7bc00) thrown at [./src/hotspot/share/prims/jni.cpp, line 615]
Event: 2121.022 Thread 0x000001adc01f3800 Exception <a 'sun/nio/fs/WindowsException'{0x000000008bf7ccd0}> (0x000000008bf7ccd0) thrown at [./src/hotspot/share/prims/jni.cpp, line 615]
Event: 2121.022 Thread 0x000001adc01f3800 Exception <a 'sun/nio/fs/WindowsException'{0x000000008bf7ddf0}> (0x000000008bf7ddf0) thrown at [./src/hotspot/share/prims/jni.cpp, line 615]
Event: 2121.022 Thread 0x000001adc01f3800 Exception <a 'sun/nio/fs/WindowsException'{0x000000008bf7ef10}> (0x000000008bf7ef10) thrown at [./src/hotspot/share/prims/jni.cpp, line 615]
Event: 2121.153 Thread 0x000001adc01f3800 Exception <a 'java/lang/reflect/InvocationTargetException'{0x000000008b30a270}> (0x000000008b30a270) thrown at [./src/hotspot/share/runtime/reflection.cpp, line 1247]

Events (20 events):
Event: 2121.630 loading class org/gradle/internal/component/model/VariantResolveMetadata
Event: 2121.630 loading class org/gradle/internal/component/model/VariantResolveMetadata done
Event: 2121.630 loading class org/gradle/internal/component/model/VariantResolveMetadata$Identifier
Event: 2121.630 loading class org/gradle/internal/component/model/VariantResolveMetadata$Identifier done
Event: 2121.630 loading class org/gradle/api/internal/artifacts/ivyservice/projectmodule/ProjectArtifactSetResolver
Event: 2121.630 loading class org/gradle/api/internal/artifacts/ivyservice/projectmodule/ProjectArtifactSetResolver done
Event: 2121.630 loading class org/gradle/api/internal/artifacts/ivyservice/projectmodule/ProjectArtifactResolver$ResolvingCalculator
Event: 2121.630 loading class org/gradle/api/internal/artifacts/ivyservice/projectmodule/ProjectArtifactResolver$ResolvingCalculator done
Event: 2121.631 loading class org/gradle/api/internal/artifacts/ivyservice/resolveengine/artifact/DefaultArtifactSet$MultipleVariantArtifactSet
Event: 2121.631 loading class org/gradle/api/internal/artifacts/ivyservice/resolveengine/artifact/DefaultArtifactSet$MultipleVariantArtifactSet done
Event: 2121.701 loading class org/gradle/api/internal/project/ProjectInternal
Event: 2121.701 loading class org/gradle/api/internal/project/ProjectInternal done
Event: 2121.701 loading class org/gradle/api/internal/project/ProjectInternal
Event: 2121.701 loading class org/gradle/api/internal/project/ProjectInternal done
Event: 2121.701 loading class org/gradle/api/internal/artifacts/ivyservice/projectmodule/ProjectArtifactResolver$ResolvingCalculator
Event: 2121.701 loading class org/gradle/api/internal/artifacts/ivyservice/projectmodule/ProjectArtifactResolver$ResolvingCalculator done
Event: 2121.728 loading class org/gradle/api/artifacts/component/BuildIdentifier
Event: 2121.728 loading class org/gradle/api/artifacts/component/BuildIdentifier done
Event: 2121.728 loading class com/android/build/gradle/internal/ide/DependenciesImpl$ProjectIdentifierImpl
Event: 2121.728 loading class com/android/build/gradle/internal/ide/DependenciesImpl$ProjectIdentifierImpl done


Dynamic libraries:
0x00007ff601d80000 - 0x00007ff601d8a000 	C:\Program Files\Android\Android Studio\jre\bin\java.exe
0x00007ff8e7b90000 - 0x00007ff8e7d85000 	C:\WINDOWS\SYSTEM32\ntdll.dll
0x00007ff8e7970000 - 0x00007ff8e7a2e000 	C:\WINDOWS\System32\KERNEL32.DLL
0x00007ff8e5660000 - 0x00007ff8e5928000 	C:\WINDOWS\System32\KERNELBASE.dll
0x00007ff8e5310000 - 0x00007ff8e5410000 	C:\WINDOWS\System32\ucrtbase.dll
0x00007ff8caaa0000 - 0x00007ff8caab9000 	C:\Program Files\Android\Android Studio\jre\bin\jli.dll
0x00007ff8ca150000 - 0x00007ff8ca167000 	C:\Program Files\Android\Android Studio\jre\bin\VCRUNTIME140.dll
0x00007ff8e5c50000 - 0x00007ff8e5df0000 	C:\WINDOWS\System32\USER32.dll
0x00007ff8d1a00000 - 0x00007ff8d1c9a000 	C:\WINDOWS\WinSxS\amd64_microsoft.windows.common-controls_6595b64144ccf1df_6.0.19041.1110_none_60b5254171f9507e\COMCTL32.dll
0x00007ff8e52b0000 - 0x00007ff8e52d2000 	C:\WINDOWS\System32\win32u.dll
0x00007ff8e6160000 - 0x00007ff8e61fe000 	C:\WINDOWS\System32\msvcrt.dll
0x00007ff8e5f80000 - 0x00007ff8e5faa000 	C:\WINDOWS\System32\GDI32.dll
0x00007ff8e5a90000 - 0x00007ff8e5b9b000 	C:\WINDOWS\System32\gdi32full.dll
0x00007ff8e5530000 - 0x00007ff8e55cd000 	C:\WINDOWS\System32\msvcp_win.dll
0x00007ff8e5fb0000 - 0x00007ff8e5fe0000 	C:\WINDOWS\System32\IMM32.DLL
0x00007ff8b3e00000 - 0x00007ff8b3e9d000 	C:\Program Files\Android\Android Studio\jre\bin\msvcp140.dll
0x00007ff8861d0000 - 0x00007ff886ca5000 	C:\Program Files\Android\Android Studio\jre\bin\server\jvm.dll
0x00007ff8e6a50000 - 0x00007ff8e6afe000 	C:\WINDOWS\System32\ADVAPI32.dll
0x00007ff8e60c0000 - 0x00007ff8e615c000 	C:\WINDOWS\System32\sechost.dll
0x00007ff8e77c0000 - 0x00007ff8e78e5000 	C:\WINDOWS\System32\RPCRT4.dll
0x00007ff8e6430000 - 0x00007ff8e6438000 	C:\WINDOWS\System32\PSAPI.DLL
0x00007ff8e0e40000 - 0x00007ff8e0e49000 	C:\WINDOWS\SYSTEM32\WSOCK32.dll
0x00007ff8dd890000 - 0x00007ff8dd8b7000 	C:\WINDOWS\SYSTEM32\WINMM.dll
0x00007ff8df5f0000 - 0x00007ff8df5fa000 	C:\WINDOWS\SYSTEM32\VERSION.dll
0x00007ff8e6260000 - 0x00007ff8e62cb000 	C:\WINDOWS\System32\WS2_32.dll
0x00007ff8e31f0000 - 0x00007ff8e3202000 	C:\WINDOWS\SYSTEM32\kernel.appcore.dll
0x00007ff8dc240000 - 0x00007ff8dc251000 	C:\Program Files\Android\Android Studio\jre\bin\verify.dll
0x00007ff8d6ff0000 - 0x00007ff8d71d4000 	C:\WINDOWS\SYSTEM32\DBGHELP.DLL
0x00007ff8d6fc0000 - 0x00007ff8d6fec000 	C:\WINDOWS\SYSTEM32\dbgcore.DLL
0x00007ff8e55d0000 - 0x00007ff8e5652000 	C:\WINDOWS\System32\bcryptPrimitives.dll
0x00007ff8d5e60000 - 0x00007ff8d5e89000 	C:\Program Files\Android\Android Studio\jre\bin\java.dll
0x00007ff8dc270000 - 0x00007ff8dc27b000 	C:\Program Files\Android\Android Studio\jre\bin\jimage.dll
0x00007ff8dc0c0000 - 0x00007ff8dc0d8000 	C:\Program Files\Android\Android Studio\jre\bin\zip.dll
0x00007ff8e7070000 - 0x00007ff8e77b4000 	C:\WINDOWS\System32\SHELL32.dll
0x00007ff8e33f0000 - 0x00007ff8e3b84000 	C:\WINDOWS\SYSTEM32\windows.storage.dll
0x00007ff8e66f0000 - 0x00007ff8e6a44000 	C:\WINDOWS\System32\combase.dll
0x00007ff8e4cb0000 - 0x00007ff8e4cdc000 	C:\WINDOWS\SYSTEM32\Wldp.dll
0x00007ff8e6380000 - 0x00007ff8e642d000 	C:\WINDOWS\System32\SHCORE.dll
0x00007ff8e5f20000 - 0x00007ff8e5f75000 	C:\WINDOWS\System32\shlwapi.dll
0x00007ff8e51f0000 - 0x00007ff8e520f000 	C:\WINDOWS\SYSTEM32\profapi.dll
0x00007ff8dae80000 - 0x00007ff8dae9a000 	C:\Program Files\Android\Android Studio\jre\bin\net.dll
0x00007ff8dd430000 - 0x00007ff8dd53a000 	C:\WINDOWS\SYSTEM32\WINHTTP.dll
0x00007ff8e49b0000 - 0x00007ff8e4a1a000 	C:\WINDOWS\system32\mswsock.dll
0x00007ff8da930000 - 0x00007ff8da944000 	C:\Program Files\Android\Android Studio\jre\bin\nio.dll
0x00007ff8d0810000 - 0x00007ff8d0837000 	C:\Users\nande\.gradle\native\e1d6ef7f7dcc3fd88c89a11ec53ec762bb8ba0a96d01ffa2cd45eb1d1d8dd5c5\windows-amd64\native-platform.dll
0x00007ff8b2b10000 - 0x00007ff8b2c54000 	C:\Users\nande\.gradle\native\5664cfc778a61ccfe75a443a1ab52a65af34e5dc3c78e0209fed803814484fcb\windows-amd64\native-platform-file-events.dll
0x00007ff8dc230000 - 0x00007ff8dc23a000 	C:\Program Files\Android\Android Studio\jre\bin\management.dll
0x00007ff8dc1e0000 - 0x00007ff8dc1ed000 	C:\Program Files\Android\Android Studio\jre\bin\management_ext.dll
0x00007ff8e4c00000 - 0x00007ff8e4c18000 	C:\WINDOWS\SYSTEM32\CRYPTSP.dll
0x00007ff8e4330000 - 0x00007ff8e4364000 	C:\WINDOWS\system32\rsaenh.dll
0x00007ff8e52e0000 - 0x00007ff8e5307000 	C:\WINDOWS\System32\bcrypt.dll
0x00007ff8e51b0000 - 0x00007ff8e51de000 	C:\WINDOWS\SYSTEM32\USERENV.dll
0x00007ff8e4c20000 - 0x00007ff8e4c2c000 	C:\WINDOWS\SYSTEM32\CRYPTBASE.dll
0x00007ff8e46a0000 - 0x00007ff8e46db000 	C:\WINDOWS\SYSTEM32\IPHLPAPI.DLL
0x00007ff8e64a0000 - 0x00007ff8e64a8000 	C:\WINDOWS\System32\NSI.dll
0x00007ff8df750000 - 0x00007ff8df767000 	C:\WINDOWS\SYSTEM32\dhcpcsvc6.DLL
0x00007ff8df730000 - 0x00007ff8df74d000 	C:\WINDOWS\SYSTEM32\dhcpcsvc.DLL
0x00007ff8e46e0000 - 0x00007ff8e47ab000 	C:\WINDOWS\SYSTEM32\DNSAPI.dll
0x00007ff8c79b0000 - 0x00007ff8c79ce000 	C:\Users\nande\AppData\Local\Temp\native-platform8941379679005112785dir\native-platform.dll
0x00007ff8e2b00000 - 0x00007ff8e2b08000 	C:\Program Files\Android\Android Studio\jre\bin\rmi.dll
0x00007ff8d5cd0000 - 0x00007ff8d5cf7000 	C:\Program Files\Android\Android Studio\jre\bin\sunec.dll

dbghelp: loaded successfully - version: 4.0.5 - missing functions: none
symbol engine: initialized successfully - sym options: 0x614 - pdb path: .;C:\Program Files\Android\Android Studio\jre\bin;C:\WINDOWS\SYSTEM32;C:\WINDOWS\WinSxS\amd64_microsoft.windows.common-controls_6595b64144ccf1df_6.0.19041.1110_none_60b5254171f9507e;C:\Program Files\Android\Android Studio\jre\bin\server;C:\Users\nande\.gradle\native\e1d6ef7f7dcc3fd88c89a11ec53ec762bb8ba0a96d01ffa2cd45eb1d1d8dd5c5\windows-amd64;C:\Users\nande\.gradle\native\5664cfc778a61ccfe75a443a1ab52a65af34e5dc3c78e0209fed803814484fcb\windows-amd64;C:\Users\nande\AppData\Local\Temp\native-platform8941379679005112785dir

VM Arguments:
jvm_args: --add-opens=java.base/java.util=ALL-UNNAMED --add-opens=java.base/java.lang=ALL-UNNAMED --add-opens=java.base/java.lang.invoke=ALL-UNNAMED --add-opens=java.base/java.util=ALL-UNNAMED --add-opens=java.prefs/java.util.prefs=ALL-UNNAMED --add-opens=java.prefs/java.util.prefs=ALL-UNNAMED --add-opens=java.base/java.nio.charset=ALL-UNNAMED --add-opens=java.base/java.net=ALL-UNNAMED --add-opens=java.base/java.util.concurrent.atomic=ALL-UNNAMED -Xmx2048m -Dfile.encoding=UTF-8 -Duser.country=RU -Duser.language=ru -Duser.variant 
java_command: org.gradle.launcher.daemon.bootstrap.GradleDaemon 7.2
java_class_path (initial): C:\Users\nande\.gradle\wrapper\dists\gradle-7.2-bin\2dnblmf4td7x66yl1d74lt32g\gradle-7.2\lib\gradle-launcher-7.2.jar
Launcher Type: SUN_STANDARD

[Global flags]
     intx CICompilerCount                          = 4                                         {product} {ergonomic}
     uint ConcGCThreads                            = 2                                         {product} {ergonomic}
     uint G1ConcRefinementThreads                  = 8                                         {product} {ergonomic}
   size_t G1HeapRegionSize                         = 1048576                                   {product} {ergonomic}
    uintx GCDrainStackTargetSize                   = 64                                        {product} {ergonomic}
   size_t InitialHeapSize                          = 268435456                                 {product} {ergonomic}
   size_t MarkStackSize                            = 4194304                                   {product} {ergonomic}
   size_t MaxHeapSize                              = 2147483648                                {product} {command line}
   size_t MaxNewSize                               = 1287651328                                {product} {ergonomic}
   size_t MinHeapDeltaBytes                        = 1048576                                   {product} {ergonomic}
    uintx NonNMethodCodeHeapSize                   = 5836300                                {pd product} {ergonomic}
    uintx NonProfiledCodeHeapSize                  = 122910970                              {pd product} {ergonomic}
    uintx ProfiledCodeHeapSize                     = 122910970                              {pd product} {ergonomic}
    uintx ReservedCodeCacheSize                    = 251658240                              {pd product} {ergonomic}
     bool SegmentedCodeCache                       = true                                      {product} {ergonomic}
     bool UseCompressedClassPointers               = true                                 {lp64_product} {ergonomic}
     bool UseCompressedOops                        = true                                 {lp64_product} {ergonomic}
     bool UseG1GC                                  = true                                      {product} {ergonomic}
     bool UseLargePagesIndividualAllocation        = false                                  {pd product} {ergonomic}

Logging:
Log output configuration:
 #0: stdout all=warning uptime,level,tags
 #1: stderr all=off uptime,level,tags

Environment Variables:
PATH=C:\Program Files (x86)\Common Files\Intel\Shared Libraries\redist\intel64\compiler;C:\Windows\system32;C:\Windows;C:\Windows\System32\Wbem;C:\Windows\System32\WindowsPowerShell\v1.0\;C:\Windows\System32\OpenSSH\;C:\Program Files (x86)\NVIDIA Corporation\PhysX\Common;C:\Program Files\NVIDIA Corporation\NVIDIA NvDLISR;C:\WINDOWS\system32;C:\WINDOWS;C:\WINDOWS\System32\Wbem;C:\WINDOWS\System32\WindowsPowerShell\v1.0\;C:\WINDOWS\System32\OpenSSH\;C:\Program Files\Git\cmd;C:\Users\nande\Desktop\jdk-11.0.13\bin;C:\Program Files (x86)\Common Files\Acronis\SnapAPI\;C:\Users\nande\AppData\Local\Programs\Python\Python310\Scripts\;C:\Users\nande\AppData\Local\Programs\Python\Python310\;C:\Users\nande\AppData\Local\Microsoft\WindowsApps;C:\Program Files\JetBrains\IntelliJ IDEA 2020.3.1\bin;;C:\Users\nande\Desktop\apache-maven-3.8.4\bin;C:\Users\nande\AppData\Local\Programs\Microsoft VS Code\bin;C:\Program Files\JetBrains\PyCharm Community Edition 2021.3.2\bin;;C:\Program Files\JetBrains\PyCharm-2021.3.2\bin;;C:\Users\nande\Desktop\jdk-11.0.13\bin;
USERNAME=nande
OS=Windows_NT
PROCESSOR_IDENTIFIER=Intel64 Family 6 Model 94 Stepping 3, GenuineIntel



---------------  S Y S T E M  ---------------

OS: Windows 10 , 64 bit Build 19041 (10.0.19041.1645)
OS uptime: 0 days 18:42 hours

CPU:total 8 (initial active 8) (4 cores per cpu, 2 threads per core) family 6 model 94 stepping 3 microcode 0xcc, cmov, cx8, fxsr, mmx, sse, sse2, sse3, ssse3, sse4.1, sse4.2, popcnt, avx, avx2, aes, clmul, erms, rtm, 3dnowpref, lzcnt, ht, tsc, tscinvbit, bmi1, bmi2, adx, fma

Memory: 4k page, system-wide physical 16322M (3538M free)
TotalPageFile size 16322M (AvailPageFile size 7M)
current process WorkingSet (physical memory assigned to process): 613M, peak: 613M
current process commit charge ("private bytes"): 698M, peak: 698M

vm_info: OpenJDK 64-Bit Server VM (11.0.11+9-b60-7590822) for windows-amd64 JRE (11.0.11+9-b60-7590822), built on Jul 29 2021 21:43:44 by "builder" with MS VC++ 14.0 (VS2015)

END.
