#
# There is insufficient memory for the Java Runtime Environment to continue.
# Native memory allocation (mmap) failed to map 231735296 bytes for Failed to commit area from 0x0000000090000000 to 0x000000009dd00000 of length 231735296.
# Possible reasons:
#   The system is out of physical RAM or swap space
#   The process is running with CompressedOops enabled, and the Java Heap may be blocking the growth of the native heap
# Possible solutions:
#   Reduce memory load on the system
#   Increase physical memory or swap space
#   Check if swap backing store is full
#   Decrease Java heap size (-Xmx/-Xms)
#   Decrease number of Java threads
#   Decrease Java thread stack sizes (-Xss)
#   Set larger code cache with -XX:ReservedCodeCacheSize=
#   JVM is running with Unscaled Compressed Oops mode in which the Java heap is
#     placed in the first 4GB address space. The Java Heap base address is the
#     maximum limit for the native heap growth. Please use -XX:HeapBaseMinAddress
#     to set the Java Heap base and to place the Java Heap above 4GB virtual address.
# This output file may be truncated or incomplete.
#
#  Out of Memory Error (./src/hotspot/os/windows/os_windows.cpp:3301), pid=7056, tid=8416
#
# JRE version: OpenJDK Runtime Environment (11.0.11+9) (build 11.0.11+9-b60-7590822)
# Java VM: OpenJDK 64-Bit Server VM (11.0.11+9-b60-7590822, mixed mode, tiered, compressed oops, g1 gc, windows-amd64)
# No core dump will be written. Minidumps are not enabled by default on client versions of Windows
#

---------------  S U M M A R Y ------------

Command Line: --add-opens=java.base/java.util=ALL-UNNAMED --add-opens=java.base/java.lang=ALL-UNNAMED --add-opens=java.base/java.lang.invoke=ALL-UNNAMED --add-opens=java.base/java.util=ALL-UNNAMED --add-opens=java.prefs/java.util.prefs=ALL-UNNAMED --add-opens=java.prefs/java.util.prefs=ALL-UNNAMED --add-opens=java.base/java.nio.charset=ALL-UNNAMED --add-opens=java.base/java.net=ALL-UNNAMED --add-opens=java.base/java.util.concurrent.atomic=ALL-UNNAMED -Xmx2048m -Dfile.encoding=UTF-8 -Duser.country=RU -Duser.language=ru -Duser.variant org.gradle.launcher.daemon.bootstrap.GradleDaemon 7.2

Host: Intel(R) Core(TM) i7-6700K CPU @ 4.00GHz, 8 cores, 15G,  Windows 10 , 64 bit Build 19041 (10.0.19041.1645)
Time: Sun May  8 02:12:26 2022 RTZ 2 (зима) elapsed time: 160.386656 seconds (0d 0h 2m 40s)

---------------  T H R E A D  ---------------

Current thread (0x000001dc6aaaf000):  VMThread "VM Thread" [stack: 0x000000a1ec400000,0x000000a1ec500000] [id=8416]

Stack: [0x000000a1ec400000,0x000000a1ec500000]
[error occurred during error reporting (printing stack bounds), id 0xc0000005, EXCEPTION_ACCESS_VIOLATION (0xc0000005) at pc=0x000001dc538c0f2d]

Native frames: (J=compiled Java code, j=interpreted, Vv=VM code, C=native code)
V  [jvm.dll+0x5f214a]
V  [jvm.dll+0x726fb5]
V  [jvm.dll+0x7285cd]
V  [jvm.dll+0x728be5]
V  [jvm.dll+0x728b9b]
V  [jvm.dll+0x5f14e8]
V  [jvm.dll+0x5f1c78]
C  [ntdll.dll+0xa20cf]
C  [ntdll.dll+0x51454]
C  [ntdll.dll+0xa0bfe]
C  0x000001dc538c0f2d

VM_Operation (0x000000a1f0bf89f0): G1CollectForAllocation, mode: safepoint, requested by thread 0x000001dc72417800


---------------  P R O C E S S  ---------------

Threads class SMR info:
_java_thread_list=0x000001dc6b8f6ab0, length=134, elements={
0x000001dc4fdc4000, 0x000001dc6aab3000, 0x000001dc6aab4000, 0x000001dc6aad8800,
0x000001dc6aadc800, 0x000001dc6ab20800, 0x000001dc6ab2b000, 0x000001dc6ab2f800,
0x000001dc6ab41000, 0x000001dc6ac8f000, 0x000001dc6cd56000, 0x000001dc6cc4d000,
0x000001dc6b664800, 0x000001dc6d75f000, 0x000001dc6d760800, 0x000001dc6d761800,
0x000001dc6d75c800, 0x000001dc6d763000, 0x000001dc6d75d000, 0x000001dc6d75e000,
0x000001dc6d7db000, 0x000001dc6d7d8800, 0x000001dc6d7d9000, 0x000001dc6d7db800,
0x000001dc6d7d7800, 0x000001dc6d7df000, 0x000001dc6d7dd800, 0x000001dc6d7dc800,
0x000001dc71a6c800, 0x000001dc71a70800, 0x000001dc71a71000, 0x000001dc71a6b800,
0x000001dc71a73800, 0x000001dc71a72000, 0x000001dc71a73000, 0x000001dc71a74800,
0x000001dc71a6e800, 0x000001dc71a75800, 0x000001dc71a6f800, 0x000001dc71a77800,
0x000001dc6ad5f800, 0x000001dc71a77000, 0x000001dc6d92e800, 0x000001dc71a79800,
0x000001dc71a7a000, 0x000001dc71a76000, 0x000001dc71a78800, 0x000001dc6d7da000,
0x000001dc6d7e3000, 0x000001dc6d7e4000, 0x000001dc6d7e5800, 0x000001dc6d7e4800,
0x000001dc6d7e6000, 0x000001dc6d7e0800, 0x000001dc6d7e1800, 0x000001dc6d75f800,
0x000001dc6d762000, 0x000001dc7241a000, 0x000001dc72414000, 0x000001dc72415000,
0x000001dc7241a800, 0x000001dc72416000, 0x000001dc72418800, 0x000001dc72419000,
0x000001dc72416800, 0x000001dc72417800, 0x000001dc70c10000, 0x000001dc70c0a800,
0x000001dc70c11000, 0x000001dc70c0b800, 0x000001dc70c0e800, 0x000001dc70c0c000,
0x000001dc70c0d000, 0x000001dc70c0f800, 0x000001dc70c0e000, 0x000001dc70c17800,
0x000001dc70c18000, 0x000001dc70c14000, 0x000001dc70c16000, 0x000001dc70c12800,
0x000001dc70c16800, 0x000001dc70c19000, 0x000001dc70c13800, 0x000001dc70c1a000,
0x000001dc70c1a800, 0x000001dc70c15000, 0x000001dc70c1f000, 0x000001dc70c20800,
0x000001dc70c21000, 0x000001dc70c1c800, 0x000001dc70c1f800, 0x000001dc70c1d000,
0x000001dc70c1b800, 0x000001dc70c1e000, 0x000001dc6e7bd800, 0x000001dc6e7c4000,
0x000001dc6e7c0000, 0x000001dc6e7c3800, 0x000001dc6e7c1000, 0x000001dc6e7c2000,
0x000001dc6e7c2800, 0x000001dc6e7be800, 0x000001dc6e7c5000, 0x000001dc6e7bf800,
0x000001dc6e7c6000, 0x000001dc6e7cc800, 0x000001dc6e7c6800, 0x000001dc6e7c7800,
0x000001dc6e7c8800, 0x000001dc6e7c9000, 0x000001dc6e7ca800, 0x000001dc6e7ca000,
0x000001dc6e7cb800, 0x000001dc70968800, 0x000001dc70966800, 0x000001dc70965800,
0x000001dc7096a800, 0x000001dc70969800, 0x000001dc7096b000, 0x000001dc7096c000,
0x000001dc7096d000, 0x000001dc70967000, 0x000001dc7096d800, 0x000001dc70968000,
0x000001dc70971000, 0x000001dc7096f800, 0x000001dc70974000, 0x000001dc70970000,
0x000001dc70972800, 0x000001dc7096e800, 0x000001dc70971800, 0x000001dc70973800,
0x000001dc6d52d000, 0x000001dc6d52d800
}

Java Threads: ( => current thread )
  0x000001dc4fdc4000 JavaThread "main" [_thread_blocked, id=8132, stack(0x000000a1ebe00000,0x000000a1ebf00000)]
  0x000001dc6aab3000 JavaThread "Reference Handler" daemon [_thread_blocked, id=6900, stack(0x000000a1ec500000,0x000000a1ec600000)]
  0x000001dc6aab4000 JavaThread "Finalizer" daemon [_thread_blocked, id=7016, stack(0x000000a1ec600000,0x000000a1ec700000)]
  0x000001dc6aad8800 JavaThread "Signal Dispatcher" daemon [_thread_blocked, id=12896, stack(0x000000a1ec700000,0x000000a1ec800000)]
  0x000001dc6aadc800 JavaThread "Attach Listener" daemon [_thread_blocked, id=12936, stack(0x000000a1ec800000,0x000000a1ec900000)]
  0x000001dc6ab20800 JavaThread "Service Thread" daemon [_thread_blocked, id=13636, stack(0x000000a1ec900000,0x000000a1eca00000)]
  0x000001dc6ab2b000 JavaThread "C2 CompilerThread0" daemon [_thread_blocked, id=1620, stack(0x000000a1eca00000,0x000000a1ecb00000)]
  0x000001dc6ab2f800 JavaThread "C1 CompilerThread0" daemon [_thread_blocked, id=12716, stack(0x000000a1ecb00000,0x000000a1ecc00000)]
  0x000001dc6ab41000 JavaThread "Sweeper thread" daemon [_thread_blocked, id=10480, stack(0x000000a1ecc00000,0x000000a1ecd00000)]
  0x000001dc6ac8f000 JavaThread "Common-Cleaner" daemon [_thread_blocked, id=14592, stack(0x000000a1ecd00000,0x000000a1ece00000)]
  0x000001dc6cd56000 JavaThread "Daemon health stats" [_thread_blocked, id=12180, stack(0x000000a1ed600000,0x000000a1ed700000)]
  0x000001dc6cc4d000 JavaThread "Incoming local TCP Connector on port 64069" [_thread_in_native, id=12020, stack(0x000000a1ed700000,0x000000a1ed800000)]
  0x000001dc6b664800 JavaThread "Daemon periodic checks" [_thread_blocked, id=5772, stack(0x000000a1ed800000,0x000000a1ed900000)]
  0x000001dc6d75f000 JavaThread "Cache worker for journal cache (C:\Users\nande\.gradle\caches\journal-1)" [_thread_blocked, id=1152, stack(0x000000a1ee000000,0x000000a1ee100000)]
  0x000001dc6d760800 JavaThread "File lock request listener" [_thread_in_native, id=3064, stack(0x000000a1ee100000,0x000000a1ee200000)]
  0x000001dc6d761800 JavaThread "Cache worker for file hash cache (C:\Users\nande\.gradle\caches\7.2\fileHashes)" [_thread_blocked, id=232, stack(0x000000a1ee500000,0x000000a1ee600000)]
  0x000001dc6d75c800 JavaThread "File watcher server" daemon [_thread_blocked, id=4536, stack(0x000000a1ee700000,0x000000a1ee800000)]
  0x000001dc6d763000 JavaThread "File watcher consumer" daemon [_thread_blocked, id=13756, stack(0x000000a1ee800000,0x000000a1ee900000)]
  0x000001dc6d75d000 JavaThread "jar transforms" [_thread_blocked, id=5668, stack(0x000000a1ee900000,0x000000a1eea00000)]
  0x000001dc6d75e000 JavaThread "jar transforms Thread 2" [_thread_blocked, id=12128, stack(0x000000a1eea00000,0x000000a1eeb00000)]
  0x000001dc6d7db000 JavaThread "jar transforms Thread 3" [_thread_blocked, id=9224, stack(0x000000a1eeb00000,0x000000a1eec00000)]
  0x000001dc6d7d8800 JavaThread "jar transforms Thread 4" [_thread_blocked, id=13420, stack(0x000000a1eec00000,0x000000a1eed00000)]
  0x000001dc6d7d9000 JavaThread "jar transforms Thread 5" [_thread_blocked, id=8688, stack(0x000000a1eed00000,0x000000a1eee00000)]
  0x000001dc6d7db800 JavaThread "jar transforms Thread 6" [_thread_blocked, id=9472, stack(0x000000a1eee00000,0x000000a1eef00000)]
  0x000001dc6d7d7800 JavaThread "jar transforms Thread 7" [_thread_blocked, id=10224, stack(0x000000a1eef00000,0x000000a1ef000000)]
  0x000001dc6d7df000 JavaThread "jar transforms Thread 8" [_thread_blocked, id=14268, stack(0x000000a1ef000000,0x000000a1ef100000)]
  0x000001dc6d7dd800 JavaThread "Cache worker for execution history cache (C:\Users\nande\.gradle\caches\7.2\executionHistory)" [_thread_blocked, id=1692, stack(0x000000a1ef400000,0x000000a1ef500000)]
  0x000001dc6d7dc800 JavaThread "Cache worker for file content cache (C:\Users\nande\.gradle\caches\7.2\fileContent)" [_thread_blocked, id=7448, stack(0x000000a1ef500000,0x000000a1ef600000)]
  0x000001dc71a6c800 JavaThread "Memory manager" [_thread_blocked, id=6188, stack(0x000000a1f4800000,0x000000a1f4900000)]
  0x000001dc71a70800 JavaThread "Daemon Thread 2" [_thread_blocked, id=13660, stack(0x000000a1ebb00000,0x000000a1ebc00000)]
  0x000001dc71a71000 JavaThread "Handler for socket connection from /127.0.0.1:64069 to /127.0.0.1:64138" [_thread_in_native, id=2360, stack(0x000000a1ebc00000,0x000000a1ebd00000)]
  0x000001dc71a6b800 JavaThread "Cancel handler" [_thread_blocked, id=14416, stack(0x000000a1ebd00000,0x000000a1ebe00000)]
  0x000001dc71a73800 JavaThread "Daemon worker Thread 2" [_thread_blocked, id=11652, stack(0x000000a1ecf00000,0x000000a1ed000000)]
  0x000001dc71a72000 JavaThread "Asynchronous log dispatcher for DefaultDaemonConnection: socket connection from /127.0.0.1:64069 to /127.0.0.1:64138" [_thread_blocked, id=9732, stack(0x000000a1ed500000,0x000000a1ed600000)]
  0x000001dc71a73000 JavaThread "Stdin handler" [_thread_blocked, id=10432, stack(0x000000a1ed900000,0x000000a1eda00000)]
  0x000001dc71a74800 JavaThread "Daemon client event forwarder" [_thread_blocked, id=4964, stack(0x000000a1eda00000,0x000000a1edb00000)]
  0x000001dc71a6e800 JavaThread "Cache worker for file hash cache (C:\Users\nande\AndroidStudioProjects\compose-simple-app\.gradle\7.2\fileHashes)" [_thread_blocked, id=8232, stack(0x000000a1edb00000,0x000000a1edc00000)]
  0x000001dc71a75800 JavaThread "Cache worker for checksums cache (C:\Users\nande\AndroidStudioProjects\compose-simple-app\.gradle\checksums)" [_thread_blocked, id=9192, stack(0x000000a1edc00000,0x000000a1edd00000)]
  0x000001dc71a6f800 JavaThread "Cache worker for cache directory md-supplier (C:\Users\nande\.gradle\caches\7.2\md-supplier)" [_thread_blocked, id=7892, stack(0x000000a1edd00000,0x000000a1ede00000)]
  0x000001dc71a77800 JavaThread "Cache worker for cache directory md-rule (C:\Users\nande\.gradle\caches\7.2\md-rule)" [_thread_blocked, id=6744, stack(0x000000a1ede00000,0x000000a1edf00000)]
  0x000001dc6ad5f800 JavaThread "C2 CompilerThread1" daemon [_thread_in_native, id=9816, stack(0x000000a1edf00000,0x000000a1ee000000)]
  0x000001dc71a77000 JavaThread "Cache worker for dependencies-accessors (C:\Users\nande\AndroidStudioProjects\compose-simple-app\.gradle\7.2\dependencies-accessors)" [_thread_blocked, id=1548, stack(0x000000a1ef100000,0x000000a1ef200000)]
  0x000001dc6d92e800 JavaThread "C2 CompilerThread2" daemon [_thread_blocked, id=14800, stack(0x000000a1ef200000,0x000000a1ef300000)]
  0x000001dc71a79800 JavaThread "Cache worker for Build Output Cleanup Cache (C:\Users\nande\AndroidStudioProjects\compose-simple-app\.gradle\buildOutputCleanup)" [_thread_blocked, id=3824, stack(0x000000a1ef300000,0x000000a1ef400000)]
  0x000001dc71a7a000 JavaThread "Unconstrained build operations" [_thread_blocked, id=7244, stack(0x000000a1ef600000,0x000000a1ef700000)]
  0x000001dc71a76000 JavaThread "Unconstrained build operations Thread 2" [_thread_blocked, id=10252, stack(0x000000a1ef700000,0x000000a1ef800000)]
  0x000001dc71a78800 JavaThread "Unconstrained build operations Thread 3" [_thread_blocked, id=3556, stack(0x000000a1ef800000,0x000000a1ef900000)]
  0x000001dc6d7da000 JavaThread "Unconstrained build operations Thread 4" [_thread_blocked, id=15624, stack(0x000000a1ef900000,0x000000a1efa00000)]
  0x000001dc6d7e3000 JavaThread "Unconstrained build operations Thread 5" [_thread_blocked, id=11480, stack(0x000000a1efa00000,0x000000a1efb00000)]
  0x000001dc6d7e4000 JavaThread "Unconstrained build operations Thread 6" [_thread_blocked, id=14520, stack(0x000000a1efb00000,0x000000a1efc00000)]
  0x000001dc6d7e5800 JavaThread "Unconstrained build operations Thread 7" [_thread_blocked, id=8, stack(0x000000a1efc00000,0x000000a1efd00000)]
  0x000001dc6d7e4800 JavaThread "Unconstrained build operations Thread 8" [_thread_blocked, id=8544, stack(0x000000a1efd00000,0x000000a1efe00000)]
  0x000001dc6d7e6000 JavaThread "Unconstrained build operations Thread 9" [_thread_blocked, id=7000, stack(0x000000a1efe00000,0x000000a1eff00000)]
  0x000001dc6d7e0800 JavaThread "Unconstrained build operations Thread 10" [_thread_blocked, id=14684, stack(0x000000a1eff00000,0x000000a1f0000000)]
  0x000001dc6d7e1800 JavaThread "Unconstrained build operations Thread 11" [_thread_blocked, id=9560, stack(0x000000a1f0000000,0x000000a1f0100000)]
  0x000001dc6d75f800 JavaThread "Unconstrained build operations Thread 12" [_thread_blocked, id=11164, stack(0x000000a1f0100000,0x000000a1f0200000)]
  0x000001dc6d762000 JavaThread "Unconstrained build operations Thread 13" [_thread_blocked, id=828, stack(0x000000a1f0200000,0x000000a1f0300000)]
  0x000001dc7241a000 JavaThread "Unconstrained build operations Thread 14" [_thread_blocked, id=15764, stack(0x000000a1f0300000,0x000000a1f0400000)]
  0x000001dc72414000 JavaThread "Unconstrained build operations Thread 15" [_thread_blocked, id=12756, stack(0x000000a1f0400000,0x000000a1f0500000)]
  0x000001dc72415000 JavaThread "Unconstrained build operations Thread 16" [_thread_blocked, id=9756, stack(0x000000a1f0500000,0x000000a1f0600000)]
  0x000001dc7241a800 JavaThread "Unconstrained build operations Thread 17" [_thread_blocked, id=15332, stack(0x000000a1f0600000,0x000000a1f0700000)]
  0x000001dc72416000 JavaThread "Unconstrained build operations Thread 18" [_thread_blocked, id=1160, stack(0x000000a1f0700000,0x000000a1f0800000)]
  0x000001dc72418800 JavaThread "Unconstrained build operations Thread 19" [_thread_blocked, id=15264, stack(0x000000a1f0800000,0x000000a1f0900000)]
  0x000001dc72419000 JavaThread "Unconstrained build operations Thread 20" [_thread_blocked, id=8964, stack(0x000000a1f0900000,0x000000a1f0a00000)]
  0x000001dc72416800 JavaThread "Unconstrained build operations Thread 21" [_thread_blocked, id=13736, stack(0x000000a1f0a00000,0x000000a1f0b00000)]
  0x000001dc72417800 JavaThread "Unconstrained build operations Thread 22" [_thread_blocked, id=15088, stack(0x000000a1f0b00000,0x000000a1f0c00000)]
  0x000001dc70c10000 JavaThread "Unconstrained build operations Thread 23" [_thread_blocked, id=8976, stack(0x000000a1f0c00000,0x000000a1f0d00000)]
  0x000001dc70c0a800 JavaThread "Unconstrained build operations Thread 24" [_thread_blocked, id=6364, stack(0x000000a1f0d00000,0x000000a1f0e00000)]
  0x000001dc70c11000 JavaThread "Unconstrained build operations Thread 25" [_thread_blocked, id=12868, stack(0x000000a1f0e00000,0x000000a1f0f00000)]
  0x000001dc70c0b800 JavaThread "Unconstrained build operations Thread 26" [_thread_blocked, id=5252, stack(0x000000a1f0f00000,0x000000a1f1000000)]
  0x000001dc70c0e800 JavaThread "Unconstrained build operations Thread 27" [_thread_blocked, id=13008, stack(0x000000a1f1000000,0x000000a1f1100000)]
  0x000001dc70c0c000 JavaThread "Unconstrained build operations Thread 28" [_thread_blocked, id=5332, stack(0x000000a1f1100000,0x000000a1f1200000)]
  0x000001dc70c0d000 JavaThread "Unconstrained build operations Thread 29" [_thread_blocked, id=9864, stack(0x000000a1f1200000,0x000000a1f1300000)]
  0x000001dc70c0f800 JavaThread "Unconstrained build operations Thread 30" [_thread_blocked, id=5804, stack(0x000000a1f1300000,0x000000a1f1400000)]
  0x000001dc70c0e000 JavaThread "Unconstrained build operations Thread 31" [_thread_blocked, id=9456, stack(0x000000a1f1400000,0x000000a1f1500000)]
  0x000001dc70c17800 JavaThread "Unconstrained build operations Thread 32" [_thread_blocked, id=14956, stack(0x000000a1f1500000,0x000000a1f1600000)]
  0x000001dc70c18000 JavaThread "Unconstrained build operations Thread 33" [_thread_blocked, id=15092, stack(0x000000a1f1600000,0x000000a1f1700000)]
  0x000001dc70c14000 JavaThread "Unconstrained build operations Thread 34" [_thread_blocked, id=4116, stack(0x000000a1f1700000,0x000000a1f1800000)]
  0x000001dc70c16000 JavaThread "Unconstrained build operations Thread 35" [_thread_blocked, id=11908, stack(0x000000a1f1800000,0x000000a1f1900000)]
  0x000001dc70c12800 JavaThread "Unconstrained build operations Thread 36" [_thread_blocked, id=1820, stack(0x000000a1f1900000,0x000000a1f1a00000)]
  0x000001dc70c16800 JavaThread "Unconstrained build operations Thread 37" [_thread_blocked, id=7212, stack(0x000000a1f1a00000,0x000000a1f1b00000)]
  0x000001dc70c19000 JavaThread "Unconstrained build operations Thread 38" [_thread_blocked, id=3576, stack(0x000000a1f1b00000,0x000000a1f1c00000)]
  0x000001dc70c13800 JavaThread "Unconstrained build operations Thread 39" [_thread_blocked, id=16152, stack(0x000000a1f1c00000,0x000000a1f1d00000)]
  0x000001dc70c1a000 JavaThread "Unconstrained build operations Thread 40" [_thread_blocked, id=10528, stack(0x000000a1f1d00000,0x000000a1f1e00000)]
  0x000001dc70c1a800 JavaThread "Unconstrained build operations Thread 41" [_thread_blocked, id=7628, stack(0x000000a1f1e00000,0x000000a1f1f00000)]
  0x000001dc70c15000 JavaThread "Unconstrained build operations Thread 42" [_thread_blocked, id=14732, stack(0x000000a1f1f00000,0x000000a1f2000000)]
  0x000001dc70c1f000 JavaThread "Unconstrained build operations Thread 43" [_thread_blocked, id=15396, stack(0x000000a1f2000000,0x000000a1f2100000)]
  0x000001dc70c20800 JavaThread "Unconstrained build operations Thread 44" [_thread_blocked, id=816, stack(0x000000a1f2100000,0x000000a1f2200000)]
  0x000001dc70c21000 JavaThread "Unconstrained build operations Thread 45" [_thread_blocked, id=7752, stack(0x000000a1f2200000,0x000000a1f2300000)]
  0x000001dc70c1c800 JavaThread "Unconstrained build operations Thread 46" [_thread_blocked, id=9312, stack(0x000000a1f2300000,0x000000a1f2400000)]
  0x000001dc70c1f800 JavaThread "Unconstrained build operations Thread 47" [_thread_blocked, id=10008, stack(0x000000a1f2400000,0x000000a1f2500000)]
  0x000001dc70c1d000 JavaThread "Unconstrained build operations Thread 48" [_thread_blocked, id=11704, stack(0x000000a1f2500000,0x000000a1f2600000)]
  0x000001dc70c1b800 JavaThread "Unconstrained build operations Thread 49" [_thread_blocked, id=8752, stack(0x000000a1f2600000,0x000000a1f2700000)]
  0x000001dc70c1e000 JavaThread "Unconstrained build operations Thread 50" [_thread_blocked, id=2520, stack(0x000000a1f2700000,0x000000a1f2800000)]
  0x000001dc6e7bd800 JavaThread "Unconstrained build operations Thread 51" [_thread_blocked, id=4228, stack(0x000000a1f2800000,0x000000a1f2900000)]
  0x000001dc6e7c4000 JavaThread "Unconstrained build operations Thread 52" [_thread_blocked, id=260, stack(0x000000a1f2900000,0x000000a1f2a00000)]
  0x000001dc6e7c0000 JavaThread "Unconstrained build operations Thread 53" [_thread_blocked, id=6420, stack(0x000000a1f2a00000,0x000000a1f2b00000)]
  0x000001dc6e7c3800 JavaThread "Unconstrained build operations Thread 54" [_thread_blocked, id=7956, stack(0x000000a1f2b00000,0x000000a1f2c00000)]
  0x000001dc6e7c1000 JavaThread "Unconstrained build operations Thread 55" [_thread_blocked, id=4888, stack(0x000000a1f2c00000,0x000000a1f2d00000)]
  0x000001dc6e7c2000 JavaThread "Unconstrained build operations Thread 56" [_thread_blocked, id=11600, stack(0x000000a1f2d00000,0x000000a1f2e00000)]
  0x000001dc6e7c2800 JavaThread "Unconstrained build operations Thread 57" [_thread_blocked, id=3580, stack(0x000000a1f2e00000,0x000000a1f2f00000)]
  0x000001dc6e7be800 JavaThread "Unconstrained build operations Thread 58" [_thread_blocked, id=5816, stack(0x000000a1f2f00000,0x000000a1f3000000)]
  0x000001dc6e7c5000 JavaThread "Unconstrained build operations Thread 59" [_thread_blocked, id=8536, stack(0x000000a1f3000000,0x000000a1f3100000)]
  0x000001dc6e7bf800 JavaThread "Unconstrained build operations Thread 60" [_thread_blocked, id=2604, stack(0x000000a1f3100000,0x000000a1f3200000)]
  0x000001dc6e7c6000 JavaThread "Unconstrained build operations Thread 61" [_thread_blocked, id=12204, stack(0x000000a1f3200000,0x000000a1f3300000)]
  0x000001dc6e7cc800 JavaThread "Unconstrained build operations Thread 62" [_thread_blocked, id=3084, stack(0x000000a1f3300000,0x000000a1f3400000)]
  0x000001dc6e7c6800 JavaThread "Unconstrained build operations Thread 63" [_thread_blocked, id=14848, stack(0x000000a1f3400000,0x000000a1f3500000)]
  0x000001dc6e7c7800 JavaThread "Unconstrained build operations Thread 64" [_thread_blocked, id=11200, stack(0x000000a1f3500000,0x000000a1f3600000)]
  0x000001dc6e7c8800 JavaThread "Unconstrained build operations Thread 65" [_thread_blocked, id=13072, stack(0x000000a1f3600000,0x000000a1f3700000)]
  0x000001dc6e7c9000 JavaThread "Unconstrained build operations Thread 66" [_thread_blocked, id=10172, stack(0x000000a1f3700000,0x000000a1f3800000)]
  0x000001dc6e7ca800 JavaThread "Unconstrained build operations Thread 67" [_thread_blocked, id=15604, stack(0x000000a1f3800000,0x000000a1f3900000)]
  0x000001dc6e7ca000 JavaThread "Unconstrained build operations Thread 68" [_thread_blocked, id=12960, stack(0x000000a1f3900000,0x000000a1f3a00000)]
  0x000001dc6e7cb800 JavaThread "Unconstrained build operations Thread 69" [_thread_blocked, id=5924, stack(0x000000a1f3a00000,0x000000a1f3b00000)]
  0x000001dc70968800 JavaThread "Unconstrained build operations Thread 70" [_thread_blocked, id=11448, stack(0x000000a1f3b00000,0x000000a1f3c00000)]
  0x000001dc70966800 JavaThread "Unconstrained build operations Thread 71" [_thread_blocked, id=2876, stack(0x000000a1f3c00000,0x000000a1f3d00000)]
  0x000001dc70965800 JavaThread "Unconstrained build operations Thread 72" [_thread_blocked, id=16028, stack(0x000000a1f3d00000,0x000000a1f3e00000)]
  0x000001dc7096a800 JavaThread "Unconstrained build operations Thread 73" [_thread_blocked, id=5796, stack(0x000000a1f3e00000,0x000000a1f3f00000)]
  0x000001dc70969800 JavaThread "Unconstrained build operations Thread 74" [_thread_blocked, id=13572, stack(0x000000a1f3f00000,0x000000a1f4000000)]
  0x000001dc7096b000 JavaThread "Unconstrained build operations Thread 75" [_thread_blocked, id=5848, stack(0x000000a1f4000000,0x000000a1f4100000)]
  0x000001dc7096c000 JavaThread "Unconstrained build operations Thread 76" [_thread_blocked, id=11052, stack(0x000000a1f4100000,0x000000a1f4200000)]
  0x000001dc7096d000 JavaThread "Unconstrained build operations Thread 77" [_thread_blocked, id=12680, stack(0x000000a1f4200000,0x000000a1f4300000)]
  0x000001dc70967000 JavaThread "Unconstrained build operations Thread 78" [_thread_blocked, id=12096, stack(0x000000a1f4300000,0x000000a1f4400000)]
  0x000001dc7096d800 JavaThread "Unconstrained build operations Thread 79" [_thread_blocked, id=5268, stack(0x000000a1f4400000,0x000000a1f4500000)]
  0x000001dc70968000 JavaThread "Unconstrained build operations Thread 80" [_thread_blocked, id=14968, stack(0x000000a1f4500000,0x000000a1f4600000)]
  0x000001dc70971000 JavaThread "build event listener" [_thread_blocked, id=15196, stack(0x000000a1f4600000,0x000000a1f4700000)]
  0x000001dc7096f800 JavaThread "Execution worker for ':'" [_thread_blocked, id=6992, stack(0x000000a1f4700000,0x000000a1f4800000)]
  0x000001dc70974000 JavaThread "Execution worker for ':' Thread 2" [_thread_blocked, id=3304, stack(0x000000a1f4a00000,0x000000a1f4b00000)]
  0x000001dc70970000 JavaThread "Execution worker for ':' Thread 3" [_thread_blocked, id=2696, stack(0x000000a1f4b00000,0x000000a1f4c00000)]
  0x000001dc70972800 JavaThread "Execution worker for ':' Thread 4" [_thread_blocked, id=2212, stack(0x000000a1f4c00000,0x000000a1f4d00000)]
  0x000001dc7096e800 JavaThread "Execution worker for ':' Thread 5" [_thread_blocked, id=16248, stack(0x000000a1f4d00000,0x000000a1f4e00000)]
  0x000001dc70971800 JavaThread "Execution worker for ':' Thread 6" [_thread_blocked, id=7648, stack(0x000000a1f4e00000,0x000000a1f4f00000)]
  0x000001dc70973800 JavaThread "Execution worker for ':' Thread 7" [_thread_blocked, id=15180, stack(0x000000a1f4f00000,0x000000a1f5000000)]
  0x000001dc6d52d000 JavaThread "Cache worker for execution history cache (C:\Users\nande\AndroidStudioProjects\compose-simple-app\.gradle\7.2\executionHistory)" [_thread_blocked, id=6544, stack(0x000000a1f5000000,0x000000a1f5100000)]
  0x000001dc6d52d800 JavaThread "WorkerExecutor Queue" [_thread_blocked, id=13500, stack(0x000000a1f5100000,0x000000a1f5200000)]

Other Threads:
=>0x000001dc6aaaf000 VMThread "VM Thread" [stack: 0x000000a1ec400000,0x000000a1ec500000] [id=8416]
  0x000001dc6acb1000 WatcherThread [stack: 0x000000a1ece00000,0x000000a1ecf00000] [id=4780]
  0x000001dc4fdd7000 GCTaskThread "GC Thread#0" [stack: 0x000000a1ebf00000,0x000000a1ec000000] [id=4320]
  0x000001dc6b682000 GCTaskThread "GC Thread#1" [stack: 0x000000a1ed000000,0x000000a1ed100000] [id=7640]
  0x000001dc6bae5000 GCTaskThread "GC Thread#2" [stack: 0x000000a1ed100000,0x000000a1ed200000] [id=10216]
  0x000001dc6bae2800 GCTaskThread "GC Thread#3" [stack: 0x000000a1ed200000,0x000000a1ed300000] [id=11484]
  0x000001dc6bae3800 GCTaskThread "GC Thread#4" [stack: 0x000000a1ed300000,0x000000a1ed400000] [id=14744]
  0x000001dc6bae4000 GCTaskThread "GC Thread#5" [stack: 0x000000a1ed400000,0x000000a1ed500000] [id=3656]
  0x000001dc6bae5800 GCTaskThread "GC Thread#6" [stack: 0x000000a1ee200000,0x000000a1ee300000] [id=14428]
  0x000001dc6bae7000 GCTaskThread "GC Thread#7" [stack: 0x000000a1ee300000,0x000000a1ee400000] [id=9332]
  0x000001dc4fe07000 ConcurrentGCThread "G1 Main Marker" [stack: 0x000000a1ec000000,0x000000a1ec100000] [id=10504]
  0x000001dc4fe09800 ConcurrentGCThread "G1 Conc#0" [stack: 0x000000a1ec100000,0x000000a1ec200000] [id=11776]
  0x000001dc6bae8000 ConcurrentGCThread "G1 Conc#1" [stack: 0x000000a1ee400000,0x000000a1ee500000] [id=6016]
  0x000001dc6a0fb000 ConcurrentGCThread "G1 Refine#0" [stack: 0x000000a1ec200000,0x000000a1ec300000] [id=16276]
  0x000001dc6b91c800 ConcurrentGCThread "G1 Refine#1" [stack: 0x000000a1f4900000,0x000000a1f4a00000] [id=7284]
  0x000001dc78080800 ConcurrentGCThread "G1 Refine#2" [stack: 0x000000a1ee600000,0x000000a1ee700000] [id=9476]
  0x000001dc6a0fc000 ConcurrentGCThread "G1 Young RemSet Sampling" [stack: 0x000000a1ec300000,0x000000a1ec400000] [id=13248]

Threads with active compile tasks:
C2 CompilerThread0 160404 14303 %     4       com.android.tools.r8.internal.mH0::a @ 80 (6068 bytes)
C2 CompilerThread1 160404 14013       4       com.android.tools.r8.internal.mH0::a (4225 bytes)
C2 CompilerThread2 160404 14134       4       com.android.tools.r8.internal.sr1::b (98 bytes)

VM state:at safepoint (normal execution)

VM Mutex/Monitor currently owned by a thread:  ([mutex/lock_event])
[0x000001dc4fdc0c90] Threads_lock - owner thread: 0x000001dc6aaaf000
[0x000001dc4fdbfa90] Heap_lock - owner thread: 0x000001dc72417800

Heap address: 0x0000000080000000, size: 2048 MB, Compressed Oops mode: 32-bit
Narrow klass base: 0x0000000000000000, Narrow klass shift: 3
Compressed class space size: 1073741824 Address: 0x0000000100000000

Heap:
 garbage-first heap   total 488448K, used 210117K [0x0000000080000000, 0x0000000100000000)
  region size 1024K, 3 young (3072K), 3 survivors (3072K)
 Metaspace       used 109850K, capacity 112931K, committed 113060K, reserved 1146880K
  class space    used 14075K, capacity 15192K, committed 15232K, reserved 1048576K
Heap Regions: E=young(eden), S=young(survivor), O=old, HS=humongous(starts), HC=humongous(continues), CS=collection set, F=free, A=archive, TAMS=top-at-mark-start (previous, next)
|   0|0x0000000080000000, 0x0000000080100000, 0x0000000080100000|100%| O|  |TAMS 0x0000000080100000, 0x0000000080100000| Untracked 
|   1|0x0000000080100000, 0x0000000080200000, 0x0000000080200000|100%| O|  |TAMS 0x0000000080200000, 0x0000000080200000| Untracked 
|   2|0x0000000080200000, 0x0000000080300000, 0x0000000080300000|100%| O|  |TAMS 0x0000000080300000, 0x0000000080300000| Untracked 
|   3|0x0000000080300000, 0x0000000080400000, 0x0000000080400000|100%|HS|  |TAMS 0x0000000080400000, 0x0000000080400000| Complete 
|   4|0x0000000080400000, 0x0000000080500000, 0x0000000080500000|100%|HC|  |TAMS 0x0000000080500000, 0x0000000080500000| Complete 
|   5|0x0000000080500000, 0x0000000080600000, 0x0000000080600000|100%|HC|  |TAMS 0x0000000080600000, 0x0000000080600000| Complete 
|   6|0x0000000080600000, 0x0000000080700000, 0x0000000080700000|100%| O|  |TAMS 0x0000000080700000, 0x0000000080700000| Untracked 
|   7|0x0000000080700000, 0x0000000080800000, 0x0000000080800000|100%| O|  |TAMS 0x0000000080800000, 0x0000000080800000| Untracked 
|   8|0x0000000080800000, 0x0000000080900000, 0x0000000080900000|100%| O|  |TAMS 0x0000000080900000, 0x0000000080900000| Untracked 
|   9|0x0000000080900000, 0x0000000080a00000, 0x0000000080a00000|100%| O|  |TAMS 0x0000000080a00000, 0x0000000080a00000| Untracked 
|  10|0x0000000080a00000, 0x0000000080b00000, 0x0000000080b00000|100%| O|  |TAMS 0x0000000080b00000, 0x0000000080b00000| Untracked 
|  11|0x0000000080b00000, 0x0000000080c00000, 0x0000000080c00000|100%| O|  |TAMS 0x0000000080c00000, 0x0000000080c00000| Untracked 
|  12|0x0000000080c00000, 0x0000000080d00000, 0x0000000080d00000|100%| O|  |TAMS 0x0000000080d00000, 0x0000000080d00000| Untracked 
|  13|0x0000000080d00000, 0x0000000080e00000, 0x0000000080e00000|100%| O|  |TAMS 0x0000000080e00000, 0x0000000080e00000| Untracked 
|  14|0x0000000080e00000, 0x0000000080f00000, 0x0000000080f00000|100%| O|  |TAMS 0x0000000080f00000, 0x0000000080f00000| Untracked 
|  15|0x0000000080f00000, 0x0000000081000000, 0x0000000081000000|100%| O|  |TAMS 0x0000000081000000, 0x0000000081000000| Untracked 
|  16|0x0000000081000000, 0x0000000081100000, 0x0000000081100000|100%| O|  |TAMS 0x0000000081100000, 0x0000000081100000| Untracked 
|  17|0x0000000081100000, 0x0000000081200000, 0x0000000081200000|100%|HS|  |TAMS 0x0000000081200000, 0x0000000081200000| Complete 
|  18|0x0000000081200000, 0x0000000081300000, 0x0000000081300000|100%|HC|  |TAMS 0x0000000081300000, 0x0000000081300000| Complete 
|  19|0x0000000081300000, 0x0000000081400000, 0x0000000081400000|100%|HS|  |TAMS 0x0000000081400000, 0x0000000081400000| Complete 
|  20|0x0000000081400000, 0x0000000081500000, 0x0000000081500000|100%|HC|  |TAMS 0x0000000081500000, 0x0000000081500000| Complete 
|  21|0x0000000081500000, 0x0000000081600000, 0x0000000081600000|100%|HC|  |TAMS 0x0000000081600000, 0x0000000081600000| Complete 
|  22|0x0000000081600000, 0x0000000081700000, 0x0000000081700000|100%|HS|  |TAMS 0x0000000081700000, 0x0000000081700000| Complete 
|  23|0x0000000081700000, 0x0000000081800000, 0x0000000081800000|100%|HC|  |TAMS 0x0000000081800000, 0x0000000081800000| Complete 
|  24|0x0000000081800000, 0x0000000081900000, 0x0000000081900000|100%|HC|  |TAMS 0x0000000081900000, 0x0000000081900000| Complete 
|  25|0x0000000081900000, 0x0000000081a00000, 0x0000000081a00000|100%|HC|  |TAMS 0x0000000081a00000, 0x0000000081a00000| Complete 
|  26|0x0000000081a00000, 0x0000000081b00000, 0x0000000081b00000|100%| O|  |TAMS 0x0000000081b00000, 0x0000000081b00000| Untracked 
|  27|0x0000000081b00000, 0x0000000081c00000, 0x0000000081c00000|100%| O|  |TAMS 0x0000000081c00000, 0x0000000081c00000| Untracked 
|  28|0x0000000081c00000, 0x0000000081d00000, 0x0000000081d00000|100%| O|  |TAMS 0x0000000081d00000, 0x0000000081d00000| Untracked 
|  29|0x0000000081d00000, 0x0000000081e00000, 0x0000000081e00000|100%|HS|  |TAMS 0x0000000081e00000, 0x0000000081e00000| Complete 
|  30|0x0000000081e00000, 0x0000000081f00000, 0x0000000081f00000|100%|HC|  |TAMS 0x0000000081f00000, 0x0000000081f00000| Complete 
|  31|0x0000000081f00000, 0x0000000082000000, 0x0000000082000000|100%|HC|  |TAMS 0x0000000082000000, 0x0000000082000000| Complete 
|  32|0x0000000082000000, 0x0000000082100000, 0x0000000082100000|100%| O|  |TAMS 0x0000000082100000, 0x0000000082100000| Untracked 
|  33|0x0000000082100000, 0x0000000082200000, 0x0000000082200000|100%| O|  |TAMS 0x0000000082200000, 0x0000000082200000| Untracked 
|  34|0x0000000082200000, 0x0000000082300000, 0x0000000082300000|100%| O|  |TAMS 0x0000000082300000, 0x0000000082300000| Untracked 
|  35|0x0000000082300000, 0x0000000082400000, 0x0000000082400000|100%|HS|  |TAMS 0x0000000082400000, 0x0000000082400000| Complete 
|  36|0x0000000082400000, 0x0000000082500000, 0x0000000082500000|100%|HC|  |TAMS 0x0000000082500000, 0x0000000082500000| Complete 
|  37|0x0000000082500000, 0x0000000082600000, 0x0000000082600000|100%|HC|  |TAMS 0x0000000082600000, 0x0000000082600000| Complete 
|  38|0x0000000082600000, 0x0000000082700000, 0x0000000082700000|100%|HC|  |TAMS 0x0000000082700000, 0x0000000082700000| Complete 
|  39|0x0000000082700000, 0x0000000082800000, 0x0000000082800000|100%| O|  |TAMS 0x0000000082800000, 0x0000000082800000| Untracked 
|  40|0x0000000082800000, 0x0000000082900000, 0x0000000082900000|100%| O|  |TAMS 0x0000000082900000, 0x0000000082900000| Untracked 
|  41|0x0000000082900000, 0x0000000082a00000, 0x0000000082a00000|100%| O|  |TAMS 0x0000000082a00000, 0x0000000082a00000| Untracked 
|  42|0x0000000082a00000, 0x0000000082b00000, 0x0000000082b00000|100%|HS|  |TAMS 0x0000000082b00000, 0x0000000082b00000| Complete 
|  43|0x0000000082b00000, 0x0000000082c00000, 0x0000000082c00000|100%|HS|  |TAMS 0x0000000082c00000, 0x0000000082c00000| Complete 
|  44|0x0000000082c00000, 0x0000000082d00000, 0x0000000082d00000|100%|HS|  |TAMS 0x0000000082d00000, 0x0000000082d00000| Complete 
|  45|0x0000000082d00000, 0x0000000082e00000, 0x0000000082e00000|100%|HS|  |TAMS 0x0000000082e00000, 0x0000000082e00000| Complete 
|  46|0x0000000082e00000, 0x0000000082f00000, 0x0000000082f00000|100%|HS|  |TAMS 0x0000000082f00000, 0x0000000082f00000| Complete 
|  47|0x0000000082f00000, 0x0000000083000000, 0x0000000083000000|100%|HC|  |TAMS 0x0000000083000000, 0x0000000083000000| Complete 
|  48|0x0000000083000000, 0x0000000083100000, 0x0000000083100000|100%|HC|  |TAMS 0x0000000083100000, 0x0000000083100000| Complete 
|  49|0x0000000083100000, 0x0000000083200000, 0x0000000083200000|100%|HS|  |TAMS 0x0000000083200000, 0x0000000083200000| Complete 
|  50|0x0000000083200000, 0x0000000083300000, 0x0000000083300000|100%|HC|  |TAMS 0x0000000083300000, 0x0000000083300000| Complete 
|  51|0x0000000083300000, 0x0000000083400000, 0x0000000083400000|100%| O|  |TAMS 0x0000000083400000, 0x0000000083400000| Untracked 
|  52|0x0000000083400000, 0x0000000083500000, 0x0000000083500000|100%| O|  |TAMS 0x0000000083500000, 0x0000000083500000| Untracked 
|  53|0x0000000083500000, 0x0000000083600000, 0x0000000083600000|100%| O|  |TAMS 0x0000000083600000, 0x0000000083600000| Untracked 
|  54|0x0000000083600000, 0x0000000083700000, 0x0000000083700000|100%| O|  |TAMS 0x0000000083700000, 0x0000000083700000| Untracked 
|  55|0x0000000083700000, 0x0000000083800000, 0x0000000083800000|100%| O|  |TAMS 0x0000000083800000, 0x0000000083800000| Untracked 
|  56|0x0000000083800000, 0x0000000083900000, 0x0000000083900000|100%| O|  |TAMS 0x0000000083900000, 0x0000000083900000| Untracked 
|  57|0x0000000083900000, 0x0000000083a00000, 0x0000000083a00000|100%| O|  |TAMS 0x0000000083a00000, 0x0000000083a00000| Untracked 
|  58|0x0000000083a00000, 0x0000000083b00000, 0x0000000083b00000|100%| O|  |TAMS 0x0000000083b00000, 0x0000000083b00000| Untracked 
|  59|0x0000000083b00000, 0x0000000083c00000, 0x0000000083c00000|100%| O|  |TAMS 0x0000000083c00000, 0x0000000083c00000| Untracked 
|  60|0x0000000083c00000, 0x0000000083d00000, 0x0000000083d00000|100%| O|  |TAMS 0x0000000083d00000, 0x0000000083d00000| Untracked 
|  61|0x0000000083d00000, 0x0000000083e00000, 0x0000000083e00000|100%| O|  |TAMS 0x0000000083e00000, 0x0000000083e00000| Untracked 
|  62|0x0000000083e00000, 0x0000000083f00000, 0x0000000083f00000|100%| O|  |TAMS 0x0000000083f00000, 0x0000000083f00000| Untracked 
|  63|0x0000000083f00000, 0x0000000084000000, 0x0000000084000000|100%| O|  |TAMS 0x0000000084000000, 0x0000000084000000| Untracked 
|  64|0x0000000084000000, 0x0000000084100000, 0x0000000084100000|100%| O|  |TAMS 0x0000000084100000, 0x0000000084100000| Untracked 
|  65|0x0000000084100000, 0x0000000084200000, 0x0000000084200000|100%| O|  |TAMS 0x0000000084200000, 0x0000000084200000| Untracked 
|  66|0x0000000084200000, 0x0000000084300000, 0x0000000084300000|100%| O|  |TAMS 0x0000000084300000, 0x0000000084300000| Untracked 
|  67|0x0000000084300000, 0x0000000084400000, 0x0000000084400000|100%| O|  |TAMS 0x0000000084400000, 0x0000000084400000| Untracked 
|  68|0x0000000084400000, 0x0000000084500000, 0x0000000084500000|100%| O|  |TAMS 0x0000000084500000, 0x0000000084500000| Untracked 
|  69|0x0000000084500000, 0x0000000084600000, 0x0000000084600000|100%| O|  |TAMS 0x0000000084600000, 0x0000000084600000| Untracked 
|  70|0x0000000084600000, 0x0000000084700000, 0x0000000084700000|100%| O|  |TAMS 0x0000000084700000, 0x0000000084700000| Untracked 
|  71|0x0000000084700000, 0x0000000084800000, 0x0000000084800000|100%| O|  |TAMS 0x0000000084800000, 0x0000000084800000| Untracked 
|  72|0x0000000084800000, 0x0000000084900000, 0x0000000084900000|100%| O|  |TAMS 0x0000000084900000, 0x0000000084900000| Untracked 
|  73|0x0000000084900000, 0x0000000084a00000, 0x0000000084a00000|100%| O|  |TAMS 0x0000000084a00000, 0x0000000084a00000| Untracked 
|  74|0x0000000084a00000, 0x0000000084b00000, 0x0000000084b00000|100%| O|  |TAMS 0x0000000084b00000, 0x0000000084b00000| Untracked 
|  75|0x0000000084b00000, 0x0000000084c00000, 0x0000000084c00000|100%| O|  |TAMS 0x0000000084c00000, 0x0000000084c00000| Untracked 
|  76|0x0000000084c00000, 0x0000000084d00000, 0x0000000084d00000|100%| O|  |TAMS 0x0000000084d00000, 0x0000000084d00000| Untracked 
|  77|0x0000000084d00000, 0x0000000084e00000, 0x0000000084e00000|100%| O|  |TAMS 0x0000000084e00000, 0x0000000084e00000| Untracked 
|  78|0x0000000084e00000, 0x0000000084f00000, 0x0000000084f00000|100%| O|  |TAMS 0x0000000084f00000, 0x0000000084f00000| Untracked 
|  79|0x0000000084f00000, 0x0000000085000000, 0x0000000085000000|100%|HS|  |TAMS 0x0000000085000000, 0x0000000085000000| Complete 
|  80|0x0000000085000000, 0x0000000085100000, 0x0000000085100000|100%|HC|  |TAMS 0x0000000085100000, 0x0000000085100000| Complete 
|  81|0x0000000085100000, 0x0000000085200000, 0x0000000085200000|100%|HS|  |TAMS 0x0000000085200000, 0x0000000085200000| Complete 
|  82|0x0000000085200000, 0x0000000085300000, 0x0000000085300000|100%|HC|  |TAMS 0x0000000085300000, 0x0000000085300000| Complete 
|  83|0x0000000085300000, 0x0000000085400000, 0x0000000085400000|100%|HC|  |TAMS 0x0000000085400000, 0x0000000085400000| Complete 
|  84|0x0000000085400000, 0x0000000085500000, 0x0000000085500000|100%|HS|  |TAMS 0x0000000085500000, 0x0000000085500000| Complete 
|  85|0x0000000085500000, 0x0000000085600000, 0x0000000085600000|100%|HC|  |TAMS 0x0000000085600000, 0x0000000085600000| Complete 
|  86|0x0000000085600000, 0x0000000085700000, 0x0000000085700000|100%|HC|  |TAMS 0x0000000085700000, 0x0000000085700000| Complete 
|  87|0x0000000085700000, 0x0000000085800000, 0x0000000085800000|100%|HC|  |TAMS 0x0000000085800000, 0x0000000085800000| Complete 
|  88|0x0000000085800000, 0x0000000085900000, 0x0000000085900000|100%| O|  |TAMS 0x0000000085900000, 0x0000000085900000| Untracked 
|  89|0x0000000085900000, 0x0000000085a00000, 0x0000000085a00000|100%| O|  |TAMS 0x0000000085a00000, 0x0000000085a00000| Untracked 
|  90|0x0000000085a00000, 0x0000000085b00000, 0x0000000085b00000|100%| O|  |TAMS 0x0000000085b00000, 0x0000000085b00000| Untracked 
|  91|0x0000000085b00000, 0x0000000085c00000, 0x0000000085c00000|100%| O|  |TAMS 0x0000000085c00000, 0x0000000085c00000| Untracked 
|  92|0x0000000085c00000, 0x0000000085d00000, 0x0000000085d00000|100%| O|  |TAMS 0x0000000085d00000, 0x0000000085d00000| Untracked 
|  93|0x0000000085d00000, 0x0000000085e00000, 0x0000000085e00000|100%| O|  |TAMS 0x0000000085e00000, 0x0000000085e00000| Untracked 
|  94|0x0000000085e00000, 0x0000000085f00000, 0x0000000085f00000|100%| O|  |TAMS 0x0000000085f00000, 0x0000000085f00000| Untracked 
|  95|0x0000000085f00000, 0x0000000086000000, 0x0000000086000000|100%| O|  |TAMS 0x0000000086000000, 0x0000000086000000| Untracked 
|  96|0x0000000086000000, 0x0000000086100000, 0x0000000086100000|100%| O|  |TAMS 0x0000000086100000, 0x0000000086100000| Untracked 
|  97|0x0000000086100000, 0x0000000086200000, 0x0000000086200000|100%| O|  |TAMS 0x0000000086200000, 0x0000000086200000| Untracked 
|  98|0x0000000086200000, 0x0000000086300000, 0x0000000086300000|100%| O|  |TAMS 0x0000000086300000, 0x0000000086300000| Untracked 
|  99|0x0000000086300000, 0x0000000086400000, 0x0000000086400000|100%| O|  |TAMS 0x0000000086400000, 0x0000000086400000| Untracked 
| 100|0x0000000086400000, 0x0000000086500000, 0x0000000086500000|100%| O|  |TAMS 0x0000000086500000, 0x0000000086500000| Untracked 
| 101|0x0000000086500000, 0x0000000086600000, 0x0000000086600000|100%| O|  |TAMS 0x0000000086600000, 0x0000000086600000| Untracked 
| 102|0x0000000086600000, 0x0000000086700000, 0x0000000086700000|100%| O|  |TAMS 0x0000000086700000, 0x0000000086700000| Untracked 
| 103|0x0000000086700000, 0x0000000086800000, 0x0000000086800000|100%| O|  |TAMS 0x0000000086700000, 0x0000000086800000| Untracked 
| 104|0x0000000086800000, 0x0000000086900000, 0x0000000086900000|100%| O|  |TAMS 0x0000000086900000, 0x0000000086900000| Untracked 
| 105|0x0000000086900000, 0x0000000086a00000, 0x0000000086a00000|100%| O|  |TAMS 0x0000000086a00000, 0x0000000086a00000| Untracked 
| 106|0x0000000086a00000, 0x0000000086b00000, 0x0000000086b00000|100%| O|  |TAMS 0x0000000086b00000, 0x0000000086b00000| Untracked 
| 107|0x0000000086b00000, 0x0000000086c00000, 0x0000000086c00000|100%| O|  |TAMS 0x0000000086c00000, 0x0000000086c00000| Untracked 
| 108|0x0000000086c00000, 0x0000000086d00000, 0x0000000086d00000|100%| O|  |TAMS 0x0000000086d00000, 0x0000000086d00000| Untracked 
| 109|0x0000000086d00000, 0x0000000086e00000, 0x0000000086e00000|100%| O|  |TAMS 0x0000000086e00000, 0x0000000086e00000| Untracked 
| 110|0x0000000086e00000, 0x0000000086f00000, 0x0000000086f00000|100%| O|  |TAMS 0x0000000086e00000, 0x0000000086f00000| Untracked 
| 111|0x0000000086f00000, 0x0000000087000000, 0x0000000087000000|100%| O|  |TAMS 0x0000000087000000, 0x0000000087000000| Untracked 
| 112|0x0000000087000000, 0x0000000087100000, 0x0000000087100000|100%| O|  |TAMS 0x0000000087100000, 0x0000000087100000| Untracked 
| 113|0x0000000087100000, 0x0000000087200000, 0x0000000087200000|100%| O|  |TAMS 0x0000000087200000, 0x0000000087200000| Untracked 
| 114|0x0000000087200000, 0x0000000087300000, 0x0000000087300000|100%| O|  |TAMS 0x0000000087200000, 0x0000000087259200| Untracked 
| 115|0x0000000087300000, 0x0000000087400000, 0x0000000087400000|100%| O|  |TAMS 0x0000000087400000, 0x0000000087400000| Untracked 
| 116|0x0000000087400000, 0x0000000087500000, 0x0000000087500000|100%| O|  |TAMS 0x0000000087400000, 0x0000000087400000| Untracked 
| 117|0x0000000087500000, 0x0000000087600000, 0x0000000087600000|100%| O|  |TAMS 0x0000000087600000, 0x0000000087600000| Untracked 
| 118|0x0000000087600000, 0x0000000087700000, 0x0000000087700000|100%| O|  |TAMS 0x0000000087700000, 0x0000000087700000| Untracked 
| 119|0x0000000087700000, 0x0000000087800000, 0x0000000087800000|100%| O|  |TAMS 0x0000000087800000, 0x0000000087800000| Untracked 
| 120|0x0000000087800000, 0x0000000087900000, 0x0000000087900000|100%| O|  |TAMS 0x0000000087900000, 0x0000000087900000| Untracked 
| 121|0x0000000087900000, 0x0000000087a00000, 0x0000000087a00000|100%| O|  |TAMS 0x0000000087a00000, 0x0000000087a00000| Untracked 
| 122|0x0000000087a00000, 0x0000000087b00000, 0x0000000087b00000|100%| O|  |TAMS 0x0000000087b00000, 0x0000000087b00000| Untracked 
| 123|0x0000000087b00000, 0x0000000087c00000, 0x0000000087c00000|100%| O|  |TAMS 0x0000000087c00000, 0x0000000087c00000| Untracked 
| 124|0x0000000087c00000, 0x0000000087d00000, 0x0000000087d00000|100%| O|  |TAMS 0x0000000087d00000, 0x0000000087d00000| Untracked 
| 125|0x0000000087d00000, 0x0000000087e00000, 0x0000000087e00000|100%| O|  |TAMS 0x0000000087d59e00, 0x0000000087e00000| Untracked 
| 126|0x0000000087e00000, 0x0000000087f00000, 0x0000000087f00000|100%| O|  |TAMS 0x0000000087f00000, 0x0000000087f00000| Untracked 
| 127|0x0000000087f00000, 0x0000000088000000, 0x0000000088000000|100%| O|  |TAMS 0x0000000088000000, 0x0000000088000000| Untracked 
| 128|0x0000000088000000, 0x0000000088100000, 0x0000000088100000|100%| O|  |TAMS 0x0000000088100000, 0x0000000088100000| Untracked 
| 129|0x0000000088100000, 0x0000000088200000, 0x0000000088200000|100%| O|  |TAMS 0x0000000088100000, 0x0000000088100000| Untracked 
| 130|0x0000000088200000, 0x0000000088300000, 0x0000000088300000|100%| O|  |TAMS 0x0000000088300000, 0x0000000088300000| Untracked 
| 131|0x0000000088300000, 0x0000000088400000, 0x0000000088400000|100%| O|  |TAMS 0x0000000088400000, 0x0000000088400000| Untracked 
| 132|0x0000000088400000, 0x0000000088500000, 0x0000000088500000|100%| O|  |TAMS 0x0000000088500000, 0x0000000088500000| Untracked 
| 133|0x0000000088500000, 0x0000000088600000, 0x0000000088600000|100%| O|  |TAMS 0x0000000088600000, 0x0000000088600000| Untracked 
| 134|0x0000000088600000, 0x0000000088700000, 0x0000000088700000|100%| O|  |TAMS 0x0000000088700000, 0x0000000088700000| Untracked 
| 135|0x0000000088700000, 0x0000000088800000, 0x0000000088800000|100%| O|  |TAMS 0x0000000088800000, 0x0000000088800000| Untracked 
| 136|0x0000000088800000, 0x0000000088900000, 0x0000000088900000|100%| O|  |TAMS 0x0000000088900000, 0x0000000088900000| Untracked 
| 137|0x0000000088900000, 0x0000000088a00000, 0x0000000088a00000|100%| O|  |TAMS 0x0000000088a00000, 0x0000000088a00000| Untracked 
| 138|0x0000000088a00000, 0x0000000088b00000, 0x0000000088b00000|100%| O|  |TAMS 0x0000000088a00000, 0x0000000088a00000| Untracked 
| 139|0x0000000088b00000, 0x0000000088c00000, 0x0000000088c00000|100%| O|  |TAMS 0x0000000088b00000, 0x0000000088b00000| Untracked 
| 140|0x0000000088c00000, 0x0000000088d00000, 0x0000000088d00000|100%| O|  |TAMS 0x0000000088c00000, 0x0000000088c00000| Untracked 
| 141|0x0000000088d00000, 0x0000000088e00000, 0x0000000088e00000|100%| O|  |TAMS 0x0000000088d00000, 0x0000000088d00000| Untracked 
| 142|0x0000000088e00000, 0x0000000088f00000, 0x0000000088f00000|100%| O|  |TAMS 0x0000000088e00000, 0x0000000088e00000| Untracked 
| 143|0x0000000088f00000, 0x0000000088f31400, 0x0000000089000000| 19%| O|  |TAMS 0x0000000088f00000, 0x0000000088f00000| Untracked 
| 144|0x0000000089000000, 0x0000000089100000, 0x0000000089100000|100%| O|  |TAMS 0x0000000089100000, 0x0000000089100000| Untracked 
| 145|0x0000000089100000, 0x0000000089200000, 0x0000000089200000|100%| O|  |TAMS 0x0000000089200000, 0x0000000089200000| Untracked 
| 146|0x0000000089200000, 0x0000000089300000, 0x0000000089300000|100%| O|  |TAMS 0x0000000089300000, 0x0000000089300000| Untracked 
| 147|0x0000000089300000, 0x0000000089400000, 0x0000000089400000|100%| O|  |TAMS 0x0000000089400000, 0x0000000089400000| Untracked 
| 148|0x0000000089400000, 0x0000000089500000, 0x0000000089500000|100%| O|  |TAMS 0x0000000089500000, 0x0000000089500000| Untracked 
| 149|0x0000000089500000, 0x0000000089600000, 0x0000000089600000|100%| O|  |TAMS 0x0000000089600000, 0x0000000089600000| Untracked 
| 150|0x0000000089600000, 0x0000000089700000, 0x0000000089700000|100%| O|  |TAMS 0x0000000089700000, 0x0000000089700000| Untracked 
| 151|0x0000000089700000, 0x0000000089800000, 0x0000000089800000|100%| O|  |TAMS 0x0000000089800000, 0x0000000089800000| Untracked 
| 152|0x0000000089800000, 0x0000000089900000, 0x0000000089900000|100%| O|  |TAMS 0x0000000089900000, 0x0000000089900000| Untracked 
| 153|0x0000000089900000, 0x0000000089a00000, 0x0000000089a00000|100%| O|  |TAMS 0x0000000089a00000, 0x0000000089a00000| Untracked 
| 154|0x0000000089a00000, 0x0000000089b00000, 0x0000000089b00000|100%| O|  |TAMS 0x0000000089b00000, 0x0000000089b00000| Untracked 
| 155|0x0000000089b00000, 0x0000000089c00000, 0x0000000089c00000|100%| O|  |TAMS 0x0000000089c00000, 0x0000000089c00000| Untracked 
| 156|0x0000000089c00000, 0x0000000089d00000, 0x0000000089d00000|100%| O|  |TAMS 0x0000000089d00000, 0x0000000089d00000| Untracked 
| 157|0x0000000089d00000, 0x0000000089e00000, 0x0000000089e00000|100%| O|  |TAMS 0x0000000089e00000, 0x0000000089e00000| Untracked 
| 158|0x0000000089e00000, 0x0000000089f00000, 0x0000000089f00000|100%| O|  |TAMS 0x0000000089f00000, 0x0000000089f00000| Untracked 
| 159|0x0000000089f00000, 0x000000008a000000, 0x000000008a000000|100%| O|  |TAMS 0x000000008a000000, 0x000000008a000000| Untracked 
| 160|0x000000008a000000, 0x000000008a100000, 0x000000008a100000|100%| O|  |TAMS 0x000000008a100000, 0x000000008a100000| Untracked 
| 161|0x000000008a100000, 0x000000008a200000, 0x000000008a200000|100%| O|  |TAMS 0x000000008a200000, 0x000000008a200000| Untracked 
| 162|0x000000008a200000, 0x000000008a200000, 0x000000008a300000|  0%| F|  |TAMS 0x000000008a200000, 0x000000008a200000| Untracked 
| 163|0x000000008a300000, 0x000000008a400000, 0x000000008a400000|100%| O|  |TAMS 0x000000008a400000, 0x000000008a400000| Untracked 
| 164|0x000000008a400000, 0x000000008a500000, 0x000000008a500000|100%| O|  |TAMS 0x000000008a500000, 0x000000008a500000| Untracked 
| 165|0x000000008a500000, 0x000000008a600000, 0x000000008a600000|100%| O|  |TAMS 0x000000008a600000, 0x000000008a600000| Untracked 
| 166|0x000000008a600000, 0x000000008a700000, 0x000000008a700000|100%| O|  |TAMS 0x000000008a700000, 0x000000008a700000| Untracked 
| 167|0x000000008a700000, 0x000000008a800000, 0x000000008a800000|100%| O|  |TAMS 0x000000008a800000, 0x000000008a800000| Untracked 
| 168|0x000000008a800000, 0x000000008a900000, 0x000000008a900000|100%| O|  |TAMS 0x000000008a900000, 0x000000008a900000| Untracked 
| 169|0x000000008a900000, 0x000000008aa00000, 0x000000008aa00000|100%| O|  |TAMS 0x000000008aa00000, 0x000000008aa00000| Untracked 
| 170|0x000000008aa00000, 0x000000008ab00000, 0x000000008ab00000|100%| O|  |TAMS 0x000000008ab00000, 0x000000008ab00000| Untracked 
| 171|0x000000008ab00000, 0x000000008ac00000, 0x000000008ac00000|100%| O|  |TAMS 0x000000008ac00000, 0x000000008ac00000| Untracked 
| 172|0x000000008ac00000, 0x000000008ac00000, 0x000000008ad00000|  0%| F|  |TAMS 0x000000008ac00000, 0x000000008ac00000| Untracked 
| 173|0x000000008ad00000, 0x000000008ae00000, 0x000000008ae00000|100%| O|  |TAMS 0x000000008ae00000, 0x000000008ae00000| Untracked 
| 174|0x000000008ae00000, 0x000000008af00000, 0x000000008af00000|100%| O|  |TAMS 0x000000008af00000, 0x000000008af00000| Untracked 
| 175|0x000000008af00000, 0x000000008b000000, 0x000000008b000000|100%| O|  |TAMS 0x000000008b000000, 0x000000008b000000| Untracked 
| 176|0x000000008b000000, 0x000000008b100000, 0x000000008b100000|100%| O|  |TAMS 0x000000008b100000, 0x000000008b100000| Untracked 
| 177|0x000000008b100000, 0x000000008b200000, 0x000000008b200000|100%| O|  |TAMS 0x000000008b200000, 0x000000008b200000| Untracked 
| 178|0x000000008b200000, 0x000000008b300000, 0x000000008b300000|100%| O|  |TAMS 0x000000008b300000, 0x000000008b300000| Untracked 
| 179|0x000000008b300000, 0x000000008b300000, 0x000000008b400000|  0%| F|  |TAMS 0x000000008b300000, 0x000000008b300000| Untracked 
| 180|0x000000008b400000, 0x000000008b500000, 0x000000008b500000|100%| O|  |TAMS 0x000000008b500000, 0x000000008b500000| Untracked 
| 181|0x000000008b500000, 0x000000008b600000, 0x000000008b600000|100%| O|  |TAMS 0x000000008b500000, 0x000000008b600000| Untracked 
| 182|0x000000008b600000, 0x000000008b700000, 0x000000008b700000|100%| O|  |TAMS 0x000000008b600000, 0x000000008b700000| Untracked 
| 183|0x000000008b700000, 0x000000008b800000, 0x000000008b800000|100%| O|  |TAMS 0x000000008b700000, 0x000000008b800000| Untracked 
| 184|0x000000008b800000, 0x000000008b900000, 0x000000008b900000|100%| O|  |TAMS 0x000000008b800000, 0x000000008b900000| Untracked 
| 185|0x000000008b900000, 0x000000008ba00000, 0x000000008ba00000|100%| O|  |TAMS 0x000000008b900000, 0x000000008ba00000| Untracked 
| 186|0x000000008ba00000, 0x000000008bb00000, 0x000000008bb00000|100%| O|  |TAMS 0x000000008ba00000, 0x000000008bb00000| Untracked 
| 187|0x000000008bb00000, 0x000000008bc00000, 0x000000008bc00000|100%| O|  |TAMS 0x000000008bb00000, 0x000000008bc00000| Untracked 
| 188|0x000000008bc00000, 0x000000008bd00000, 0x000000008bd00000|100%| O|  |TAMS 0x000000008bc00000, 0x000000008bd00000| Untracked 
| 189|0x000000008bd00000, 0x000000008be00000, 0x000000008be00000|100%| O|  |TAMS 0x000000008bd00000, 0x000000008be00000| Untracked 
| 190|0x000000008be00000, 0x000000008bf00000, 0x000000008bf00000|100%| O|  |TAMS 0x000000008be00000, 0x000000008bf00000| Untracked 
| 191|0x000000008bf00000, 0x000000008c000000, 0x000000008c000000|100%| O|  |TAMS 0x000000008bf00000, 0x000000008c000000| Untracked 
| 192|0x000000008c000000, 0x000000008c100000, 0x000000008c100000|100%| O|  |TAMS 0x000000008c000000, 0x000000008c100000| Untracked 
| 193|0x000000008c100000, 0x000000008c200000, 0x000000008c200000|100%| O|  |TAMS 0x000000008c100000, 0x000000008c200000| Untracked 
| 194|0x000000008c200000, 0x000000008c300000, 0x000000008c300000|100%| O|  |TAMS 0x000000008c200000, 0x000000008c300000| Untracked 
| 195|0x000000008c300000, 0x000000008c400000, 0x000000008c400000|100%| O|  |TAMS 0x000000008c300000, 0x000000008c400000| Untracked 
| 196|0x000000008c400000, 0x000000008c500000, 0x000000008c500000|100%| O|  |TAMS 0x000000008c400000, 0x000000008c500000| Untracked 
| 197|0x000000008c500000, 0x000000008c600000, 0x000000008c600000|100%| O|  |TAMS 0x000000008c500000, 0x000000008c600000| Untracked 
| 198|0x000000008c600000, 0x000000008c700000, 0x000000008c700000|100%| O|  |TAMS 0x000000008c600000, 0x000000008c700000| Untracked 
| 199|0x000000008c700000, 0x000000008c800000, 0x000000008c800000|100%| O|  |TAMS 0x000000008c700000, 0x000000008c800000| Untracked 
| 200|0x000000008c800000, 0x000000008c900000, 0x000000008c900000|100%| O|  |TAMS 0x000000008c800000, 0x000000008c900000| Untracked 
| 201|0x000000008c900000, 0x000000008ca00000, 0x000000008ca00000|100%| O|  |TAMS 0x000000008c900000, 0x000000008ca00000| Untracked 
| 202|0x000000008ca00000, 0x000000008cb00000, 0x000000008cb00000|100%| O|  |TAMS 0x000000008ca00000, 0x000000008cb00000| Untracked 
| 203|0x000000008cb00000, 0x000000008cc00000, 0x000000008cc00000|100%| O|  |TAMS 0x000000008cb00000, 0x000000008cc00000| Untracked 
| 204|0x000000008cc00000, 0x000000008cd00000, 0x000000008cd00000|100%| O|  |TAMS 0x000000008cc00000, 0x000000008cd00000| Untracked 
| 205|0x000000008cd00000, 0x000000008ce00000, 0x000000008ce00000|100%| O|  |TAMS 0x000000008cd00000, 0x000000008ce00000| Untracked 
| 206|0x000000008ce00000, 0x000000008ce00000, 0x000000008cf00000|  0%| F|  |TAMS 0x000000008ce00000, 0x000000008ce00000| Untracked 
| 207|0x000000008cf00000, 0x000000008cf00000, 0x000000008d000000|  0%| F|  |TAMS 0x000000008cf00000, 0x000000008cf00000| Untracked 
| 208|0x000000008d000000, 0x000000008d000000, 0x000000008d100000|  0%| F|  |TAMS 0x000000008d000000, 0x000000008d000000| Untracked 
| 209|0x000000008d100000, 0x000000008d100000, 0x000000008d200000|  0%| F|  |TAMS 0x000000008d100000, 0x000000008d100000| Untracked 
| 210|0x000000008d200000, 0x000000008d200000, 0x000000008d300000|  0%| F|  |TAMS 0x000000008d200000, 0x000000008d200000| Untracked 
| 211|0x000000008d300000, 0x000000008d300000, 0x000000008d400000|  0%| F|  |TAMS 0x000000008d300000, 0x000000008d300000| Untracked 
| 212|0x000000008d400000, 0x000000008d400000, 0x000000008d500000|  0%| F|  |TAMS 0x000000008d400000, 0x000000008d400000| Untracked 
| 213|0x000000008d500000, 0x000000008d500000, 0x000000008d600000|  0%| F|  |TAMS 0x000000008d500000, 0x000000008d500000| Untracked 
| 214|0x000000008d600000, 0x000000008d600000, 0x000000008d700000|  0%| F|  |TAMS 0x000000008d600000, 0x000000008d600000| Untracked 
| 215|0x000000008d700000, 0x000000008d700000, 0x000000008d800000|  0%| F|  |TAMS 0x000000008d700000, 0x000000008d700000| Untracked 
| 216|0x000000008d800000, 0x000000008d800000, 0x000000008d900000|  0%| F|  |TAMS 0x000000008d800000, 0x000000008d800000| Untracked 
| 217|0x000000008d900000, 0x000000008d900000, 0x000000008da00000|  0%| F|  |TAMS 0x000000008d900000, 0x000000008d900000| Untracked 
| 218|0x000000008da00000, 0x000000008da00000, 0x000000008db00000|  0%| F|  |TAMS 0x000000008da00000, 0x000000008da00000| Untracked 
| 219|0x000000008db00000, 0x000000008db00000, 0x000000008dc00000|  0%| F|  |TAMS 0x000000008db00000, 0x000000008db00000| Untracked 
| 220|0x000000008dc00000, 0x000000008dc00000, 0x000000008dd00000|  0%| F|  |TAMS 0x000000008dc00000, 0x000000008dc00000| Untracked 
| 221|0x000000008dd00000, 0x000000008dd00000, 0x000000008de00000|  0%| F|  |TAMS 0x000000008dd00000, 0x000000008dd00000| Untracked 
| 222|0x000000008de00000, 0x000000008de00000, 0x000000008df00000|  0%| F|  |TAMS 0x000000008de00000, 0x000000008de00000| Untracked 
| 223|0x000000008df00000, 0x000000008df00000, 0x000000008e000000|  0%| F|  |TAMS 0x000000008df00000, 0x000000008df00000| Untracked 
| 224|0x000000008e000000, 0x000000008e000000, 0x000000008e100000|  0%| F|  |TAMS 0x000000008e000000, 0x000000008e000000| Untracked 
| 225|0x000000008e100000, 0x000000008e100000, 0x000000008e200000|  0%| F|  |TAMS 0x000000008e100000, 0x000000008e100000| Untracked 
| 226|0x000000008e200000, 0x000000008e200000, 0x000000008e300000|  0%| F|  |TAMS 0x000000008e200000, 0x000000008e200000| Untracked 
| 227|0x000000008e300000, 0x000000008e300000, 0x000000008e400000|  0%| F|  |TAMS 0x000000008e300000, 0x000000008e300000| Untracked 
| 228|0x000000008e400000, 0x000000008e400000, 0x000000008e500000|  0%| F|  |TAMS 0x000000008e400000, 0x000000008e400000| Untracked 
| 229|0x000000008e500000, 0x000000008e500000, 0x000000008e600000|  0%| F|  |TAMS 0x000000008e500000, 0x000000008e500000| Untracked 
| 230|0x000000008e600000, 0x000000008e600000, 0x000000008e700000|  0%| F|  |TAMS 0x000000008e600000, 0x000000008e600000| Untracked 
| 231|0x000000008e700000, 0x000000008e700000, 0x000000008e800000|  0%| F|  |TAMS 0x000000008e700000, 0x000000008e700000| Untracked 
| 232|0x000000008e800000, 0x000000008e800000, 0x000000008e900000|  0%| F|  |TAMS 0x000000008e800000, 0x000000008e800000| Untracked 
| 233|0x000000008e900000, 0x000000008e900000, 0x000000008ea00000|  0%| F|  |TAMS 0x000000008e900000, 0x000000008e900000| Untracked 
| 234|0x000000008ea00000, 0x000000008ea00000, 0x000000008eb00000|  0%| F|  |TAMS 0x000000008ea00000, 0x000000008ea00000| Untracked 
| 235|0x000000008eb00000, 0x000000008ec00000, 0x000000008ec00000|100%| S|CS|TAMS 0x000000008eb00000, 0x000000008eb00000| Complete 
| 236|0x000000008ec00000, 0x000000008ed00000, 0x000000008ed00000|100%| S|CS|TAMS 0x000000008ec00000, 0x000000008ec00000| Complete 
| 237|0x000000008ed00000, 0x000000008ee00000, 0x000000008ee00000|100%| S|CS|TAMS 0x000000008ed00000, 0x000000008ed00000| Complete 
| 238|0x000000008ee00000, 0x000000008ee00000, 0x000000008ef00000|  0%| F|  |TAMS 0x000000008ee00000, 0x000000008ee00000| Untracked 
| 239|0x000000008ef00000, 0x000000008ef00000, 0x000000008f000000|  0%| F|  |TAMS 0x000000008ef00000, 0x000000008ef00000| Untracked 
| 240|0x000000008f000000, 0x000000008f000000, 0x000000008f100000|  0%| F|  |TAMS 0x000000008f000000, 0x000000008f000000| Untracked 
| 241|0x000000008f100000, 0x000000008f100000, 0x000000008f200000|  0%| F|  |TAMS 0x000000008f100000, 0x000000008f100000| Untracked 
| 242|0x000000008f200000, 0x000000008f200000, 0x000000008f300000|  0%| F|  |TAMS 0x000000008f200000, 0x000000008f200000| Untracked 
| 243|0x000000008f300000, 0x000000008f300000, 0x000000008f400000|  0%| F|  |TAMS 0x000000008f300000, 0x000000008f300000| Untracked 
| 244|0x000000008f400000, 0x000000008f400000, 0x000000008f500000|  0%| F|  |TAMS 0x000000008f400000, 0x000000008f400000| Untracked 
| 245|0x000000008f500000, 0x000000008f500000, 0x000000008f600000|  0%| F|  |TAMS 0x000000008f500000, 0x000000008f500000| Untracked 
| 246|0x000000008f600000, 0x000000008f600000, 0x000000008f700000|  0%| F|  |TAMS 0x000000008f600000, 0x000000008f600000| Untracked 
| 247|0x000000008f700000, 0x000000008f700000, 0x000000008f800000|  0%| F|  |TAMS 0x000000008f700000, 0x000000008f700000| Untracked 
| 248|0x000000008f800000, 0x000000008f800000, 0x000000008f900000|  0%| F|  |TAMS 0x000000008f800000, 0x000000008f800000| Untracked 
| 249|0x000000008f900000, 0x000000008f900000, 0x000000008fa00000|  0%| F|  |TAMS 0x000000008f900000, 0x000000008f900000| Untracked 
| 250|0x000000008fa00000, 0x000000008fa00000, 0x000000008fb00000|  0%| F|  |TAMS 0x000000008fa00000, 0x000000008fa00000| Untracked 
| 251|0x000000008fb00000, 0x000000008fb00000, 0x000000008fc00000|  0%| F|  |TAMS 0x000000008fb00000, 0x000000008fb00000| Untracked 
| 252|0x000000008fc00000, 0x000000008fc00000, 0x000000008fd00000|  0%| F|  |TAMS 0x000000008fc00000, 0x000000008fc00000| Untracked 
| 253|0x000000008fd00000, 0x000000008fd00000, 0x000000008fe00000|  0%| F|  |TAMS 0x000000008fd00000, 0x000000008fd00000| Untracked 
| 254|0x000000008fe00000, 0x000000008fe00000, 0x000000008ff00000|  0%| F|  |TAMS 0x000000008fe00000, 0x000000008fe00000| Untracked 
| 255|0x000000008ff00000, 0x000000008ff00000, 0x0000000090000000|  0%| F|  |TAMS 0x000000008ff00000, 0x000000008ff00000| Untracked 

Card table byte_map: [0x000001dc62ff0000,0x000001dc633f0000] _byte_map_base: 0x000001dc62bf0000

Marking Bits (Prev, Next): (CMBitMap*) 0x000001dc4fdfe620, (CMBitMap*) 0x000001dc4fdfe5e8
 Prev Bits: [0x000001dc657f0000, 0x000001dc677f0000)
 Next Bits: [0x000001dc637f0000, 0x000001dc657f0000)

Polling page: 0x000001dc4ddc0000

Metaspace:

Usage:
  Non-class:     95.45 MB capacity,    93.53 MB ( 98%) used,     1.59 MB (  2%) free+waste,   338.94 KB ( <1%) overhead. 
      Class:     14.84 MB capacity,    13.75 MB ( 93%) used,   962.23 KB (  6%) free+waste,   154.25 KB (  1%) overhead. 
       Both:    110.28 MB capacity,   107.28 MB ( 97%) used,     2.53 MB (  2%) free+waste,   493.19 KB ( <1%) overhead. 

Virtual space:
  Non-class space:       96.00 MB reserved,      95.54 MB (>99%) committed 
      Class space:        1.00 GB reserved,      14.88 MB (  1%) committed 
             Both:        1.09 GB reserved,     110.41 MB ( 10%) committed 

Chunk freelists:
   Non-Class:  25.00 KB
       Class:  40.00 KB
        Both:  65.00 KB

MaxMetaspaceSize: 17179869184.00 GB
CompressedClassSpaceSize: 1.00 GB

CodeHeap 'non-profiled nmethods': size=120000Kb used=8993Kb max_used=8993Kb free=111006Kb
 bounds [0x000001dc5b390000, 0x000001dc5bc60000, 0x000001dc628c0000]
CodeHeap 'profiled nmethods': size=120000Kb used=32332Kb max_used=32332Kb free=87667Kb
 bounds [0x000001dc53e60000, 0x000001dc55e00000, 0x000001dc5b390000]
CodeHeap 'non-nmethods': size=5760Kb used=2332Kb max_used=2411Kb free=3427Kb
 bounds [0x000001dc538c0000, 0x000001dc53b30000, 0x000001dc53e60000]
 total_blobs=15138 nmethods=14198 adapters=851
 compilation: enabled
              stopped_count=0, restarted_count=0
 full_count=0

Compilation events (20 events):
Event: 160.345 Thread 0x000001dc6d92e800 nmethod 14206 0x000001dc5bc56590 code [0x000001dc5bc56740, 0x000001dc5bc56af8]
Event: 160.345 Thread 0x000001dc6d92e800 14247       4       com.android.tools.r8.internal.R71::<init> (84 bytes)
Event: 160.346 Thread 0x000001dc6d92e800 nmethod 14247 0x000001dc5bc56c90 code [0x000001dc5bc56e20, 0x000001dc5bc56f78]
Event: 160.346 Thread 0x000001dc6d92e800 14264       4       com.android.tools.r8.internal.zD0::e (2 bytes)
Event: 160.347 Thread 0x000001dc6d92e800 nmethod 14264 0x000001dc5bc57010 code [0x000001dc5bc571a0, 0x000001dc5bc571f8]
Event: 160.347 Thread 0x000001dc6d92e800 14144       4       java.util.Map::computeIfAbsent (45 bytes)
Event: 160.348 Thread 0x000001dc6ab2f800 14330       3       com.android.tools.r8.internal.aD0::<init> (10 bytes)
Event: 160.349 Thread 0x000001dc6ab2f800 nmethod 14330 0x000001dc55def610 code [0x000001dc55def7c0, 0x000001dc55def9d8]
Event: 160.360 Thread 0x000001dc6d92e800 nmethod 14144 0x000001dc5bc57290 code [0x000001dc5bc574a0, 0x000001dc5bc57e30]
Event: 160.360 Thread 0x000001dc6d92e800 14134       4       com.android.tools.r8.internal.sr1::b (98 bytes)
Event: 160.363 Thread 0x000001dc6ab2f800 14332       3       com.android.tools.r8.graph.n2::a (20 bytes)
Event: 160.363 Thread 0x000001dc6ab2f800 nmethod 14332 0x000001dc55defb10 code [0x000001dc55defce0, 0x000001dc55df0028]
Event: 160.372 Thread 0x000001dc6ab2f800 14335       3       com.android.tools.r8.internal.la1$$Lambda$1567/0x0000000100be3440::apply (16 bytes)
Event: 160.372 Thread 0x000001dc6ab2f800 nmethod 14335 0x000001dc55df0190 code [0x000001dc55df0360, 0x000001dc55df0688]
Event: 160.372 Thread 0x000001dc6ab2f800 14336       3       com.android.tools.r8.internal.la1::a (9 bytes)
Event: 160.372 Thread 0x000001dc6ab2f800 nmethod 14336 0x000001dc55df0790 code [0x000001dc55df0940, 0x000001dc55df0ae8]
Event: 160.377 Thread 0x000001dc6ab2f800 14338       3       com.android.tools.r8.graph.p0::a (53 bytes)
Event: 160.378 Thread 0x000001dc6ab2f800 nmethod 14338 0x000001dc55df0b90 code [0x000001dc55df0f00, 0x000001dc55df2348]
Event: 160.378 Thread 0x000001dc6ab2f800 14339       3       com.android.tools.r8.internal.ZC0::<init> (34 bytes)
Event: 160.379 Thread 0x000001dc6ab2f800 nmethod 14339 0x000001dc55df2b90 code [0x000001dc55df2d60, 0x000001dc55df2f98]

GC Heap History (20 events):
Event: 159.786 GC heap after
{Heap after GC invocations=23 (full 0):
 garbage-first heap   total 262144K, used 174758K [0x0000000080000000, 0x0000000100000000)
  region size 1024K, 7 young (7168K), 7 survivors (7168K)
 Metaspace       used 107764K, capacity 110791K, committed 111012K, reserved 1144832K
  class space    used 13783K, capacity 14889K, committed 14976K, reserved 1048576K
}
Event: 159.850 GC heap before
{Heap before GC invocations=24 (full 0):
 garbage-first heap   total 262144K, used 214694K [0x0000000080000000, 0x0000000100000000)
  region size 1024K, 46 young (47104K), 7 survivors (7168K)
 Metaspace       used 108032K, capacity 111103K, committed 111396K, reserved 1146880K
  class space    used 13811K, capacity 14927K, committed 15104K, reserved 1048576K
}
Event: 159.859 GC heap after
{Heap after GC invocations=25 (full 0):
 garbage-first heap   total 262144K, used 183296K [0x0000000080000000, 0x0000000100000000)
  region size 1024K, 6 young (6144K), 6 survivors (6144K)
 Metaspace       used 108032K, capacity 111103K, committed 111396K, reserved 1146880K
  class space    used 13811K, capacity 14927K, committed 15104K, reserved 1048576K
}
Event: 159.868 GC heap before
{Heap before GC invocations=25 (full 0):
 garbage-first heap   total 262144K, used 189440K [0x0000000080000000, 0x0000000100000000)
  region size 1024K, 12 young (12288K), 6 survivors (6144K)
 Metaspace       used 108049K, capacity 111103K, committed 111396K, reserved 1146880K
  class space    used 13814K, capacity 14927K, committed 15104K, reserved 1048576K
}
Event: 159.875 GC heap after
{Heap after GC invocations=26 (full 0):
 garbage-first heap   total 262144K, used 184340K [0x0000000080000000, 0x0000000100000000)
  region size 1024K, 2 young (2048K), 2 survivors (2048K)
 Metaspace       used 108049K, capacity 111103K, committed 111396K, reserved 1146880K
  class space    used 13814K, capacity 14927K, committed 15104K, reserved 1048576K
}
Event: 159.956 GC heap before
{Heap before GC invocations=26 (full 0):
 garbage-first heap   total 262144K, used 217108K [0x0000000080000000, 0x0000000100000000)
  region size 1024K, 34 young (34816K), 2 survivors (2048K)
 Metaspace       used 108619K, capacity 111686K, committed 111908K, reserved 1146880K
  class space    used 13889K, capacity 14993K, committed 15104K, reserved 1048576K
}
Event: 159.964 GC heap after
{Heap after GC invocations=27 (full 0):
 garbage-first heap   total 262144K, used 189799K [0x0000000080000000, 0x0000000100000000)
  region size 1024K, 5 young (5120K), 5 survivors (5120K)
 Metaspace       used 108619K, capacity 111686K, committed 111908K, reserved 1146880K
  class space    used 13889K, capacity 14993K, committed 15104K, reserved 1048576K
}
Event: 160.034 GC heap before
{Heap before GC invocations=27 (full 0):
 garbage-first heap   total 262144K, used 219495K [0x0000000080000000, 0x0000000100000000)
  region size 1024K, 34 young (34816K), 5 survivors (5120K)
 Metaspace       used 108901K, capacity 111974K, committed 112164K, reserved 1146880K
  class space    used 13917K, capacity 15025K, committed 15104K, reserved 1048576K
}
Event: 160.043 GC heap after
{Heap after GC invocations=28 (full 0):
 garbage-first heap   total 262144K, used 195422K [0x0000000080000000, 0x0000000100000000)
  region size 1024K, 5 young (5120K), 5 survivors (5120K)
 Metaspace       used 108901K, capacity 111974K, committed 112164K, reserved 1146880K
  class space    used 13917K, capacity 15025K, committed 15104K, reserved 1048576K
}
Event: 160.174 GC heap before
{Heap before GC invocations=28 (full 0):
 garbage-first heap   total 262144K, used 221022K [0x0000000080000000, 0x0000000100000000)
  region size 1024K, 31 young (31744K), 5 survivors (5120K)
 Metaspace       used 109286K, capacity 112349K, committed 112804K, reserved 1146880K
  class space    used 13976K, capacity 15088K, committed 15232K, reserved 1048576K
}
Event: 160.183 GC heap after
{Heap after GC invocations=29 (full 0):
 garbage-first heap   total 262144K, used 200823K [0x0000000080000000, 0x0000000100000000)
  region size 1024K, 4 young (4096K), 4 survivors (4096K)
 Metaspace       used 109286K, capacity 112349K, committed 112804K, reserved 1146880K
  class space    used 13976K, capacity 15088K, committed 15232K, reserved 1048576K
}
Event: 160.225 GC heap before
{Heap before GC invocations=30 (full 0):
 garbage-first heap   total 262144K, used 223351K [0x0000000080000000, 0x0000000100000000)
  region size 1024K, 26 young (26624K), 4 survivors (4096K)
 Metaspace       used 109447K, capacity 112550K, committed 112804K, reserved 1146880K
  class space    used 14005K, capacity 15114K, committed 15232K, reserved 1048576K
}
Event: 160.234 GC heap after
{Heap after GC invocations=31 (full 0):
 garbage-first heap   total 262144K, used 205824K [0x0000000080000000, 0x0000000100000000)
  region size 1024K, 4 young (4096K), 4 survivors (4096K)
 Metaspace       used 109447K, capacity 112550K, committed 112804K, reserved 1146880K
  class space    used 14005K, capacity 15114K, committed 15232K, reserved 1048576K
}
Event: 160.243 GC heap before
{Heap before GC invocations=31 (full 0):
 garbage-first heap   total 262144K, used 214016K [0x0000000080000000, 0x0000000100000000)
  region size 1024K, 12 young (12288K), 4 survivors (4096K)
 Metaspace       used 109447K, capacity 112550K, committed 112804K, reserved 1146880K
  class space    used 14005K, capacity 15114K, committed 15232K, reserved 1048576K
}
Event: 160.254 GC heap after
{Heap after GC invocations=32 (full 0):
 garbage-first heap   total 262144K, used 197992K [0x0000000080000000, 0x0000000100000000)
  region size 1024K, 2 young (2048K), 2 survivors (2048K)
 Metaspace       used 109447K, capacity 112550K, committed 112804K, reserved 1146880K
  class space    used 14005K, capacity 15114K, committed 15232K, reserved 1048576K
}
Event: 160.285 GC heap before
{Heap before GC invocations=32 (full 0):
 garbage-first heap   total 262144K, used 220520K [0x0000000080000000, 0x0000000100000000)
  region size 1024K, 24 young (24576K), 2 survivors (2048K)
 Metaspace       used 109509K, capacity 112598K, committed 112804K, reserved 1146880K
  class space    used 14007K, capacity 15148K, committed 15232K, reserved 1048576K
}
Event: 160.292 GC heap after
{Heap after GC invocations=33 (full 0):
 garbage-first heap   total 262144K, used 202084K [0x0000000080000000, 0x0000000100000000)
  region size 1024K, 3 young (3072K), 3 survivors (3072K)
 Metaspace       used 109509K, capacity 112598K, committed 112804K, reserved 1146880K
  class space    used 14007K, capacity 15148K, committed 15232K, reserved 1048576K
}
Event: 160.336 GC heap before
{Heap before GC invocations=33 (full 0):
 garbage-first heap   total 262144K, used 223588K [0x0000000080000000, 0x0000000100000000)
  region size 1024K, 24 young (24576K), 3 survivors (3072K)
 Metaspace       used 109538K, capacity 112678K, committed 112804K, reserved 1146880K
  class space    used 14009K, capacity 15151K, committed 15232K, reserved 1048576K
}
Event: 160.342 GC heap after
{Heap after GC invocations=34 (full 0):
 garbage-first heap   total 262144K, used 206374K [0x0000000080000000, 0x0000000100000000)
  region size 1024K, 3 young (3072K), 3 survivors (3072K)
 Metaspace       used 109538K, capacity 112678K, committed 112804K, reserved 1146880K
  class space    used 14009K, capacity 15151K, committed 15232K, reserved 1048576K
}
Event: 160.380 GC heap before
{Heap before GC invocations=34 (full 0):
 garbage-first heap   total 262144K, used 224806K [0x0000000080000000, 0x0000000100000000)
  region size 1024K, 21 young (21504K), 3 survivors (3072K)
 Metaspace       used 109850K, capacity 112931K, committed 113060K, reserved 1146880K
  class space    used 14075K, capacity 15192K, committed 15232K, reserved 1048576K
}

Deoptimization events (20 events):
Event: 160.194 Thread 0x000001dc7096a800 Uncommon trap: trap_request=0xffffff4d fr.pc=0x000001dc5bc05d60 relative=0x0000000000000a80
Event: 160.194 Thread 0x000001dc7096a800 Uncommon trap: reason=unstable_if action=reinterpret pc=0x000001dc5bc05d60 method=com.android.tools.r8.graph.x1.f()V @ 146 c2
Event: 160.194 Thread 0x000001dc7096a800 DEOPT PACKING pc=0x000001dc5bc05d60 sp=0x000000a1f3ef9660
Event: 160.194 Thread 0x000001dc7096a800 DEOPT UNPACKING pc=0x000001dc538e662f sp=0x000000a1f3ef9650 mode 2
Event: 160.197 Thread 0x000001dc6e7ca000 DEOPT PACKING pc=0x000001dc55d1f907 sp=0x000000a1f39f9510
Event: 160.197 Thread 0x000001dc6e7ca000 DEOPT UNPACKING pc=0x000001dc538e6dde sp=0x000000a1f39f8a30 mode 0
Event: 160.204 Thread 0x000001dc6e7bf800 DEOPT PACKING pc=0x000001dc55d0276a sp=0x000000a1f31f92a0
Event: 160.204 Thread 0x000001dc6e7bf800 DEOPT UNPACKING pc=0x000001dc538e6dde sp=0x000000a1f31f8a28 mode 0
Event: 160.206 Thread 0x000001dc6e7bf800 DEOPT PACKING pc=0x000001dc55d1dbb8 sp=0x000000a1f31f9020
Event: 160.206 Thread 0x000001dc6e7bf800 DEOPT UNPACKING pc=0x000001dc538e6dde sp=0x000000a1f31f84d8 mode 0
Event: 160.255 Thread 0x000001dc7096a800 DEOPT PACKING pc=0x000001dc55d0276a sp=0x000000a1f3ef9570
Event: 160.255 Thread 0x000001dc7096a800 DEOPT UNPACKING pc=0x000001dc538e6dde sp=0x000000a1f3ef8cf8 mode 0
Event: 160.255 Thread 0x000001dc7096a800 DEOPT PACKING pc=0x000001dc55d1f907 sp=0x000000a1f3ef9470
Event: 160.255 Thread 0x000001dc7096a800 DEOPT UNPACKING pc=0x000001dc538e6dde sp=0x000000a1f3ef8990 mode 0
Event: 160.265 Thread 0x000001dc7096a800 DEOPT PACKING pc=0x000001dc55d0276a sp=0x000000a1f3ef9570
Event: 160.265 Thread 0x000001dc7096a800 DEOPT UNPACKING pc=0x000001dc538e6dde sp=0x000000a1f3ef8cf8 mode 0
Event: 160.268 Thread 0x000001dc70c0b800 DEOPT PACKING pc=0x000001dc55d0276a sp=0x000000a1f0ff8840
Event: 160.268 Thread 0x000001dc70c0b800 DEOPT UNPACKING pc=0x000001dc538e6dde sp=0x000000a1f0ff7fc8 mode 0
Event: 160.295 Thread 0x000001dc70c0b800 DEOPT PACKING pc=0x000001dc55dd60b4 sp=0x000000a1f0ff9ef0
Event: 160.296 Thread 0x000001dc70c0b800 DEOPT UNPACKING pc=0x000001dc538e6dde sp=0x000000a1f0ff91f0 mode 0

Classes redefined (0 events):
No events

Internal exceptions (20 events):
Event: 158.532 Thread 0x000001dc70971000 Exception <a 'java/lang/NoSuchMethodError'{0x000000008bedf2c8}: <clinit>> (0x000000008bedf2c8) thrown at [./src/hotspot/share/prims/jni.cpp, line 1362]
Event: 158.533 Thread 0x000001dc70971000 Exception <a 'java/lang/NoSuchMethodError'{0x000000008bef8ad0}: <clinit>> (0x000000008bef8ad0) thrown at [./src/hotspot/share/prims/jni.cpp, line 1362]
Event: 158.534 Thread 0x000001dc70971000 Exception <a 'java/lang/NoSuchMethodError'{0x000000008bd1ed08}: <clinit>> (0x000000008bd1ed08) thrown at [./src/hotspot/share/prims/jni.cpp, line 1362]
Event: 158.544 Thread 0x000001dc71a74800 Exception <a 'java/lang/NoSuchMethodError'{0x000000008bdfac28}: <clinit>> (0x000000008bdfac28) thrown at [./src/hotspot/share/prims/jni.cpp, line 1362]
Event: 158.544 Thread 0x000001dc7096f800 Exception <a 'java/lang/NoSuchMethodError'{0x000000008bdf0790}: 'java.lang.Object java.lang.invoke.DirectMethodHandle$Holder.invokeInterface(java.lang.Object, java.lang.Object, int)'> (0x000000008bdf0790) thrown at [./src/hotspot/share/interpreter/linkResolver.cpp, line 773]
Event: 158.545 Thread 0x000001dc7096f800 Exception <a 'java/lang/NoSuchMethodError'{0x000000008bc153e0}: 'void java.lang.invoke.DirectMethodHandle$Holder.invokeStatic(java.lang.Object, java.lang.Object, java.lang.Object, int)'> (0x000000008bc153e0) thrown at [./src/hotspot/share/interpreter/linkResolver.cpp, line 773]
Event: 159.369 Thread 0x000001dc70c13800 Implicit null exception at 0x000001dc5bbbf232 to 0x000001dc5bbbf5fc
Event: 159.529 Thread 0x000001dc70c1c800 Exception <a 'sun/nio/fs/WindowsException'{0x000000008b8572e0}> (0x000000008b8572e0) thrown at [./src/hotspot/share/prims/jni.cpp, line 615]
Event: 159.548 Thread 0x000001dc6e7bf800 Exception <a 'sun/nio/fs/WindowsException'{0x000000008f8c6960}> (0x000000008f8c6960) thrown at [./src/hotspot/share/prims/jni.cpp, line 615]
Event: 159.580 Thread 0x000001dc70c1c800 Exception <a 'java/lang/IncompatibleClassChangeError'{0x000000008d772620}: Found class java.lang.Object, but interface was expected> (0x000000008d772620) thrown at [./src/hotspot/share/interpreter/linkResolver.cpp, line 839]
Event: 159.580 Thread 0x000001dc6e7bf800 Exception <a 'java/lang/IncompatibleClassChangeError'{0x000000008d7990e8}: Found class java.lang.Object, but interface was expected> (0x000000008d7990e8) thrown at [./src/hotspot/share/interpreter/linkResolver.cpp, line 839]
Event: 159.585 Thread 0x000001dc72417800 Exception <a 'sun/nio/fs/WindowsException'{0x000000008d032410}> (0x000000008d032410) thrown at [./src/hotspot/share/prims/jni.cpp, line 615]
Event: 159.586 Thread 0x000001dc6d7e4000 Exception <a 'sun/nio/fs/WindowsException'{0x000000008d0d1700}> (0x000000008d0d1700) thrown at [./src/hotspot/share/prims/jni.cpp, line 615]
Event: 159.598 Thread 0x000001dc6e7ca000 Exception <a 'sun/nio/fs/WindowsException'{0x000000008c754ac0}> (0x000000008c754ac0) thrown at [./src/hotspot/share/prims/jni.cpp, line 615]
Event: 159.608 Thread 0x000001dc6d7e4000 Exception <a 'java/lang/NoSuchMethodError'{0x000000008c2660d0}: 'java.lang.Object java.lang.invoke.DirectMethodHandle$Holder.invokeStatic(java.lang.Object, long)'> (0x000000008c2660d0) thrown at [./src/hotspot/share/interpreter/linkResolver.cpp, line 773]
Event: 159.610 Thread 0x000001dc6e7ca000 Exception <a 'java/lang/NoSuchMethodError'{0x000000008c698758}: 'java.lang.Object java.lang.invoke.Invokers$Holder.linkToTargetMethod(long, java.lang.Object)'> (0x000000008c698758) thrown at [./src/hotspot/share/interpreter/linkResolver.cpp, line 773]
Event: 159.613 Thread 0x000001dc70c1c800 Exception <a 'java/lang/NoSuchMethodError'{0x000000008c2a7680}: 'java.lang.Object java.lang.invoke.Invokers$Holder.linkToTargetMethod(long, java.lang.Object)'> (0x000000008c2a7680) thrown at [./src/hotspot/share/interpreter/linkResolver.cpp, line 773]
Event: 159.656 Thread 0x000001dc70c0b800 Exception <a 'sun/nio/fs/WindowsException'{0x000000008f776768}> (0x000000008f776768) thrown at [./src/hotspot/share/prims/jni.cpp, line 615]
Event: 159.692 Thread 0x000001dc7096a800 Exception <a 'sun/nio/fs/WindowsException'{0x000000008ecbbce0}> (0x000000008ecbbce0) thrown at [./src/hotspot/share/prims/jni.cpp, line 615]
Event: 159.769 Thread 0x000001dc6e7bf800 Exception <a 'java/lang/IncompatibleClassChangeError'{0x000000008d71ef08}: Found class java.lang.Object, but interface was expected> (0x000000008d71ef08) thrown at [./src/hotspot/share/interpreter/linkResolver.cpp, line 839]

Events (20 events):
Event: 160.376 loading class com/android/tools/r8/internal/Xl1 done
Event: 160.377 loading class com/android/tools/r8/internal/rU0
Event: 160.377 loading class com/android/tools/r8/internal/rU0 done
Event: 160.377 loading class com/android/tools/r8/internal/u1
Event: 160.377 loading class com/android/tools/r8/internal/u1 done
Event: 160.377 loading class com/android/tools/r8/internal/yT0
Event: 160.377 loading class com/android/tools/r8/internal/yT0 done
Event: 160.378 loading class com/android/tools/r8/internal/I1
Event: 160.378 loading class com/android/tools/r8/internal/I1 done
Event: 160.378 loading class com/android/tools/r8/internal/FM0
Event: 160.378 loading class com/android/tools/r8/internal/FM0 done
Event: 160.378 loading class com/android/tools/r8/internal/ez0
Event: 160.378 loading class com/android/tools/r8/internal/ez0 done
Event: 160.379 loading class com/android/tools/r8/internal/Ha1
Event: 160.379 loading class com/android/tools/r8/internal/Ha1 done
Event: 160.379 loading class com/android/tools/r8/internal/hK0
Event: 160.379 loading class com/android/tools/r8/internal/hK0 done
Event: 160.380 loading class com/android/tools/r8/internal/Ps1
Event: 160.380 loading class com/android/tools/r8/internal/Ps1 done
Event: 160.380 Executing VM operation: G1CollectForAllocation


Dynamic libraries:
0x00007ff7ca380000 - 0x00007ff7ca38a000 	C:\Program Files\Android\Android Studio\jre\bin\java.exe
0x00007ffb611d0000 - 0x00007ffb613c5000 	C:\WINDOWS\SYSTEM32\ntdll.dll
0x00007ffb60c10000 - 0x00007ffb60cce000 	C:\WINDOWS\System32\KERNEL32.DLL
0x00007ffb5eaf0000 - 0x00007ffb5edb8000 	C:\WINDOWS\System32\KERNELBASE.dll
0x00007ffb5ef20000 - 0x00007ffb5f020000 	C:\WINDOWS\System32\ucrtbase.dll
0x00007ffb59050000 - 0x00007ffb59067000 	C:\Program Files\Android\Android Studio\jre\bin\VCRUNTIME140.dll
0x00007ffb55390000 - 0x00007ffb553a9000 	C:\Program Files\Android\Android Studio\jre\bin\jli.dll
0x00007ffb60f40000 - 0x00007ffb610e0000 	C:\WINDOWS\System32\USER32.dll
0x00007ffb4cff0000 - 0x00007ffb4d28a000 	C:\WINDOWS\WinSxS\amd64_microsoft.windows.common-controls_6595b64144ccf1df_6.0.19041.1110_none_60b5254171f9507e\COMCTL32.dll
0x00007ffb5e990000 - 0x00007ffb5e9b2000 	C:\WINDOWS\System32\win32u.dll
0x00007ffb5fa10000 - 0x00007ffb5faae000 	C:\WINDOWS\System32\msvcrt.dll
0x00007ffb5f980000 - 0x00007ffb5f9aa000 	C:\WINDOWS\System32\GDI32.dll
0x00007ffb5f020000 - 0x00007ffb5f12b000 	C:\WINDOWS\System32\gdi32full.dll
0x00007ffb5e8f0000 - 0x00007ffb5e98d000 	C:\WINDOWS\System32\msvcp_win.dll
0x00007ffb5fbf0000 - 0x00007ffb5fc20000 	C:\WINDOWS\System32\IMM32.DLL
0x00007ffb36820000 - 0x00007ffb368bd000 	C:\Program Files\Android\Android Studio\jre\bin\msvcp140.dll
0x00007ffb13c00000 - 0x00007ffb146d5000 	C:\Program Files\Android\Android Studio\jre\bin\server\jvm.dll
0x00007ffb601a0000 - 0x00007ffb6024e000 	C:\WINDOWS\System32\ADVAPI32.dll
0x00007ffb5fad0000 - 0x00007ffb5fb6c000 	C:\WINDOWS\System32\sechost.dll
0x00007ffb5ffe0000 - 0x00007ffb60105000 	C:\WINDOWS\System32\RPCRT4.dll
0x00007ffb604b0000 - 0x00007ffb604b8000 	C:\WINDOWS\System32\PSAPI.DLL
0x00007ffb5c090000 - 0x00007ffb5c099000 	C:\WINDOWS\SYSTEM32\WSOCK32.dll
0x00007ffb56330000 - 0x00007ffb56357000 	C:\WINDOWS\SYSTEM32\WINMM.dll
0x00007ffb60ba0000 - 0x00007ffb60c0b000 	C:\WINDOWS\System32\WS2_32.dll
0x00007ffb58cd0000 - 0x00007ffb58cda000 	C:\WINDOWS\SYSTEM32\VERSION.dll
0x00007ffb5c830000 - 0x00007ffb5c842000 	C:\WINDOWS\SYSTEM32\kernel.appcore.dll
0x00007ffb4e6a0000 - 0x00007ffb4e6b1000 	C:\Program Files\Android\Android Studio\jre\bin\verify.dll
0x00007ffb53ea0000 - 0x00007ffb54084000 	C:\WINDOWS\SYSTEM32\DBGHELP.DLL
0x00007ffb53df0000 - 0x00007ffb53e1c000 	C:\WINDOWS\SYSTEM32\dbgcore.DLL
0x00007ffb5f1a0000 - 0x00007ffb5f222000 	C:\WINDOWS\System32\bcryptPrimitives.dll
0x00007ffb48660000 - 0x00007ffb48689000 	C:\Program Files\Android\Android Studio\jre\bin\java.dll
0x00007ffb5a620000 - 0x00007ffb5a62b000 	C:\Program Files\Android\Android Studio\jre\bin\jimage.dll
0x00007ffb4d310000 - 0x00007ffb4d328000 	C:\Program Files\Android\Android Studio\jre\bin\zip.dll
0x00007ffb5f230000 - 0x00007ffb5f974000 	C:\WINDOWS\System32\SHELL32.dll
0x00007ffb5ca30000 - 0x00007ffb5d1c4000 	C:\WINDOWS\SYSTEM32\windows.storage.dll
0x00007ffb5fc20000 - 0x00007ffb5ff74000 	C:\WINDOWS\System32\combase.dll
0x00007ffb5e310000 - 0x00007ffb5e33c000 	C:\WINDOWS\SYSTEM32\Wldp.dll
0x00007ffb610e0000 - 0x00007ffb6118d000 	C:\WINDOWS\System32\SHCORE.dll
0x00007ffb60ae0000 - 0x00007ffb60b35000 	C:\WINDOWS\System32\shlwapi.dll
0x00007ffb5e830000 - 0x00007ffb5e84f000 	C:\WINDOWS\SYSTEM32\profapi.dll
0x00007ffb4a3a0000 - 0x00007ffb4a3ba000 	C:\Program Files\Android\Android Studio\jre\bin\net.dll
0x00007ffb58ea0000 - 0x00007ffb58faa000 	C:\WINDOWS\SYSTEM32\WINHTTP.dll
0x00007ffb5dff0000 - 0x00007ffb5e05a000 	C:\WINDOWS\system32\mswsock.dll
0x00007ffb48640000 - 0x00007ffb48654000 	C:\Program Files\Android\Android Studio\jre\bin\nio.dll
0x00007ffb54d20000 - 0x00007ffb54d47000 	C:\Users\nande\.gradle\native\e1d6ef7f7dcc3fd88c89a11ec53ec762bb8ba0a96d01ffa2cd45eb1d1d8dd5c5\windows-amd64\native-platform.dll
0x00007ffb32c20000 - 0x00007ffb32d64000 	C:\Users\nande\.gradle\native\5664cfc778a61ccfe75a443a1ab52a65af34e5dc3c78e0209fed803814484fcb\windows-amd64\native-platform-file-events.dll
0x00007ffb50390000 - 0x00007ffb5039a000 	C:\Program Files\Android\Android Studio\jre\bin\management.dll
0x00007ffb48d80000 - 0x00007ffb48d8d000 	C:\Program Files\Android\Android Studio\jre\bin\management_ext.dll
0x00007ffb5e240000 - 0x00007ffb5e258000 	C:\WINDOWS\SYSTEM32\CRYPTSP.dll
0x00007ffb5d970000 - 0x00007ffb5d9a4000 	C:\WINDOWS\system32\rsaenh.dll
0x00007ffb5ea10000 - 0x00007ffb5ea37000 	C:\WINDOWS\System32\bcrypt.dll
0x00007ffb5e7f0000 - 0x00007ffb5e81e000 	C:\WINDOWS\SYSTEM32\USERENV.dll
0x00007ffb5e260000 - 0x00007ffb5e26c000 	C:\WINDOWS\SYSTEM32\CRYPTBASE.dll
0x00007ffb5dce0000 - 0x00007ffb5dd1b000 	C:\WINDOWS\SYSTEM32\IPHLPAPI.DLL
0x00007ffb60cd0000 - 0x00007ffb60cd8000 	C:\WINDOWS\System32\NSI.dll
0x00007ffb57c10000 - 0x00007ffb57c27000 	C:\WINDOWS\SYSTEM32\dhcpcsvc6.DLL
0x00007ffb589a0000 - 0x00007ffb589bd000 	C:\WINDOWS\SYSTEM32\dhcpcsvc.DLL
0x00007ffb5dd20000 - 0x00007ffb5ddeb000 	C:\WINDOWS\SYSTEM32\DNSAPI.dll

dbghelp: loaded successfully - version: 4.0.5 - missing functions: none
symbol engine: initialized successfully - sym options: 0x614 - pdb path: .;C:\Program Files\Android\Android Studio\jre\bin;C:\WINDOWS\SYSTEM32;C:\WINDOWS\WinSxS\amd64_microsoft.windows.common-controls_6595b64144ccf1df_6.0.19041.1110_none_60b5254171f9507e;C:\Program Files\Android\Android Studio\jre\bin\server;C:\Users\nande\.gradle\native\e1d6ef7f7dcc3fd88c89a11ec53ec762bb8ba0a96d01ffa2cd45eb1d1d8dd5c5\windows-amd64;C:\Users\nande\.gradle\native\5664cfc778a61ccfe75a443a1ab52a65af34e5dc3c78e0209fed803814484fcb\windows-amd64

VM Arguments:
jvm_args: --add-opens=java.base/java.util=ALL-UNNAMED --add-opens=java.base/java.lang=ALL-UNNAMED --add-opens=java.base/java.lang.invoke=ALL-UNNAMED --add-opens=java.base/java.util=ALL-UNNAMED --add-opens=java.prefs/java.util.prefs=ALL-UNNAMED --add-opens=java.prefs/java.util.prefs=ALL-UNNAMED --add-opens=java.base/java.nio.charset=ALL-UNNAMED --add-opens=java.base/java.net=ALL-UNNAMED --add-opens=java.base/java.util.concurrent.atomic=ALL-UNNAMED -Xmx2048m -Dfile.encoding=UTF-8 -Duser.country=RU -Duser.language=ru -Duser.variant 
java_command: org.gradle.launcher.daemon.bootstrap.GradleDaemon 7.2
java_class_path (initial): C:\Users\nande\.gradle\wrapper\dists\gradle-7.2-bin\2dnblmf4td7x66yl1d74lt32g\gradle-7.2\lib\gradle-launcher-7.2.jar
Launcher Type: SUN_STANDARD

[Global flags]
     intx CICompilerCount                          = 4                                         {product} {ergonomic}
     uint ConcGCThreads                            = 2                                         {product} {ergonomic}
     uint G1ConcRefinementThreads                  = 8                                         {product} {ergonomic}
   size_t G1HeapRegionSize                         = 1048576                                   {product} {ergonomic}
    uintx GCDrainStackTargetSize                   = 64                                        {product} {ergonomic}
   size_t InitialHeapSize                          = 268435456                                 {product} {ergonomic}
   size_t MarkStackSize                            = 4194304                                   {product} {ergonomic}
   size_t MaxHeapSize                              = 2147483648                                {product} {command line}
   size_t MaxNewSize                               = 1287651328                                {product} {ergonomic}
   size_t MinHeapDeltaBytes                        = 1048576                                   {product} {ergonomic}
    uintx NonNMethodCodeHeapSize                   = 5836300                                {pd product} {ergonomic}
    uintx NonProfiledCodeHeapSize                  = 122910970                              {pd product} {ergonomic}
    uintx ProfiledCodeHeapSize                     = 122910970                              {pd product} {ergonomic}
    uintx ReservedCodeCacheSize                    = 251658240                              {pd product} {ergonomic}
     bool SegmentedCodeCache                       = true                                      {product} {ergonomic}
     bool UseCompressedClassPointers               = true                                 {lp64_product} {ergonomic}
     bool UseCompressedOops                        = true                                 {lp64_product} {ergonomic}
     bool UseG1GC                                  = true                                      {product} {ergonomic}
     bool UseLargePagesIndividualAllocation        = false                                  {pd product} {ergonomic}

Logging:
Log output configuration:
 #0: stdout all=warning uptime,level,tags
 #1: stderr all=off uptime,level,tags

Environment Variables:
PATH=C:\Program Files (x86)\Common Files\Intel\Shared Libraries\redist\intel64\compiler;C:\Windows\system32;C:\Windows;C:\Windows\System32\Wbem;C:\Windows\System32\WindowsPowerShell\v1.0\;C:\Windows\System32\OpenSSH\;C:\Program Files (x86)\NVIDIA Corporation\PhysX\Common;C:\Program Files\NVIDIA Corporation\NVIDIA NvDLISR;C:\WINDOWS\system32;C:\WINDOWS;C:\WINDOWS\System32\Wbem;C:\WINDOWS\System32\WindowsPowerShell\v1.0\;C:\WINDOWS\System32\OpenSSH\;C:\Program Files\Git\cmd;C:\Users\nande\Desktop\jdk-11.0.13\bin;C:\Program Files (x86)\Common Files\Acronis\SnapAPI\;C:\Users\nande\AppData\Local\Programs\Python\Python310\Scripts\;C:\Users\nande\AppData\Local\Programs\Python\Python310\;C:\Users\nande\AppData\Local\Microsoft\WindowsApps;C:\Program Files\JetBrains\IntelliJ IDEA 2020.3.1\bin;;C:\Users\nande\Desktop\apache-maven-3.8.4\bin;C:\Users\nande\AppData\Local\Programs\Microsoft VS Code\bin;C:\Program Files\JetBrains\PyCharm Community Edition 2021.3.2\bin;;C:\Program Files\JetBrains\PyCharm-2021.3.2\bin;;C:\Users\nande\Desktop\jdk-11.0.13\bin;
USERNAME=nande
OS=Windows_NT
PROCESSOR_IDENTIFIER=Intel64 Family 6 Model 94 Stepping 3, GenuineIntel



---------------  S Y S T E M  ---------------

OS: Windows 10 , 64 bit Build 19041 (10.0.19041.1645)
OS uptime: 5 days 0:30 hours

CPU:total 8 (initial active 8) (4 cores per cpu, 2 threads per core) family 6 model 94 stepping 3 microcode 0xcc, cmov, cx8, fxsr, mmx, sse, sse2, sse3, ssse3, sse4.1, sse4.2, popcnt, avx, avx2, aes, clmul, erms, rtm, 3dnowpref, lzcnt, ht, tsc, tscinvbit, bmi1, bmi2, adx, fma

Memory: 4k page, system-wide physical 16322M (3066M free)
TotalPageFile size 16322M (AvailPageFile size 96M)
current process WorkingSet (physical memory assigned to process): 633M, peak: 633M
current process commit charge ("private bytes"): 716M, peak: 937M

vm_info: OpenJDK 64-Bit Server VM (11.0.11+9-b60-7590822) for windows-amd64 JRE (11.0.11+9-b60-7590822), built on Jul 29 2021 21:43:44 by "builder" with MS VC++ 14.0 (VS2015)

END.
