#
# There is insufficient memory for the Java Runtime Environment to continue.
# Native memory allocation (malloc) failed to allocate 871056 bytes for Chunk::new
# Possible reasons:
#   The system is out of physical RAM or swap space
#   The process is running with CompressedOops enabled, and the Java Heap may be blocking the growth of the native heap
# Possible solutions:
#   Reduce memory load on the system
#   Increase physical memory or swap space
#   Check if swap backing store is full
#   Decrease Java heap size (-Xmx/-Xms)
#   Decrease number of Java threads
#   Decrease Java thread stack sizes (-Xss)
#   Set larger code cache with -XX:ReservedCodeCacheSize=
#   JVM is running with Zero Based Compressed Oops mode in which the Java heap is
#     placed in the first 32GB address space. The Java Heap base address is the
#     maximum limit for the native heap growth. Please use -XX:HeapBaseMinAddress
#     to set the Java Heap base and to place the Java Heap above 32GB virtual address.
# This output file may be truncated or incomplete.
#
#  Out of Memory Error (./src/hotspot/share/memory/arena.cpp:197), pid=7072, tid=3232
#
# JRE version: OpenJDK Runtime Environment (11.0.11+9) (build 11.0.11+9-b60-7590822)
# Java VM: OpenJDK 64-Bit Server VM (11.0.11+9-b60-7590822, mixed mode, tiered, compressed oops, g1 gc, windows-amd64)
# No core dump will be written. Minidumps are not enabled by default on client versions of Windows
#

---------------  S U M M A R Y ------------

Command Line: org.jetbrains.kotlin.cli.jvm.K2JVMCompiler @C:\Users\nande\AndroidStudioProjects\compose-simple-app\app\build\20220415_160189027569500235.compiler.options

Host: Intel(R) Core(TM) i7-6700K CPU @ 4.00GHz, 8 cores, 15G,  Windows 10 , 64 bit Build 19041 (10.0.19041.1566)
Time: Fri Apr 15 00:44:41 2022 RTZ 2 (зима) elapsed time: 9.592538 seconds (0d 0h 0m 9s)

---------------  T H R E A D  ---------------

Current thread (0x0000014b751b1000):  JavaThread "C2 CompilerThread0" daemon [_thread_in_native, id=3232, stack(0x0000002185f00000,0x0000002186000000)]


Current CompileTask:
C2:   9592 14731       4       org.jetbrains.kotlin.backend.jvm.ir.IrUtilsKt::eraseTypeParameters (575 bytes)

Stack: [0x0000002185f00000,0x0000002186000000]
Native frames: (J=compiled Java code, j=interpreted, Vv=VM code, C=native code)
V  [jvm.dll+0x5f214a]
V  [jvm.dll+0x726fb5]
V  [jvm.dll+0x7285cd]
V  [jvm.dll+0x728c83]
V  [jvm.dll+0x243278]
V  [jvm.dll+0xbc53c]
V  [jvm.dll+0xbca3c]
V  [jvm.dll+0x353e3b]
V  [jvm.dll+0x321893]
V  [jvm.dll+0x320d8a]
V  [jvm.dll+0x1fc1e2]
V  [jvm.dll+0x1fb3d4]
V  [jvm.dll+0x183d6c]
V  [jvm.dll+0x209a57]
V  [jvm.dll+0x2082a1]
V  [jvm.dll+0x6ef58f]
V  [jvm.dll+0x6e80b5]
V  [jvm.dll+0x5f1036]
C  [ucrtbase.dll+0x21bb2]
C  [KERNEL32.DLL+0x17034]
C  [ntdll.dll+0x52651]


---------------  P R O C E S S  ---------------

Threads class SMR info:
_java_thread_list=0x0000014b7531ec70, length=12, elements={
0x0000014b54feb000, 0x0000014b75154000, 0x0000014b75162000, 0x0000014b7489c800,
0x0000014b7489e000, 0x0000014b7489f000, 0x0000014b751b1000, 0x0000014b751c0800,
0x0000014b748a8000, 0x0000014b751bd000, 0x0000014b751bf800, 0x0000014b751c1000
}

Java Threads: ( => current thread )
  0x0000014b54feb000 JavaThread "main" [_thread_in_Java, id=15288, stack(0x0000002185300000,0x0000002185400000)]
  0x0000014b75154000 JavaThread "Reference Handler" daemon [_thread_blocked, id=8988, stack(0x0000002185a00000,0x0000002185b00000)]
  0x0000014b75162000 JavaThread "Finalizer" daemon [_thread_blocked, id=3820, stack(0x0000002185b00000,0x0000002185c00000)]
  0x0000014b7489c800 JavaThread "Signal Dispatcher" daemon [_thread_blocked, id=15344, stack(0x0000002185c00000,0x0000002185d00000)]
  0x0000014b7489e000 JavaThread "Attach Listener" daemon [_thread_blocked, id=15116, stack(0x0000002185d00000,0x0000002185e00000)]
  0x0000014b7489f000 JavaThread "Service Thread" daemon [_thread_blocked, id=11460, stack(0x0000002185e00000,0x0000002185f00000)]
=>0x0000014b751b1000 JavaThread "C2 CompilerThread0" daemon [_thread_in_native, id=3232, stack(0x0000002185f00000,0x0000002186000000)]
  0x0000014b751c0800 JavaThread "C1 CompilerThread0" daemon [_thread_blocked, id=3296, stack(0x0000002186000000,0x0000002186100000)]
  0x0000014b748a8000 JavaThread "Sweeper thread" daemon [_thread_blocked, id=14996, stack(0x0000002186100000,0x0000002186200000)]
  0x0000014b751bd000 JavaThread "Common-Cleaner" daemon [_thread_blocked, id=5688, stack(0x0000002186300000,0x0000002186400000)]
  0x0000014b751bf800 JavaThread "C2 CompilerThread1" daemon [_thread_in_native, id=12168, stack(0x0000002186400000,0x0000002186500000)]
  0x0000014b751c1000 JavaThread "C2 CompilerThread2" daemon [_thread_in_native, id=14352, stack(0x0000002186500000,0x0000002186600000)]

Other Threads:
  0x0000014b74886800 VMThread "VM Thread" [stack: 0x0000002185900000,0x0000002185a00000] [id=2952]
  0x0000014b75320000 WatcherThread [stack: 0x0000002186200000,0x0000002186300000] [id=12720]
  0x0000014b55002800 GCTaskThread "GC Thread#0" [stack: 0x0000002185400000,0x0000002185500000] [id=12416]
  0x0000014b75a73800 GCTaskThread "GC Thread#1" [stack: 0x0000002186600000,0x0000002186700000] [id=10836]
  0x0000014b75a8d000 GCTaskThread "GC Thread#2" [stack: 0x0000002186700000,0x0000002186800000] [id=10556]
  0x0000014b75a8e000 GCTaskThread "GC Thread#3" [stack: 0x0000002186800000,0x0000002186900000] [id=10200]
  0x0000014b75a8e800 GCTaskThread "GC Thread#4" [stack: 0x0000002186900000,0x0000002186a00000] [id=13800]
  0x0000014b75a8f000 GCTaskThread "GC Thread#5" [stack: 0x0000002186a00000,0x0000002186b00000] [id=8396]
  0x0000014b7c605800 GCTaskThread "GC Thread#6" [stack: 0x0000002186d00000,0x0000002186e00000] [id=11148]
  0x0000014b5505f000 ConcurrentGCThread "G1 Main Marker" [stack: 0x0000002185500000,0x0000002185600000] [id=4660]
  0x0000014b55060800 ConcurrentGCThread "G1 Conc#0" [stack: 0x0000002185600000,0x0000002185700000] [id=9148]
  0x0000014b75dce800 ConcurrentGCThread "G1 Conc#1" [stack: 0x0000002186b00000,0x0000002186c00000] [id=9184]
  0x0000014b74769800 ConcurrentGCThread "G1 Refine#0" [stack: 0x0000002185700000,0x0000002185800000] [id=13480]
  0x0000014b76fb1000 ConcurrentGCThread "G1 Refine#1" [stack: 0x0000002186c00000,0x0000002186d00000] [id=14380]
  0x0000014b7476b800 ConcurrentGCThread "G1 Young RemSet Sampling" [stack: 0x0000002185800000,0x0000002185900000] [id=4236]

Threads with active compile tasks:
C2 CompilerThread0   9614 14731       4       org.jetbrains.kotlin.backend.jvm.ir.IrUtilsKt::eraseTypeParameters (575 bytes)
C1 CompilerThread0   9614 14866       3       org.jetbrains.kotlin.metadata.jvm.JvmProtoBuf$StringTableTypes$Record::getSerializedSize (273 bytes)
C2 CompilerThread1   9614 14846       4       org.jetbrains.kotlin.ir.util.IrUtilsKt::hasAnnotation (117 bytes)
C2 CompilerThread2   9614 14861       4       org.jetbrains.kotlin.ir.descriptors.IrBasedDeclarationDescriptor::getContainingDeclaration (8 bytes)

VM state:not at safepoint (normal execution)

VM Mutex/Monitor currently owned by a thread:  ([mutex/lock_event])
[0x0000014b54fe7200] Compile_lock - owner thread: 0x0000000000000000

Heap address: 0x0000000700e00000, size: 4082 MB, Compressed Oops mode: Zero based, Oop shift amount: 3
Narrow klass base: 0x0000000800000000, Narrow klass shift: 0
Compressed class space size: 1073741824 Address: 0x0000000800000000

Heap:
 garbage-first heap   total 315392K, used 194862K [0x0000000700e00000, 0x0000000800000000)
  region size 1024K, 139 young (142336K), 18 survivors (18432K)
 Metaspace       used 83344K, capacity 84213K, committed 84480K, reserved 1124352K
  class space    used 8781K, capacity 9098K, committed 9216K, reserved 1048576K
Heap Regions: E=young(eden), S=young(survivor), O=old, HS=humongous(starts), HC=humongous(continues), CS=collection set, F=free, A=archive, TAMS=top-at-mark-start (previous, next)
|   0|0x0000000700e00000, 0x0000000700f00000, 0x0000000700f00000|100%|HS|  |TAMS 0x0000000700f00000, 0x0000000700e00000| Complete 
|   1|0x0000000700f00000, 0x0000000701000000, 0x0000000701000000|100%|HC|  |TAMS 0x0000000701000000, 0x0000000700f00000| Complete 
|   2|0x0000000701000000, 0x0000000701100000, 0x0000000701100000|100%|HC|  |TAMS 0x0000000701100000, 0x0000000701000000| Complete 
|   3|0x0000000701100000, 0x0000000701200000, 0x0000000701200000|100%|HS|  |TAMS 0x0000000701200000, 0x0000000701100000| Complete 
|   4|0x0000000701200000, 0x0000000701300000, 0x0000000701300000|100%|HC|  |TAMS 0x0000000701300000, 0x0000000701200000| Complete 
|   5|0x0000000701300000, 0x0000000701400000, 0x0000000701400000|100%|HC|  |TAMS 0x0000000701400000, 0x0000000701300000| Complete 
|   6|0x0000000701400000, 0x0000000701500000, 0x0000000701500000|100%|HS|  |TAMS 0x0000000701500000, 0x0000000701400000| Complete 
|   7|0x0000000701500000, 0x0000000701600000, 0x0000000701600000|100%|HC|  |TAMS 0x0000000701600000, 0x0000000701500000| Complete 
|   8|0x0000000701600000, 0x0000000701700000, 0x0000000701700000|100%|HC|  |TAMS 0x0000000701700000, 0x0000000701600000| Complete 
|   9|0x0000000701700000, 0x0000000701800000, 0x0000000701800000|100%| O|  |TAMS 0x0000000701800000, 0x0000000701700000| Untracked 
|  10|0x0000000701800000, 0x0000000701900000, 0x0000000701900000|100%| O|  |TAMS 0x0000000701900000, 0x0000000701800000| Untracked 
|  11|0x0000000701900000, 0x0000000701a00000, 0x0000000701a00000|100%| O|  |TAMS 0x0000000701a00000, 0x0000000701900000| Untracked 
|  12|0x0000000701a00000, 0x0000000701b00000, 0x0000000701b00000|100%| O|  |TAMS 0x0000000701b00000, 0x0000000701a00000| Untracked 
|  13|0x0000000701b00000, 0x0000000701c00000, 0x0000000701c00000|100%| O|  |TAMS 0x0000000701c00000, 0x0000000701b00000| Untracked 
|  14|0x0000000701c00000, 0x0000000701d00000, 0x0000000701d00000|100%| O|  |TAMS 0x0000000701d00000, 0x0000000701c00000| Untracked 
|  15|0x0000000701d00000, 0x0000000701e00000, 0x0000000701e00000|100%| O|  |TAMS 0x0000000701e00000, 0x0000000701d00000| Untracked 
|  16|0x0000000701e00000, 0x0000000701f00000, 0x0000000701f00000|100%| O|  |TAMS 0x0000000701f00000, 0x0000000701e00000| Untracked 
|  17|0x0000000701f00000, 0x0000000702000000, 0x0000000702000000|100%| O|  |TAMS 0x0000000702000000, 0x0000000701f00000| Untracked 
|  18|0x0000000702000000, 0x0000000702100000, 0x0000000702100000|100%| O|  |TAMS 0x0000000702100000, 0x0000000702000000| Untracked 
|  19|0x0000000702100000, 0x0000000702200000, 0x0000000702200000|100%| O|  |TAMS 0x0000000702200000, 0x0000000702100000| Untracked 
|  20|0x0000000702200000, 0x0000000702300000, 0x0000000702300000|100%| O|  |TAMS 0x0000000702300000, 0x0000000702200000| Untracked 
|  21|0x0000000702300000, 0x0000000702400000, 0x0000000702400000|100%| O|  |TAMS 0x0000000702400000, 0x0000000702300000| Untracked 
|  22|0x0000000702400000, 0x0000000702500000, 0x0000000702500000|100%| O|  |TAMS 0x0000000702500000, 0x0000000702400000| Untracked 
|  23|0x0000000702500000, 0x0000000702600000, 0x0000000702600000|100%| O|  |TAMS 0x0000000702600000, 0x0000000702500000| Untracked 
|  24|0x0000000702600000, 0x0000000702700000, 0x0000000702700000|100%|HS|  |TAMS 0x0000000702700000, 0x0000000702600000| Complete 
|  25|0x0000000702700000, 0x0000000702800000, 0x0000000702800000|100%|HC|  |TAMS 0x0000000702800000, 0x0000000702700000| Complete 
|  26|0x0000000702800000, 0x0000000702900000, 0x0000000702900000|100%| O|  |TAMS 0x0000000702900000, 0x0000000702800000| Untracked 
|  27|0x0000000702900000, 0x0000000702a00000, 0x0000000702a00000|100%| O|  |TAMS 0x0000000702a00000, 0x0000000702900000| Untracked 
|  28|0x0000000702a00000, 0x0000000702b00000, 0x0000000702b00000|100%| O|  |TAMS 0x0000000702b00000, 0x0000000702a00000| Untracked 
|  29|0x0000000702b00000, 0x0000000702c00000, 0x0000000702c00000|100%| O|  |TAMS 0x0000000702c00000, 0x0000000702b00000| Untracked 
|  30|0x0000000702c00000, 0x0000000702d00000, 0x0000000702d00000|100%| O|  |TAMS 0x0000000702d00000, 0x0000000702c00000| Untracked 
|  31|0x0000000702d00000, 0x0000000702e00000, 0x0000000702e00000|100%| O|  |TAMS 0x0000000702e00000, 0x0000000702d00000| Untracked 
|  32|0x0000000702e00000, 0x0000000702f00000, 0x0000000702f00000|100%| O|  |TAMS 0x0000000702f00000, 0x0000000702e00000| Untracked 
|  33|0x0000000702f00000, 0x0000000703000000, 0x0000000703000000|100%| O|  |TAMS 0x0000000703000000, 0x0000000702f00000| Untracked 
|  34|0x0000000703000000, 0x0000000703100000, 0x0000000703100000|100%| O|  |TAMS 0x0000000703100000, 0x0000000703000000| Untracked 
|  35|0x0000000703100000, 0x0000000703200000, 0x0000000703200000|100%| O|  |TAMS 0x0000000703200000, 0x0000000703100000| Untracked 
|  36|0x0000000703200000, 0x0000000703300000, 0x0000000703300000|100%| O|  |TAMS 0x00000007032d8200, 0x0000000703200000| Untracked 
|  37|0x0000000703300000, 0x0000000703400000, 0x0000000703400000|100%| O|  |TAMS 0x0000000703300000, 0x0000000703300000| Untracked 
|  38|0x0000000703400000, 0x0000000703500000, 0x0000000703500000|100%| O|  |TAMS 0x0000000703400000, 0x0000000703400000| Untracked 
|  39|0x0000000703500000, 0x0000000703600000, 0x0000000703600000|100%| O|  |TAMS 0x0000000703500000, 0x0000000703500000| Untracked 
|  40|0x0000000703600000, 0x0000000703700000, 0x0000000703700000|100%| O|  |TAMS 0x0000000703600000, 0x0000000703600000| Untracked 
|  41|0x0000000703700000, 0x0000000703800000, 0x0000000703800000|100%| O|  |TAMS 0x0000000703700000, 0x0000000703700000| Untracked 
|  42|0x0000000703800000, 0x0000000703900000, 0x0000000703900000|100%| O|  |TAMS 0x0000000703800000, 0x0000000703800000| Untracked 
|  43|0x0000000703900000, 0x0000000703a00000, 0x0000000703a00000|100%| O|  |TAMS 0x0000000703900000, 0x0000000703900000| Untracked 
|  44|0x0000000703a00000, 0x0000000703b00000, 0x0000000703b00000|100%| O|  |TAMS 0x0000000703a00000, 0x0000000703a00000| Untracked 
|  45|0x0000000703b00000, 0x0000000703c00000, 0x0000000703c00000|100%| O|  |TAMS 0x0000000703b00000, 0x0000000703b00000| Untracked 
|  46|0x0000000703c00000, 0x0000000703d00000, 0x0000000703d00000|100%| O|  |TAMS 0x0000000703c00000, 0x0000000703c00000| Untracked 
|  47|0x0000000703d00000, 0x0000000703e00000, 0x0000000703e00000|100%| O|  |TAMS 0x0000000703d00000, 0x0000000703d00000| Untracked 
|  48|0x0000000703e00000, 0x0000000703f00000, 0x0000000703f00000|100%| O|  |TAMS 0x0000000703e00000, 0x0000000703e00000| Untracked 
|  49|0x0000000703f00000, 0x0000000704000000, 0x0000000704000000|100%| O|  |TAMS 0x0000000703f00000, 0x0000000703f00000| Untracked 
|  50|0x0000000704000000, 0x0000000704100000, 0x0000000704100000|100%| O|  |TAMS 0x0000000704000000, 0x0000000704000000| Untracked 
|  51|0x0000000704100000, 0x0000000704200000, 0x0000000704200000|100%| O|  |TAMS 0x0000000704100000, 0x0000000704100000| Untracked 
|  52|0x0000000704200000, 0x0000000704286000, 0x0000000704300000| 52%| O|  |TAMS 0x0000000704200000, 0x0000000704200000| Untracked 
|  53|0x0000000704300000, 0x0000000704300000, 0x0000000704400000|  0%| F|  |TAMS 0x0000000704300000, 0x0000000704300000| Untracked 
|  54|0x0000000704400000, 0x0000000704400000, 0x0000000704500000|  0%| F|  |TAMS 0x0000000704400000, 0x0000000704400000| Untracked 
|  55|0x0000000704500000, 0x0000000704500000, 0x0000000704600000|  0%| F|  |TAMS 0x0000000704500000, 0x0000000704500000| Untracked 
|  56|0x0000000704600000, 0x0000000704600000, 0x0000000704700000|  0%| F|  |TAMS 0x0000000704600000, 0x0000000704600000| Untracked 
|  57|0x0000000704700000, 0x0000000704700000, 0x0000000704800000|  0%| F|  |TAMS 0x0000000704700000, 0x0000000704700000| Untracked 
|  58|0x0000000704800000, 0x0000000704800000, 0x0000000704900000|  0%| F|  |TAMS 0x0000000704800000, 0x0000000704800000| Untracked 
|  59|0x0000000704900000, 0x0000000704900000, 0x0000000704a00000|  0%| F|  |TAMS 0x0000000704900000, 0x0000000704900000| Untracked 
|  60|0x0000000704a00000, 0x0000000704a00000, 0x0000000704b00000|  0%| F|  |TAMS 0x0000000704a00000, 0x0000000704a00000| Untracked 
|  61|0x0000000704b00000, 0x0000000704b00000, 0x0000000704c00000|  0%| F|  |TAMS 0x0000000704b00000, 0x0000000704b00000| Untracked 
|  62|0x0000000704c00000, 0x0000000704c00000, 0x0000000704d00000|  0%| F|  |TAMS 0x0000000704c00000, 0x0000000704c00000| Untracked 
|  63|0x0000000704d00000, 0x0000000704d00000, 0x0000000704e00000|  0%| F|  |TAMS 0x0000000704d00000, 0x0000000704d00000| Untracked 
|  64|0x0000000704e00000, 0x0000000704e00000, 0x0000000704f00000|  0%| F|  |TAMS 0x0000000704e00000, 0x0000000704e00000| Untracked 
|  65|0x0000000704f00000, 0x0000000704f00000, 0x0000000705000000|  0%| F|  |TAMS 0x0000000704f00000, 0x0000000704f00000| Untracked 
|  66|0x0000000705000000, 0x0000000705000000, 0x0000000705100000|  0%| F|  |TAMS 0x0000000705000000, 0x0000000705000000| Untracked 
|  67|0x0000000705100000, 0x0000000705100000, 0x0000000705200000|  0%| F|  |TAMS 0x0000000705100000, 0x0000000705100000| Untracked 
|  68|0x0000000705200000, 0x0000000705200000, 0x0000000705300000|  0%| F|  |TAMS 0x0000000705200000, 0x0000000705200000| Untracked 
|  69|0x0000000705300000, 0x0000000705300000, 0x0000000705400000|  0%| F|  |TAMS 0x0000000705300000, 0x0000000705300000| Untracked 
|  70|0x0000000705400000, 0x0000000705400000, 0x0000000705500000|  0%| F|  |TAMS 0x0000000705400000, 0x0000000705400000| Untracked 
|  71|0x0000000705500000, 0x0000000705500000, 0x0000000705600000|  0%| F|  |TAMS 0x0000000705500000, 0x0000000705500000| Untracked 
|  72|0x0000000705600000, 0x0000000705600000, 0x0000000705700000|  0%| F|  |TAMS 0x0000000705600000, 0x0000000705600000| Untracked 
|  73|0x0000000705700000, 0x0000000705700000, 0x0000000705800000|  0%| F|  |TAMS 0x0000000705700000, 0x0000000705700000| Untracked 
|  74|0x0000000705800000, 0x0000000705800000, 0x0000000705900000|  0%| F|  |TAMS 0x0000000705800000, 0x0000000705800000| Untracked 
|  75|0x0000000705900000, 0x0000000705900000, 0x0000000705a00000|  0%| F|  |TAMS 0x0000000705900000, 0x0000000705900000| Untracked 
|  76|0x0000000705a00000, 0x0000000705a00000, 0x0000000705b00000|  0%| F|  |TAMS 0x0000000705a00000, 0x0000000705a00000| Untracked 
|  77|0x0000000705b00000, 0x0000000705b00000, 0x0000000705c00000|  0%| F|  |TAMS 0x0000000705b00000, 0x0000000705b00000| Untracked 
|  78|0x0000000705c00000, 0x0000000705c00000, 0x0000000705d00000|  0%| F|  |TAMS 0x0000000705c00000, 0x0000000705c00000| Untracked 
|  79|0x0000000705d00000, 0x0000000705d00000, 0x0000000705e00000|  0%| F|  |TAMS 0x0000000705d00000, 0x0000000705d00000| Untracked 
|  80|0x0000000705e00000, 0x0000000705e00000, 0x0000000705f00000|  0%| F|  |TAMS 0x0000000705e00000, 0x0000000705e00000| Untracked 
|  81|0x0000000705f00000, 0x0000000705f00000, 0x0000000706000000|  0%| F|  |TAMS 0x0000000705f00000, 0x0000000705f00000| Untracked 
|  82|0x0000000706000000, 0x0000000706000000, 0x0000000706100000|  0%| F|  |TAMS 0x0000000706000000, 0x0000000706000000| Untracked 
|  83|0x0000000706100000, 0x0000000706100000, 0x0000000706200000|  0%| F|  |TAMS 0x0000000706100000, 0x0000000706100000| Untracked 
|  84|0x0000000706200000, 0x0000000706200000, 0x0000000706300000|  0%| F|  |TAMS 0x0000000706200000, 0x0000000706200000| Untracked 
|  85|0x0000000706300000, 0x0000000706300000, 0x0000000706400000|  0%| F|  |TAMS 0x0000000706300000, 0x0000000706300000| Untracked 
|  86|0x0000000706400000, 0x0000000706400000, 0x0000000706500000|  0%| F|  |TAMS 0x0000000706400000, 0x0000000706400000| Untracked 
|  87|0x0000000706500000, 0x0000000706500000, 0x0000000706600000|  0%| F|  |TAMS 0x0000000706500000, 0x0000000706500000| Untracked 
|  88|0x0000000706600000, 0x0000000706600000, 0x0000000706700000|  0%| F|  |TAMS 0x0000000706600000, 0x0000000706600000| Untracked 
|  89|0x0000000706700000, 0x0000000706700000, 0x0000000706800000|  0%| F|  |TAMS 0x0000000706700000, 0x0000000706700000| Untracked 
|  90|0x0000000706800000, 0x0000000706800000, 0x0000000706900000|  0%| F|  |TAMS 0x0000000706800000, 0x0000000706800000| Untracked 
|  91|0x0000000706900000, 0x0000000706900000, 0x0000000706a00000|  0%| F|  |TAMS 0x0000000706900000, 0x0000000706900000| Untracked 
|  92|0x0000000706a00000, 0x0000000706a00000, 0x0000000706b00000|  0%| F|  |TAMS 0x0000000706a00000, 0x0000000706a00000| Untracked 
|  93|0x0000000706b00000, 0x0000000706b00000, 0x0000000706c00000|  0%| F|  |TAMS 0x0000000706b00000, 0x0000000706b00000| Untracked 
|  94|0x0000000706c00000, 0x0000000706c00000, 0x0000000706d00000|  0%| F|  |TAMS 0x0000000706c00000, 0x0000000706c00000| Untracked 
|  95|0x0000000706d00000, 0x0000000706d00000, 0x0000000706e00000|  0%| F|  |TAMS 0x0000000706d00000, 0x0000000706d00000| Untracked 
|  96|0x0000000706e00000, 0x0000000706e00000, 0x0000000706f00000|  0%| F|  |TAMS 0x0000000706e00000, 0x0000000706e00000| Untracked 
|  97|0x0000000706f00000, 0x0000000706f00000, 0x0000000707000000|  0%| F|  |TAMS 0x0000000706f00000, 0x0000000706f00000| Untracked 
|  98|0x0000000707000000, 0x0000000707000000, 0x0000000707100000|  0%| F|  |TAMS 0x0000000707000000, 0x0000000707000000| Untracked 
|  99|0x0000000707100000, 0x0000000707100000, 0x0000000707200000|  0%| F|  |TAMS 0x0000000707100000, 0x0000000707100000| Untracked 
| 100|0x0000000707200000, 0x0000000707200000, 0x0000000707300000|  0%| F|  |TAMS 0x0000000707200000, 0x0000000707200000| Untracked 
| 101|0x0000000707300000, 0x0000000707300000, 0x0000000707400000|  0%| F|  |TAMS 0x0000000707300000, 0x0000000707300000| Untracked 
| 102|0x0000000707400000, 0x0000000707400000, 0x0000000707500000|  0%| F|  |TAMS 0x0000000707400000, 0x0000000707400000| Untracked 
| 103|0x0000000707500000, 0x0000000707500000, 0x0000000707600000|  0%| F|  |TAMS 0x0000000707500000, 0x0000000707500000| Untracked 
| 104|0x0000000707600000, 0x0000000707600000, 0x0000000707700000|  0%| F|  |TAMS 0x0000000707600000, 0x0000000707600000| Untracked 
| 105|0x0000000707700000, 0x0000000707700000, 0x0000000707800000|  0%| F|  |TAMS 0x0000000707700000, 0x0000000707700000| Untracked 
| 106|0x0000000707800000, 0x0000000707800000, 0x0000000707900000|  0%| F|  |TAMS 0x0000000707800000, 0x0000000707800000| Untracked 
| 107|0x0000000707900000, 0x0000000707900000, 0x0000000707a00000|  0%| F|  |TAMS 0x0000000707900000, 0x0000000707900000| Untracked 
| 108|0x0000000707a00000, 0x0000000707a00000, 0x0000000707b00000|  0%| F|  |TAMS 0x0000000707a00000, 0x0000000707a00000| Untracked 
| 109|0x0000000707b00000, 0x0000000707b00000, 0x0000000707c00000|  0%| F|  |TAMS 0x0000000707b00000, 0x0000000707b00000| Untracked 
| 110|0x0000000707c00000, 0x0000000707c00000, 0x0000000707d00000|  0%| F|  |TAMS 0x0000000707c00000, 0x0000000707c00000| Untracked 
| 111|0x0000000707d00000, 0x0000000707d00000, 0x0000000707e00000|  0%| F|  |TAMS 0x0000000707d00000, 0x0000000707d00000| Untracked 
| 112|0x0000000707e00000, 0x0000000707e00000, 0x0000000707f00000|  0%| F|  |TAMS 0x0000000707e00000, 0x0000000707e00000| Untracked 
| 113|0x0000000707f00000, 0x0000000707f00000, 0x0000000708000000|  0%| F|  |TAMS 0x0000000707f00000, 0x0000000707f00000| Untracked 
| 114|0x0000000708000000, 0x0000000708000000, 0x0000000708100000|  0%| F|  |TAMS 0x0000000708000000, 0x0000000708000000| Untracked 
| 115|0x0000000708100000, 0x0000000708100000, 0x0000000708200000|  0%| F|  |TAMS 0x0000000708100000, 0x0000000708100000| Untracked 
| 116|0x0000000708200000, 0x0000000708200000, 0x0000000708300000|  0%| F|  |TAMS 0x0000000708200000, 0x0000000708200000| Untracked 
| 117|0x0000000708300000, 0x0000000708300000, 0x0000000708400000|  0%| F|  |TAMS 0x0000000708300000, 0x0000000708300000| Untracked 
| 118|0x0000000708400000, 0x0000000708400000, 0x0000000708500000|  0%| F|  |TAMS 0x0000000708400000, 0x0000000708400000| Untracked 
| 119|0x0000000708500000, 0x0000000708500000, 0x0000000708600000|  0%| F|  |TAMS 0x0000000708500000, 0x0000000708500000| Untracked 
| 120|0x0000000708600000, 0x0000000708600000, 0x0000000708700000|  0%| F|  |TAMS 0x0000000708600000, 0x0000000708600000| Untracked 
| 121|0x0000000708700000, 0x0000000708700000, 0x0000000708800000|  0%| F|  |TAMS 0x0000000708700000, 0x0000000708700000| Untracked 
| 122|0x0000000708800000, 0x0000000708800000, 0x0000000708900000|  0%| F|  |TAMS 0x0000000708800000, 0x0000000708800000| Untracked 
| 123|0x0000000708900000, 0x0000000708900000, 0x0000000708a00000|  0%| F|  |TAMS 0x0000000708900000, 0x0000000708900000| Untracked 
| 124|0x0000000708a00000, 0x0000000708a00000, 0x0000000708b00000|  0%| F|  |TAMS 0x0000000708a00000, 0x0000000708a00000| Untracked 
| 125|0x0000000708b00000, 0x0000000708b00000, 0x0000000708c00000|  0%| F|  |TAMS 0x0000000708b00000, 0x0000000708b00000| Untracked 
| 126|0x0000000708c00000, 0x0000000708c00000, 0x0000000708d00000|  0%| F|  |TAMS 0x0000000708c00000, 0x0000000708c00000| Untracked 
| 127|0x0000000708d00000, 0x0000000708d00000, 0x0000000708e00000|  0%| F|  |TAMS 0x0000000708d00000, 0x0000000708d00000| Untracked 
| 128|0x0000000708e00000, 0x0000000708e00000, 0x0000000708f00000|  0%| F|  |TAMS 0x0000000708e00000, 0x0000000708e00000| Untracked 
| 129|0x0000000708f00000, 0x0000000708f00000, 0x0000000709000000|  0%| F|  |TAMS 0x0000000708f00000, 0x0000000708f00000| Untracked 
| 130|0x0000000709000000, 0x0000000709000000, 0x0000000709100000|  0%| F|  |TAMS 0x0000000709000000, 0x0000000709000000| Untracked 
| 131|0x0000000709100000, 0x0000000709100000, 0x0000000709200000|  0%| F|  |TAMS 0x0000000709100000, 0x0000000709100000| Untracked 
| 132|0x0000000709200000, 0x0000000709200000, 0x0000000709300000|  0%| F|  |TAMS 0x0000000709200000, 0x0000000709200000| Untracked 
| 133|0x0000000709300000, 0x0000000709300000, 0x0000000709400000|  0%| F|  |TAMS 0x0000000709300000, 0x0000000709300000| Untracked 
| 134|0x0000000709400000, 0x0000000709400000, 0x0000000709500000|  0%| F|  |TAMS 0x0000000709400000, 0x0000000709400000| Untracked 
| 135|0x0000000709500000, 0x0000000709500000, 0x0000000709600000|  0%| F|  |TAMS 0x0000000709500000, 0x0000000709500000| Untracked 
| 136|0x0000000709600000, 0x0000000709600000, 0x0000000709700000|  0%| F|  |TAMS 0x0000000709600000, 0x0000000709600000| Untracked 
| 137|0x0000000709700000, 0x0000000709700000, 0x0000000709800000|  0%| F|  |TAMS 0x0000000709700000, 0x0000000709700000| Untracked 
| 138|0x0000000709800000, 0x0000000709800000, 0x0000000709900000|  0%| F|  |TAMS 0x0000000709800000, 0x0000000709800000| Untracked 
| 139|0x0000000709900000, 0x0000000709900000, 0x0000000709a00000|  0%| F|  |TAMS 0x0000000709900000, 0x0000000709900000| Untracked 
| 140|0x0000000709a00000, 0x0000000709a00000, 0x0000000709b00000|  0%| F|  |TAMS 0x0000000709a00000, 0x0000000709a00000| Untracked 
| 141|0x0000000709b00000, 0x0000000709b00000, 0x0000000709c00000|  0%| F|  |TAMS 0x0000000709b00000, 0x0000000709b00000| Untracked 
| 142|0x0000000709c00000, 0x0000000709c00000, 0x0000000709d00000|  0%| F|  |TAMS 0x0000000709c00000, 0x0000000709c00000| Untracked 
| 143|0x0000000709d00000, 0x0000000709dc58a0, 0x0000000709e00000| 77%| S|CS|TAMS 0x0000000709d00000, 0x0000000709d00000| Complete 
| 144|0x0000000709e00000, 0x0000000709f00000, 0x0000000709f00000|100%| S|CS|TAMS 0x0000000709e00000, 0x0000000709e00000| Complete 
| 145|0x0000000709f00000, 0x000000070a000000, 0x000000070a000000|100%| S|CS|TAMS 0x0000000709f00000, 0x0000000709f00000| Complete 
| 146|0x000000070a000000, 0x000000070a100000, 0x000000070a100000|100%| S|CS|TAMS 0x000000070a000000, 0x000000070a000000| Complete 
| 147|0x000000070a100000, 0x000000070a200000, 0x000000070a200000|100%| S|CS|TAMS 0x000000070a100000, 0x000000070a100000| Complete 
| 148|0x000000070a200000, 0x000000070a300000, 0x000000070a300000|100%| S|CS|TAMS 0x000000070a200000, 0x000000070a200000| Complete 
| 149|0x000000070a300000, 0x000000070a400000, 0x000000070a400000|100%| S|CS|TAMS 0x000000070a300000, 0x000000070a300000| Complete 
| 150|0x000000070a400000, 0x000000070a500000, 0x000000070a500000|100%| S|CS|TAMS 0x000000070a400000, 0x000000070a400000| Complete 
| 151|0x000000070a500000, 0x000000070a600000, 0x000000070a600000|100%| S|CS|TAMS 0x000000070a500000, 0x000000070a500000| Complete 
| 152|0x000000070a600000, 0x000000070a700000, 0x000000070a700000|100%| S|CS|TAMS 0x000000070a600000, 0x000000070a600000| Complete 
| 153|0x000000070a700000, 0x000000070a800000, 0x000000070a800000|100%| S|CS|TAMS 0x000000070a700000, 0x000000070a700000| Complete 
| 154|0x000000070a800000, 0x000000070a900000, 0x000000070a900000|100%| S|CS|TAMS 0x000000070a800000, 0x000000070a800000| Complete 
| 155|0x000000070a900000, 0x000000070aa00000, 0x000000070aa00000|100%| S|CS|TAMS 0x000000070a900000, 0x000000070a900000| Complete 
| 156|0x000000070aa00000, 0x000000070ab00000, 0x000000070ab00000|100%| S|CS|TAMS 0x000000070aa00000, 0x000000070aa00000| Complete 
| 157|0x000000070ab00000, 0x000000070ac00000, 0x000000070ac00000|100%| S|CS|TAMS 0x000000070ab00000, 0x000000070ab00000| Complete 
| 158|0x000000070ac00000, 0x000000070ad00000, 0x000000070ad00000|100%| S|CS|TAMS 0x000000070ac00000, 0x000000070ac00000| Complete 
| 159|0x000000070ad00000, 0x000000070ae00000, 0x000000070ae00000|100%| S|CS|TAMS 0x000000070ad00000, 0x000000070ad00000| Complete 
| 160|0x000000070ae00000, 0x000000070af00000, 0x000000070af00000|100%| S|CS|TAMS 0x000000070ae00000, 0x000000070ae00000| Complete 
| 161|0x000000070af00000, 0x000000070af00000, 0x000000070b000000|  0%| F|  |TAMS 0x000000070af00000, 0x000000070af00000| Untracked 
| 162|0x000000070b000000, 0x000000070b000000, 0x000000070b100000|  0%| F|  |TAMS 0x000000070b000000, 0x000000070b000000| Untracked 
| 163|0x000000070b100000, 0x000000070b100000, 0x000000070b200000|  0%| F|  |TAMS 0x000000070b100000, 0x000000070b100000| Untracked 
| 164|0x000000070b200000, 0x000000070b200000, 0x000000070b300000|  0%| F|  |TAMS 0x000000070b200000, 0x000000070b200000| Untracked 
| 165|0x000000070b300000, 0x000000070b300000, 0x000000070b400000|  0%| F|  |TAMS 0x000000070b300000, 0x000000070b300000| Untracked 
| 166|0x000000070b400000, 0x000000070b400000, 0x000000070b500000|  0%| F|  |TAMS 0x000000070b400000, 0x000000070b400000| Untracked 
| 167|0x000000070b500000, 0x000000070b500000, 0x000000070b600000|  0%| F|  |TAMS 0x000000070b500000, 0x000000070b500000| Untracked 
| 168|0x000000070b600000, 0x000000070b600000, 0x000000070b700000|  0%| F|  |TAMS 0x000000070b600000, 0x000000070b600000| Untracked 
| 169|0x000000070b700000, 0x000000070b700000, 0x000000070b800000|  0%| F|  |TAMS 0x000000070b700000, 0x000000070b700000| Untracked 
| 170|0x000000070b800000, 0x000000070b800000, 0x000000070b900000|  0%| F|  |TAMS 0x000000070b800000, 0x000000070b800000| Untracked 
| 171|0x000000070b900000, 0x000000070b900000, 0x000000070ba00000|  0%| F|  |TAMS 0x000000070b900000, 0x000000070b900000| Untracked 
| 172|0x000000070ba00000, 0x000000070ba00000, 0x000000070bb00000|  0%| F|  |TAMS 0x000000070ba00000, 0x000000070ba00000| Untracked 
| 173|0x000000070bb00000, 0x000000070bb00000, 0x000000070bc00000|  0%| F|  |TAMS 0x000000070bb00000, 0x000000070bb00000| Untracked 
| 174|0x000000070bc00000, 0x000000070bc00000, 0x000000070bd00000|  0%| F|  |TAMS 0x000000070bc00000, 0x000000070bc00000| Untracked 
| 175|0x000000070bd00000, 0x000000070bd00000, 0x000000070be00000|  0%| F|  |TAMS 0x000000070bd00000, 0x000000070bd00000| Untracked 
| 176|0x000000070be00000, 0x000000070be00000, 0x000000070bf00000|  0%| F|  |TAMS 0x000000070be00000, 0x000000070be00000| Untracked 
| 177|0x000000070bf00000, 0x000000070bf00000, 0x000000070c000000|  0%| F|  |TAMS 0x000000070bf00000, 0x000000070bf00000| Untracked 
| 178|0x000000070c000000, 0x000000070c000000, 0x000000070c100000|  0%| F|  |TAMS 0x000000070c000000, 0x000000070c000000| Untracked 
| 179|0x000000070c100000, 0x000000070c100000, 0x000000070c200000|  0%| F|  |TAMS 0x000000070c100000, 0x000000070c100000| Untracked 
| 180|0x000000070c200000, 0x000000070c200000, 0x000000070c300000|  0%| F|  |TAMS 0x000000070c200000, 0x000000070c200000| Untracked 
| 181|0x000000070c300000, 0x000000070c300000, 0x000000070c400000|  0%| F|  |TAMS 0x000000070c300000, 0x000000070c300000| Untracked 
| 182|0x000000070c400000, 0x000000070c400000, 0x000000070c500000|  0%| F|  |TAMS 0x000000070c400000, 0x000000070c400000| Untracked 
| 183|0x000000070c500000, 0x000000070c500000, 0x000000070c600000|  0%| F|  |TAMS 0x000000070c500000, 0x000000070c500000| Untracked 
| 184|0x000000070c600000, 0x000000070c600000, 0x000000070c700000|  0%| F|  |TAMS 0x000000070c600000, 0x000000070c600000| Untracked 
| 185|0x000000070c700000, 0x000000070c700000, 0x000000070c800000|  0%| F|  |TAMS 0x000000070c700000, 0x000000070c700000| Untracked 
| 186|0x000000070c800000, 0x000000070c800000, 0x000000070c900000|  0%| F|  |TAMS 0x000000070c800000, 0x000000070c800000| Untracked 
| 187|0x000000070c900000, 0x000000070ca00000, 0x000000070ca00000|100%| E|  |TAMS 0x000000070c900000, 0x000000070c900000| Complete 
| 188|0x000000070ca00000, 0x000000070cb00000, 0x000000070cb00000|100%| E|CS|TAMS 0x000000070ca00000, 0x000000070ca00000| Complete 
| 189|0x000000070cb00000, 0x000000070cc00000, 0x000000070cc00000|100%| E|CS|TAMS 0x000000070cb00000, 0x000000070cb00000| Complete 
| 190|0x000000070cc00000, 0x000000070cd00000, 0x000000070cd00000|100%| E|CS|TAMS 0x000000070cc00000, 0x000000070cc00000| Complete 
| 191|0x000000070cd00000, 0x000000070ce00000, 0x000000070ce00000|100%| E|CS|TAMS 0x000000070cd00000, 0x000000070cd00000| Complete 
| 192|0x000000070ce00000, 0x000000070cf00000, 0x000000070cf00000|100%| E|CS|TAMS 0x000000070ce00000, 0x000000070ce00000| Complete 
| 193|0x000000070cf00000, 0x000000070d000000, 0x000000070d000000|100%| E|CS|TAMS 0x000000070cf00000, 0x000000070cf00000| Complete 
| 194|0x000000070d000000, 0x000000070d100000, 0x000000070d100000|100%| E|CS|TAMS 0x000000070d000000, 0x000000070d000000| Complete 
| 195|0x000000070d100000, 0x000000070d200000, 0x000000070d200000|100%| E|CS|TAMS 0x000000070d100000, 0x000000070d100000| Complete 
| 196|0x000000070d200000, 0x000000070d300000, 0x000000070d300000|100%| E|CS|TAMS 0x000000070d200000, 0x000000070d200000| Complete 
| 197|0x000000070d300000, 0x000000070d400000, 0x000000070d400000|100%| E|CS|TAMS 0x000000070d300000, 0x000000070d300000| Complete 
| 198|0x000000070d400000, 0x000000070d500000, 0x000000070d500000|100%| E|CS|TAMS 0x000000070d400000, 0x000000070d400000| Complete 
| 199|0x000000070d500000, 0x000000070d600000, 0x000000070d600000|100%| E|CS|TAMS 0x000000070d500000, 0x000000070d500000| Complete 
| 200|0x000000070d600000, 0x000000070d700000, 0x000000070d700000|100%| E|CS|TAMS 0x000000070d600000, 0x000000070d600000| Complete 
| 201|0x000000070d700000, 0x000000070d800000, 0x000000070d800000|100%| E|CS|TAMS 0x000000070d700000, 0x000000070d700000| Complete 
| 202|0x000000070d800000, 0x000000070d900000, 0x000000070d900000|100%| E|CS|TAMS 0x000000070d800000, 0x000000070d800000| Complete 
| 203|0x000000070d900000, 0x000000070da00000, 0x000000070da00000|100%| E|CS|TAMS 0x000000070d900000, 0x000000070d900000| Complete 
| 204|0x000000070da00000, 0x000000070db00000, 0x000000070db00000|100%| E|CS|TAMS 0x000000070da00000, 0x000000070da00000| Complete 
| 205|0x000000070db00000, 0x000000070dc00000, 0x000000070dc00000|100%| E|CS|TAMS 0x000000070db00000, 0x000000070db00000| Complete 
| 206|0x000000070dc00000, 0x000000070dd00000, 0x000000070dd00000|100%| E|CS|TAMS 0x000000070dc00000, 0x000000070dc00000| Complete 
| 207|0x000000070dd00000, 0x000000070de00000, 0x000000070de00000|100%| E|CS|TAMS 0x000000070dd00000, 0x000000070dd00000| Complete 
| 208|0x000000070de00000, 0x000000070df00000, 0x000000070df00000|100%| E|CS|TAMS 0x000000070de00000, 0x000000070de00000| Complete 
| 209|0x000000070df00000, 0x000000070e000000, 0x000000070e000000|100%| E|CS|TAMS 0x000000070df00000, 0x000000070df00000| Complete 
| 210|0x000000070e000000, 0x000000070e100000, 0x000000070e100000|100%| E|CS|TAMS 0x000000070e000000, 0x000000070e000000| Complete 
| 211|0x000000070e100000, 0x000000070e200000, 0x000000070e200000|100%| E|CS|TAMS 0x000000070e100000, 0x000000070e100000| Complete 
| 212|0x000000070e200000, 0x000000070e300000, 0x000000070e300000|100%| E|CS|TAMS 0x000000070e200000, 0x000000070e200000| Complete 
| 213|0x000000070e300000, 0x000000070e400000, 0x000000070e400000|100%| E|CS|TAMS 0x000000070e300000, 0x000000070e300000| Complete 
| 214|0x000000070e400000, 0x000000070e500000, 0x000000070e500000|100%| E|CS|TAMS 0x000000070e400000, 0x000000070e400000| Complete 
| 215|0x000000070e500000, 0x000000070e600000, 0x000000070e600000|100%| E|CS|TAMS 0x000000070e500000, 0x000000070e500000| Complete 
| 216|0x000000070e600000, 0x000000070e700000, 0x000000070e700000|100%| E|CS|TAMS 0x000000070e600000, 0x000000070e600000| Complete 
| 217|0x000000070e700000, 0x000000070e800000, 0x000000070e800000|100%| E|CS|TAMS 0x000000070e700000, 0x000000070e700000| Complete 
| 218|0x000000070e800000, 0x000000070e900000, 0x000000070e900000|100%| E|CS|TAMS 0x000000070e800000, 0x000000070e800000| Complete 
| 219|0x000000070e900000, 0x000000070ea00000, 0x000000070ea00000|100%| E|CS|TAMS 0x000000070e900000, 0x000000070e900000| Complete 
| 220|0x000000070ea00000, 0x000000070eb00000, 0x000000070eb00000|100%| E|CS|TAMS 0x000000070ea00000, 0x000000070ea00000| Complete 
| 221|0x000000070eb00000, 0x000000070ec00000, 0x000000070ec00000|100%| E|CS|TAMS 0x000000070eb00000, 0x000000070eb00000| Complete 
| 222|0x000000070ec00000, 0x000000070ed00000, 0x000000070ed00000|100%| E|CS|TAMS 0x000000070ec00000, 0x000000070ec00000| Complete 
| 223|0x000000070ed00000, 0x000000070ee00000, 0x000000070ee00000|100%| E|CS|TAMS 0x000000070ed00000, 0x000000070ed00000| Complete 
| 224|0x000000070ee00000, 0x000000070ef00000, 0x000000070ef00000|100%| E|CS|TAMS 0x000000070ee00000, 0x000000070ee00000| Complete 
| 225|0x000000070ef00000, 0x000000070f000000, 0x000000070f000000|100%| E|CS|TAMS 0x000000070ef00000, 0x000000070ef00000| Complete 
| 226|0x000000070f000000, 0x000000070f100000, 0x000000070f100000|100%| E|CS|TAMS 0x000000070f000000, 0x000000070f000000| Complete 
| 227|0x000000070f100000, 0x000000070f200000, 0x000000070f200000|100%| E|CS|TAMS 0x000000070f100000, 0x000000070f100000| Complete 
| 228|0x000000070f200000, 0x000000070f300000, 0x000000070f300000|100%| E|CS|TAMS 0x000000070f200000, 0x000000070f200000| Complete 
| 229|0x000000070f300000, 0x000000070f400000, 0x000000070f400000|100%| E|CS|TAMS 0x000000070f300000, 0x000000070f300000| Complete 
| 230|0x000000070f400000, 0x000000070f500000, 0x000000070f500000|100%| E|CS|TAMS 0x000000070f400000, 0x000000070f400000| Complete 
| 231|0x000000070f500000, 0x000000070f600000, 0x000000070f600000|100%| E|CS|TAMS 0x000000070f500000, 0x000000070f500000| Complete 
| 232|0x000000070f600000, 0x000000070f700000, 0x000000070f700000|100%| E|CS|TAMS 0x000000070f600000, 0x000000070f600000| Complete 
| 233|0x000000070f700000, 0x000000070f800000, 0x000000070f800000|100%| E|CS|TAMS 0x000000070f700000, 0x000000070f700000| Complete 
| 234|0x000000070f800000, 0x000000070f900000, 0x000000070f900000|100%| E|CS|TAMS 0x000000070f800000, 0x000000070f800000| Complete 
| 235|0x000000070f900000, 0x000000070fa00000, 0x000000070fa00000|100%| E|CS|TAMS 0x000000070f900000, 0x000000070f900000| Complete 
| 236|0x000000070fa00000, 0x000000070fb00000, 0x000000070fb00000|100%| E|CS|TAMS 0x000000070fa00000, 0x000000070fa00000| Complete 
| 237|0x000000070fb00000, 0x000000070fc00000, 0x000000070fc00000|100%| E|CS|TAMS 0x000000070fb00000, 0x000000070fb00000| Complete 
| 238|0x000000070fc00000, 0x000000070fd00000, 0x000000070fd00000|100%| E|CS|TAMS 0x000000070fc00000, 0x000000070fc00000| Complete 
| 239|0x000000070fd00000, 0x000000070fe00000, 0x000000070fe00000|100%| E|CS|TAMS 0x000000070fd00000, 0x000000070fd00000| Complete 
| 240|0x000000070fe00000, 0x000000070ff00000, 0x000000070ff00000|100%| E|CS|TAMS 0x000000070fe00000, 0x000000070fe00000| Complete 
| 241|0x000000070ff00000, 0x0000000710000000, 0x0000000710000000|100%| E|CS|TAMS 0x000000070ff00000, 0x000000070ff00000| Complete 
| 242|0x0000000710000000, 0x0000000710100000, 0x0000000710100000|100%| E|CS|TAMS 0x0000000710000000, 0x0000000710000000| Complete 
| 243|0x0000000710100000, 0x0000000710200000, 0x0000000710200000|100%| E|CS|TAMS 0x0000000710100000, 0x0000000710100000| Complete 
| 244|0x0000000710200000, 0x0000000710300000, 0x0000000710300000|100%| E|CS|TAMS 0x0000000710200000, 0x0000000710200000| Complete 
| 245|0x0000000710300000, 0x0000000710400000, 0x0000000710400000|100%| E|CS|TAMS 0x0000000710300000, 0x0000000710300000| Complete 
| 246|0x0000000710400000, 0x0000000710500000, 0x0000000710500000|100%| E|CS|TAMS 0x0000000710400000, 0x0000000710400000| Complete 
| 247|0x0000000710500000, 0x0000000710600000, 0x0000000710600000|100%| E|CS|TAMS 0x0000000710500000, 0x0000000710500000| Complete 
| 248|0x0000000710600000, 0x0000000710700000, 0x0000000710700000|100%| E|CS|TAMS 0x0000000710600000, 0x0000000710600000| Complete 
| 249|0x0000000710700000, 0x0000000710800000, 0x0000000710800000|100%| E|CS|TAMS 0x0000000710700000, 0x0000000710700000| Complete 
| 250|0x0000000710800000, 0x0000000710900000, 0x0000000710900000|100%| E|CS|TAMS 0x0000000710800000, 0x0000000710800000| Complete 
| 251|0x0000000710900000, 0x0000000710a00000, 0x0000000710a00000|100%| E|CS|TAMS 0x0000000710900000, 0x0000000710900000| Complete 
| 252|0x0000000710a00000, 0x0000000710b00000, 0x0000000710b00000|100%| E|CS|TAMS 0x0000000710a00000, 0x0000000710a00000| Complete 
| 253|0x0000000710b00000, 0x0000000710c00000, 0x0000000710c00000|100%| E|CS|TAMS 0x0000000710b00000, 0x0000000710b00000| Complete 
| 254|0x0000000710c00000, 0x0000000710d00000, 0x0000000710d00000|100%| E|CS|TAMS 0x0000000710c00000, 0x0000000710c00000| Complete 
| 255|0x0000000710d00000, 0x0000000710e00000, 0x0000000710e00000|100%| E|CS|TAMS 0x0000000710d00000, 0x0000000710d00000| Complete 
| 256|0x0000000710e00000, 0x0000000710f00000, 0x0000000710f00000|100%| E|CS|TAMS 0x0000000710e00000, 0x0000000710e00000| Complete 
| 257|0x0000000710f00000, 0x0000000711000000, 0x0000000711000000|100%| E|CS|TAMS 0x0000000710f00000, 0x0000000710f00000| Complete 
| 258|0x0000000711000000, 0x0000000711100000, 0x0000000711100000|100%| E|CS|TAMS 0x0000000711000000, 0x0000000711000000| Complete 
| 259|0x0000000711100000, 0x0000000711200000, 0x0000000711200000|100%| E|CS|TAMS 0x0000000711100000, 0x0000000711100000| Complete 
| 260|0x0000000711200000, 0x0000000711300000, 0x0000000711300000|100%| E|CS|TAMS 0x0000000711200000, 0x0000000711200000| Complete 
| 261|0x0000000711300000, 0x0000000711400000, 0x0000000711400000|100%| E|CS|TAMS 0x0000000711300000, 0x0000000711300000| Complete 
| 262|0x0000000711400000, 0x0000000711500000, 0x0000000711500000|100%| E|CS|TAMS 0x0000000711400000, 0x0000000711400000| Complete 
| 263|0x0000000711500000, 0x0000000711600000, 0x0000000711600000|100%| E|CS|TAMS 0x0000000711500000, 0x0000000711500000| Complete 
| 264|0x0000000711600000, 0x0000000711700000, 0x0000000711700000|100%| E|CS|TAMS 0x0000000711600000, 0x0000000711600000| Complete 
| 265|0x0000000711700000, 0x0000000711800000, 0x0000000711800000|100%| E|CS|TAMS 0x0000000711700000, 0x0000000711700000| Complete 
| 266|0x0000000711800000, 0x0000000711900000, 0x0000000711900000|100%| E|CS|TAMS 0x0000000711800000, 0x0000000711800000| Complete 
| 267|0x0000000711900000, 0x0000000711a00000, 0x0000000711a00000|100%| E|CS|TAMS 0x0000000711900000, 0x0000000711900000| Complete 
| 268|0x0000000711a00000, 0x0000000711b00000, 0x0000000711b00000|100%| E|CS|TAMS 0x0000000711a00000, 0x0000000711a00000| Complete 
| 269|0x0000000711b00000, 0x0000000711c00000, 0x0000000711c00000|100%| E|CS|TAMS 0x0000000711b00000, 0x0000000711b00000| Complete 
| 270|0x0000000711c00000, 0x0000000711d00000, 0x0000000711d00000|100%| E|CS|TAMS 0x0000000711c00000, 0x0000000711c00000| Complete 
| 271|0x0000000711d00000, 0x0000000711e00000, 0x0000000711e00000|100%| E|CS|TAMS 0x0000000711d00000, 0x0000000711d00000| Complete 
| 272|0x0000000711e00000, 0x0000000711f00000, 0x0000000711f00000|100%| E|CS|TAMS 0x0000000711e00000, 0x0000000711e00000| Complete 
| 273|0x0000000711f00000, 0x0000000712000000, 0x0000000712000000|100%| E|CS|TAMS 0x0000000711f00000, 0x0000000711f00000| Complete 
| 274|0x0000000712000000, 0x0000000712100000, 0x0000000712100000|100%| E|CS|TAMS 0x0000000712000000, 0x0000000712000000| Complete 
| 275|0x0000000712100000, 0x0000000712200000, 0x0000000712200000|100%| E|CS|TAMS 0x0000000712100000, 0x0000000712100000| Complete 
| 276|0x0000000712200000, 0x0000000712300000, 0x0000000712300000|100%| E|CS|TAMS 0x0000000712200000, 0x0000000712200000| Complete 
| 277|0x0000000712300000, 0x0000000712400000, 0x0000000712400000|100%| E|CS|TAMS 0x0000000712300000, 0x0000000712300000| Complete 
| 278|0x0000000712400000, 0x0000000712500000, 0x0000000712500000|100%| E|CS|TAMS 0x0000000712400000, 0x0000000712400000| Complete 
| 279|0x0000000712500000, 0x0000000712600000, 0x0000000712600000|100%| E|CS|TAMS 0x0000000712500000, 0x0000000712500000| Complete 
| 280|0x0000000712600000, 0x0000000712700000, 0x0000000712700000|100%| E|CS|TAMS 0x0000000712600000, 0x0000000712600000| Complete 
| 281|0x0000000712700000, 0x0000000712800000, 0x0000000712800000|100%| E|CS|TAMS 0x0000000712700000, 0x0000000712700000| Complete 
| 282|0x0000000712800000, 0x0000000712900000, 0x0000000712900000|100%| E|CS|TAMS 0x0000000712800000, 0x0000000712800000| Complete 
| 283|0x0000000712900000, 0x0000000712a00000, 0x0000000712a00000|100%| E|CS|TAMS 0x0000000712900000, 0x0000000712900000| Complete 
| 284|0x0000000712a00000, 0x0000000712b00000, 0x0000000712b00000|100%| E|CS|TAMS 0x0000000712a00000, 0x0000000712a00000| Complete 
| 285|0x0000000712b00000, 0x0000000712c00000, 0x0000000712c00000|100%| E|CS|TAMS 0x0000000712b00000, 0x0000000712b00000| Complete 
| 286|0x0000000712c00000, 0x0000000712d00000, 0x0000000712d00000|100%| E|CS|TAMS 0x0000000712c00000, 0x0000000712c00000| Complete 
| 287|0x0000000712d00000, 0x0000000712e00000, 0x0000000712e00000|100%| E|CS|TAMS 0x0000000712d00000, 0x0000000712d00000| Complete 
| 288|0x0000000712e00000, 0x0000000712f00000, 0x0000000712f00000|100%| E|CS|TAMS 0x0000000712e00000, 0x0000000712e00000| Complete 
| 289|0x0000000712f00000, 0x0000000713000000, 0x0000000713000000|100%| E|CS|TAMS 0x0000000712f00000, 0x0000000712f00000| Complete 
| 290|0x0000000713000000, 0x0000000713100000, 0x0000000713100000|100%| E|CS|TAMS 0x0000000713000000, 0x0000000713000000| Complete 
| 291|0x0000000713100000, 0x0000000713200000, 0x0000000713200000|100%| E|CS|TAMS 0x0000000713100000, 0x0000000713100000| Complete 
| 292|0x0000000713200000, 0x0000000713300000, 0x0000000713300000|100%| E|CS|TAMS 0x0000000713200000, 0x0000000713200000| Complete 
| 293|0x0000000713300000, 0x0000000713400000, 0x0000000713400000|100%| E|CS|TAMS 0x0000000713300000, 0x0000000713300000| Complete 
| 294|0x0000000713400000, 0x0000000713500000, 0x0000000713500000|100%| E|CS|TAMS 0x0000000713400000, 0x0000000713400000| Complete 
| 295|0x0000000713500000, 0x0000000713600000, 0x0000000713600000|100%| E|CS|TAMS 0x0000000713500000, 0x0000000713500000| Complete 
| 296|0x0000000713600000, 0x0000000713700000, 0x0000000713700000|100%| E|CS|TAMS 0x0000000713600000, 0x0000000713600000| Complete 
| 297|0x0000000713700000, 0x0000000713800000, 0x0000000713800000|100%| E|CS|TAMS 0x0000000713700000, 0x0000000713700000| Complete 
| 298|0x0000000713800000, 0x0000000713900000, 0x0000000713900000|100%| E|CS|TAMS 0x0000000713800000, 0x0000000713800000| Complete 
| 299|0x0000000713900000, 0x0000000713a00000, 0x0000000713a00000|100%| E|CS|TAMS 0x0000000713900000, 0x0000000713900000| Complete 
| 300|0x0000000713a00000, 0x0000000713b00000, 0x0000000713b00000|100%| E|CS|TAMS 0x0000000713a00000, 0x0000000713a00000| Complete 
| 301|0x0000000713b00000, 0x0000000713c00000, 0x0000000713c00000|100%| E|CS|TAMS 0x0000000713b00000, 0x0000000713b00000| Complete 
| 302|0x0000000713c00000, 0x0000000713d00000, 0x0000000713d00000|100%| E|CS|TAMS 0x0000000713c00000, 0x0000000713c00000| Complete 
| 303|0x0000000713d00000, 0x0000000713e00000, 0x0000000713e00000|100%| E|CS|TAMS 0x0000000713d00000, 0x0000000713d00000| Complete 
| 304|0x0000000713e00000, 0x0000000713f00000, 0x0000000713f00000|100%| E|CS|TAMS 0x0000000713e00000, 0x0000000713e00000| Complete 
| 305|0x0000000713f00000, 0x0000000714000000, 0x0000000714000000|100%| E|CS|TAMS 0x0000000713f00000, 0x0000000713f00000| Complete 
| 306|0x0000000714000000, 0x0000000714100000, 0x0000000714100000|100%| E|CS|TAMS 0x0000000714000000, 0x0000000714000000| Complete 
| 307|0x0000000714100000, 0x0000000714200000, 0x0000000714200000|100%| E|CS|TAMS 0x0000000714100000, 0x0000000714100000| Complete 

Card table byte_map: [0x0000014b68d80000,0x0000014b69580000] _byte_map_base: 0x0000014b65579000

Marking Bits (Prev, Next): (CMBitMap*) 0x0000014b5504e460, (CMBitMap*) 0x0000014b5504e428
 Prev Bits: [0x0000014b6dd50000, 0x0000014b71d18000)
 Next Bits: [0x0000014b69d80000, 0x0000014b6dd48000)

Polling page: 0x0000014b550d0000

Metaspace:

Usage:
  Non-class:     73.35 MB capacity,    72.82 MB (>99%) used,   426.50 KB ( <1%) free+waste,   121.38 KB ( <1%) overhead. 
      Class:      8.88 MB capacity,     8.58 MB ( 97%) used,   268.98 KB (  3%) free+waste,    47.69 KB ( <1%) overhead. 
       Both:     82.24 MB capacity,    81.39 MB ( 99%) used,   695.48 KB ( <1%) free+waste,   169.06 KB ( <1%) overhead. 

Virtual space:
  Non-class space:       74.00 MB reserved,      73.50 MB (>99%) committed 
      Class space:        1.00 GB reserved,       9.00 MB ( <1%) committed 
             Both:        1.07 GB reserved,      82.50 MB (  8%) committed 

Chunk freelists:
   Non-Class:  21.00 KB
       Class:  22.00 KB
        Both:  43.00 KB

MaxMetaspaceSize: 17179869184.00 GB
CompressedClassSpaceSize: 1.00 GB

CodeHeap 'non-profiled nmethods': size=120000Kb used=7679Kb max_used=7679Kb free=112320Kb
 bounds [0x0000014b605e0000, 0x0000014b60d60000, 0x0000014b67b10000]
CodeHeap 'profiled nmethods': size=120000Kb used=47552Kb max_used=47552Kb free=72447Kb
 bounds [0x0000014b590b0000, 0x0000014b5bf30000, 0x0000014b605e0000]
CodeHeap 'non-nmethods': size=5760Kb used=1299Kb max_used=1345Kb free=4460Kb
 bounds [0x0000014b58b10000, 0x0000014b58d80000, 0x0000014b590b0000]
 total_blobs=15467 nmethods=14804 adapters=570
 compilation: enabled
              stopped_count=0, restarted_count=0
 full_count=0

Compilation events (20 events):
Event: 9.583 Thread 0x0000014b751c0800 nmethod 14807 0x0000014b5beedc90 code [0x0000014b5beedee0, 0x0000014b5beee9d8]
Event: 9.583 Thread 0x0000014b751c0800 14804       3       org.jetbrains.kotlin.backend.jvm.codegen.IrCodegenUtilsKt::isStatic (26 bytes)
Event: 9.583 Thread 0x0000014b751c0800 nmethod 14804 0x0000014b5beeec10 code [0x0000014b5beeee60, 0x0000014b5beef648]
Event: 9.583 Thread 0x0000014b751c0800 14812       3       org.jetbrains.kotlin.resolve.jvm.annotations.JvmAnnotationUtilKt::getJVM_RECORD_ANNOTATION_FQ_NAME (4 bytes)
Event: 9.583 Thread 0x0000014b751c0800 nmethod 14812 0x0000014b5beef890 code [0x0000014b5beefa40, 0x0000014b5beefb38]
Event: 9.586 Thread 0x0000014b751c0800 14813       3       org.jetbrains.kotlin.codegen.optimization.common.UtilKt::stripOptimizationMarkers (58 bytes)
Event: 9.588 Thread 0x0000014b751c0800 nmethod 14813 0x0000014b5beefc10 code [0x0000014b5bef0020, 0x0000014b5bef1908]
Event: 9.588 Thread 0x0000014b751c0800 14814       3       org.jetbrains.org.objectweb.asm.tree.TypeInsnNode::accept (18 bytes)
Event: 9.588 Thread 0x0000014b751c0800 nmethod 14814 0x0000014b5bef2210 code [0x0000014b5bef23e0, 0x0000014b5bef25f8]
Event: 9.588 Thread 0x0000014b751c0800 14815       3       org.jetbrains.kotlin.ir.types.IrTypeSystemContextImpl::getName (6 bytes)
Event: 9.588 Thread 0x0000014b751c0800 nmethod 14815 0x0000014b5bef2710 code [0x0000014b5bef2980, 0x0000014b5bef3398]
Event: 9.588 Thread 0x0000014b751c0800 14816       3       org.jetbrains.org.objectweb.asm.tree.InsnList::iterator (6 bytes)
Event: 9.588 Thread 0x0000014b751c0800 nmethod 14816 0x0000014b5bef3690 code [0x0000014b5bef3860, 0x0000014b5bef3a68]
Event: 9.588 Thread 0x0000014b751c0800 14817       3       org.jetbrains.org.objectweb.asm.tree.InsnList::iterator (10 bytes)
Event: 9.588 Thread 0x0000014b751c0800 nmethod 14817 0x0000014b5bef3b90 code [0x0000014b5bef3d40, 0x0000014b5bef3ee8]
Event: 9.588 Thread 0x0000014b751c0800 14818       3       org.jetbrains.org.objectweb.asm.tree.InsnList$InsnListIterator::<init> (54 bytes)
Event: 9.589 Thread 0x0000014b751c0800 nmethod 14818 0x0000014b5bef3f90 code [0x0000014b5bef4180, 0x0000014b5bef4588]
Event: 9.590 Thread 0x0000014b751c0800 14819       3       org.jetbrains.org.objectweb.asm.SymbolTable::addConstantNameAndType (137 bytes)
Event: 9.591 Thread 0x0000014b751c0800 nmethod 14819 0x0000014b5bef4690 code [0x0000014b5bef4900, 0x0000014b5bef50c8]
Event: 9.591 Thread 0x0000014b751c0800 14820       3       org.jetbrains.kotlin.backend.jvm.codegen.IrTypeCheckerContextForTypeMapping::getName (18 bytes)

GC Heap History (16 events):
Event: 0.488 GC heap before
{Heap before GC invocations=0 (full 0):
 garbage-first heap   total 262144K, used 27648K [0x0000000700e00000, 0x0000000800000000)
  region size 1024K, 24 young (24576K), 0 survivors (0K)
 Metaspace       used 12301K, capacity 12405K, committed 12544K, reserved 1060864K
  class space    used 1155K, capacity 1174K, committed 1280K, reserved 1048576K
}
Event: 0.491 GC heap after
{Heap after GC invocations=1 (full 0):
 garbage-first heap   total 262144K, used 6027K [0x0000000700e00000, 0x0000000800000000)
  region size 1024K, 3 young (3072K), 3 survivors (3072K)
 Metaspace       used 12301K, capacity 12405K, committed 12544K, reserved 1060864K
  class space    used 1155K, capacity 1174K, committed 1280K, reserved 1048576K
}
Event: 0.959 GC heap before
{Heap before GC invocations=1 (full 0):
 garbage-first heap   total 262144K, used 42891K [0x0000000700e00000, 0x0000000800000000)
  region size 1024K, 40 young (40960K), 3 survivors (3072K)
 Metaspace       used 20986K, capacity 21188K, committed 21248K, reserved 1069056K
  class space    used 2221K, capacity 2290K, committed 2304K, reserved 1048576K
}
Event: 0.967 GC heap after
{Heap after GC invocations=2 (full 0):
 garbage-first heap   total 262144K, used 9423K [0x0000000700e00000, 0x0000000800000000)
  region size 1024K, 7 young (7168K), 7 survivors (7168K)
 Metaspace       used 20986K, capacity 21188K, committed 21248K, reserved 1069056K
  class space    used 2221K, capacity 2290K, committed 2304K, reserved 1048576K
}
Event: 1.687 GC heap before
{Heap before GC invocations=3 (full 0):
 garbage-first heap   total 262144K, used 73935K [0x0000000700e00000, 0x0000000800000000)
  region size 1024K, 58 young (59392K), 7 survivors (7168K)
 Metaspace       used 31012K, capacity 31468K, committed 31744K, reserved 1077248K
  class space    used 3672K, capacity 3834K, committed 3840K, reserved 1048576K
}
Event: 1.696 GC heap after
{Heap after GC invocations=4 (full 0):
 garbage-first heap   total 262144K, used 24032K [0x0000000700e00000, 0x0000000800000000)
  region size 1024K, 8 young (8192K), 8 survivors (8192K)
 Metaspace       used 31012K, capacity 31468K, committed 31744K, reserved 1077248K
  class space    used 3672K, capacity 3834K, committed 3840K, reserved 1048576K
}
Event: 1.912 GC heap before
{Heap before GC invocations=4 (full 0):
 garbage-first heap   total 262144K, used 40416K [0x0000000700e00000, 0x0000000800000000)
  region size 1024K, 24 young (24576K), 8 survivors (8192K)
 Metaspace       used 33721K, capacity 34200K, committed 34432K, reserved 1079296K
  class space    used 3958K, capacity 4126K, committed 4224K, reserved 1048576K
}
Event: 1.918 GC heap after
{Heap after GC invocations=5 (full 0):
 garbage-first heap   total 262144K, used 24430K [0x0000000700e00000, 0x0000000800000000)
  region size 1024K, 3 young (3072K), 3 survivors (3072K)
 Metaspace       used 33721K, capacity 34200K, committed 34432K, reserved 1079296K
  class space    used 3958K, capacity 4126K, committed 4224K, reserved 1048576K
}
Event: 1.994 GC heap before
{Heap before GC invocations=5 (full 0):
 garbage-first heap   total 262144K, used 32622K [0x0000000700e00000, 0x0000000800000000)
  region size 1024K, 12 young (12288K), 3 survivors (3072K)
 Metaspace       used 35327K, capacity 35720K, committed 35840K, reserved 1081344K
  class space    used 4126K, capacity 4291K, committed 4352K, reserved 1048576K
}
Event: 1.997 GC heap after
{Heap after GC invocations=6 (full 0):
 garbage-first heap   total 315392K, used 24658K [0x0000000700e00000, 0x0000000800000000)
  region size 1024K, 3 young (3072K), 3 survivors (3072K)
 Metaspace       used 35327K, capacity 35720K, committed 35840K, reserved 1081344K
  class space    used 4126K, capacity 4291K, committed 4352K, reserved 1048576K
}
Event: 3.402 GC heap before
{Heap before GC invocations=7 (full 0):
 garbage-first heap   total 315392K, used 139346K [0x0000000700e00000, 0x0000000800000000)
  region size 1024K, 112 young (114688K), 3 survivors (3072K)
 Metaspace       used 50657K, capacity 51243K, committed 51456K, reserved 1095680K
  class space    used 5818K, capacity 6030K, committed 6144K, reserved 1048576K
}
Event: 3.411 GC heap after
{Heap after GC invocations=8 (full 0):
 garbage-first heap   total 315392K, used 37983K [0x0000000700e00000, 0x0000000800000000)
  region size 1024K, 14 young (14336K), 14 survivors (14336K)
 Metaspace       used 50657K, capacity 51243K, committed 51456K, reserved 1095680K
  class space    used 5818K, capacity 6030K, committed 6144K, reserved 1048576K
}
Event: 5.369 GC heap before
{Heap before GC invocations=8 (full 0):
 garbage-first heap   total 315392K, used 153695K [0x0000000700e00000, 0x0000000800000000)
  region size 1024K, 128 young (131072K), 14 survivors (14336K)
 Metaspace       used 59266K, capacity 60030K, committed 60160K, reserved 1101824K
  class space    used 6659K, capacity 6968K, committed 7040K, reserved 1048576K
}
Event: 5.449 GC heap after
{Heap after GC invocations=9 (full 0):
 garbage-first heap   total 315392K, used 53958K [0x0000000700e00000, 0x0000000800000000)
  region size 1024K, 16 young (16384K), 16 survivors (16384K)
 Metaspace       used 59266K, capacity 60030K, committed 60160K, reserved 1101824K
  class space    used 6659K, capacity 6968K, committed 7040K, reserved 1048576K
}
Event: 7.743 GC heap before
{Heap before GC invocations=10 (full 0):
 garbage-first heap   total 315392K, used 188102K [0x0000000700e00000, 0x0000000800000000)
  region size 1024K, 147 young (150528K), 16 survivors (16384K)
 Metaspace       used 72654K, capacity 73518K, committed 73856K, reserved 1114112K
  class space    used 7912K, capacity 8224K, committed 8320K, reserved 1048576K
}
Event: 7.765 GC heap after
{Heap after GC invocations=11 (full 0):
 garbage-first heap   total 315392K, used 71982K [0x0000000700e00000, 0x0000000800000000)
  region size 1024K, 18 young (18432K), 18 survivors (18432K)
 Metaspace       used 72654K, capacity 73518K, committed 73856K, reserved 1114112K
  class space    used 7912K, capacity 8224K, committed 8320K, reserved 1048576K
}

Deoptimization events (20 events):
Event: 9.089 Thread 0x0000014b54feb000 Uncommon trap: trap_request=0xffffff4d fr.pc=0x0000014b6097d5d0 relative=0x0000000000001050
Event: 9.089 Thread 0x0000014b54feb000 Uncommon trap: reason=unstable_if action=reinterpret pc=0x0000014b6097d5d0 method=org.jetbrains.kotlin.metadata.ProtoBuf$Function.isInitialized()Z @ 7 c2
Event: 9.089 Thread 0x0000014b54feb000 DEOPT PACKING pc=0x0000014b6097d5d0 sp=0x00000021853fdb70
Event: 9.089 Thread 0x0000014b54feb000 DEOPT UNPACKING pc=0x0000014b58b368af sp=0x00000021853fdb10 mode 2
Event: 9.089 Thread 0x0000014b54feb000 Uncommon trap: trap_request=0xffffff4d fr.pc=0x0000014b609df5f4 relative=0x0000000000000134
Event: 9.089 Thread 0x0000014b54feb000 Uncommon trap: reason=unstable_if action=reinterpret pc=0x0000014b609df5f4 method=org.jetbrains.kotlin.protobuf.FieldSet.computeElementSizeNoTag(Lorg/jetbrains/kotlin/protobuf/WireFormat$FieldType;Ljava/lang/Object;)I @ 8 c2
Event: 9.089 Thread 0x0000014b54feb000 DEOPT PACKING pc=0x0000014b609df5f4 sp=0x00000021853fdaf0
Event: 9.089 Thread 0x0000014b54feb000 DEOPT UNPACKING pc=0x0000014b58b368af sp=0x00000021853fda80 mode 2
Event: 9.123 Thread 0x0000014b54feb000 Uncommon trap: trap_request=0xffffff4d fr.pc=0x0000014b609421bc relative=0x00000000000005dc
Event: 9.123 Thread 0x0000014b54feb000 Uncommon trap: reason=unstable_if action=reinterpret pc=0x0000014b609421bc method=org.jetbrains.kotlin.metadata.ProtoBuf$ValueParameter.isInitialized()Z @ 7 c2
Event: 9.123 Thread 0x0000014b54feb000 DEOPT PACKING pc=0x0000014b609421bc sp=0x00000021853fd900
Event: 9.123 Thread 0x0000014b54feb000 DEOPT UNPACKING pc=0x0000014b58b368af sp=0x00000021853fd8a8 mode 2
Event: 9.234 Thread 0x0000014b54feb000 Uncommon trap: trap_request=0xffffff4d fr.pc=0x0000014b60d02c8c relative=0x00000000000002ac
Event: 9.234 Thread 0x0000014b54feb000 Uncommon trap: reason=unstable_if action=reinterpret pc=0x0000014b60d02c8c method=org.jetbrains.org.objectweb.asm.tree.analysis.SmallSet.union(Lorg/jetbrains/org/objectweb/asm/tree/analysis/SmallSet;)Ljava/util/Set; @ 59 c2
Event: 9.234 Thread 0x0000014b54feb000 DEOPT PACKING pc=0x0000014b60d02c8c sp=0x00000021853fd6e0
Event: 9.234 Thread 0x0000014b54feb000 DEOPT UNPACKING pc=0x0000014b58b368af sp=0x00000021853fd5c0 mode 2
Event: 9.430 Thread 0x0000014b54feb000 DEOPT PACKING pc=0x0000014b5bbffa84 sp=0x00000021853fd460
Event: 9.430 Thread 0x0000014b54feb000 DEOPT UNPACKING pc=0x0000014b58b3705e sp=0x00000021853fcb58 mode 0
Event: 9.493 Thread 0x0000014b54feb000 DEOPT PACKING pc=0x0000014b5bbffa84 sp=0x00000021853fd4a0
Event: 9.493 Thread 0x0000014b54feb000 DEOPT UNPACKING pc=0x0000014b58b3705e sp=0x00000021853fcb98 mode 0

Classes redefined (0 events):
No events

Internal exceptions (20 events):
Event: 3.944 Thread 0x0000014b54feb000 Exception <a 'java/lang/NoSuchMethodError'{0x00000007121d9b08}: 'java.lang.Object java.lang.invoke.Invokers$Holder.linkToTargetMethod(java.lang.Object, java.lang.Object, java.lang.Object, java.lang.Object, java.lang.Object, java.lang.Object)'> (0x00000007121d9b08) thrown at [./src/hotspot/share/interpreter/linkResolver.cpp, line 773]
Event: 4.006 Thread 0x0000014b54feb000 Implicit null exception at 0x0000014b6068c143 to 0x0000014b6068c2c8
Event: 4.006 Thread 0x0000014b54feb000 Implicit null exception at 0x0000014b6063c6f8 to 0x0000014b6063c78a
Event: 4.157 Thread 0x0000014b54feb000 Implicit null exception at 0x0000014b60828184 to 0x0000014b60828c50
Event: 4.169 Thread 0x0000014b54feb000 Exception <a 'java/lang/NoSuchMethodError'{0x00000007116cffe8}: 'java.lang.Object java.lang.invoke.DirectMethodHandle$Holder.invokeInterface(java.lang.Object, java.lang.Object, java.lang.Object)'> (0x00000007116cffe8) thrown at [./src/hotspot/share/interpreter/linkResolver.cpp, line 773]
Event: 4.169 Thread 0x0000014b54feb000 Exception <a 'java/lang/IncompatibleClassChangeError'{0x00000007116d3218}: Found class java.lang.Object, but interface was expected> (0x00000007116d3218) thrown at [./src/hotspot/share/interpreter/linkResolver.cpp, line 839]
Event: 4.177 Thread 0x0000014b54feb000 Implicit null exception at 0x0000014b605f9377 to 0x0000014b605f9884
Event: 4.206 Thread 0x0000014b54feb000 Exception <a 'java/lang/NoSuchMethodError'{0x0000000711491fa0}: 'java.lang.Object java.lang.invoke.Invokers$Holder.linkToTargetMethod(java.lang.Object, java.lang.Object, java.lang.Object, int, int, java.lang.Object)'> (0x0000000711491fa0) thrown at [./src/hotspot/share/interpreter/linkResolver.cpp, line 773]
Event: 4.213 Thread 0x0000014b54feb000 Implicit null exception at 0x0000014b605fb774 to 0x0000014b605fbc9c
Event: 4.389 Thread 0x0000014b54feb000 Exception <a 'java/lang/NoSuchMethodError'{0x000000071076d080}: 'java.lang.Object java.lang.invoke.DirectMethodHandle$Holder.invokeSpecial(java.lang.Object, java.lang.Object, java.lang.Object, java.lang.Object, java.lang.Object, int)'> (0x000000071076d080) thrown at [./src/hotspot/share/interpreter/linkResolver.cpp, line 773]
Event: 4.389 Thread 0x0000014b54feb000 Exception <a 'java/lang/NoSuchMethodError'{0x0000000710771968}: 'java.lang.Object java.lang.invoke.Invokers$Holder.linkToTargetMethod(java.lang.Object, java.lang.Object, java.lang.Object, int, java.lang.Object)'> (0x0000000710771968) thrown at [./src/hotspot/share/interpreter/linkResolver.cpp, line 773]
Event: 4.458 Thread 0x0000014b54feb000 Implicit null exception at 0x0000014b6088863f to 0x0000014b608899cc
Event: 4.569 Thread 0x0000014b54feb000 Exception <a 'java/lang/NoSuchMethodError'{0x000000070ff91690}: 'int java.lang.invoke.DirectMethodHandle$Holder.invokeStaticInit(java.lang.Object, int)'> (0x000000070ff91690) thrown at [./src/hotspot/share/interpreter/linkResolver.cpp, line 773]
Event: 4.946 Thread 0x0000014b54feb000 Exception <a 'java/lang/NoSuchMethodError'{0x000000070e48bbd8}: 'java.lang.Object java.lang.invoke.Invokers$Holder.linkToTargetMethod(java.lang.Object, java.lang.Object, java.lang.Object, java.lang.Object, java.lang.Object, java.lang.Object, java.lang.Object)'> (0x000000070e48bbd8) thrown at [./src/hotspot/share/interpreter/linkResolver.cpp, line 773]
Event: 5.879 Thread 0x0000014b54feb000 Implicit null exception at 0x0000014b60638ff5 to 0x0000014b606391e4
Event: 5.977 Thread 0x0000014b54feb000 Implicit null exception at 0x0000014b6087f5f6 to 0x0000014b6087f8bc
Event: 6.147 Thread 0x0000014b54feb000 Implicit null exception at 0x0000014b60729652 to 0x0000014b60729923
Event: 6.763 Thread 0x0000014b54feb000 Implicit null exception at 0x0000014b60643e74 to 0x0000014b606440a4
Event: 7.148 Thread 0x0000014b54feb000 Implicit null exception at 0x0000014b60b112ef to 0x0000014b60b11680
Event: 8.872 Thread 0x0000014b54feb000 Implicit null exception at 0x0000014b60cd54d2 to 0x0000014b60cd5555

Events (20 events):
Event: 9.210 loading class org/jetbrains/kotlin/codegen/ObjectCompare$Companion
Event: 9.210 loading class org/jetbrains/kotlin/codegen/ObjectCompare$Companion done
Event: 9.211 loading class org/jetbrains/kotlin/codegen/intrinsics/TypeIntrinsics
Event: 9.211 loading class org/jetbrains/kotlin/codegen/intrinsics/TypeIntrinsics done
Event: 9.212 loading class kotlin/text/RegexKt
Event: 9.212 loading class kotlin/text/RegexKt done
Event: 9.213 loading class org/jetbrains/kotlin/backend/jvm/intrinsics/ThrowKotlinNothingValueException$toCallable$1
Event: 9.213 loading class org/jetbrains/kotlin/backend/jvm/intrinsics/ThrowKotlinNothingValueException$toCallable$1 done
Event: 9.314 Executing VM operation: ICBufferFull
Event: 9.315 Executing VM operation: ICBufferFull done
Event: 9.318 loading class org/jetbrains/kotlin/backend/jvm/codegen/BooleanConstant
Event: 9.318 loading class org/jetbrains/kotlin/backend/jvm/codegen/BooleanConstant done
Event: 9.326 loading class org/jetbrains/kotlin/codegen/CommonVariableAsmNameManglingUtils
Event: 9.326 loading class org/jetbrains/kotlin/codegen/CommonVariableAsmNameManglingUtils done
Event: 9.327 loading class org/jetbrains/kotlin/resolve/jvm/checkers/DalvikIdentifierUtils
Event: 9.327 loading class org/jetbrains/kotlin/resolve/jvm/checkers/DalvikIdentifierUtils done
Event: 9.328 loading class org/jetbrains/kotlin/metadata/ProtoBuf$Package$Builder
Event: 9.328 loading class org/jetbrains/kotlin/metadata/ProtoBuf$Package$Builder done
Event: 9.550 Executing VM operation: ICBufferFull
Event: 9.551 Executing VM operation: ICBufferFull done


Dynamic libraries:
0x00007ff6e8290000 - 0x00007ff6e829a000 	C:\Program Files\Android\Android Studio\jre\bin\java.exe
0x00007ffad1d10000 - 0x00007ffad1f05000 	C:\WINDOWS\SYSTEM32\ntdll.dll
0x00007ffacfe20000 - 0x00007ffacfede000 	C:\WINDOWS\System32\KERNEL32.DLL
0x00007ffacf800000 - 0x00007ffacfac8000 	C:\WINDOWS\System32\KERNELBASE.dll
0x00007ffacfad0000 - 0x00007ffacfbd0000 	C:\WINDOWS\System32\ucrtbase.dll
0x00007ffab4da0000 - 0x00007ffab4db9000 	C:\Program Files\Android\Android Studio\jre\bin\jli.dll
0x00007ffab8880000 - 0x00007ffab8897000 	C:\Program Files\Android\Android Studio\jre\bin\VCRUNTIME140.dll
0x00007ffacfee0000 - 0x00007ffad0080000 	C:\WINDOWS\System32\USER32.dll
0x00007ffacfcb0000 - 0x00007ffacfcd2000 	C:\WINDOWS\System32\win32u.dll
0x00007ffabbfe0000 - 0x00007ffabc27a000 	C:\WINDOWS\WinSxS\amd64_microsoft.windows.common-controls_6595b64144ccf1df_6.0.19041.1110_none_60b5254171f9507e\COMCTL32.dll
0x00007ffad0800000 - 0x00007ffad082b000 	C:\WINDOWS\System32\GDI32.dll
0x00007ffad06e0000 - 0x00007ffad077e000 	C:\WINDOWS\System32\msvcrt.dll
0x00007ffacf430000 - 0x00007ffacf53b000 	C:\WINDOWS\System32\gdi32full.dll
0x00007ffacf760000 - 0x00007ffacf7fd000 	C:\WINDOWS\System32\msvcp_win.dll
0x00007ffad06b0000 - 0x00007ffad06e0000 	C:\WINDOWS\System32\IMM32.DLL
0x00007ffa9e5e0000 - 0x00007ffa9e67d000 	C:\Program Files\Android\Android Studio\jre\bin\msvcp140.dll
0x00007ffa95b50000 - 0x00007ffa96625000 	C:\Program Files\Android\Android Studio\jre\bin\server\jvm.dll
0x00007ffacfd70000 - 0x00007ffacfe1e000 	C:\WINDOWS\System32\ADVAPI32.dll
0x00007ffad05b0000 - 0x00007ffad064c000 	C:\WINDOWS\System32\sechost.dll
0x00007ffad0130000 - 0x00007ffad0255000 	C:\WINDOWS\System32\RPCRT4.dll
0x00007ffad07f0000 - 0x00007ffad07f8000 	C:\WINDOWS\System32\PSAPI.DLL
0x00007ffabd520000 - 0x00007ffabd529000 	C:\WINDOWS\SYSTEM32\WSOCK32.dll
0x00007ffad0780000 - 0x00007ffad07eb000 	C:\WINDOWS\System32\WS2_32.dll
0x00007ffac7d30000 - 0x00007ffac7d57000 	C:\WINDOWS\SYSTEM32\WINMM.dll
0x00007ffac96c0000 - 0x00007ffac96ca000 	C:\WINDOWS\SYSTEM32\VERSION.dll
0x00007ffacd360000 - 0x00007ffacd372000 	C:\WINDOWS\SYSTEM32\kernel.appcore.dll
0x00007ffab0de0000 - 0x00007ffab0df1000 	C:\Program Files\Android\Android Studio\jre\bin\verify.dll
0x00007ffac4de0000 - 0x00007ffac4fc4000 	C:\WINDOWS\SYSTEM32\DBGHELP.DLL
0x00007ffac4db0000 - 0x00007ffac4ddc000 	C:\WINDOWS\SYSTEM32\dbgcore.DLL
0x00007ffacfce0000 - 0x00007ffacfd62000 	C:\WINDOWS\System32\bcryptPrimitives.dll
0x00007ffab0bb0000 - 0x00007ffab0bd9000 	C:\Program Files\Android\Android Studio\jre\bin\java.dll
0x00007ffabd490000 - 0x00007ffabd49b000 	C:\Program Files\Android\Android Studio\jre\bin\jimage.dll
0x00007ffab0d90000 - 0x00007ffab0da8000 	C:\Program Files\Android\Android Studio\jre\bin\zip.dll
0x00007ffad0830000 - 0x00007ffad0f74000 	C:\WINDOWS\System32\SHELL32.dll
0x00007ffacd560000 - 0x00007ffacdcf4000 	C:\WINDOWS\SYSTEM32\windows.storage.dll
0x00007ffad1570000 - 0x00007ffad18c4000 	C:\WINDOWS\System32\combase.dll
0x00007ffacee90000 - 0x00007ffaceebc000 	C:\WINDOWS\SYSTEM32\Wldp.dll
0x00007ffad0500000 - 0x00007ffad05ad000 	C:\WINDOWS\System32\SHCORE.dll
0x00007ffad0440000 - 0x00007ffad0495000 	C:\WINDOWS\System32\shlwapi.dll
0x00007ffacf370000 - 0x00007ffacf38f000 	C:\WINDOWS\SYSTEM32\profapi.dll
0x00007ffab0ce0000 - 0x00007ffab0cfa000 	C:\Program Files\Android\Android Studio\jre\bin\net.dll
0x00007ffac5890000 - 0x00007ffac5999000 	C:\WINDOWS\SYSTEM32\WINHTTP.dll
0x00007ffaceb80000 - 0x00007ffacebea000 	C:\WINDOWS\system32\mswsock.dll
0x00007ffaaf830000 - 0x00007ffaaf844000 	C:\Program Files\Android\Android Studio\jre\bin\nio.dll

dbghelp: loaded successfully - version: 4.0.5 - missing functions: none
symbol engine: initialized successfully - sym options: 0x614 - pdb path: .;C:\Program Files\Android\Android Studio\jre\bin;C:\WINDOWS\SYSTEM32;C:\WINDOWS\WinSxS\amd64_microsoft.windows.common-controls_6595b64144ccf1df_6.0.19041.1110_none_60b5254171f9507e;C:\Program Files\Android\Android Studio\jre\bin\server

VM Arguments:
java_command: org.jetbrains.kotlin.cli.jvm.K2JVMCompiler @C:\Users\nande\AndroidStudioProjects\compose-simple-app\app\build\20220415_160189027569500235.compiler.options
java_class_path (initial): C:\Users\nande\.gradle\caches\modules-2\files-2.1\org.jetbrains.kotlin\kotlin-compiler-embeddable\1.5.21\40ddbcae9ff100473f95370c2d589ba3fc48eed5\kotlin-compiler-embeddable-1.5.21.jar;C:\Users\nande\.gradle\caches\modules-2\files-2.1\org.jetbrains.kotlin\kotlin-reflect\1.5.21\802f1f39735ae1eb2b75714a40fa19bb2e687e96\kotlin-reflect-1.5.21.jar;C:\Users\nande\.gradle\caches\modules-2\files-2.1\org.jetbrains.kotlin\kotlin-stdlib\1.5.21\2f537cad7e9eeb9da73738c8812e1e4cf9b62e4e\kotlin-stdlib-1.5.21.jar;C:\Users\nande\.gradle\caches\modules-2\files-2.1\org.jetbrains.kotlin\kotlin-script-runtime\1.5.21\96d49e89873fde985750af354b6eabb60cfa999b\kotlin-script-runtime-1.5.21.jar;C:\Users\nande\.gradle\caches\modules-2\files-2.1\org.jetbrains.kotlin\kotlin-daemon-embeddable\1.5.21\17255809e66a940dfdf6289bccbdfb5a09f3145\kotlin-daemon-embeddable-1.5.21.jar;C:\Users\nande\.gradle\caches\modules-2\files-2.1\org.jetbrains.intellij.deps\trove4j\1.0.20181211\216c2e14b070f334479d800987affe4054cd563f\trove4j-1.0.20181211.jar;C:\Users\nande\.gradle\caches\modules-2\files-2.1\org.jetbrains\annotations\13.0\919f0dfe192fb4e063e7dacadee7f8bb9a2672a9\annotations-13.0.jar;C:\Users\nande\.gradle\caches\modules-2\files-2.1\org.jetbrains.kotlin\kotlin-stdlib-common\1.5.21\cc8bf3586fd2ebcf234058b9440bb406e62dfacb\kotlin-stdlib-common-1.5.21.jar
Launcher Type: SUN_STANDARD

[Global flags]
     intx CICompilerCount                          = 4                                         {product} {ergonomic}
     uint ConcGCThreads                            = 2                                         {product} {ergonomic}
     uint G1ConcRefinementThreads                  = 8                                         {product} {ergonomic}
   size_t G1HeapRegionSize                         = 1048576                                   {product} {ergonomic}
    uintx GCDrainStackTargetSize                   = 64                                        {product} {ergonomic}
   size_t InitialHeapSize                          = 268435456                                 {product} {ergonomic}
   size_t MarkStackSize                            = 4194304                                   {product} {ergonomic}
   size_t MaxHeapSize                              = 4280287232                                {product} {ergonomic}
   size_t MaxNewSize                               = 2567962624                                {product} {ergonomic}
   size_t MinHeapDeltaBytes                        = 1048576                                   {product} {ergonomic}
    uintx NonNMethodCodeHeapSize                   = 5836300                                {pd product} {ergonomic}
    uintx NonProfiledCodeHeapSize                  = 122910970                              {pd product} {ergonomic}
    uintx ProfiledCodeHeapSize                     = 122910970                              {pd product} {ergonomic}
    uintx ReservedCodeCacheSize                    = 251658240                              {pd product} {ergonomic}
     bool SegmentedCodeCache                       = true                                      {product} {ergonomic}
     bool UseCompressedClassPointers               = true                                 {lp64_product} {ergonomic}
     bool UseCompressedOops                        = true                                 {lp64_product} {ergonomic}
     bool UseG1GC                                  = true                                      {product} {ergonomic}
     bool UseLargePagesIndividualAllocation        = false                                  {pd product} {ergonomic}

Logging:
Log output configuration:
 #0: stdout all=warning uptime,level,tags
 #1: stderr all=off uptime,level,tags

Environment Variables:
PATH=C:\Program Files (x86)\Common Files\Intel\Shared Libraries\redist\intel64\compiler;C:\Windows\system32;C:\Windows;C:\Windows\System32\Wbem;C:\Windows\System32\WindowsPowerShell\v1.0\;C:\Windows\System32\OpenSSH\;C:\Program Files (x86)\NVIDIA Corporation\PhysX\Common;C:\Program Files\NVIDIA Corporation\NVIDIA NvDLISR;C:\WINDOWS\system32;C:\WINDOWS;C:\WINDOWS\System32\Wbem;C:\WINDOWS\System32\WindowsPowerShell\v1.0\;C:\WINDOWS\System32\OpenSSH\;C:\Program Files\Git\cmd;C:\Users\nande\Desktop\jdk-11.0.13\bin;C:\Program Files (x86)\Common Files\Acronis\SnapAPI\;C:\Users\nande\AppData\Local\Programs\Python\Python310\Scripts\;C:\Users\nande\AppData\Local\Programs\Python\Python310\;C:\Users\nande\AppData\Local\Microsoft\WindowsApps;C:\Program Files\JetBrains\IntelliJ IDEA 2020.3.1\bin;;C:\Users\nande\Desktop\apache-maven-3.8.4\bin;C:\Users\nande\AppData\Local\Programs\Microsoft VS Code\bin;C:\Program Files\JetBrains\PyCharm Community Edition 2021.3.2\bin;;C:\Program Files\JetBrains\PyCharm-2021.3.2\bin;;C:\Users\nande\Desktop\jdk-11.0.13\bin;
USERNAME=nande
OS=Windows_NT
PROCESSOR_IDENTIFIER=Intel64 Family 6 Model 94 Stepping 3, GenuineIntel



---------------  S Y S T E M  ---------------

OS: Windows 10 , 64 bit Build 19041 (10.0.19041.1566)
OS uptime: 2 days 9:16 hours

CPU:total 8 (initial active 8) (4 cores per cpu, 2 threads per core) family 6 model 94 stepping 3 microcode 0xcc, cmov, cx8, fxsr, mmx, sse, sse2, sse3, ssse3, sse4.1, sse4.2, popcnt, avx, avx2, aes, clmul, erms, rtm, 3dnowpref, lzcnt, ht, tsc, tscinvbit, bmi1, bmi2, adx, fma

Memory: 4k page, system-wide physical 16322M (3549M free)
TotalPageFile size 16322M (AvailPageFile size 10M)
current process WorkingSet (physical memory assigned to process): 478M, peak: 483M
current process commit charge ("private bytes"): 609M, peak: 614M

vm_info: OpenJDK 64-Bit Server VM (11.0.11+9-b60-7590822) for windows-amd64 JRE (11.0.11+9-b60-7590822), built on Jul 29 2021 21:43:44 by "builder" with MS VC++ 14.0 (VS2015)

END.
