#
# There is insufficient memory for the Java Runtime Environment to continue.
# Native memory allocation (mmap) failed to map 161480704 bytes for Failed to commit area from 0x0000000090000000 to 0x0000000099a00000 of length 161480704.
# Possible reasons:
#   The system is out of physical RAM or swap space
#   The process is running with CompressedOops enabled, and the Java Heap may be blocking the growth of the native heap
# Possible solutions:
#   Reduce memory load on the system
#   Increase physical memory or swap space
#   Check if swap backing store is full
#   Decrease Java heap size (-Xmx/-Xms)
#   Decrease number of Java threads
#   Decrease Java thread stack sizes (-Xss)
#   Set larger code cache with -XX:ReservedCodeCacheSize=
#   JVM is running with Unscaled Compressed Oops mode in which the Java heap is
#     placed in the first 4GB address space. The Java Heap base address is the
#     maximum limit for the native heap growth. Please use -XX:HeapBaseMinAddress
#     to set the Java Heap base and to place the Java Heap above 4GB virtual address.
# This output file may be truncated or incomplete.
#
#  Out of Memory Error (./src/hotspot/os/windows/os_windows.cpp:3301), pid=10816, tid=2120
#
# JRE version: OpenJDK Runtime Environment (11.0.11+9) (build 11.0.11+9-b60-7590822)
# Java VM: OpenJDK 64-Bit Server VM (11.0.11+9-b60-7590822, mixed mode, tiered, compressed oops, g1 gc, windows-amd64)
# No core dump will be written. Minidumps are not enabled by default on client versions of Windows
#

---------------  S U M M A R Y ------------

Command Line: --add-opens=java.base/java.util=ALL-UNNAMED --add-opens=java.base/java.lang=ALL-UNNAMED --add-opens=java.base/java.lang.invoke=ALL-UNNAMED --add-opens=java.base/java.util=ALL-UNNAMED --add-opens=java.prefs/java.util.prefs=ALL-UNNAMED --add-opens=java.prefs/java.util.prefs=ALL-UNNAMED --add-opens=java.base/java.nio.charset=ALL-UNNAMED --add-opens=java.base/java.net=ALL-UNNAMED --add-opens=java.base/java.util.concurrent.atomic=ALL-UNNAMED -Xmx2048m -Dfile.encoding=UTF-8 -Duser.country=RU -Duser.language=ru -Duser.variant org.gradle.launcher.daemon.bootstrap.GradleDaemon 7.2

Host: Intel(R) Core(TM) i7-6700K CPU @ 4.00GHz, 8 cores, 15G,  Windows 10 , 64 bit Build 19041 (10.0.19041.1645)
Time: Sun May  8 02:08:50 2022 RTZ 2 (зима) elapsed time: 41.088369 seconds (0d 0h 0m 41s)

---------------  T H R E A D  ---------------

Current thread (0x0000027fd6eee000):  VMThread "VM Thread" [stack: 0x000000cf09000000,0x000000cf09100000] [id=2120]

Stack: [0x000000cf09000000,0x000000cf09100000]
[error occurred during error reporting (printing stack bounds), id 0xc0000005, EXCEPTION_ACCESS_VIOLATION (0xc0000005) at pc=0x0000027fbfd10f2d]

Native frames: (J=compiled Java code, j=interpreted, Vv=VM code, C=native code)
V  [jvm.dll+0x5f214a]
V  [jvm.dll+0x726fb5]
V  [jvm.dll+0x7285cd]
V  [jvm.dll+0x728be5]
V  [jvm.dll+0x728b9b]
V  [jvm.dll+0x5f14e8]
V  [jvm.dll+0x5f1c78]
C  [ntdll.dll+0xa20cf]
C  [ntdll.dll+0x51454]
C  [ntdll.dll+0xa0bfe]
C  0x0000027fbfd10f2d

VM_Operation (0x000000cf11df54b0): G1CollectForAllocation, mode: safepoint, requested by thread 0x0000027fdc59d000


---------------  P R O C E S S  ---------------

Threads class SMR info:
_java_thread_list=0x0000027fda38c890, length=134, elements={
0x0000027fbc20c800, 0x0000027fd6ef2800, 0x0000027fd6ef3800, 0x0000027fd6f15800,
0x0000027fd6f18000, 0x0000027fd6f19000, 0x0000027fd6f1c000, 0x0000027fd6f6e800,
0x0000027fd6f6f800, 0x0000027fd70e0800, 0x0000027fd89da000, 0x0000027fd9e85800,
0x0000027fd9e7f800, 0x0000027fd9e86800, 0x0000027fd9e82000, 0x0000027fd9d23000,
0x0000027fd9d27000, 0x0000027fd9d21800, 0x0000027fd9d28000, 0x0000027fd9d25800,
0x0000027fd9d26000, 0x0000027fd9d28800, 0x0000027fd9d29800, 0x0000027fd9d24000,
0x0000027fd9d2a800, 0x0000027fd9d24800, 0x0000027fd9d2e800, 0x0000027fd9d2d800,
0x0000027fd9d2b000, 0x0000027fd9ed1000, 0x0000027fda777800, 0x0000027fd9ed5000,
0x0000027fd9ed6000, 0x0000027fd9ed0800, 0x0000027fd9ed3800, 0x0000027fd9ed7000,
0x0000027fd9ed7800, 0x0000027fd9ed2000, 0x0000027fd9ed8800, 0x0000027fd9ed4800,
0x0000027fd9edf000, 0x0000027fd9edd800, 0x0000027fd9edb800, 0x0000027fd9ed9800,
0x0000027fd9eda000, 0x0000027fd9edb000, 0x0000027fd9edc800, 0x0000027fd9ede000,
0x0000027fda774800, 0x0000027fda775000, 0x0000027fda773800, 0x0000027fda772800,
0x0000027fda776000, 0x0000027fda770800, 0x0000027fda777000, 0x0000027fda771000,
0x0000027fda772000, 0x0000027fda77b000, 0x0000027fda77e000, 0x0000027fda77b800,
0x0000027fda779800, 0x0000027fda77c800, 0x0000027fda77d800, 0x0000027fda778800,
0x0000027fda77f000, 0x0000027fd9e80800, 0x0000027fd9e83000, 0x0000027fd9e81800,
0x0000027fd9e84000, 0x0000027fd9e84800, 0x0000027fd9d22000, 0x0000027fd9d2c000,
0x0000027fd9d2f000, 0x0000027fd9d30000, 0x0000027fdeb4b800, 0x0000027fdeb49800,
0x0000027fdeb50000, 0x0000027fdeb4a000, 0x0000027fdeb4c800, 0x0000027fdeb4b000,
0x0000027fdeb4f000, 0x0000027fdeb50800, 0x0000027fdeb51800, 0x0000027fdeb53000,
0x0000027fdeb52800, 0x0000027fdeb4d800, 0x0000027fdeb54000, 0x0000027fdeb4e000,
0x0000027fdeb56800, 0x0000027fdeb54800, 0x0000027fdeb55800, 0x0000027fdeb57000,
0x0000027fdeb58000, 0x0000027fe1b35800, 0x0000027fe1b37000, 0x0000027fe1b39800,
0x0000027fe1b3a000, 0x0000027fe1b34800, 0x0000027fe1b38800, 0x0000027fe1b38000,
0x0000027fe1b3b000, 0x0000027fe1b3c000, 0x0000027fe1b36000, 0x0000027fe1b3d800,
0x0000027fe1b3e800, 0x0000027fe1b3f000, 0x0000027fe1b40000, 0x0000027fe1b41000,
0x0000027fe1b41800, 0x0000027fe1b42800, 0x0000027fe1b3c800, 0x0000027fe1b43000,
0x0000027fdc596800, 0x0000027fdc595000, 0x0000027fdc598000, 0x0000027fdc594000,
0x0000027fdc597800, 0x0000027fdc59a000, 0x0000027fdc599000, 0x0000027fdc59a800,
0x0000027fdc59b800, 0x0000027fdc596000, 0x0000027fdc59f000, 0x0000027fdc59c800,
0x0000027fdc59f800, 0x0000027fdc5a0800, 0x0000027fdc5a2000, 0x0000027fdc59d000,
0x0000027fdc5a1000, 0x0000027fdc59e000, 0x0000027fe3bb5800, 0x0000027fe3bb4800,
0x0000027fe3bb3000, 0x0000027fe3bb6800
}

Java Threads: ( => current thread )
  0x0000027fbc20c800 JavaThread "main" [_thread_blocked, id=5640, stack(0x000000cf08a00000,0x000000cf08b00000)]
  0x0000027fd6ef2800 JavaThread "Reference Handler" daemon [_thread_blocked, id=5008, stack(0x000000cf09100000,0x000000cf09200000)]
  0x0000027fd6ef3800 JavaThread "Finalizer" daemon [_thread_blocked, id=12540, stack(0x000000cf09200000,0x000000cf09300000)]
  0x0000027fd6f15800 JavaThread "Signal Dispatcher" daemon [_thread_blocked, id=7816, stack(0x000000cf09300000,0x000000cf09400000)]
  0x0000027fd6f18000 JavaThread "Attach Listener" daemon [_thread_blocked, id=1212, stack(0x000000cf09400000,0x000000cf09500000)]
  0x0000027fd6f19000 JavaThread "Service Thread" daemon [_thread_blocked, id=10348, stack(0x000000cf09500000,0x000000cf09600000)]
  0x0000027fd6f1c000 JavaThread "C2 CompilerThread0" daemon [_thread_in_native, id=10884, stack(0x000000cf09600000,0x000000cf09700000)]
  0x0000027fd6f6e800 JavaThread "C1 CompilerThread0" daemon [_thread_blocked, id=16108, stack(0x000000cf09700000,0x000000cf09800000)]
  0x0000027fd6f6f800 JavaThread "Sweeper thread" daemon [_thread_blocked, id=14632, stack(0x000000cf09800000,0x000000cf09900000)]
  0x0000027fd70e0800 JavaThread "Common-Cleaner" daemon [_thread_blocked, id=8012, stack(0x000000cf09900000,0x000000cf09a00000)]
  0x0000027fd89da000 JavaThread "Daemon health stats" [_thread_blocked, id=3392, stack(0x000000cf0a200000,0x000000cf0a300000)]
  0x0000027fd9e85800 JavaThread "Incoming local TCP Connector on port 64003" [_thread_in_native, id=5820, stack(0x000000cf0a300000,0x000000cf0a400000)]
  0x0000027fd9e7f800 JavaThread "Daemon periodic checks" [_thread_blocked, id=13092, stack(0x000000cf0a400000,0x000000cf0a500000)]
  0x0000027fd9e86800 JavaThread "Daemon" [_thread_blocked, id=15892, stack(0x000000cf0a500000,0x000000cf0a600000)]
  0x0000027fd9e82000 JavaThread "Daemon worker" [_thread_blocked, id=12400, stack(0x000000cf0a800000,0x000000cf0a900000)]
  0x0000027fd9d23000 JavaThread "Cache worker for journal cache (C:\Users\nande\.gradle\caches\journal-1)" [_thread_blocked, id=11816, stack(0x000000cf0ac00000,0x000000cf0ad00000)]
  0x0000027fd9d27000 JavaThread "File lock request listener" [_thread_in_native, id=14200, stack(0x000000cf0ad00000,0x000000cf0ae00000)]
  0x0000027fd9d21800 JavaThread "Cache worker for file hash cache (C:\Users\nande\.gradle\caches\7.2\fileHashes)" [_thread_blocked, id=13216, stack(0x000000cf0b100000,0x000000cf0b200000)]
  0x0000027fd9d28000 JavaThread "File watcher server" daemon [_thread_blocked, id=4388, stack(0x000000cf0b300000,0x000000cf0b400000)]
  0x0000027fd9d25800 JavaThread "File watcher consumer" daemon [_thread_blocked, id=14040, stack(0x000000cf0b400000,0x000000cf0b500000)]
  0x0000027fd9d26000 JavaThread "jar transforms" [_thread_blocked, id=648, stack(0x000000cf0b500000,0x000000cf0b600000)]
  0x0000027fd9d28800 JavaThread "jar transforms Thread 2" [_thread_blocked, id=8108, stack(0x000000cf0b600000,0x000000cf0b700000)]
  0x0000027fd9d29800 JavaThread "jar transforms Thread 3" [_thread_blocked, id=10556, stack(0x000000cf0b700000,0x000000cf0b800000)]
  0x0000027fd9d24000 JavaThread "jar transforms Thread 4" [_thread_blocked, id=2960, stack(0x000000cf0b800000,0x000000cf0b900000)]
  0x0000027fd9d2a800 JavaThread "jar transforms Thread 5" [_thread_blocked, id=5944, stack(0x000000cf0b900000,0x000000cf0ba00000)]
  0x0000027fd9d24800 JavaThread "jar transforms Thread 6" [_thread_blocked, id=3396, stack(0x000000cf0ba00000,0x000000cf0bb00000)]
  0x0000027fd9d2e800 JavaThread "jar transforms Thread 7" [_thread_blocked, id=9688, stack(0x000000cf0bb00000,0x000000cf0bc00000)]
  0x0000027fd9d2d800 JavaThread "jar transforms Thread 8" [_thread_blocked, id=15232, stack(0x000000cf0bc00000,0x000000cf0bd00000)]
  0x0000027fd9d2b000 JavaThread "Cache worker for execution history cache (C:\Users\nande\.gradle\caches\7.2\executionHistory)" [_thread_blocked, id=12596, stack(0x000000cf0c000000,0x000000cf0c100000)]
  0x0000027fd9ed1000 JavaThread "Cache worker for file content cache (C:\Users\nande\.gradle\caches\7.2\fileContent)" [_thread_blocked, id=6180, stack(0x000000cf0c100000,0x000000cf0c200000)]
  0x0000027fda777800 JavaThread "Memory manager" [_thread_blocked, id=2276, stack(0x000000cf11700000,0x000000cf11800000)]
  0x0000027fd9ed5000 JavaThread "Handler for socket connection from /127.0.0.1:64003 to /127.0.0.1:64019" [_thread_in_native, id=14488, stack(0x000000cf0a600000,0x000000cf0a700000)]
  0x0000027fd9ed6000 JavaThread "Cancel handler" [_thread_blocked, id=1756, stack(0x000000cf0a700000,0x000000cf0a800000)]
  0x0000027fd9ed0800 JavaThread "Asynchronous log dispatcher for DefaultDaemonConnection: socket connection from /127.0.0.1:64003 to /127.0.0.1:64019" [_thread_blocked, id=15196, stack(0x000000cf0a900000,0x000000cf0aa00000)]
  0x0000027fd9ed3800 JavaThread "Stdin handler" [_thread_blocked, id=7028, stack(0x000000cf0aa00000,0x000000cf0ab00000)]
  0x0000027fd9ed7000 JavaThread "Daemon client event forwarder" [_thread_blocked, id=16004, stack(0x000000cf0ab00000,0x000000cf0ac00000)]
  0x0000027fd9ed7800 JavaThread "Cache worker for file hash cache (C:\Users\nande\AndroidStudioProjects\compose-simple-app\.gradle\7.2\fileHashes)" [_thread_blocked, id=12348, stack(0x000000cf0b200000,0x000000cf0b300000)]
  0x0000027fd9ed2000 JavaThread "Cache worker for checksums cache (C:\Users\nande\AndroidStudioProjects\compose-simple-app\.gradle\checksums)" [_thread_blocked, id=8320, stack(0x000000cf0bd00000,0x000000cf0be00000)]
  0x0000027fd9ed8800 JavaThread "Cache worker for cache directory md-supplier (C:\Users\nande\.gradle\caches\7.2\md-supplier)" [_thread_blocked, id=3304, stack(0x000000cf0be00000,0x000000cf0bf00000)]
  0x0000027fd9ed4800 JavaThread "Cache worker for cache directory md-rule (C:\Users\nande\.gradle\caches\7.2\md-rule)" [_thread_blocked, id=13944, stack(0x000000cf0bf00000,0x000000cf0c000000)]
  0x0000027fd9edf000 JavaThread "Cache worker for dependencies-accessors (C:\Users\nande\AndroidStudioProjects\compose-simple-app\.gradle\7.2\dependencies-accessors)" [_thread_blocked, id=5904, stack(0x000000cf0c200000,0x000000cf0c300000)]
  0x0000027fd9edd800 JavaThread "C2 CompilerThread1" daemon [_thread_in_native, id=3812, stack(0x000000cf0c300000,0x000000cf0c400000)]
  0x0000027fd9edb800 JavaThread "C2 CompilerThread2" daemon [_thread_in_native, id=13980, stack(0x000000cf0c400000,0x000000cf0c500000)]
  0x0000027fd9ed9800 JavaThread "Cache worker for Build Output Cleanup Cache (C:\Users\nande\AndroidStudioProjects\compose-simple-app\.gradle\buildOutputCleanup)" [_thread_blocked, id=6548, stack(0x000000cf0c500000,0x000000cf0c600000)]
  0x0000027fd9eda000 JavaThread "Unconstrained build operations" [_thread_blocked, id=11452, stack(0x000000cf0c600000,0x000000cf0c700000)]
  0x0000027fd9edb000 JavaThread "Unconstrained build operations Thread 2" [_thread_blocked, id=13064, stack(0x000000cf0c700000,0x000000cf0c800000)]
  0x0000027fd9edc800 JavaThread "Unconstrained build operations Thread 3" [_thread_blocked, id=11944, stack(0x000000cf0c800000,0x000000cf0c900000)]
  0x0000027fd9ede000 JavaThread "Unconstrained build operations Thread 4" [_thread_blocked, id=9440, stack(0x000000cf0c900000,0x000000cf0ca00000)]
  0x0000027fda774800 JavaThread "Unconstrained build operations Thread 5" [_thread_blocked, id=10704, stack(0x000000cf0ca00000,0x000000cf0cb00000)]
  0x0000027fda775000 JavaThread "Unconstrained build operations Thread 6" [_thread_blocked, id=3868, stack(0x000000cf0cb00000,0x000000cf0cc00000)]
  0x0000027fda773800 JavaThread "Unconstrained build operations Thread 7" [_thread_blocked, id=14968, stack(0x000000cf0cc00000,0x000000cf0cd00000)]
  0x0000027fda772800 JavaThread "Unconstrained build operations Thread 8" [_thread_blocked, id=2040, stack(0x000000cf0cd00000,0x000000cf0ce00000)]
  0x0000027fda776000 JavaThread "Unconstrained build operations Thread 9" [_thread_blocked, id=6248, stack(0x000000cf0ce00000,0x000000cf0cf00000)]
  0x0000027fda770800 JavaThread "Unconstrained build operations Thread 10" [_thread_blocked, id=11532, stack(0x000000cf0cf00000,0x000000cf0d000000)]
  0x0000027fda777000 JavaThread "Unconstrained build operations Thread 11" [_thread_blocked, id=4884, stack(0x000000cf0d000000,0x000000cf0d100000)]
  0x0000027fda771000 JavaThread "Unconstrained build operations Thread 12" [_thread_blocked, id=14540, stack(0x000000cf0d100000,0x000000cf0d200000)]
  0x0000027fda772000 JavaThread "Unconstrained build operations Thread 13" [_thread_blocked, id=9792, stack(0x000000cf0d200000,0x000000cf0d300000)]
  0x0000027fda77b000 JavaThread "Unconstrained build operations Thread 14" [_thread_blocked, id=14612, stack(0x000000cf0d300000,0x000000cf0d400000)]
  0x0000027fda77e000 JavaThread "Unconstrained build operations Thread 15" [_thread_blocked, id=10736, stack(0x000000cf0d400000,0x000000cf0d500000)]
  0x0000027fda77b800 JavaThread "Unconstrained build operations Thread 16" [_thread_blocked, id=3140, stack(0x000000cf0d500000,0x000000cf0d600000)]
  0x0000027fda779800 JavaThread "Unconstrained build operations Thread 17" [_thread_blocked, id=4700, stack(0x000000cf0d600000,0x000000cf0d700000)]
  0x0000027fda77c800 JavaThread "Unconstrained build operations Thread 18" [_thread_blocked, id=13664, stack(0x000000cf0d700000,0x000000cf0d800000)]
  0x0000027fda77d800 JavaThread "Unconstrained build operations Thread 19" [_thread_blocked, id=7648, stack(0x000000cf0d800000,0x000000cf0d900000)]
  0x0000027fda778800 JavaThread "Unconstrained build operations Thread 20" [_thread_blocked, id=5960, stack(0x000000cf0d900000,0x000000cf0da00000)]
  0x0000027fda77f000 JavaThread "Unconstrained build operations Thread 21" [_thread_blocked, id=9488, stack(0x000000cf0da00000,0x000000cf0db00000)]
  0x0000027fd9e80800 JavaThread "Unconstrained build operations Thread 22" [_thread_blocked, id=15400, stack(0x000000cf0db00000,0x000000cf0dc00000)]
  0x0000027fd9e83000 JavaThread "Unconstrained build operations Thread 23" [_thread_blocked, id=6544, stack(0x000000cf0dc00000,0x000000cf0dd00000)]
  0x0000027fd9e81800 JavaThread "Unconstrained build operations Thread 24" [_thread_blocked, id=10896, stack(0x000000cf0dd00000,0x000000cf0de00000)]
  0x0000027fd9e84000 JavaThread "Unconstrained build operations Thread 25" [_thread_blocked, id=7284, stack(0x000000cf0de00000,0x000000cf0df00000)]
  0x0000027fd9e84800 JavaThread "Unconstrained build operations Thread 26" [_thread_blocked, id=11856, stack(0x000000cf0df00000,0x000000cf0e000000)]
  0x0000027fd9d22000 JavaThread "Unconstrained build operations Thread 27" [_thread_blocked, id=13780, stack(0x000000cf0e000000,0x000000cf0e100000)]
  0x0000027fd9d2c000 JavaThread "Unconstrained build operations Thread 28" [_thread_blocked, id=13368, stack(0x000000cf0e100000,0x000000cf0e200000)]
  0x0000027fd9d2f000 JavaThread "Unconstrained build operations Thread 29" [_thread_blocked, id=9404, stack(0x000000cf0e200000,0x000000cf0e300000)]
  0x0000027fd9d30000 JavaThread "Unconstrained build operations Thread 30" [_thread_blocked, id=9840, stack(0x000000cf0e300000,0x000000cf0e400000)]
  0x0000027fdeb4b800 JavaThread "Unconstrained build operations Thread 31" [_thread_blocked, id=10892, stack(0x000000cf0e400000,0x000000cf0e500000)]
  0x0000027fdeb49800 JavaThread "Unconstrained build operations Thread 32" [_thread_blocked, id=9948, stack(0x000000cf0e500000,0x000000cf0e600000)]
  0x0000027fdeb50000 JavaThread "Unconstrained build operations Thread 33" [_thread_blocked, id=464, stack(0x000000cf0e600000,0x000000cf0e700000)]
  0x0000027fdeb4a000 JavaThread "Unconstrained build operations Thread 34" [_thread_blocked, id=14644, stack(0x000000cf0e700000,0x000000cf0e800000)]
  0x0000027fdeb4c800 JavaThread "Unconstrained build operations Thread 35" [_thread_blocked, id=9736, stack(0x000000cf0e800000,0x000000cf0e900000)]
  0x0000027fdeb4b000 JavaThread "Unconstrained build operations Thread 36" [_thread_blocked, id=5912, stack(0x000000cf0e900000,0x000000cf0ea00000)]
  0x0000027fdeb4f000 JavaThread "Unconstrained build operations Thread 37" [_thread_blocked, id=3400, stack(0x000000cf0ea00000,0x000000cf0eb00000)]
  0x0000027fdeb50800 JavaThread "Unconstrained build operations Thread 38" [_thread_blocked, id=9340, stack(0x000000cf0eb00000,0x000000cf0ec00000)]
  0x0000027fdeb51800 JavaThread "Unconstrained build operations Thread 39" [_thread_blocked, id=15084, stack(0x000000cf0ec00000,0x000000cf0ed00000)]
  0x0000027fdeb53000 JavaThread "Unconstrained build operations Thread 40" [_thread_blocked, id=15672, stack(0x000000cf0ed00000,0x000000cf0ee00000)]
  0x0000027fdeb52800 JavaThread "Unconstrained build operations Thread 41" [_thread_blocked, id=10520, stack(0x000000cf0ee00000,0x000000cf0ef00000)]
  0x0000027fdeb4d800 JavaThread "Unconstrained build operations Thread 42" [_thread_blocked, id=16076, stack(0x000000cf0ef00000,0x000000cf0f000000)]
  0x0000027fdeb54000 JavaThread "Unconstrained build operations Thread 43" [_thread_blocked, id=10456, stack(0x000000cf0f000000,0x000000cf0f100000)]
  0x0000027fdeb4e000 JavaThread "Unconstrained build operations Thread 44" [_thread_blocked, id=3060, stack(0x000000cf0f100000,0x000000cf0f200000)]
  0x0000027fdeb56800 JavaThread "Unconstrained build operations Thread 45" [_thread_blocked, id=6128, stack(0x000000cf0f200000,0x000000cf0f300000)]
  0x0000027fdeb54800 JavaThread "Unconstrained build operations Thread 46" [_thread_blocked, id=8816, stack(0x000000cf0f300000,0x000000cf0f400000)]
  0x0000027fdeb55800 JavaThread "Unconstrained build operations Thread 47" [_thread_blocked, id=2244, stack(0x000000cf0f400000,0x000000cf0f500000)]
  0x0000027fdeb57000 JavaThread "Unconstrained build operations Thread 48" [_thread_blocked, id=7304, stack(0x000000cf0f500000,0x000000cf0f600000)]
  0x0000027fdeb58000 JavaThread "Unconstrained build operations Thread 49" [_thread_blocked, id=2728, stack(0x000000cf0f600000,0x000000cf0f700000)]
  0x0000027fe1b35800 JavaThread "Unconstrained build operations Thread 50" [_thread_blocked, id=2420, stack(0x000000cf0f700000,0x000000cf0f800000)]
  0x0000027fe1b37000 JavaThread "Unconstrained build operations Thread 51" [_thread_blocked, id=7036, stack(0x000000cf0f800000,0x000000cf0f900000)]
  0x0000027fe1b39800 JavaThread "Unconstrained build operations Thread 52" [_thread_blocked, id=2832, stack(0x000000cf0f900000,0x000000cf0fa00000)]
  0x0000027fe1b3a000 JavaThread "Unconstrained build operations Thread 53" [_thread_blocked, id=2724, stack(0x000000cf0fa00000,0x000000cf0fb00000)]
  0x0000027fe1b34800 JavaThread "Unconstrained build operations Thread 54" [_thread_blocked, id=2696, stack(0x000000cf0fb00000,0x000000cf0fc00000)]
  0x0000027fe1b38800 JavaThread "Unconstrained build operations Thread 55" [_thread_blocked, id=5720, stack(0x000000cf0fc00000,0x000000cf0fd00000)]
  0x0000027fe1b38000 JavaThread "Unconstrained build operations Thread 56" [_thread_blocked, id=2212, stack(0x000000cf0fd00000,0x000000cf0fe00000)]
  0x0000027fe1b3b000 JavaThread "Unconstrained build operations Thread 57" [_thread_blocked, id=8196, stack(0x000000cf0fe00000,0x000000cf0ff00000)]
  0x0000027fe1b3c000 JavaThread "Unconstrained build operations Thread 58" [_thread_blocked, id=1644, stack(0x000000cf0ff00000,0x000000cf10000000)]
  0x0000027fe1b36000 JavaThread "Unconstrained build operations Thread 59" [_thread_blocked, id=15172, stack(0x000000cf10000000,0x000000cf10100000)]
  0x0000027fe1b3d800 JavaThread "Unconstrained build operations Thread 60" [_thread_blocked, id=15180, stack(0x000000cf10100000,0x000000cf10200000)]
  0x0000027fe1b3e800 JavaThread "Unconstrained build operations Thread 61" [_thread_blocked, id=6600, stack(0x000000cf10200000,0x000000cf10300000)]
  0x0000027fe1b3f000 JavaThread "Unconstrained build operations Thread 62" [_thread_blocked, id=6992, stack(0x000000cf10300000,0x000000cf10400000)]
  0x0000027fe1b40000 JavaThread "Unconstrained build operations Thread 63" [_thread_blocked, id=14760, stack(0x000000cf10400000,0x000000cf10500000)]
  0x0000027fe1b41000 JavaThread "Unconstrained build operations Thread 64" [_thread_blocked, id=12324, stack(0x000000cf10500000,0x000000cf10600000)]
  0x0000027fe1b41800 JavaThread "Unconstrained build operations Thread 65" [_thread_blocked, id=11796, stack(0x000000cf10600000,0x000000cf10700000)]
  0x0000027fe1b42800 JavaThread "Unconstrained build operations Thread 66" [_thread_blocked, id=11632, stack(0x000000cf10700000,0x000000cf10800000)]
  0x0000027fe1b3c800 JavaThread "Unconstrained build operations Thread 67" [_thread_blocked, id=8284, stack(0x000000cf10800000,0x000000cf10900000)]
  0x0000027fe1b43000 JavaThread "Unconstrained build operations Thread 68" [_thread_blocked, id=9288, stack(0x000000cf10900000,0x000000cf10a00000)]
  0x0000027fdc596800 JavaThread "Unconstrained build operations Thread 69" [_thread_blocked, id=7460, stack(0x000000cf10a00000,0x000000cf10b00000)]
  0x0000027fdc595000 JavaThread "Unconstrained build operations Thread 70" [_thread_blocked, id=6200, stack(0x000000cf10b00000,0x000000cf10c00000)]
  0x0000027fdc598000 JavaThread "Unconstrained build operations Thread 71" [_thread_blocked, id=14168, stack(0x000000cf10c00000,0x000000cf10d00000)]
  0x0000027fdc594000 JavaThread "Unconstrained build operations Thread 72" [_thread_blocked, id=8392, stack(0x000000cf10d00000,0x000000cf10e00000)]
  0x0000027fdc597800 JavaThread "Unconstrained build operations Thread 73" [_thread_blocked, id=6236, stack(0x000000cf10e00000,0x000000cf10f00000)]
  0x0000027fdc59a000 JavaThread "Unconstrained build operations Thread 74" [_thread_blocked, id=15720, stack(0x000000cf10f00000,0x000000cf11000000)]
  0x0000027fdc599000 JavaThread "Unconstrained build operations Thread 75" [_thread_blocked, id=1140, stack(0x000000cf11000000,0x000000cf11100000)]
  0x0000027fdc59a800 JavaThread "Unconstrained build operations Thread 76" [_thread_blocked, id=3236, stack(0x000000cf11100000,0x000000cf11200000)]
  0x0000027fdc59b800 JavaThread "Unconstrained build operations Thread 77" [_thread_blocked, id=11508, stack(0x000000cf11200000,0x000000cf11300000)]
  0x0000027fdc596000 JavaThread "Unconstrained build operations Thread 78" [_thread_blocked, id=12356, stack(0x000000cf11300000,0x000000cf11400000)]
  0x0000027fdc59f000 JavaThread "Unconstrained build operations Thread 79" [_thread_blocked, id=12752, stack(0x000000cf11800000,0x000000cf11900000)]
  0x0000027fdc59c800 JavaThread "Unconstrained build operations Thread 80" [_thread_blocked, id=7132, stack(0x000000cf11900000,0x000000cf11a00000)]
  0x0000027fdc59f800 JavaThread "build event listener" [_thread_blocked, id=2104, stack(0x000000cf11a00000,0x000000cf11b00000)]
  0x0000027fdc5a0800 JavaThread "Execution worker for ':'" [_thread_blocked, id=7800, stack(0x000000cf11b00000,0x000000cf11c00000)]
  0x0000027fdc5a2000 JavaThread "Execution worker for ':' Thread 2" [_thread_blocked, id=5704, stack(0x000000cf11c00000,0x000000cf11d00000)]
  0x0000027fdc59d000 JavaThread "Execution worker for ':' Thread 3" [_thread_blocked, id=8872, stack(0x000000cf11d00000,0x000000cf11e00000)]
  0x0000027fdc5a1000 JavaThread "Execution worker for ':' Thread 4" [_thread_blocked, id=6980, stack(0x000000cf11e00000,0x000000cf11f00000)]
  0x0000027fdc59e000 JavaThread "Execution worker for ':' Thread 5" [_thread_blocked, id=9256, stack(0x000000cf11f00000,0x000000cf12000000)]
  0x0000027fe3bb5800 JavaThread "Execution worker for ':' Thread 6" [_thread_blocked, id=16248, stack(0x000000cf12000000,0x000000cf12100000)]
  0x0000027fe3bb4800 JavaThread "Execution worker for ':' Thread 7" [_thread_blocked, id=6188, stack(0x000000cf12100000,0x000000cf12200000)]
  0x0000027fe3bb3000 JavaThread "Cache worker for execution history cache (C:\Users\nande\AndroidStudioProjects\compose-simple-app\.gradle\7.2\executionHistory)" [_thread_blocked, id=7472, stack(0x000000cf12200000,0x000000cf12300000)]
  0x0000027fe3bb6800 JavaThread "WorkerExecutor Queue" [_thread_blocked, id=11928, stack(0x000000cf12300000,0x000000cf12400000)]

Other Threads:
=>0x0000027fd6eee000 VMThread "VM Thread" [stack: 0x000000cf09000000,0x000000cf09100000] [id=2120]
  0x0000027fd70f9800 WatcherThread [stack: 0x000000cf09a00000,0x000000cf09b00000] [id=8912]
  0x0000027fbc225000 GCTaskThread "GC Thread#0" [stack: 0x000000cf08b00000,0x000000cf08c00000] [id=9484]
  0x0000027fd7c33000 GCTaskThread "GC Thread#1" [stack: 0x000000cf09c00000,0x000000cf09d00000] [id=11732]
  0x0000027fd7c34000 GCTaskThread "GC Thread#2" [stack: 0x000000cf09d00000,0x000000cf09e00000] [id=7600]
  0x0000027fd7bab800 GCTaskThread "GC Thread#3" [stack: 0x000000cf09e00000,0x000000cf09f00000] [id=7268]
  0x0000027fd7bac800 GCTaskThread "GC Thread#4" [stack: 0x000000cf09f00000,0x000000cf0a000000] [id=6828]
  0x0000027fd7d1d000 GCTaskThread "GC Thread#5" [stack: 0x000000cf0a000000,0x000000cf0a100000] [id=724]
  0x0000027fd8942800 GCTaskThread "GC Thread#6" [stack: 0x000000cf0ae00000,0x000000cf0af00000] [id=11516]
  0x0000027fd86d4800 GCTaskThread "GC Thread#7" [stack: 0x000000cf0af00000,0x000000cf0b000000] [id=9196]
  0x0000027fbc258000 ConcurrentGCThread "G1 Main Marker" [stack: 0x000000cf08c00000,0x000000cf08d00000] [id=10196]
  0x0000027fbc259800 ConcurrentGCThread "G1 Conc#0" [stack: 0x000000cf08d00000,0x000000cf08e00000] [id=4560]
  0x0000027fd95ce000 ConcurrentGCThread "G1 Conc#1" [stack: 0x000000cf0b000000,0x000000cf0b100000] [id=9268]
  0x0000027fbc2ee000 ConcurrentGCThread "G1 Refine#0" [stack: 0x000000cf08e00000,0x000000cf08f00000] [id=15584]
  0x0000027fdf1c5800 ConcurrentGCThread "G1 Refine#1" [stack: 0x000000cf11400000,0x000000cf11500000] [id=10352]
  0x0000027fded9f800 ConcurrentGCThread "G1 Refine#2" [stack: 0x000000cf11500000,0x000000cf11600000] [id=6212]
  0x0000027fdcbec800 ConcurrentGCThread "G1 Refine#3" [stack: 0x000000cf11600000,0x000000cf11700000] [id=8016]
  0x0000027fd653c800 ConcurrentGCThread "G1 Young RemSet Sampling" [stack: 0x000000cf08f00000,0x000000cf09000000] [id=14452]

Threads with active compile tasks:
C2 CompilerThread0  41108 15615 %     4       com.android.tools.r8.internal.mH0::a @ 3156 (6068 bytes)
C2 CompilerThread1  41108 15631       4       com.android.tools.r8.internal.KK0::e (297 bytes)
C2 CompilerThread2  41108 15488       4       com.android.tools.r8.internal.mH0::a (4225 bytes)

VM state:at safepoint (normal execution)

VM Mutex/Monitor currently owned by a thread:  ([mutex/lock_event])
[0x0000027fbc209ae0] Threads_lock - owner thread: 0x0000027fd6eee000
[0x0000027fbc209930] Heap_lock - owner thread: 0x0000027fdc59d000

Heap address: 0x0000000080000000, size: 2048 MB, Compressed Oops mode: 32-bit
Narrow klass base: 0x0000000000000000, Narrow klass shift: 3
Compressed class space size: 1073741824 Address: 0x0000000100000000

Heap:
 garbage-first heap   total 419840K, used 216661K [0x0000000080000000, 0x0000000100000000)
  region size 1024K, 3 young (3072K), 3 survivors (3072K)
 Metaspace       used 117955K, capacity 121196K, committed 121712K, reserved 1155072K
  class space    used 15153K, capacity 16358K, committed 16512K, reserved 1048576K
Heap Regions: E=young(eden), S=young(survivor), O=old, HS=humongous(starts), HC=humongous(continues), CS=collection set, F=free, A=archive, TAMS=top-at-mark-start (previous, next)
|   0|0x0000000080000000, 0x0000000080100000, 0x0000000080100000|100%|HS|  |TAMS 0x0000000080100000, 0x0000000080100000| Complete 
|   1|0x0000000080100000, 0x0000000080200000, 0x0000000080200000|100%|HC|  |TAMS 0x0000000080200000, 0x0000000080200000| Complete 
|   2|0x0000000080200000, 0x0000000080300000, 0x0000000080300000|100%| O|  |TAMS 0x0000000080300000, 0x0000000080300000| Untracked 
|   3|0x0000000080300000, 0x0000000080400000, 0x0000000080400000|100%|HS|  |TAMS 0x0000000080400000, 0x0000000080400000| Complete 
|   4|0x0000000080400000, 0x0000000080500000, 0x0000000080500000|100%|HC|  |TAMS 0x0000000080500000, 0x0000000080500000| Complete 
|   5|0x0000000080500000, 0x0000000080600000, 0x0000000080600000|100%|HC|  |TAMS 0x0000000080600000, 0x0000000080600000| Complete 
|   6|0x0000000080600000, 0x0000000080700000, 0x0000000080700000|100%| O|  |TAMS 0x0000000080700000, 0x0000000080700000| Untracked 
|   7|0x0000000080700000, 0x0000000080800000, 0x0000000080800000|100%| O|  |TAMS 0x0000000080800000, 0x0000000080800000| Untracked 
|   8|0x0000000080800000, 0x0000000080900000, 0x0000000080900000|100%| O|  |TAMS 0x0000000080900000, 0x0000000080900000| Untracked 
|   9|0x0000000080900000, 0x0000000080a00000, 0x0000000080a00000|100%| O|  |TAMS 0x0000000080a00000, 0x0000000080a00000| Untracked 
|  10|0x0000000080a00000, 0x0000000080b00000, 0x0000000080b00000|100%|HS|  |TAMS 0x0000000080b00000, 0x0000000080b00000| Complete 
|  11|0x0000000080b00000, 0x0000000080c00000, 0x0000000080c00000|100%|HC|  |TAMS 0x0000000080c00000, 0x0000000080c00000| Complete 
|  12|0x0000000080c00000, 0x0000000080d00000, 0x0000000080d00000|100%|HC|  |TAMS 0x0000000080d00000, 0x0000000080d00000| Complete 
|  13|0x0000000080d00000, 0x0000000080e00000, 0x0000000080e00000|100%|HS|  |TAMS 0x0000000080e00000, 0x0000000080e00000| Complete 
|  14|0x0000000080e00000, 0x0000000080f00000, 0x0000000080f00000|100%|HC|  |TAMS 0x0000000080f00000, 0x0000000080f00000| Complete 
|  15|0x0000000080f00000, 0x0000000081000000, 0x0000000081000000|100%|HC|  |TAMS 0x0000000081000000, 0x0000000081000000| Complete 
|  16|0x0000000081000000, 0x0000000081100000, 0x0000000081100000|100%|HC|  |TAMS 0x0000000081100000, 0x0000000081100000| Complete 
|  17|0x0000000081100000, 0x0000000081200000, 0x0000000081200000|100%| O|  |TAMS 0x0000000081200000, 0x0000000081200000| Untracked 
|  18|0x0000000081200000, 0x0000000081300000, 0x0000000081300000|100%| O|  |TAMS 0x0000000081300000, 0x0000000081300000| Untracked 
|  19|0x0000000081300000, 0x0000000081400000, 0x0000000081400000|100%| O|  |TAMS 0x0000000081400000, 0x0000000081400000| Untracked 
|  20|0x0000000081400000, 0x0000000081500000, 0x0000000081500000|100%| O|  |TAMS 0x0000000081500000, 0x0000000081500000| Untracked 
|  21|0x0000000081500000, 0x0000000081600000, 0x0000000081600000|100%| O|  |TAMS 0x0000000081600000, 0x0000000081600000| Untracked 
|  22|0x0000000081600000, 0x0000000081700000, 0x0000000081700000|100%| O|  |TAMS 0x0000000081700000, 0x0000000081700000| Untracked 
|  23|0x0000000081700000, 0x0000000081800000, 0x0000000081800000|100%| O|  |TAMS 0x0000000081800000, 0x0000000081800000| Untracked 
|  24|0x0000000081800000, 0x0000000081900000, 0x0000000081900000|100%| O|  |TAMS 0x0000000081900000, 0x0000000081900000| Untracked 
|  25|0x0000000081900000, 0x0000000081a00000, 0x0000000081a00000|100%| O|  |TAMS 0x0000000081a00000, 0x0000000081a00000| Untracked 
|  26|0x0000000081a00000, 0x0000000081b00000, 0x0000000081b00000|100%|HS|  |TAMS 0x0000000081b00000, 0x0000000081b00000| Complete 
|  27|0x0000000081b00000, 0x0000000081c00000, 0x0000000081c00000|100%|HS|  |TAMS 0x0000000081c00000, 0x0000000081c00000| Complete 
|  28|0x0000000081c00000, 0x0000000081d00000, 0x0000000081d00000|100%|HS|  |TAMS 0x0000000081d00000, 0x0000000081d00000| Complete 
|  29|0x0000000081d00000, 0x0000000081e00000, 0x0000000081e00000|100%|HS|  |TAMS 0x0000000081e00000, 0x0000000081e00000| Complete 
|  30|0x0000000081e00000, 0x0000000081f00000, 0x0000000081f00000|100%|HC|  |TAMS 0x0000000081f00000, 0x0000000081f00000| Complete 
|  31|0x0000000081f00000, 0x0000000082000000, 0x0000000082000000|100%|HC|  |TAMS 0x0000000082000000, 0x0000000082000000| Complete 
|  32|0x0000000082000000, 0x0000000082100000, 0x0000000082100000|100%|HS|  |TAMS 0x0000000082100000, 0x0000000082100000| Complete 
|  33|0x0000000082100000, 0x0000000082200000, 0x0000000082200000|100%| O|  |TAMS 0x0000000082200000, 0x0000000082200000| Untracked 
|  34|0x0000000082200000, 0x0000000082300000, 0x0000000082300000|100%| O|  |TAMS 0x0000000082300000, 0x0000000082300000| Untracked 
|  35|0x0000000082300000, 0x0000000082400000, 0x0000000082400000|100%| O|  |TAMS 0x0000000082400000, 0x0000000082400000| Untracked 
|  36|0x0000000082400000, 0x0000000082500000, 0x0000000082500000|100%| O|  |TAMS 0x0000000082500000, 0x0000000082500000| Untracked 
|  37|0x0000000082500000, 0x0000000082600000, 0x0000000082600000|100%| O|  |TAMS 0x0000000082600000, 0x0000000082600000| Untracked 
|  38|0x0000000082600000, 0x0000000082700000, 0x0000000082700000|100%|HS|  |TAMS 0x0000000082700000, 0x0000000082700000| Complete 
|  39|0x0000000082700000, 0x0000000082800000, 0x0000000082800000|100%|HC|  |TAMS 0x0000000082800000, 0x0000000082800000| Complete 
|  40|0x0000000082800000, 0x0000000082900000, 0x0000000082900000|100%|HC|  |TAMS 0x0000000082900000, 0x0000000082900000| Complete 
|  41|0x0000000082900000, 0x0000000082a00000, 0x0000000082a00000|100%|HC|  |TAMS 0x0000000082a00000, 0x0000000082a00000| Complete 
|  42|0x0000000082a00000, 0x0000000082b00000, 0x0000000082b00000|100%|HS|  |TAMS 0x0000000082b00000, 0x0000000082b00000| Complete 
|  43|0x0000000082b00000, 0x0000000082c00000, 0x0000000082c00000|100%|HC|  |TAMS 0x0000000082c00000, 0x0000000082c00000| Complete 
|  44|0x0000000082c00000, 0x0000000082d00000, 0x0000000082d00000|100%|HC|  |TAMS 0x0000000082d00000, 0x0000000082d00000| Complete 
|  45|0x0000000082d00000, 0x0000000082e00000, 0x0000000082e00000|100%|HS|  |TAMS 0x0000000082e00000, 0x0000000082e00000| Complete 
|  46|0x0000000082e00000, 0x0000000082f00000, 0x0000000082f00000|100%|HC|  |TAMS 0x0000000082f00000, 0x0000000082f00000| Complete 
|  47|0x0000000082f00000, 0x0000000083000000, 0x0000000083000000|100%| O|  |TAMS 0x0000000083000000, 0x0000000083000000| Untracked 
|  48|0x0000000083000000, 0x0000000083100000, 0x0000000083100000|100%| O|  |TAMS 0x0000000083100000, 0x0000000083100000| Untracked 
|  49|0x0000000083100000, 0x0000000083200000, 0x0000000083200000|100%| O|  |TAMS 0x0000000083200000, 0x0000000083200000| Untracked 
|  50|0x0000000083200000, 0x0000000083300000, 0x0000000083300000|100%| O|  |TAMS 0x0000000083300000, 0x0000000083300000| Untracked 
|  51|0x0000000083300000, 0x0000000083400000, 0x0000000083400000|100%| O|  |TAMS 0x0000000083400000, 0x0000000083400000| Untracked 
|  52|0x0000000083400000, 0x0000000083500000, 0x0000000083500000|100%| O|  |TAMS 0x0000000083500000, 0x0000000083500000| Untracked 
|  53|0x0000000083500000, 0x0000000083600000, 0x0000000083600000|100%| O|  |TAMS 0x0000000083600000, 0x0000000083600000| Untracked 
|  54|0x0000000083600000, 0x0000000083700000, 0x0000000083700000|100%| O|  |TAMS 0x0000000083700000, 0x0000000083700000| Untracked 
|  55|0x0000000083700000, 0x0000000083800000, 0x0000000083800000|100%| O|  |TAMS 0x0000000083800000, 0x0000000083800000| Untracked 
|  56|0x0000000083800000, 0x0000000083900000, 0x0000000083900000|100%| O|  |TAMS 0x0000000083900000, 0x0000000083900000| Untracked 
|  57|0x0000000083900000, 0x0000000083a00000, 0x0000000083a00000|100%| O|  |TAMS 0x0000000083a00000, 0x0000000083a00000| Untracked 
|  58|0x0000000083a00000, 0x0000000083b00000, 0x0000000083b00000|100%| O|  |TAMS 0x0000000083b00000, 0x0000000083b00000| Untracked 
|  59|0x0000000083b00000, 0x0000000083c00000, 0x0000000083c00000|100%| O|  |TAMS 0x0000000083c00000, 0x0000000083c00000| Untracked 
|  60|0x0000000083c00000, 0x0000000083d00000, 0x0000000083d00000|100%| O|  |TAMS 0x0000000083d00000, 0x0000000083d00000| Untracked 
|  61|0x0000000083d00000, 0x0000000083e00000, 0x0000000083e00000|100%| O|  |TAMS 0x0000000083e00000, 0x0000000083e00000| Untracked 
|  62|0x0000000083e00000, 0x0000000083f00000, 0x0000000083f00000|100%| O|  |TAMS 0x0000000083f00000, 0x0000000083f00000| Untracked 
|  63|0x0000000083f00000, 0x0000000084000000, 0x0000000084000000|100%| O|  |TAMS 0x0000000084000000, 0x0000000084000000| Untracked 
|  64|0x0000000084000000, 0x0000000084100000, 0x0000000084100000|100%| O|  |TAMS 0x0000000084100000, 0x0000000084100000| Untracked 
|  65|0x0000000084100000, 0x0000000084200000, 0x0000000084200000|100%| O|  |TAMS 0x0000000084200000, 0x0000000084200000| Untracked 
|  66|0x0000000084200000, 0x0000000084300000, 0x0000000084300000|100%| O|  |TAMS 0x0000000084300000, 0x0000000084300000| Untracked 
|  67|0x0000000084300000, 0x0000000084400000, 0x0000000084400000|100%| O|  |TAMS 0x0000000084400000, 0x0000000084400000| Untracked 
|  68|0x0000000084400000, 0x0000000084500000, 0x0000000084500000|100%| O|  |TAMS 0x0000000084500000, 0x0000000084500000| Untracked 
|  69|0x0000000084500000, 0x0000000084600000, 0x0000000084600000|100%| O|  |TAMS 0x0000000084600000, 0x0000000084600000| Untracked 
|  70|0x0000000084600000, 0x0000000084700000, 0x0000000084700000|100%| O|  |TAMS 0x0000000084700000, 0x0000000084700000| Untracked 
|  71|0x0000000084700000, 0x0000000084800000, 0x0000000084800000|100%| O|  |TAMS 0x0000000084700000, 0x0000000084800000| Untracked 
|  72|0x0000000084800000, 0x0000000084900000, 0x0000000084900000|100%| O|  |TAMS 0x0000000084900000, 0x0000000084900000| Untracked 
|  73|0x0000000084900000, 0x0000000084a00000, 0x0000000084a00000|100%| O|  |TAMS 0x0000000084a00000, 0x0000000084a00000| Untracked 
|  74|0x0000000084a00000, 0x0000000084b00000, 0x0000000084b00000|100%| O|  |TAMS 0x0000000084b00000, 0x0000000084b00000| Untracked 
|  75|0x0000000084b00000, 0x0000000084c00000, 0x0000000084c00000|100%| O|  |TAMS 0x0000000084c00000, 0x0000000084c00000| Untracked 
|  76|0x0000000084c00000, 0x0000000084d00000, 0x0000000084d00000|100%|HS|  |TAMS 0x0000000084d00000, 0x0000000084d00000| Complete 
|  77|0x0000000084d00000, 0x0000000084e00000, 0x0000000084e00000|100%|HC|  |TAMS 0x0000000084e00000, 0x0000000084e00000| Complete 
|  78|0x0000000084e00000, 0x0000000084f00000, 0x0000000084f00000|100%|HS|  |TAMS 0x0000000084f00000, 0x0000000084f00000| Complete 
|  79|0x0000000084f00000, 0x0000000085000000, 0x0000000085000000|100%|HC|  |TAMS 0x0000000085000000, 0x0000000085000000| Complete 
|  80|0x0000000085000000, 0x0000000085100000, 0x0000000085100000|100%|HC|  |TAMS 0x0000000085100000, 0x0000000085100000| Complete 
|  81|0x0000000085100000, 0x0000000085200000, 0x0000000085200000|100%|HS|  |TAMS 0x0000000085200000, 0x0000000085200000| Complete 
|  82|0x0000000085200000, 0x0000000085300000, 0x0000000085300000|100%|HC|  |TAMS 0x0000000085300000, 0x0000000085300000| Complete 
|  83|0x0000000085300000, 0x0000000085400000, 0x0000000085400000|100%|HC|  |TAMS 0x0000000085400000, 0x0000000085400000| Complete 
|  84|0x0000000085400000, 0x0000000085500000, 0x0000000085500000|100%|HC|  |TAMS 0x0000000085500000, 0x0000000085500000| Complete 
|  85|0x0000000085500000, 0x0000000085600000, 0x0000000085600000|100%| O|  |TAMS 0x0000000085600000, 0x0000000085600000| Untracked 
|  86|0x0000000085600000, 0x0000000085700000, 0x0000000085700000|100%| O|  |TAMS 0x0000000085700000, 0x0000000085700000| Untracked 
|  87|0x0000000085700000, 0x0000000085800000, 0x0000000085800000|100%| O|  |TAMS 0x0000000085800000, 0x0000000085800000| Untracked 
|  88|0x0000000085800000, 0x0000000085900000, 0x0000000085900000|100%| O|  |TAMS 0x0000000085900000, 0x0000000085900000| Untracked 
|  89|0x0000000085900000, 0x0000000085a00000, 0x0000000085a00000|100%| O|  |TAMS 0x0000000085a00000, 0x0000000085a00000| Untracked 
|  90|0x0000000085a00000, 0x0000000085b00000, 0x0000000085b00000|100%| O|  |TAMS 0x0000000085b00000, 0x0000000085b00000| Untracked 
|  91|0x0000000085b00000, 0x0000000085c00000, 0x0000000085c00000|100%| O|  |TAMS 0x0000000085c00000, 0x0000000085c00000| Untracked 
|  92|0x0000000085c00000, 0x0000000085d00000, 0x0000000085d00000|100%| O|  |TAMS 0x0000000085d00000, 0x0000000085d00000| Untracked 
|  93|0x0000000085d00000, 0x0000000085e00000, 0x0000000085e00000|100%| O|  |TAMS 0x0000000085e00000, 0x0000000085e00000| Untracked 
|  94|0x0000000085e00000, 0x0000000085f00000, 0x0000000085f00000|100%| O|  |TAMS 0x0000000085f00000, 0x0000000085f00000| Untracked 
|  95|0x0000000085f00000, 0x0000000086000000, 0x0000000086000000|100%| O|  |TAMS 0x0000000086000000, 0x0000000086000000| Untracked 
|  96|0x0000000086000000, 0x0000000086100000, 0x0000000086100000|100%| O|  |TAMS 0x0000000086100000, 0x0000000086100000| Untracked 
|  97|0x0000000086100000, 0x0000000086200000, 0x0000000086200000|100%| O|  |TAMS 0x0000000086200000, 0x0000000086200000| Untracked 
|  98|0x0000000086200000, 0x0000000086300000, 0x0000000086300000|100%| O|  |TAMS 0x0000000086300000, 0x0000000086300000| Untracked 
|  99|0x0000000086300000, 0x0000000086400000, 0x0000000086400000|100%| O|  |TAMS 0x0000000086400000, 0x0000000086400000| Untracked 
| 100|0x0000000086400000, 0x0000000086500000, 0x0000000086500000|100%| O|  |TAMS 0x0000000086500000, 0x0000000086500000| Untracked 
| 101|0x0000000086500000, 0x0000000086600000, 0x0000000086600000|100%| O|  |TAMS 0x0000000086600000, 0x0000000086600000| Untracked 
| 102|0x0000000086600000, 0x0000000086700000, 0x0000000086700000|100%| O|  |TAMS 0x0000000086700000, 0x0000000086700000| Untracked 
| 103|0x0000000086700000, 0x0000000086800000, 0x0000000086800000|100%| O|  |TAMS 0x0000000086800000, 0x0000000086800000| Untracked 
| 104|0x0000000086800000, 0x0000000086900000, 0x0000000086900000|100%| O|  |TAMS 0x0000000086900000, 0x0000000086900000| Untracked 
| 105|0x0000000086900000, 0x0000000086a00000, 0x0000000086a00000|100%| O|  |TAMS 0x0000000086a00000, 0x0000000086a00000| Untracked 
| 106|0x0000000086a00000, 0x0000000086b00000, 0x0000000086b00000|100%| O|  |TAMS 0x0000000086b00000, 0x0000000086b00000| Untracked 
| 107|0x0000000086b00000, 0x0000000086c00000, 0x0000000086c00000|100%| O|  |TAMS 0x0000000086c00000, 0x0000000086c00000| Untracked 
| 108|0x0000000086c00000, 0x0000000086d00000, 0x0000000086d00000|100%| O|  |TAMS 0x0000000086d00000, 0x0000000086d00000| Untracked 
| 109|0x0000000086d00000, 0x0000000086e00000, 0x0000000086e00000|100%| O|  |TAMS 0x0000000086e00000, 0x0000000086e00000| Untracked 
| 110|0x0000000086e00000, 0x0000000086f00000, 0x0000000086f00000|100%| O|  |TAMS 0x0000000086f00000, 0x0000000086f00000| Untracked 
| 111|0x0000000086f00000, 0x0000000087000000, 0x0000000087000000|100%| O|  |TAMS 0x0000000087000000, 0x0000000087000000| Untracked 
| 112|0x0000000087000000, 0x0000000087100000, 0x0000000087100000|100%| O|  |TAMS 0x0000000087100000, 0x0000000087100000| Untracked 
| 113|0x0000000087100000, 0x0000000087200000, 0x0000000087200000|100%| O|  |TAMS 0x0000000087200000, 0x0000000087200000| Untracked 
| 114|0x0000000087200000, 0x0000000087300000, 0x0000000087300000|100%| O|  |TAMS 0x0000000087300000, 0x0000000087300000| Untracked 
| 115|0x0000000087300000, 0x0000000087400000, 0x0000000087400000|100%| O|  |TAMS 0x0000000087400000, 0x0000000087400000| Untracked 
| 116|0x0000000087400000, 0x0000000087500000, 0x0000000087500000|100%| O|  |TAMS 0x0000000087500000, 0x0000000087500000| Untracked 
| 117|0x0000000087500000, 0x0000000087600000, 0x0000000087600000|100%| O|  |TAMS 0x0000000087500000, 0x0000000087600000| Untracked 
| 118|0x0000000087600000, 0x0000000087700000, 0x0000000087700000|100%| O|  |TAMS 0x0000000087700000, 0x0000000087700000| Untracked 
| 119|0x0000000087700000, 0x0000000087800000, 0x0000000087800000|100%| O|  |TAMS 0x0000000087800000, 0x0000000087800000| Untracked 
| 120|0x0000000087800000, 0x0000000087900000, 0x0000000087900000|100%| O|  |TAMS 0x0000000087900000, 0x0000000087900000| Untracked 
| 121|0x0000000087900000, 0x0000000087a00000, 0x0000000087a00000|100%| O|  |TAMS 0x0000000087a00000, 0x0000000087a00000| Untracked 
| 122|0x0000000087a00000, 0x0000000087b00000, 0x0000000087b00000|100%| O|  |TAMS 0x0000000087b00000, 0x0000000087b00000| Untracked 
| 123|0x0000000087b00000, 0x0000000087c00000, 0x0000000087c00000|100%| O|  |TAMS 0x0000000087c00000, 0x0000000087c00000| Untracked 
| 124|0x0000000087c00000, 0x0000000087d00000, 0x0000000087d00000|100%| O|  |TAMS 0x0000000087d00000, 0x0000000087d00000| Untracked 
| 125|0x0000000087d00000, 0x0000000087e00000, 0x0000000087e00000|100%| O|  |TAMS 0x0000000087e00000, 0x0000000087e00000| Untracked 
| 126|0x0000000087e00000, 0x0000000087f00000, 0x0000000087f00000|100%| O|  |TAMS 0x0000000087f00000, 0x0000000087f00000| Untracked 
| 127|0x0000000087f00000, 0x0000000088000000, 0x0000000088000000|100%| O|  |TAMS 0x0000000088000000, 0x0000000088000000| Untracked 
| 128|0x0000000088000000, 0x0000000088100000, 0x0000000088100000|100%| O|  |TAMS 0x0000000088100000, 0x0000000088100000| Untracked 
| 129|0x0000000088100000, 0x0000000088200000, 0x0000000088200000|100%| O|  |TAMS 0x0000000088200000, 0x0000000088200000| Untracked 
| 130|0x0000000088200000, 0x0000000088300000, 0x0000000088300000|100%| O|  |TAMS 0x0000000088300000, 0x0000000088300000| Untracked 
| 131|0x0000000088300000, 0x0000000088400000, 0x0000000088400000|100%| O|  |TAMS 0x0000000088400000, 0x0000000088400000| Untracked 
| 132|0x0000000088400000, 0x0000000088500000, 0x0000000088500000|100%| O|  |TAMS 0x0000000088500000, 0x0000000088500000| Untracked 
| 133|0x0000000088500000, 0x0000000088600000, 0x0000000088600000|100%| O|  |TAMS 0x0000000088600000, 0x0000000088600000| Untracked 
| 134|0x0000000088600000, 0x0000000088700000, 0x0000000088700000|100%| O|  |TAMS 0x0000000088700000, 0x0000000088700000| Untracked 
| 135|0x0000000088700000, 0x0000000088800000, 0x0000000088800000|100%| O|  |TAMS 0x0000000088800000, 0x0000000088800000| Untracked 
| 136|0x0000000088800000, 0x0000000088900000, 0x0000000088900000|100%| O|  |TAMS 0x0000000088900000, 0x0000000088900000| Untracked 
| 137|0x0000000088900000, 0x0000000088a00000, 0x0000000088a00000|100%| O|  |TAMS 0x0000000088a00000, 0x0000000088a00000| Untracked 
| 138|0x0000000088a00000, 0x0000000088b00000, 0x0000000088b00000|100%| O|  |TAMS 0x0000000088b00000, 0x0000000088b00000| Untracked 
| 139|0x0000000088b00000, 0x0000000088c00000, 0x0000000088c00000|100%| O|  |TAMS 0x0000000088c00000, 0x0000000088c00000| Untracked 
| 140|0x0000000088c00000, 0x0000000088d00000, 0x0000000088d00000|100%| O|  |TAMS 0x0000000088d00000, 0x0000000088d00000| Untracked 
| 141|0x0000000088d00000, 0x0000000088e00000, 0x0000000088e00000|100%| O|  |TAMS 0x0000000088e00000, 0x0000000088e00000| Untracked 
| 142|0x0000000088e00000, 0x0000000088f00000, 0x0000000088f00000|100%| O|  |TAMS 0x0000000088f00000, 0x0000000088f00000| Untracked 
| 143|0x0000000088f00000, 0x0000000089000000, 0x0000000089000000|100%| O|  |TAMS 0x0000000089000000, 0x0000000089000000| Untracked 
| 144|0x0000000089000000, 0x0000000089100000, 0x0000000089100000|100%| O|  |TAMS 0x0000000089100000, 0x0000000089100000| Untracked 
| 145|0x0000000089100000, 0x0000000089200000, 0x0000000089200000|100%| O|  |TAMS 0x0000000089100000, 0x00000000891b3800| Untracked 
| 146|0x0000000089200000, 0x0000000089300000, 0x0000000089300000|100%| O|  |TAMS 0x0000000089200000, 0x0000000089200000| Untracked 
| 147|0x0000000089300000, 0x0000000089400000, 0x0000000089400000|100%| O|  |TAMS 0x0000000089300000, 0x0000000089300000| Untracked 
| 148|0x0000000089400000, 0x0000000089500000, 0x0000000089500000|100%| O|  |TAMS 0x0000000089400000, 0x0000000089400000| Untracked 
| 149|0x0000000089500000, 0x0000000089600000, 0x0000000089600000|100%| O|  |TAMS 0x0000000089600000, 0x0000000089600000| Untracked 
| 150|0x0000000089600000, 0x0000000089700000, 0x0000000089700000|100%| O|  |TAMS 0x0000000089700000, 0x0000000089700000| Untracked 
| 151|0x0000000089700000, 0x0000000089800000, 0x0000000089800000|100%| O|  |TAMS 0x0000000089800000, 0x0000000089800000| Untracked 
| 152|0x0000000089800000, 0x0000000089900000, 0x0000000089900000|100%| O|  |TAMS 0x0000000089900000, 0x0000000089900000| Untracked 
| 153|0x0000000089900000, 0x0000000089a00000, 0x0000000089a00000|100%| O|  |TAMS 0x0000000089a00000, 0x0000000089a00000| Untracked 
| 154|0x0000000089a00000, 0x0000000089b00000, 0x0000000089b00000|100%| O|  |TAMS 0x0000000089b00000, 0x0000000089b00000| Untracked 
| 155|0x0000000089b00000, 0x0000000089c00000, 0x0000000089c00000|100%| O|  |TAMS 0x0000000089c00000, 0x0000000089c00000| Untracked 
| 156|0x0000000089c00000, 0x0000000089d00000, 0x0000000089d00000|100%| O|  |TAMS 0x0000000089d00000, 0x0000000089d00000| Untracked 
| 157|0x0000000089d00000, 0x0000000089e00000, 0x0000000089e00000|100%| O|  |TAMS 0x0000000089e00000, 0x0000000089e00000| Untracked 
| 158|0x0000000089e00000, 0x0000000089f00000, 0x0000000089f00000|100%| O|  |TAMS 0x0000000089f00000, 0x0000000089f00000| Untracked 
| 159|0x0000000089f00000, 0x000000008a000000, 0x000000008a000000|100%| O|  |TAMS 0x000000008a000000, 0x000000008a000000| Untracked 
| 160|0x000000008a000000, 0x000000008a100000, 0x000000008a100000|100%| O|  |TAMS 0x000000008a100000, 0x000000008a100000| Untracked 
| 161|0x000000008a100000, 0x000000008a200000, 0x000000008a200000|100%| O|  |TAMS 0x000000008a200000, 0x000000008a200000| Untracked 
| 162|0x000000008a200000, 0x000000008a300000, 0x000000008a300000|100%| O|  |TAMS 0x000000008a300000, 0x000000008a300000| Untracked 
| 163|0x000000008a300000, 0x000000008a400000, 0x000000008a400000|100%| O|  |TAMS 0x000000008a400000, 0x000000008a400000| Untracked 
| 164|0x000000008a400000, 0x000000008a500000, 0x000000008a500000|100%| O|  |TAMS 0x000000008a400000, 0x000000008a400000| Untracked 
| 165|0x000000008a500000, 0x000000008a600000, 0x000000008a600000|100%| O|  |TAMS 0x000000008a600000, 0x000000008a600000| Untracked 
| 166|0x000000008a600000, 0x000000008a700000, 0x000000008a700000|100%| O|  |TAMS 0x000000008a700000, 0x000000008a700000| Untracked 
| 167|0x000000008a700000, 0x000000008a800000, 0x000000008a800000|100%| O|  |TAMS 0x000000008a800000, 0x000000008a800000| Untracked 
| 168|0x000000008a800000, 0x000000008a900000, 0x000000008a900000|100%| O|  |TAMS 0x000000008a900000, 0x000000008a900000| Untracked 
| 169|0x000000008a900000, 0x000000008aa00000, 0x000000008aa00000|100%| O|  |TAMS 0x000000008aa00000, 0x000000008aa00000| Untracked 
| 170|0x000000008aa00000, 0x000000008ab00000, 0x000000008ab00000|100%| O|  |TAMS 0x000000008ab00000, 0x000000008ab00000| Untracked 
| 171|0x000000008ab00000, 0x000000008ac00000, 0x000000008ac00000|100%| O|  |TAMS 0x000000008ac00000, 0x000000008ac00000| Untracked 
| 172|0x000000008ac00000, 0x000000008ad00000, 0x000000008ad00000|100%| O|  |TAMS 0x000000008ac00000, 0x000000008ac00000| Untracked 
| 173|0x000000008ad00000, 0x000000008ae00000, 0x000000008ae00000|100%| O|  |TAMS 0x000000008ad00000, 0x000000008ae00000| Untracked 
| 174|0x000000008ae00000, 0x000000008af00000, 0x000000008af00000|100%| O|  |TAMS 0x000000008ae00000, 0x000000008af00000| Untracked 
| 175|0x000000008af00000, 0x000000008b000000, 0x000000008b000000|100%| O|  |TAMS 0x000000008af00000, 0x000000008b000000| Untracked 
| 176|0x000000008b000000, 0x000000008b100000, 0x000000008b100000|100%| O|  |TAMS 0x000000008b000000, 0x000000008b100000| Untracked 
| 177|0x000000008b100000, 0x000000008b200000, 0x000000008b200000|100%| O|  |TAMS 0x000000008b100000, 0x000000008b200000| Untracked 
| 178|0x000000008b200000, 0x000000008b300000, 0x000000008b300000|100%| O|  |TAMS 0x000000008b200000, 0x000000008b300000| Untracked 
| 179|0x000000008b300000, 0x000000008b400000, 0x000000008b400000|100%| O|  |TAMS 0x000000008b300000, 0x000000008b400000| Untracked 
| 180|0x000000008b400000, 0x000000008b500000, 0x000000008b500000|100%| O|  |TAMS 0x000000008b400000, 0x000000008b500000| Untracked 
| 181|0x000000008b500000, 0x000000008b600000, 0x000000008b600000|100%| O|  |TAMS 0x000000008b500000, 0x000000008b600000| Untracked 
| 182|0x000000008b600000, 0x000000008b700000, 0x000000008b700000|100%| O|  |TAMS 0x000000008b600000, 0x000000008b700000| Untracked 
| 183|0x000000008b700000, 0x000000008b800000, 0x000000008b800000|100%| O|  |TAMS 0x000000008b700000, 0x000000008b800000| Untracked 
| 184|0x000000008b800000, 0x000000008b900000, 0x000000008b900000|100%| O|  |TAMS 0x000000008b800000, 0x000000008b900000| Untracked 
| 185|0x000000008b900000, 0x000000008ba00000, 0x000000008ba00000|100%| O|  |TAMS 0x000000008b900000, 0x000000008ba00000| Untracked 
| 186|0x000000008ba00000, 0x000000008bb00000, 0x000000008bb00000|100%| O|  |TAMS 0x000000008ba00000, 0x000000008bb00000| Untracked 
| 187|0x000000008bb00000, 0x000000008bc00000, 0x000000008bc00000|100%| O|  |TAMS 0x000000008bb00000, 0x000000008bc00000| Untracked 
| 188|0x000000008bc00000, 0x000000008bd00000, 0x000000008bd00000|100%| O|  |TAMS 0x000000008bc00000, 0x000000008bd00000| Untracked 
| 189|0x000000008bd00000, 0x000000008be00000, 0x000000008be00000|100%| O|  |TAMS 0x000000008bd00000, 0x000000008be00000| Untracked 
| 190|0x000000008be00000, 0x000000008bf00000, 0x000000008bf00000|100%| O|  |TAMS 0x000000008be00000, 0x000000008bf00000| Untracked 
| 191|0x000000008bf00000, 0x000000008c000000, 0x000000008c000000|100%| O|  |TAMS 0x000000008bf00000, 0x000000008c000000| Untracked 
| 192|0x000000008c000000, 0x000000008c100000, 0x000000008c100000|100%| O|  |TAMS 0x000000008c000000, 0x000000008c100000| Untracked 
| 193|0x000000008c100000, 0x000000008c200000, 0x000000008c200000|100%| O|  |TAMS 0x000000008c100000, 0x000000008c200000| Untracked 
| 194|0x000000008c200000, 0x000000008c300000, 0x000000008c300000|100%| O|  |TAMS 0x000000008c200000, 0x000000008c300000| Untracked 
| 195|0x000000008c300000, 0x000000008c400000, 0x000000008c400000|100%| O|  |TAMS 0x000000008c300000, 0x000000008c400000| Untracked 
| 196|0x000000008c400000, 0x000000008c500000, 0x000000008c500000|100%| O|  |TAMS 0x000000008c400000, 0x000000008c500000| Untracked 
| 197|0x000000008c500000, 0x000000008c600000, 0x000000008c600000|100%| O|  |TAMS 0x000000008c500000, 0x000000008c600000| Untracked 
| 198|0x000000008c600000, 0x000000008c700000, 0x000000008c700000|100%| O|  |TAMS 0x000000008c600000, 0x000000008c600000| Untracked 
| 199|0x000000008c700000, 0x000000008c800000, 0x000000008c800000|100%| O|  |TAMS 0x000000008c700000, 0x000000008c700000| Untracked 
| 200|0x000000008c800000, 0x000000008c900000, 0x000000008c900000|100%| O|  |TAMS 0x000000008c800000, 0x000000008c800000| Untracked 
| 201|0x000000008c900000, 0x000000008ca00000, 0x000000008ca00000|100%| O|  |TAMS 0x000000008c900000, 0x000000008c900000| Untracked 
| 202|0x000000008ca00000, 0x000000008cb00000, 0x000000008cb00000|100%| O|  |TAMS 0x000000008ca00000, 0x000000008ca00000| Untracked 
| 203|0x000000008cb00000, 0x000000008cc00000, 0x000000008cc00000|100%| O|  |TAMS 0x000000008cb00000, 0x000000008cb00000| Untracked 
| 204|0x000000008cc00000, 0x000000008cd00000, 0x000000008cd00000|100%| O|  |TAMS 0x000000008cc00000, 0x000000008cc00000| Untracked 
| 205|0x000000008cd00000, 0x000000008ce00000, 0x000000008ce00000|100%| O|  |TAMS 0x000000008cd00000, 0x000000008cd00000| Untracked 
| 206|0x000000008ce00000, 0x000000008cf00000, 0x000000008cf00000|100%| O|  |TAMS 0x000000008ce00000, 0x000000008ce00000| Untracked 
| 207|0x000000008cf00000, 0x000000008d000000, 0x000000008d000000|100%| O|  |TAMS 0x000000008cf00000, 0x000000008cf00000| Untracked 
| 208|0x000000008d000000, 0x000000008d0abc00, 0x000000008d100000| 67%| O|  |TAMS 0x000000008d000000, 0x000000008d000000| Untracked 
| 209|0x000000008d100000, 0x000000008d100000, 0x000000008d200000|  0%| F|  |TAMS 0x000000008d100000, 0x000000008d100000| Untracked 
| 210|0x000000008d200000, 0x000000008d200000, 0x000000008d300000|  0%| F|  |TAMS 0x000000008d200000, 0x000000008d200000| Untracked 
| 211|0x000000008d300000, 0x000000008d300000, 0x000000008d400000|  0%| F|  |TAMS 0x000000008d300000, 0x000000008d300000| Untracked 
| 212|0x000000008d400000, 0x000000008d400000, 0x000000008d500000|  0%| F|  |TAMS 0x000000008d400000, 0x000000008d400000| Untracked 
| 213|0x000000008d500000, 0x000000008d500000, 0x000000008d600000|  0%| F|  |TAMS 0x000000008d500000, 0x000000008d500000| Untracked 
| 214|0x000000008d600000, 0x000000008d600000, 0x000000008d700000|  0%| F|  |TAMS 0x000000008d600000, 0x000000008d600000| Untracked 
| 215|0x000000008d700000, 0x000000008d700000, 0x000000008d800000|  0%| F|  |TAMS 0x000000008d700000, 0x000000008d700000| Untracked 
| 216|0x000000008d800000, 0x000000008d800000, 0x000000008d900000|  0%| F|  |TAMS 0x000000008d800000, 0x000000008d800000| Untracked 
| 217|0x000000008d900000, 0x000000008d900000, 0x000000008da00000|  0%| F|  |TAMS 0x000000008d900000, 0x000000008d900000| Untracked 
| 218|0x000000008da00000, 0x000000008da00000, 0x000000008db00000|  0%| F|  |TAMS 0x000000008da00000, 0x000000008da00000| Untracked 
| 219|0x000000008db00000, 0x000000008db00000, 0x000000008dc00000|  0%| F|  |TAMS 0x000000008db00000, 0x000000008db00000| Untracked 
| 220|0x000000008dc00000, 0x000000008dc00000, 0x000000008dd00000|  0%| F|  |TAMS 0x000000008dc00000, 0x000000008dc00000| Untracked 
| 221|0x000000008dd00000, 0x000000008dd00000, 0x000000008de00000|  0%| F|  |TAMS 0x000000008dd00000, 0x000000008dd00000| Untracked 
| 222|0x000000008de00000, 0x000000008de00000, 0x000000008df00000|  0%| F|  |TAMS 0x000000008de00000, 0x000000008de00000| Untracked 
| 223|0x000000008df00000, 0x000000008df00000, 0x000000008e000000|  0%| F|  |TAMS 0x000000008df00000, 0x000000008df00000| Untracked 
| 224|0x000000008e000000, 0x000000008e000000, 0x000000008e100000|  0%| F|  |TAMS 0x000000008e000000, 0x000000008e000000| Untracked 
| 225|0x000000008e100000, 0x000000008e100000, 0x000000008e200000|  0%| F|  |TAMS 0x000000008e100000, 0x000000008e100000| Untracked 
| 226|0x000000008e200000, 0x000000008e200000, 0x000000008e300000|  0%| F|  |TAMS 0x000000008e200000, 0x000000008e200000| Untracked 
| 227|0x000000008e300000, 0x000000008e300000, 0x000000008e400000|  0%| F|  |TAMS 0x000000008e300000, 0x000000008e300000| Untracked 
| 228|0x000000008e400000, 0x000000008e400000, 0x000000008e500000|  0%| F|  |TAMS 0x000000008e400000, 0x000000008e400000| Untracked 
| 229|0x000000008e500000, 0x000000008e500000, 0x000000008e600000|  0%| F|  |TAMS 0x000000008e500000, 0x000000008e500000| Untracked 
| 230|0x000000008e600000, 0x000000008e600000, 0x000000008e700000|  0%| F|  |TAMS 0x000000008e600000, 0x000000008e600000| Untracked 
| 231|0x000000008e700000, 0x000000008e700000, 0x000000008e800000|  0%| F|  |TAMS 0x000000008e700000, 0x000000008e700000| Untracked 
| 232|0x000000008e800000, 0x000000008e800000, 0x000000008e900000|  0%| F|  |TAMS 0x000000008e800000, 0x000000008e800000| Untracked 
| 233|0x000000008e900000, 0x000000008e900000, 0x000000008ea00000|  0%| F|  |TAMS 0x000000008e900000, 0x000000008e900000| Untracked 
| 234|0x000000008ea00000, 0x000000008ea00000, 0x000000008eb00000|  0%| F|  |TAMS 0x000000008ea00000, 0x000000008ea00000| Untracked 
| 235|0x000000008eb00000, 0x000000008eb00000, 0x000000008ec00000|  0%| F|  |TAMS 0x000000008eb00000, 0x000000008eb00000| Untracked 
| 236|0x000000008ec00000, 0x000000008ec00000, 0x000000008ed00000|  0%| F|  |TAMS 0x000000008ec00000, 0x000000008ec00000| Untracked 
| 237|0x000000008ed00000, 0x000000008ede9820, 0x000000008ee00000| 91%| S|CS|TAMS 0x000000008ed00000, 0x000000008ed00000| Complete 
| 238|0x000000008ee00000, 0x000000008ee00000, 0x000000008ef00000|  0%| F|  |TAMS 0x000000008ee00000, 0x000000008ee00000| Untracked 
| 239|0x000000008ef00000, 0x000000008ef00000, 0x000000008f000000|  0%| F|  |TAMS 0x000000008ef00000, 0x000000008ef00000| Untracked 
| 240|0x000000008f000000, 0x000000008f100000, 0x000000008f100000|100%| S|CS|TAMS 0x000000008f000000, 0x000000008f000000| Complete 
| 241|0x000000008f100000, 0x000000008f200000, 0x000000008f200000|100%| S|CS|TAMS 0x000000008f100000, 0x000000008f100000| Complete 
| 242|0x000000008f200000, 0x000000008f200000, 0x000000008f300000|  0%| F|  |TAMS 0x000000008f200000, 0x000000008f200000| Untracked 
| 243|0x000000008f300000, 0x000000008f300000, 0x000000008f400000|  0%| F|  |TAMS 0x000000008f300000, 0x000000008f300000| Untracked 
| 244|0x000000008f400000, 0x000000008f400000, 0x000000008f500000|  0%| F|  |TAMS 0x000000008f400000, 0x000000008f400000| Untracked 
| 245|0x000000008f500000, 0x000000008f500000, 0x000000008f600000|  0%| F|  |TAMS 0x000000008f500000, 0x000000008f500000| Untracked 
| 246|0x000000008f600000, 0x000000008f600000, 0x000000008f700000|  0%| F|  |TAMS 0x000000008f600000, 0x000000008f600000| Untracked 
| 247|0x000000008f700000, 0x000000008f700000, 0x000000008f800000|  0%| F|  |TAMS 0x000000008f700000, 0x000000008f700000| Untracked 
| 248|0x000000008f800000, 0x000000008f800000, 0x000000008f900000|  0%| F|  |TAMS 0x000000008f800000, 0x000000008f800000| Untracked 
| 249|0x000000008f900000, 0x000000008f900000, 0x000000008fa00000|  0%| F|  |TAMS 0x000000008f900000, 0x000000008f900000| Untracked 
| 250|0x000000008fa00000, 0x000000008fa00000, 0x000000008fb00000|  0%| F|  |TAMS 0x000000008fa00000, 0x000000008fa00000| Untracked 
| 251|0x000000008fb00000, 0x000000008fb00000, 0x000000008fc00000|  0%| F|  |TAMS 0x000000008fb00000, 0x000000008fb00000| Untracked 
| 252|0x000000008fc00000, 0x000000008fc00000, 0x000000008fd00000|  0%| F|  |TAMS 0x000000008fc00000, 0x000000008fc00000| Untracked 
| 253|0x000000008fd00000, 0x000000008fd00000, 0x000000008fe00000|  0%| F|  |TAMS 0x000000008fd00000, 0x000000008fd00000| Untracked 
| 254|0x000000008fe00000, 0x000000008fe00000, 0x000000008ff00000|  0%| F|  |TAMS 0x000000008fe00000, 0x000000008fe00000| Untracked 
| 255|0x000000008ff00000, 0x000000008ff00000, 0x0000000090000000|  0%| F|  |TAMS 0x000000008ff00000, 0x000000008ff00000| Untracked 

Card table byte_map: [0x0000027fcf440000,0x0000027fcf840000] _byte_map_base: 0x0000027fcf040000

Marking Bits (Prev, Next): (CMBitMap*) 0x0000027fbc24f530, (CMBitMap*) 0x0000027fbc24f4f8
 Prev Bits: [0x0000027fd1c40000, 0x0000027fd3c40000)
 Next Bits: [0x0000027fcfc40000, 0x0000027fd1c40000)

Polling page: 0x0000027fba230000

Metaspace:

Usage:
  Non-class:    102.38 MB capacity,   100.39 MB ( 98%) used,     1.64 MB (  2%) free+waste,   358.50 KB ( <1%) overhead. 
      Class:     15.97 MB capacity,    14.80 MB ( 93%) used,     1.02 MB (  6%) free+waste,   162.81 KB ( <1%) overhead. 
       Both:    118.36 MB capacity,   115.19 MB ( 97%) used,     2.66 MB (  2%) free+waste,   521.31 KB ( <1%) overhead. 

Virtual space:
  Non-class space:      104.00 MB reserved,     102.73 MB ( 99%) committed 
      Class space:        1.00 GB reserved,      16.13 MB (  2%) committed 
             Both:        1.10 GB reserved,     118.86 MB ( 11%) committed 

Chunk freelists:
   Non-Class:  170.00 KB
       Class:  122.00 KB
        Both:  292.00 KB

MaxMetaspaceSize: 17179869184.00 GB
CompressedClassSpaceSize: 1.00 GB

CodeHeap 'non-profiled nmethods': size=120000Kb used=9505Kb max_used=9505Kb free=110494Kb
 bounds [0x0000027fc77e0000, 0x0000027fc8130000, 0x0000027fced10000]
CodeHeap 'profiled nmethods': size=120000Kb used=34177Kb max_used=34177Kb free=85822Kb
 bounds [0x0000027fc02b0000, 0x0000027fc2420000, 0x0000027fc77e0000]
CodeHeap 'non-nmethods': size=5760Kb used=2349Kb max_used=2416Kb free=3410Kb
 bounds [0x0000027fbfd10000, 0x0000027fbff80000, 0x0000027fc02b0000]
 total_blobs=16420 nmethods=15451 adapters=880
 compilation: enabled
              stopped_count=0, restarted_count=0
 full_count=0

Compilation events (20 events):
Event: 41.009 Thread 0x0000027fd6f6e800 15634       2       com.android.tools.r8.graph.n2::a (69 bytes)
Event: 41.010 Thread 0x0000027fd6f6e800 nmethod 15634 0x0000027fc240cf90 code [0x0000027fc240d1a0, 0x0000027fc240d6d8]
Event: 41.022 Thread 0x0000027fd6f6e800 15635       2       com.android.tools.r8.graph.n2::a (20 bytes)
Event: 41.022 Thread 0x0000027fd6f6e800 nmethod 15635 0x0000027fc240d990 code [0x0000027fc240db40, 0x0000027fc240dcc8]
Event: 41.022 Thread 0x0000027fd6f6e800 15636       2       com.android.tools.r8.internal.PD0::<init> (15 bytes)
Event: 41.022 Thread 0x0000027fd6f6e800 nmethod 15636 0x0000027fc240dd90 code [0x0000027fc240df40, 0x0000027fc240e038]
Event: 41.024 Thread 0x0000027fd6f6e800 15639       2       com.android.tools.r8.internal.KA0::<init> (15 bytes)
Event: 41.024 Thread 0x0000027fd6f6e800 nmethod 15639 0x0000027fc240e110 code [0x0000027fc240e300, 0x0000027fc240e758]
Event: 41.029 Thread 0x0000027fd6f6e800 15641       2       com.android.tools.r8.internal.AH0::a (17 bytes)
Event: 41.029 Thread 0x0000027fd6f6e800 nmethod 15641 0x0000027fc240ea10 code [0x0000027fc240ebc0, 0x0000027fc240ece8]
Event: 41.045 Thread 0x0000027fd6f6e800 15643       2       com.android.tools.r8.ir.conversion.q::a (36 bytes)
Event: 41.045 Thread 0x0000027fd6f6e800 nmethod 15643 0x0000027fc240ed90 code [0x0000027fc240ef40, 0x0000027fc240f068]
Event: 41.046 Thread 0x0000027fd6f6e800 15644       2       com.android.tools.r8.internal.la1$$Lambda$1717/0x0000000100d1ec40::apply (16 bytes)
Event: 41.046 Thread 0x0000027fd6f6e800 nmethod 15644 0x0000027fc240f190 code [0x0000027fc240f340, 0x0000027fc240f4c8]
Event: 41.046 Thread 0x0000027fd6f6e800 15645       2       com.android.tools.r8.internal.la1::a (9 bytes)
Event: 41.046 Thread 0x0000027fd6f6e800 nmethod 15645 0x0000027fc240f590 code [0x0000027fc240f740, 0x0000027fc240f848]
Event: 41.076 Thread 0x0000027fd6f6e800 15646       2       com.android.tools.r8.internal.lD0::<init> (151 bytes)
Event: 41.076 Thread 0x0000027fd6f6e800 nmethod 15646 0x0000027fc240f910 code [0x0000027fc240fac0, 0x0000027fc240fc58]
Event: 41.078 Thread 0x0000027fd6f6e800 15647       2       com.android.tools.r8.graph.D2::f (64 bytes)
Event: 41.079 Thread 0x0000027fd6f6e800 nmethod 15647 0x0000027fc240fd10 code [0x0000027fc240ff20, 0x0000027fc2410298]

GC Heap History (20 events):
Event: 40.461 GC heap after
{Heap after GC invocations=25 (full 0):
 garbage-first heap   total 262144K, used 176770K [0x0000000080000000, 0x0000000100000000)
  region size 1024K, 7 young (7168K), 7 survivors (7168K)
 Metaspace       used 115551K, capacity 118799K, committed 119408K, reserved 1153024K
  class space    used 14812K, capacity 15994K, committed 16256K, reserved 1048576K
}
Event: 40.537 GC heap before
{Heap before GC invocations=25 (full 0):
 garbage-first heap   total 262144K, used 213634K [0x0000000080000000, 0x0000000100000000)
  region size 1024K, 43 young (44032K), 7 survivors (7168K)
 Metaspace       used 116185K, capacity 119426K, committed 119920K, reserved 1153024K
  class space    used 14889K, capacity 16072K, committed 16256K, reserved 1048576K
}
Event: 40.552 GC heap after
{Heap after GC invocations=26 (full 0):
 garbage-first heap   total 262144K, used 183296K [0x0000000080000000, 0x0000000100000000)
  region size 1024K, 6 young (6144K), 6 survivors (6144K)
 Metaspace       used 116185K, capacity 119426K, committed 119920K, reserved 1153024K
  class space    used 14889K, capacity 16072K, committed 16256K, reserved 1048576K
}
Event: 40.667 GC heap before
{Heap before GC invocations=26 (full 0):
 garbage-first heap   total 262144K, used 217088K [0x0000000080000000, 0x0000000100000000)
  region size 1024K, 39 young (39936K), 6 survivors (6144K)
 Metaspace       used 116381K, capacity 119587K, committed 120176K, reserved 1153024K
  class space    used 14912K, capacity 16104K, committed 16256K, reserved 1048576K
}
Event: 40.676 GC heap after
{Heap after GC invocations=27 (full 0):
 garbage-first heap   total 262144K, used 189806K [0x0000000080000000, 0x0000000100000000)
  region size 1024K, 5 young (5120K), 5 survivors (5120K)
 Metaspace       used 116381K, capacity 119587K, committed 120176K, reserved 1153024K
  class space    used 14912K, capacity 16104K, committed 16256K, reserved 1048576K
}
Event: 40.766 GC heap before
{Heap before GC invocations=27 (full 0):
 garbage-first heap   total 262144K, used 218478K [0x0000000080000000, 0x0000000100000000)
  region size 1024K, 34 young (34816K), 5 survivors (5120K)
 Metaspace       used 116802K, capacity 119967K, committed 120560K, reserved 1153024K
  class space    used 14953K, capacity 16141K, committed 16384K, reserved 1048576K
}
Event: 40.777 GC heap after
{Heap after GC invocations=28 (full 0):
 garbage-first heap   total 262144K, used 195492K [0x0000000080000000, 0x0000000100000000)
  region size 1024K, 5 young (5120K), 5 survivors (5120K)
 Metaspace       used 116802K, capacity 119967K, committed 120560K, reserved 1153024K
  class space    used 14953K, capacity 16141K, committed 16384K, reserved 1048576K
}
Event: 40.822 GC heap before
{Heap before GC invocations=29 (full 0):
 garbage-first heap   total 262144K, used 222116K [0x0000000080000000, 0x0000000100000000)
  region size 1024K, 31 young (31744K), 5 survivors (5120K)
 Metaspace       used 117198K, capacity 120348K, committed 120816K, reserved 1155072K
  class space    used 15010K, capacity 16185K, committed 16384K, reserved 1048576K
}
Event: 40.832 GC heap after
{Heap after GC invocations=30 (full 0):
 garbage-first heap   total 262144K, used 200704K [0x0000000080000000, 0x0000000100000000)
  region size 1024K, 4 young (4096K), 4 survivors (4096K)
 Metaspace       used 117198K, capacity 120348K, committed 120816K, reserved 1155072K
  class space    used 15010K, capacity 16185K, committed 16384K, reserved 1048576K
}
Event: 40.842 GC heap before
{Heap before GC invocations=30 (full 0):
 garbage-first heap   total 262144K, used 208896K [0x0000000080000000, 0x0000000100000000)
  region size 1024K, 12 young (12288K), 4 survivors (4096K)
 Metaspace       used 117249K, capacity 120453K, committed 121072K, reserved 1155072K
  class space    used 15022K, capacity 16202K, committed 16384K, reserved 1048576K
}
Event: 40.850 GC heap after
{Heap after GC invocations=31 (full 0):
 garbage-first heap   total 262144K, used 196440K [0x0000000080000000, 0x0000000100000000)
  region size 1024K, 2 young (2048K), 2 survivors (2048K)
 Metaspace       used 117249K, capacity 120453K, committed 121072K, reserved 1155072K
  class space    used 15022K, capacity 16202K, committed 16384K, reserved 1048576K
}
Event: 40.886 GC heap before
{Heap before GC invocations=31 (full 0):
 garbage-first heap   total 262144K, used 221016K [0x0000000080000000, 0x0000000100000000)
  region size 1024K, 27 young (27648K), 2 survivors (2048K)
 Metaspace       used 117433K, capacity 120669K, committed 121072K, reserved 1155072K
  class space    used 15041K, capacity 16248K, committed 16384K, reserved 1048576K
}
Event: 40.894 GC heap after
{Heap after GC invocations=32 (full 0):
 garbage-first heap   total 262144K, used 201422K [0x0000000080000000, 0x0000000100000000)
  region size 1024K, 4 young (4096K), 4 survivors (4096K)
 Metaspace       used 117433K, capacity 120669K, committed 121072K, reserved 1155072K
  class space    used 15041K, capacity 16248K, committed 16384K, reserved 1048576K
}
Event: 40.942 GC heap before
{Heap before GC invocations=32 (full 0):
 garbage-first heap   total 262144K, used 223950K [0x0000000080000000, 0x0000000100000000)
  region size 1024K, 26 young (26624K), 4 survivors (4096K)
 Metaspace       used 117489K, capacity 120699K, committed 121072K, reserved 1155072K
  class space    used 15052K, capacity 16257K, committed 16384K, reserved 1048576K
}
Event: 40.951 GC heap after
{Heap after GC invocations=33 (full 0):
 garbage-first heap   total 262144K, used 206294K [0x0000000080000000, 0x0000000100000000)
  region size 1024K, 4 young (4096K), 4 survivors (4096K)
 Metaspace       used 117489K, capacity 120699K, committed 121072K, reserved 1155072K
  class space    used 15052K, capacity 16257K, committed 16384K, reserved 1048576K
}
Event: 41.001 GC heap before
{Heap before GC invocations=33 (full 0):
 garbage-first heap   total 262144K, used 224726K [0x0000000080000000, 0x0000000100000000)
  region size 1024K, 22 young (22528K), 4 survivors (4096K)
 Metaspace       used 117744K, capacity 120939K, committed 121456K, reserved 1155072K
  class space    used 15102K, capacity 16294K, committed 16512K, reserved 1048576K
}
Event: 41.007 GC heap after
{Heap after GC invocations=34 (full 0):
 garbage-first heap   total 262144K, used 209836K [0x0000000080000000, 0x0000000100000000)
  region size 1024K, 3 young (3072K), 3 survivors (3072K)
 Metaspace       used 117744K, capacity 120939K, committed 121456K, reserved 1155072K
  class space    used 15102K, capacity 16294K, committed 16512K, reserved 1048576K
}
Event: 41.033 GC heap before
{Heap before GC invocations=34 (full 0):
 garbage-first heap   total 262144K, used 225196K [0x0000000080000000, 0x0000000100000000)
  region size 1024K, 19 young (19456K), 3 survivors (3072K)
 Metaspace       used 117823K, capacity 121035K, committed 121456K, reserved 1155072K
  class space    used 15126K, capacity 16326K, committed 16512K, reserved 1048576K
}
Event: 41.038 GC heap after
{Heap after GC invocations=35 (full 0):
 garbage-first heap   total 262144K, used 213404K [0x0000000080000000, 0x0000000100000000)
  region size 1024K, 3 young (3072K), 3 survivors (3072K)
 Metaspace       used 117823K, capacity 121035K, committed 121456K, reserved 1155072K
  class space    used 15126K, capacity 16326K, committed 16512K, reserved 1048576K
}
Event: 41.081 GC heap before
{Heap before GC invocations=35 (full 0):
 garbage-first heap   total 262144K, used 227740K [0x0000000080000000, 0x0000000100000000)
  region size 1024K, 17 young (17408K), 3 survivors (3072K)
 Metaspace       used 117955K, capacity 121196K, committed 121712K, reserved 1155072K
  class space    used 15153K, capacity 16358K, committed 16512K, reserved 1048576K
}

Deoptimization events (20 events):
Event: 41.012 Thread 0x0000027fdc59d000 DEOPT PACKING pc=0x0000027fc2402977 sp=0x000000cf11df6070
Event: 41.012 Thread 0x0000027fdc59d000 DEOPT UNPACKING pc=0x0000027fbfd36dde sp=0x000000cf11df55e8 mode 0
Event: 41.016 Thread 0x0000027fdeb4c800 DEOPT PACKING pc=0x0000027fc2402977 sp=0x000000cf0e8f94b0
Event: 41.016 Thread 0x0000027fdeb4c800 DEOPT UNPACKING pc=0x0000027fbfd36dde sp=0x000000cf0e8f8a28 mode 0
Event: 41.019 Thread 0x0000027fdeb4c800 DEOPT PACKING pc=0x0000027fc2402977 sp=0x000000cf0e8f94b0
Event: 41.019 Thread 0x0000027fdeb4c800 DEOPT UNPACKING pc=0x0000027fbfd36dde sp=0x000000cf0e8f8a28 mode 0
Event: 41.028 Thread 0x0000027fdc59d000 DEOPT PACKING pc=0x0000027fc2402977 sp=0x000000cf11df5760
Event: 41.028 Thread 0x0000027fdc59d000 DEOPT UNPACKING pc=0x0000027fbfd36dde sp=0x000000cf11df4cd8 mode 0
Event: 41.031 Thread 0x0000027fda770800 DEOPT PACKING pc=0x0000027fc2402977 sp=0x000000cf0cff9380
Event: 41.031 Thread 0x0000027fda770800 DEOPT UNPACKING pc=0x0000027fbfd36dde sp=0x000000cf0cff88f8 mode 0
Event: 41.052 Thread 0x0000027fda770800 DEOPT PACKING pc=0x0000027fc2402977 sp=0x000000cf0cff97a0
Event: 41.052 Thread 0x0000027fda770800 DEOPT UNPACKING pc=0x0000027fbfd36dde sp=0x000000cf0cff8d18 mode 0
Event: 41.063 Thread 0x0000027fda770800 DEOPT PACKING pc=0x0000027fc2402977 sp=0x000000cf0cff97a0
Event: 41.063 Thread 0x0000027fda770800 DEOPT UNPACKING pc=0x0000027fbfd36dde sp=0x000000cf0cff8d18 mode 0
Event: 41.072 Thread 0x0000027fdeb4c800 DEOPT PACKING pc=0x0000027fc2402977 sp=0x000000cf0e8f98d0
Event: 41.072 Thread 0x0000027fdeb4c800 DEOPT UNPACKING pc=0x0000027fbfd36dde sp=0x000000cf0e8f8e48 mode 0
Event: 41.077 Thread 0x0000027fdc59d000 DEOPT PACKING pc=0x0000027fc2402977 sp=0x000000cf11df5750
Event: 41.077 Thread 0x0000027fdc59d000 DEOPT UNPACKING pc=0x0000027fbfd36dde sp=0x000000cf11df4cc8 mode 0
Event: 41.080 Thread 0x0000027fda770800 DEOPT PACKING pc=0x0000027fc2402977 sp=0x000000cf0cff97a0
Event: 41.080 Thread 0x0000027fda770800 DEOPT UNPACKING pc=0x0000027fbfd36dde sp=0x000000cf0cff8d18 mode 0

Classes redefined (0 events):
No events

Internal exceptions (20 events):
Event: 39.281 Thread 0x0000027fdc59f800 Exception <a 'java/lang/NoSuchMethodError'{0x000000008fbf8118}: <clinit>> (0x000000008fbf8118) thrown at [./src/hotspot/share/prims/jni.cpp, line 1362]
Event: 39.285 Thread 0x0000027fdc59f800 Exception <a 'java/lang/NoSuchMethodError'{0x000000008fa11b10}: <clinit>> (0x000000008fa11b10) thrown at [./src/hotspot/share/prims/jni.cpp, line 1362]
Event: 39.287 Thread 0x0000027fdc59f800 Exception <a 'java/lang/NoSuchMethodError'{0x000000008fa36208}: <clinit>> (0x000000008fa36208) thrown at [./src/hotspot/share/prims/jni.cpp, line 1362]
Event: 39.295 Thread 0x0000027fdc5a0800 Exception <a 'java/lang/NoSuchMethodError'{0x000000008f919140}: 'java.lang.Object java.lang.invoke.DirectMethodHandle$Holder.invokeInterface(java.lang.Object, java.lang.Object, int)'> (0x000000008f919140) thrown at [./src/hotspot/share/interpreter/linkResolver.cpp, line 773]
Event: 39.296 Thread 0x0000027fd9ed7000 Exception <a 'java/lang/NoSuchMethodError'{0x000000008f92c1e0}: <clinit>> (0x000000008f92c1e0) thrown at [./src/hotspot/share/prims/jni.cpp, line 1362]
Event: 39.297 Thread 0x0000027fdc5a0800 Exception <a 'java/lang/NoSuchMethodError'{0x000000008f935198}: 'void java.lang.invoke.DirectMethodHandle$Holder.invokeStatic(java.lang.Object, java.lang.Object, java.lang.Object, int)'> (0x000000008f935198) thrown at [./src/hotspot/share/interpreter/linkResolver.cpp, line 773]
Event: 40.020 Thread 0x0000027fda77c800 Implicit null exception at 0x0000027fc80766f8 to 0x0000027fc8076930
Event: 40.047 Thread 0x0000027fe1b3f000 Implicit null exception at 0x0000027fc8098728 to 0x0000027fc8099c78
Event: 40.144 Thread 0x0000027fd9edb000 Exception <a 'sun/nio/fs/WindowsException'{0x000000008f93bd60}> (0x000000008f93bd60) thrown at [./src/hotspot/share/prims/jni.cpp, line 615]
Event: 40.148 Thread 0x0000027fdeb52800 Exception <a 'sun/nio/fs/WindowsException'{0x000000008f5000f0}> (0x000000008f5000f0) thrown at [./src/hotspot/share/prims/jni.cpp, line 615]
Event: 40.160 Thread 0x0000027fdc59a800 Exception <a 'sun/nio/fs/WindowsException'{0x000000008e7a8e00}> (0x000000008e7a8e00) thrown at [./src/hotspot/share/prims/jni.cpp, line 615]
Event: 40.169 Thread 0x0000027fda771000 Exception <a 'sun/nio/fs/WindowsException'{0x000000008de4dba8}> (0x000000008de4dba8) thrown at [./src/hotspot/share/prims/jni.cpp, line 615]
Event: 40.195 Thread 0x0000027fdc59a800 Exception <a 'java/lang/IncompatibleClassChangeError'{0x000000008cdfc188}: Found class java.lang.Object, but interface was expected> (0x000000008cdfc188) thrown at [./src/hotspot/share/interpreter/linkResolver.cpp, line 839]
Event: 40.195 Thread 0x0000027fd9edb000 Exception <a 'java/lang/IncompatibleClassChangeError'{0x000000008cc441e0}: Found class java.lang.Object, but interface was expected> (0x000000008cc441e0) thrown at [./src/hotspot/share/interpreter/linkResolver.cpp, line 839]
Event: 40.202 Thread 0x0000027fdeb4c800 Exception <a 'sun/nio/fs/WindowsException'{0x000000008c8e0f00}> (0x000000008c8e0f00) thrown at [./src/hotspot/share/prims/jni.cpp, line 615]
Event: 40.220 Thread 0x0000027fdc59d000 Exception <a 'sun/nio/fs/WindowsException'{0x000000008fd93700}> (0x000000008fd93700) thrown at [./src/hotspot/share/prims/jni.cpp, line 615]
Event: 40.256 Thread 0x0000027fda770800 Exception <a 'sun/nio/fs/WindowsException'{0x000000008f25cc90}> (0x000000008f25cc90) thrown at [./src/hotspot/share/prims/jni.cpp, line 615]
Event: 40.269 Thread 0x0000027fdeb52800 Exception <a 'java/lang/NoSuchMethodError'{0x000000008fad7758}: 'java.lang.Object java.lang.invoke.DirectMethodHandle$Holder.invokeStatic(java.lang.Object, long)'> (0x000000008fad7758) thrown at [./src/hotspot/share/interpreter/linkResolver.cpp, line 773]
Event: 40.269 Thread 0x0000027fdc59d000 Exception <a 'java/lang/NoSuchMethodError'{0x000000008f1163c0}: 'java.lang.Object java.lang.invoke.DirectMethodHandle$Holder.invokeStatic(java.lang.Object, long)'> (0x000000008f1163c0) thrown at [./src/hotspot/share/interpreter/linkResolver.cpp, line 773]
Event: 40.478 Thread 0x0000027fdc59a800 Exception <a 'java/lang/IncompatibleClassChangeError'{0x000000008f98f578}: Found class java.lang.Object, but interface was expected> (0x000000008f98f578) thrown at [./src/hotspot/share/interpreter/linkResolver.cpp, line 839]

Events (20 events):
Event: 41.071 loading class com/android/tools/r8/internal/v81 done
Event: 41.072 loading class com/android/tools/r8/internal/Qz0
Event: 41.072 loading class com/android/tools/r8/internal/Qz0 done
Event: 41.072 loading class com/android/tools/r8/internal/Ep1
Event: 41.072 loading class com/android/tools/r8/internal/Ep1 done
Event: 41.072 loading class com/android/tools/r8/internal/Tm1
Event: 41.072 loading class com/android/tools/r8/internal/Tm1 done
Event: 41.073 loading class com/android/tools/r8/internal/em1
Event: 41.073 loading class com/android/tools/r8/internal/em1 done
Event: 41.074 loading class com/android/tools/r8/internal/bm1
Event: 41.074 loading class com/android/tools/r8/internal/bm1 done
Event: 41.074 loading class com/android/tools/r8/internal/mW0
Event: 41.074 loading class com/android/tools/r8/internal/mW0 done
Event: 41.075 loading class com/android/tools/r8/internal/DW0
Event: 41.075 loading class com/android/tools/r8/internal/DW0 done
Event: 41.075 loading class com/android/tools/r8/internal/YV0
Event: 41.075 loading class com/android/tools/r8/internal/YV0 done
Event: 41.080 loading class com/android/tools/r8/internal/kW0
Event: 41.080 loading class com/android/tools/r8/internal/kW0 done
Event: 41.080 Executing VM operation: G1CollectForAllocation


Dynamic libraries:
0x00007ff7ca380000 - 0x00007ff7ca38a000 	C:\Program Files\Android\Android Studio\jre\bin\java.exe
0x00007ffb611d0000 - 0x00007ffb613c5000 	C:\WINDOWS\SYSTEM32\ntdll.dll
0x00007ffb60c10000 - 0x00007ffb60cce000 	C:\WINDOWS\System32\KERNEL32.DLL
0x00007ffb5eaf0000 - 0x00007ffb5edb8000 	C:\WINDOWS\System32\KERNELBASE.dll
0x00007ffb5ef20000 - 0x00007ffb5f020000 	C:\WINDOWS\System32\ucrtbase.dll
0x00007ffb59050000 - 0x00007ffb59069000 	C:\Program Files\Android\Android Studio\jre\bin\jli.dll
0x00007ffb55390000 - 0x00007ffb553a7000 	C:\Program Files\Android\Android Studio\jre\bin\VCRUNTIME140.dll
0x00007ffb60f40000 - 0x00007ffb610e0000 	C:\WINDOWS\System32\USER32.dll
0x00007ffb5e990000 - 0x00007ffb5e9b2000 	C:\WINDOWS\System32\win32u.dll
0x00007ffb4cff0000 - 0x00007ffb4d28a000 	C:\WINDOWS\WinSxS\amd64_microsoft.windows.common-controls_6595b64144ccf1df_6.0.19041.1110_none_60b5254171f9507e\COMCTL32.dll
0x00007ffb5f980000 - 0x00007ffb5f9aa000 	C:\WINDOWS\System32\GDI32.dll
0x00007ffb5fa10000 - 0x00007ffb5faae000 	C:\WINDOWS\System32\msvcrt.dll
0x00007ffb5f020000 - 0x00007ffb5f12b000 	C:\WINDOWS\System32\gdi32full.dll
0x00007ffb5e8f0000 - 0x00007ffb5e98d000 	C:\WINDOWS\System32\msvcp_win.dll
0x00007ffb5fbf0000 - 0x00007ffb5fc20000 	C:\WINDOWS\System32\IMM32.DLL
0x00007ffb36820000 - 0x00007ffb368bd000 	C:\Program Files\Android\Android Studio\jre\bin\msvcp140.dll
0x00007ffb13c00000 - 0x00007ffb146d5000 	C:\Program Files\Android\Android Studio\jre\bin\server\jvm.dll
0x00007ffb601a0000 - 0x00007ffb6024e000 	C:\WINDOWS\System32\ADVAPI32.dll
0x00007ffb5fad0000 - 0x00007ffb5fb6c000 	C:\WINDOWS\System32\sechost.dll
0x00007ffb5ffe0000 - 0x00007ffb60105000 	C:\WINDOWS\System32\RPCRT4.dll
0x00007ffb604b0000 - 0x00007ffb604b8000 	C:\WINDOWS\System32\PSAPI.DLL
0x00007ffb5c090000 - 0x00007ffb5c099000 	C:\WINDOWS\SYSTEM32\WSOCK32.dll
0x00007ffb60ba0000 - 0x00007ffb60c0b000 	C:\WINDOWS\System32\WS2_32.dll
0x00007ffb56330000 - 0x00007ffb56357000 	C:\WINDOWS\SYSTEM32\WINMM.dll
0x00007ffb58cd0000 - 0x00007ffb58cda000 	C:\WINDOWS\SYSTEM32\VERSION.dll
0x00007ffb5c830000 - 0x00007ffb5c842000 	C:\WINDOWS\SYSTEM32\kernel.appcore.dll
0x00007ffb4e6a0000 - 0x00007ffb4e6b1000 	C:\Program Files\Android\Android Studio\jre\bin\verify.dll
0x00007ffb53ea0000 - 0x00007ffb54084000 	C:\WINDOWS\SYSTEM32\DBGHELP.DLL
0x00007ffb53df0000 - 0x00007ffb53e1c000 	C:\WINDOWS\SYSTEM32\dbgcore.DLL
0x00007ffb5f1a0000 - 0x00007ffb5f222000 	C:\WINDOWS\System32\bcryptPrimitives.dll
0x00007ffb48660000 - 0x00007ffb48689000 	C:\Program Files\Android\Android Studio\jre\bin\java.dll
0x00007ffb5a620000 - 0x00007ffb5a62b000 	C:\Program Files\Android\Android Studio\jre\bin\jimage.dll
0x00007ffb4d310000 - 0x00007ffb4d328000 	C:\Program Files\Android\Android Studio\jre\bin\zip.dll
0x00007ffb5f230000 - 0x00007ffb5f974000 	C:\WINDOWS\System32\SHELL32.dll
0x00007ffb5ca30000 - 0x00007ffb5d1c4000 	C:\WINDOWS\SYSTEM32\windows.storage.dll
0x00007ffb5fc20000 - 0x00007ffb5ff74000 	C:\WINDOWS\System32\combase.dll
0x00007ffb5e310000 - 0x00007ffb5e33c000 	C:\WINDOWS\SYSTEM32\Wldp.dll
0x00007ffb610e0000 - 0x00007ffb6118d000 	C:\WINDOWS\System32\SHCORE.dll
0x00007ffb60ae0000 - 0x00007ffb60b35000 	C:\WINDOWS\System32\shlwapi.dll
0x00007ffb5e830000 - 0x00007ffb5e84f000 	C:\WINDOWS\SYSTEM32\profapi.dll
0x00007ffb4a3a0000 - 0x00007ffb4a3ba000 	C:\Program Files\Android\Android Studio\jre\bin\net.dll
0x00007ffb58ea0000 - 0x00007ffb58faa000 	C:\WINDOWS\SYSTEM32\WINHTTP.dll
0x00007ffb5dff0000 - 0x00007ffb5e05a000 	C:\WINDOWS\system32\mswsock.dll
0x00007ffb48640000 - 0x00007ffb48654000 	C:\Program Files\Android\Android Studio\jre\bin\nio.dll
0x00007ffb54d20000 - 0x00007ffb54d47000 	C:\Users\nande\.gradle\native\e1d6ef7f7dcc3fd88c89a11ec53ec762bb8ba0a96d01ffa2cd45eb1d1d8dd5c5\windows-amd64\native-platform.dll
0x00007ffb32c20000 - 0x00007ffb32d64000 	C:\Users\nande\.gradle\native\5664cfc778a61ccfe75a443a1ab52a65af34e5dc3c78e0209fed803814484fcb\windows-amd64\native-platform-file-events.dll
0x00007ffb50390000 - 0x00007ffb5039a000 	C:\Program Files\Android\Android Studio\jre\bin\management.dll
0x00007ffb48d80000 - 0x00007ffb48d8d000 	C:\Program Files\Android\Android Studio\jre\bin\management_ext.dll
0x00007ffb5e240000 - 0x00007ffb5e258000 	C:\WINDOWS\SYSTEM32\CRYPTSP.dll
0x00007ffb5d970000 - 0x00007ffb5d9a4000 	C:\WINDOWS\system32\rsaenh.dll
0x00007ffb5ea10000 - 0x00007ffb5ea37000 	C:\WINDOWS\System32\bcrypt.dll
0x00007ffb5e7f0000 - 0x00007ffb5e81e000 	C:\WINDOWS\SYSTEM32\USERENV.dll
0x00007ffb5e260000 - 0x00007ffb5e26c000 	C:\WINDOWS\SYSTEM32\CRYPTBASE.dll
0x00007ffb5dce0000 - 0x00007ffb5dd1b000 	C:\WINDOWS\SYSTEM32\IPHLPAPI.DLL
0x00007ffb60cd0000 - 0x00007ffb60cd8000 	C:\WINDOWS\System32\NSI.dll
0x00007ffb57c10000 - 0x00007ffb57c27000 	C:\WINDOWS\SYSTEM32\dhcpcsvc6.DLL
0x00007ffb589a0000 - 0x00007ffb589bd000 	C:\WINDOWS\SYSTEM32\dhcpcsvc.DLL
0x00007ffb5dd20000 - 0x00007ffb5ddeb000 	C:\WINDOWS\SYSTEM32\DNSAPI.dll

dbghelp: loaded successfully - version: 4.0.5 - missing functions: none
symbol engine: initialized successfully - sym options: 0x614 - pdb path: .;C:\Program Files\Android\Android Studio\jre\bin;C:\WINDOWS\SYSTEM32;C:\WINDOWS\WinSxS\amd64_microsoft.windows.common-controls_6595b64144ccf1df_6.0.19041.1110_none_60b5254171f9507e;C:\Program Files\Android\Android Studio\jre\bin\server;C:\Users\nande\.gradle\native\e1d6ef7f7dcc3fd88c89a11ec53ec762bb8ba0a96d01ffa2cd45eb1d1d8dd5c5\windows-amd64;C:\Users\nande\.gradle\native\5664cfc778a61ccfe75a443a1ab52a65af34e5dc3c78e0209fed803814484fcb\windows-amd64

VM Arguments:
jvm_args: --add-opens=java.base/java.util=ALL-UNNAMED --add-opens=java.base/java.lang=ALL-UNNAMED --add-opens=java.base/java.lang.invoke=ALL-UNNAMED --add-opens=java.base/java.util=ALL-UNNAMED --add-opens=java.prefs/java.util.prefs=ALL-UNNAMED --add-opens=java.prefs/java.util.prefs=ALL-UNNAMED --add-opens=java.base/java.nio.charset=ALL-UNNAMED --add-opens=java.base/java.net=ALL-UNNAMED --add-opens=java.base/java.util.concurrent.atomic=ALL-UNNAMED -Xmx2048m -Dfile.encoding=UTF-8 -Duser.country=RU -Duser.language=ru -Duser.variant 
java_command: org.gradle.launcher.daemon.bootstrap.GradleDaemon 7.2
java_class_path (initial): C:\Users\nande\.gradle\wrapper\dists\gradle-7.2-bin\2dnblmf4td7x66yl1d74lt32g\gradle-7.2\lib\gradle-launcher-7.2.jar
Launcher Type: SUN_STANDARD

[Global flags]
     intx CICompilerCount                          = 4                                         {product} {ergonomic}
     uint ConcGCThreads                            = 2                                         {product} {ergonomic}
     uint G1ConcRefinementThreads                  = 8                                         {product} {ergonomic}
   size_t G1HeapRegionSize                         = 1048576                                   {product} {ergonomic}
    uintx GCDrainStackTargetSize                   = 64                                        {product} {ergonomic}
   size_t InitialHeapSize                          = 268435456                                 {product} {ergonomic}
   size_t MarkStackSize                            = 4194304                                   {product} {ergonomic}
   size_t MaxHeapSize                              = 2147483648                                {product} {command line}
   size_t MaxNewSize                               = 1287651328                                {product} {ergonomic}
   size_t MinHeapDeltaBytes                        = 1048576                                   {product} {ergonomic}
    uintx NonNMethodCodeHeapSize                   = 5836300                                {pd product} {ergonomic}
    uintx NonProfiledCodeHeapSize                  = 122910970                              {pd product} {ergonomic}
    uintx ProfiledCodeHeapSize                     = 122910970                              {pd product} {ergonomic}
    uintx ReservedCodeCacheSize                    = 251658240                              {pd product} {ergonomic}
     bool SegmentedCodeCache                       = true                                      {product} {ergonomic}
     bool UseCompressedClassPointers               = true                                 {lp64_product} {ergonomic}
     bool UseCompressedOops                        = true                                 {lp64_product} {ergonomic}
     bool UseG1GC                                  = true                                      {product} {ergonomic}
     bool UseLargePagesIndividualAllocation        = false                                  {pd product} {ergonomic}

Logging:
Log output configuration:
 #0: stdout all=warning uptime,level,tags
 #1: stderr all=off uptime,level,tags

Environment Variables:
PATH=C:\Program Files (x86)\Common Files\Intel\Shared Libraries\redist\intel64\compiler;C:\Windows\system32;C:\Windows;C:\Windows\System32\Wbem;C:\Windows\System32\WindowsPowerShell\v1.0\;C:\Windows\System32\OpenSSH\;C:\Program Files (x86)\NVIDIA Corporation\PhysX\Common;C:\Program Files\NVIDIA Corporation\NVIDIA NvDLISR;C:\WINDOWS\system32;C:\WINDOWS;C:\WINDOWS\System32\Wbem;C:\WINDOWS\System32\WindowsPowerShell\v1.0\;C:\WINDOWS\System32\OpenSSH\;C:\Program Files\Git\cmd;C:\Users\nande\Desktop\jdk-11.0.13\bin;C:\Program Files (x86)\Common Files\Acronis\SnapAPI\;C:\Users\nande\AppData\Local\Programs\Python\Python310\Scripts\;C:\Users\nande\AppData\Local\Programs\Python\Python310\;C:\Users\nande\AppData\Local\Microsoft\WindowsApps;C:\Program Files\JetBrains\IntelliJ IDEA 2020.3.1\bin;;C:\Users\nande\Desktop\apache-maven-3.8.4\bin;C:\Users\nande\AppData\Local\Programs\Microsoft VS Code\bin;C:\Program Files\JetBrains\PyCharm Community Edition 2021.3.2\bin;;C:\Program Files\JetBrains\PyCharm-2021.3.2\bin;;C:\Users\nande\Desktop\jdk-11.0.13\bin;
USERNAME=nande
OS=Windows_NT
PROCESSOR_IDENTIFIER=Intel64 Family 6 Model 94 Stepping 3, GenuineIntel



---------------  S Y S T E M  ---------------

OS: Windows 10 , 64 bit Build 19041 (10.0.19041.1645)
OS uptime: 5 days 0:27 hours

CPU:total 8 (initial active 8) (4 cores per cpu, 2 threads per core) family 6 model 94 stepping 3 microcode 0xcc, cmov, cx8, fxsr, mmx, sse, sse2, sse3, ssse3, sse4.1, sse4.2, popcnt, avx, avx2, aes, clmul, erms, rtm, 3dnowpref, lzcnt, ht, tsc, tscinvbit, bmi1, bmi2, adx, fma

Memory: 4k page, system-wide physical 16322M (3085M free)
TotalPageFile size 16322M (AvailPageFile size 91M)
current process WorkingSet (physical memory assigned to process): 644M, peak: 653M
current process commit charge ("private bytes"): 723M, peak: 876M

vm_info: OpenJDK 64-Bit Server VM (11.0.11+9-b60-7590822) for windows-amd64 JRE (11.0.11+9-b60-7590822), built on Jul 29 2021 21:43:44 by "builder" with MS VC++ 14.0 (VS2015)

END.
