JvmtiExport can_access_local_variables 0
JvmtiExport can_hotswap_or_post_breakpoint 0
JvmtiExport can_post_on_exceptions 0
# 413 ciObject found
instanceKlass java/lang/Throwable$PrintStreamOrWriter
instanceKlass net/rubygrapefruit/platform/internal/jni/AbstractFileEventFunctions$FailureEvent
instanceKlass com/android/tools/r8/graph/A2$$Lambda$2257
instanceKlass com/android/tools/r8/internal/T31$$Lambda$2256
instanceKlass com/android/tools/r8/internal/wr1$$Lambda$2255
instanceKlass com/android/tools/r8/internal/QE0$$Lambda$2254
instanceKlass com/android/tools/r8/internal/QE0$$Lambda$2253
instanceKlass com/android/tools/r8/internal/QE0$$Lambda$2252
instanceKlass com/android/tools/r8/code/L0$$Lambda$2251
instanceKlass com/android/tools/r8/code/L0$$Lambda$2250
instanceKlass com/android/tools/r8/code/L0$$Lambda$2249
instanceKlass com/android/tools/r8/code/L0$$Lambda$2248
instanceKlass com/android/tools/r8/internal/ya1
instanceKlass com/android/tools/r8/graph/D2$$Lambda$2247
instanceKlass com/android/tools/r8/graph/D2$$Lambda$2246
instanceKlass com/android/tools/r8/graph/D2$$Lambda$2245
instanceKlass com/android/tools/r8/graph/D2$$Lambda$2244
instanceKlass com/android/tools/r8/graph/J1$$Lambda$2243
instanceKlass com/android/tools/r8/synthesis/p$$Lambda$2242
instanceKlass com/android/tools/r8/code/N0$$Lambda$2241
instanceKlass com/android/tools/r8/code/N0$$Lambda$2240
instanceKlass com/android/tools/r8/code/N0$$Lambda$2239
instanceKlass com/android/tools/r8/code/N0$$Lambda$2238
instanceKlass com/android/tools/r8/code/J0$$Lambda$2237
instanceKlass com/android/tools/r8/code/J0$$Lambda$2236
instanceKlass com/android/tools/r8/code/J0$$Lambda$2235
instanceKlass com/android/tools/r8/internal/Bp1$$Lambda$2234
instanceKlass com/android/tools/r8/synthesis/k$$Lambda$2233
instanceKlass com/android/tools/r8/synthesis/d$$Lambda$2232
instanceKlass com/android/tools/r8/synthesis/d$$Lambda$2231
instanceKlass com/android/tools/r8/synthesis/b$$Lambda$2230
instanceKlass com/android/tools/r8/code/I0$$Lambda$2229
instanceKlass com/android/tools/r8/code/I0$$Lambda$2228
instanceKlass com/android/tools/r8/code/I0$$Lambda$2227
instanceKlass com/android/tools/r8/internal/p91
instanceKlass com/android/tools/r8/graph/M2$$Lambda$2226
instanceKlass com/android/tools/r8/graph/a2$$Lambda$2225
instanceKlass com/android/tools/r8/graph/a2$$Lambda$2224
instanceKlass com/android/tools/r8/graph/a2$$Lambda$2223
instanceKlass com/android/tools/r8/graph/V1
instanceKlass com/android/tools/r8/code/D0$$Lambda$2222
instanceKlass com/android/tools/r8/code/D0$$Lambda$2221
instanceKlass com/android/tools/r8/code/D0$$Lambda$2220
instanceKlass com/android/tools/r8/ir/conversion/q$$Lambda$2219
instanceKlass com/android/tools/r8/internal/KA0$$Lambda$2218
instanceKlass com/android/tools/r8/internal/nq1
instanceKlass java/util/function/Consumer$$Lambda$2217
instanceKlass java/lang/invoke/LambdaForm$DMH
instanceKlass com/android/tools/r8/synthesis/s$$Lambda$2216
instanceKlass com/android/tools/r8/synthesis/s$$Lambda$2215
instanceKlass com/android/tools/r8/internal/KA0$$Lambda$2214
instanceKlass com/android/tools/r8/synthesis/v
instanceKlass com/android/tools/r8/shaking/W0$$Lambda$2213
instanceKlass com/android/tools/r8/shaking/W0$$Lambda$2212
instanceKlass com/android/tools/r8/shaking/W0$$Lambda$2211
instanceKlass com/android/tools/r8/shaking/W0$$Lambda$2210
instanceKlass com/android/tools/r8/shaking/W0$$Lambda$2209
instanceKlass com/android/tools/r8/shaking/W0$$Lambda$2208
instanceKlass com/android/tools/r8/shaking/W0$$Lambda$2207
instanceKlass com/android/tools/r8/shaking/W0$$Lambda$2206
instanceKlass com/android/tools/r8/synthesis/p$$Lambda$2205
instanceKlass com/android/tools/r8/internal/Am1$$Lambda$2204
instanceKlass com/android/tools/r8/synthesis/p$$Lambda$2203
instanceKlass com/android/tools/r8/graph/M2$$Lambda$2202
instanceKlass com/android/tools/r8/synthesis/p$$Lambda$2201
instanceKlass com/android/tools/r8/graph/i0
instanceKlass com/android/tools/r8/internal/uB0$$Lambda$2200
instanceKlass com/android/tools/r8/graph/f0
instanceKlass com/android/tools/r8/graph/Q2$$Lambda$2199
instanceKlass com/android/tools/r8/synthesis/p$$Lambda$2198
instanceKlass com/android/tools/r8/synthesis/n$$Lambda$2197
instanceKlass com/android/tools/r8/synthesis/p$$Lambda$2196
instanceKlass com/android/tools/r8/synthesis/p$$Lambda$2195
instanceKlass com/android/tools/r8/synthesis/p$$Lambda$2194
instanceKlass com/android/tools/r8/synthesis/p$$Lambda$2193
instanceKlass com/android/tools/r8/synthesis/p$$Lambda$2192
instanceKlass com/android/tools/r8/synthesis/p$$Lambda$2191
instanceKlass com/android/tools/r8/graph/M$$Lambda$2190
instanceKlass com/android/tools/r8/graph/M$$Lambda$2189
instanceKlass com/android/tools/r8/graph/M$$Lambda$2188
instanceKlass com/android/tools/r8/graph/M$$Lambda$2187
instanceKlass com/android/tools/r8/graph/M$$Lambda$2186
instanceKlass com/android/tools/r8/graph/M$$Lambda$2185
instanceKlass com/android/tools/r8/graph/M$$Lambda$2184
instanceKlass com/android/tools/r8/graph/M$$Lambda$2183
instanceKlass com/android/tools/r8/internal/Dp1$$Lambda$2182
instanceKlass com/android/tools/r8/graph/j0$$Lambda$2181
instanceKlass com/android/tools/r8/graph/j0$$Lambda$2180
instanceKlass com/android/tools/r8/graph/j0$$Lambda$2179
instanceKlass com/android/tools/r8/graph/j0$$Lambda$2178
instanceKlass com/android/tools/r8/graph/j0$$Lambda$2177
instanceKlass com/android/tools/r8/graph/j0$$Lambda$2176
instanceKlass com/android/tools/r8/graph/j0$$Lambda$2175
instanceKlass com/android/tools/r8/graph/N2$$Lambda$2174
instanceKlass com/android/tools/r8/graph/N2$$Lambda$2173
instanceKlass com/android/tools/r8/graph/N2$$Lambda$2172
instanceKlass com/android/tools/r8/graph/j0$$Lambda$2171
instanceKlass com/android/tools/r8/graph/j0$$Lambda$2170
instanceKlass com/android/tools/r8/graph/j0$$Lambda$2169
instanceKlass com/android/tools/r8/graph/j0$$Lambda$2168
instanceKlass com/android/tools/r8/graph/j0$$Lambda$2167
instanceKlass com/android/tools/r8/graph/B2$$Lambda$2166
instanceKlass com/android/tools/r8/graph/B2$$Lambda$2165
instanceKlass com/android/tools/r8/graph/S0$$Lambda$2164
instanceKlass com/android/tools/r8/graph/g0$$Lambda$2163
instanceKlass com/android/tools/r8/graph/g0$$Lambda$2162
instanceKlass com/android/tools/r8/graph/g0$$Lambda$2161
instanceKlass com/android/tools/r8/graph/g0$$Lambda$2160
instanceKlass com/android/tools/r8/graph/k0$$Lambda$2159
instanceKlass com/android/tools/r8/graph/k0$$Lambda$2158
instanceKlass com/android/tools/r8/graph/k0$$Lambda$2157
instanceKlass com/android/tools/r8/graph/k0$$Lambda$2156
instanceKlass com/android/tools/r8/graph/g0$$Lambda$2155
instanceKlass com/android/tools/r8/graph/g0$$Lambda$2154
instanceKlass com/android/tools/r8/graph/S0$$Lambda$2153
instanceKlass com/android/tools/r8/graph/S0$$Lambda$2152
instanceKlass com/android/tools/r8/graph/S0$$Lambda$2151
instanceKlass com/android/tools/r8/graph/A$$Lambda$2150
instanceKlass com/android/tools/r8/graph/A$$Lambda$2149
instanceKlass com/android/tools/r8/graph/S0$$Lambda$2148
instanceKlass com/android/tools/r8/internal/Dp1$$Lambda$2147
instanceKlass com/android/tools/r8/graph/S0$$Lambda$2146
instanceKlass com/android/tools/r8/graph/S0$$Lambda$2145
instanceKlass com/android/tools/r8/graph/S0$$Lambda$2144
instanceKlass com/android/tools/r8/graph/S0$$Lambda$2143
instanceKlass com/android/tools/r8/graph/S0$$Lambda$2142
instanceKlass com/android/tools/r8/graph/c$$Lambda$2141
instanceKlass com/android/tools/r8/graph/c$$Lambda$2140
instanceKlass com/android/tools/r8/graph/c$$Lambda$2139
instanceKlass com/android/tools/r8/graph/S0$$Lambda$2138
instanceKlass com/android/tools/r8/graph/S0$$Lambda$2137
instanceKlass com/android/tools/r8/graph/S0$$Lambda$2136
instanceKlass com/android/tools/r8/graph/S0$$Lambda$2135
instanceKlass com/android/tools/r8/graph/S0$$Lambda$2134
instanceKlass com/android/tools/r8/internal/Bp1$$Lambda$2133
instanceKlass com/android/tools/r8/internal/UE0
instanceKlass com/android/tools/r8/synthesis/p$$Lambda$2132
instanceKlass com/android/tools/r8/synthesis/p$$Lambda$2131
instanceKlass java/util/AbstractMap$SimpleEntry
instanceKlass com/android/tools/r8/synthesis/b$$Lambda$2130
instanceKlass com/android/tools/r8/synthesis/b$$Lambda$2129
instanceKlass com/android/tools/r8/synthesis/b$$Lambda$2128
instanceKlass com/android/tools/r8/ir/conversion/p$$Lambda$2127
instanceKlass com/android/tools/r8/internal/RP0
instanceKlass com/android/tools/r8/internal/AD0
instanceKlass com/android/tools/r8/graph/h2$$Lambda$2126
instanceKlass com/android/tools/r8/code/F0$$Lambda$2125
instanceKlass com/android/tools/r8/code/F0$$Lambda$2124
instanceKlass com/android/tools/r8/code/F0$$Lambda$2123
instanceKlass com/android/tools/r8/code/K$$Lambda$2122
instanceKlass com/android/tools/r8/code/G0$$Lambda$2121
instanceKlass com/android/tools/r8/code/G0$$Lambda$2120
instanceKlass com/android/tools/r8/code/G0$$Lambda$2119
instanceKlass com/android/tools/r8/code/O0$$Lambda$2118
instanceKlass com/android/tools/r8/code/O0$$Lambda$2117
instanceKlass com/android/tools/r8/code/O0$$Lambda$2116
instanceKlass com/android/tools/r8/code/V0$$Lambda$2115
instanceKlass com/android/tools/r8/code/V0$$Lambda$2114
instanceKlass com/android/tools/r8/code/V0$$Lambda$2113
instanceKlass com/android/tools/r8/code/V0$$Lambda$2112
instanceKlass com/android/tools/r8/code/V0$$Lambda$2111
instanceKlass com/android/tools/r8/code/V0$$Lambda$2110
instanceKlass com/android/tools/r8/code/V0$$Lambda$2109
instanceKlass com/android/tools/r8/code/V0$$Lambda$2108
instanceKlass com/android/tools/r8/ir/regalloc/b$$Lambda$2107
instanceKlass com/android/tools/r8/internal/SU0
instanceKlass com/android/tools/r8/internal/LU0
instanceKlass com/android/tools/r8/internal/UU0
instanceKlass com/android/tools/r8/internal/MU0
instanceKlass com/android/tools/r8/internal/gF0$$Lambda$2106
instanceKlass com/android/tools/r8/internal/pe1$$Lambda$2105
instanceKlass java/lang/invoke/LambdaForm$DMH
instanceKlass com/android/tools/r8/internal/tL0
instanceKlass com/android/tools/r8/internal/hI0$$Lambda$2104
instanceKlass com/android/tools/r8/internal/d41$$Lambda$2103
instanceKlass com/android/tools/r8/synthesis/e$$Lambda$2102
instanceKlass com/android/tools/r8/synthesis/e$$Lambda$2101
instanceKlass com/android/tools/r8/internal/f41
instanceKlass com/android/tools/r8/synthesis/e$$Lambda$2100
instanceKlass com/android/tools/r8/internal/a41
instanceKlass com/android/tools/r8/internal/rK0$$Lambda$2099
instanceKlass com/android/tools/r8/internal/rK0
instanceKlass com/android/tools/r8/internal/Bp1$$Lambda$2098
instanceKlass com/android/tools/r8/internal/rR0
instanceKlass com/android/tools/r8/internal/p
instanceKlass com/android/tools/r8/internal/wR0
instanceKlass com/android/tools/r8/internal/o
instanceKlass com/android/tools/r8/internal/uR0
instanceKlass com/android/tools/r8/internal/xR0
instanceKlass com/android/tools/r8/internal/yR0
instanceKlass com/android/tools/r8/synthesis/d
instanceKlass com/android/tools/r8/internal/d41$$Lambda$2097
instanceKlass com/android/tools/r8/internal/la1$$Lambda$2096
instanceKlass com/android/tools/r8/internal/z51
instanceKlass com/android/tools/r8/internal/la1$$Lambda$2095
instanceKlass com/android/tools/r8/internal/ZP0
instanceKlass com/android/tools/r8/internal/la1$$Lambda$2089
instanceKlass java/lang/invoke/LambdaForm$MH
instanceKlass com/android/tools/r8/internal/gS0$$Lambda$2094
instanceKlass com/android/tools/r8/internal/gS0$$Lambda$2093
instanceKlass com/android/tools/r8/internal/la1$$Lambda$2092
instanceKlass com/android/tools/r8/internal/gS0$$Lambda$2091
instanceKlass com/android/tools/r8/internal/gS0$$Lambda$2090
instanceKlass java/lang/invoke/LambdaForm$DMH
instanceKlass com/android/tools/r8/FeatureSplit
instanceKlass com/android/tools/r8/internal/g51$$Lambda$2088
instanceKlass com/android/tools/r8/synthesis/s$$Lambda$2087
instanceKlass com/android/tools/r8/synthesis/y
instanceKlass com/android/tools/r8/graph/a
instanceKlass com/android/tools/r8/graph/x2
instanceKlass com/android/tools/r8/internal/JW0
instanceKlass com/android/tools/r8/internal/KW0
instanceKlass com/android/tools/r8/internal/DF0
instanceKlass com/android/tools/r8/internal/XA0
instanceKlass com/android/tools/r8/graph/F
instanceKlass com/android/tools/r8/graph/H1$$Lambda$2086
instanceKlass com/android/tools/r8/graph/H1$$Lambda$2085
instanceKlass com/android/tools/r8/graph/H1$$Lambda$2084
instanceKlass com/android/tools/r8/graph/H1$$Lambda$2083
instanceKlass com/android/tools/r8/graph/H1
instanceKlass com/android/tools/r8/graph/J1$$Lambda$2082
instanceKlass com/android/tools/r8/graph/J1$$Lambda$2081
instanceKlass com/android/tools/r8/graph/J1$$Lambda$2080
instanceKlass com/android/tools/r8/graph/J1$$Lambda$2079
instanceKlass com/android/tools/r8/graph/J1$$Lambda$2078
instanceKlass com/android/tools/r8/graph/J1$$Lambda$2077
instanceKlass com/android/tools/r8/graph/z1
instanceKlass com/android/tools/r8/graph/J1
instanceKlass com/android/tools/r8/internal/b41
instanceKlass com/android/tools/r8/internal/Z71
instanceKlass com/android/tools/r8/internal/OY0
instanceKlass com/android/tools/r8/internal/UH0
instanceKlass com/android/tools/r8/internal/VH0
instanceKlass com/android/tools/r8/internal/WH0
instanceKlass com/android/tools/r8/internal/xM0
instanceKlass com/android/tools/r8/ByteDataView
instanceKlass com/android/tools/r8/dex/u
instanceKlass java/util/zip/Adler32
instanceKlass com/android/tools/r8/dex/y$$Lambda$2076
instanceKlass com/android/tools/r8/dex/y$$Lambda$2075
instanceKlass com/android/tools/r8/dex/y$$Lambda$2074
instanceKlass com/android/tools/r8/dex/y$$Lambda$2073
instanceKlass com/android/tools/r8/dex/y$$Lambda$2072
instanceKlass com/android/tools/r8/dex/y$$Lambda$2071
instanceKlass com/android/tools/r8/dex/y$$Lambda$2070
instanceKlass com/android/tools/r8/dex/y$$Lambda$2069
instanceKlass com/android/tools/r8/dex/y$$Lambda$2068
instanceKlass com/android/tools/r8/dex/y$$Lambda$2067
instanceKlass com/android/tools/r8/dex/y$$Lambda$2066
instanceKlass com/android/tools/r8/graph/y$$Lambda$2065
instanceKlass com/android/tools/r8/graph/y$$Lambda$2064
instanceKlass com/android/tools/r8/graph/y$$Lambda$2063
instanceKlass com/android/tools/r8/dex/y$$Lambda$2062
instanceKlass com/android/tools/r8/dex/y$$Lambda$2061
instanceKlass com/android/tools/r8/dex/y$$Lambda$2060
instanceKlass com/android/tools/r8/dex/y$$Lambda$2059
instanceKlass com/android/tools/r8/dex/y$$Lambda$2058
instanceKlass com/android/tools/r8/dex/y$$Lambda$2057
instanceKlass com/android/tools/r8/dex/y$$Lambda$2056
instanceKlass com/android/tools/r8/dex/y$$Lambda$2055
instanceKlass com/android/tools/r8/dex/y$$Lambda$2054
instanceKlass com/android/tools/r8/dex/y$$Lambda$2053
instanceKlass com/android/tools/r8/internal/pY0$$Lambda$2052
instanceKlass com/android/tools/r8/dex/y$$Lambda$2051
instanceKlass com/android/tools/r8/dex/y$$Lambda$2050
instanceKlass com/android/tools/r8/dex/y$$Lambda$2049
instanceKlass com/android/tools/r8/dex/f
instanceKlass com/android/tools/r8/internal/oN0
instanceKlass com/android/tools/r8/dex/y$$Lambda$2048
instanceKlass com/android/tools/r8/dex/y$$Lambda$2047
instanceKlass com/android/tools/r8/dex/y$$Lambda$2046
instanceKlass com/android/tools/r8/dex/y$$Lambda$2045
instanceKlass com/android/tools/r8/dex/y$$Lambda$2044
instanceKlass com/android/tools/r8/dex/y$$Lambda$2043
instanceKlass com/android/tools/r8/dex/y$$Lambda$2042
instanceKlass com/android/tools/r8/dex/y$$Lambda$2041
instanceKlass com/android/tools/r8/dex/y$$Lambda$2040
instanceKlass java/lang/invoke/LambdaForm$DMH
instanceKlass com/android/tools/r8/internal/fK0
instanceKlass com/android/tools/r8/internal/q41
instanceKlass com/android/tools/r8/dex/y$$Lambda$2039
instanceKlass com/android/tools/r8/naming/C
instanceKlass com/android/tools/r8/naming/C$c
instanceKlass com/android/tools/r8/internal/rf1
instanceKlass com/android/tools/r8/dex/y$$Lambda$2038
instanceKlass com/android/tools/r8/dex/v
instanceKlass com/android/tools/r8/graph/y$$Lambda$2037
instanceKlass com/android/tools/r8/graph/S0$$Lambda$2036
instanceKlass com/android/tools/r8/graph/B2$$Lambda$2035
instanceKlass com/android/tools/r8/graph/l0$$Lambda$2034
instanceKlass com/android/tools/r8/internal/tj1
instanceKlass com/android/tools/r8/graph/S0$$Lambda$2033
instanceKlass com/android/tools/r8/internal/ib1
instanceKlass com/android/tools/r8/dex/y$$Lambda$2032
instanceKlass com/android/tools/r8/graph/a0$$Lambda$2031
instanceKlass com/android/tools/r8/internal/Dp1$$Lambda$2030
instanceKlass com/android/tools/r8/internal/Dp1$$Lambda$2029
instanceKlass com/android/tools/r8/internal/Dp1$$Lambda$2028
instanceKlass com/android/tools/r8/graph/a0$$Lambda$2027
instanceKlass com/android/tools/r8/graph/a0$$Lambda$2026
instanceKlass com/android/tools/r8/graph/a0$$Lambda$2025
instanceKlass com/android/tools/r8/internal/xb1
instanceKlass com/android/tools/r8/internal/mb1
instanceKlass com/android/tools/r8/internal/RI0
instanceKlass com/android/tools/r8/dex/m
instanceKlass com/android/tools/r8/internal/nf1
instanceKlass com/android/tools/r8/internal/KI0
instanceKlass com/android/tools/r8/dex/y
instanceKlass com/android/tools/r8/internal/gd1$$Lambda$2024
instanceKlass com/android/tools/r8/internal/gd1$$Lambda$2023
instanceKlass com/android/tools/r8/internal/gd1$$Lambda$2022
instanceKlass com/android/tools/r8/internal/gd1$$Lambda$2021
instanceKlass com/android/tools/r8/internal/gd1$$Lambda$2020
instanceKlass com/android/tools/r8/internal/hI0$$Lambda$2019
instanceKlass com/android/tools/r8/internal/gd1$$Lambda$2018
instanceKlass com/android/tools/r8/internal/j0
instanceKlass com/android/tools/r8/internal/gd1$$Lambda$2017
instanceKlass com/android/tools/r8/internal/gd1$$Lambda$2016
instanceKlass java/util/IdentityHashMap$IdentityHashMapSpliterator
instanceKlass com/android/tools/r8/internal/fd1
instanceKlass com/android/tools/r8/internal/gd1$$Lambda$2015
instanceKlass com/android/tools/r8/internal/gd1$$Lambda$2014
instanceKlass com/android/tools/r8/internal/gd1$$Lambda$2013
instanceKlass com/android/tools/r8/internal/gd1$$Lambda$2012
instanceKlass com/android/tools/r8/internal/gd1$$Lambda$2011
instanceKlass com/android/tools/r8/internal/Ij1
instanceKlass com/android/tools/r8/internal/kk1
instanceKlass com/android/tools/r8/internal/gd1$$Lambda$2010
instanceKlass com/android/tools/r8/internal/gd1$$Lambda$2009
instanceKlass com/android/tools/r8/internal/gd1
instanceKlass com/android/tools/r8/dex/e$$Lambda$2008
instanceKlass com/android/tools/r8/internal/n91$$Lambda$2007
instanceKlass com/android/tools/r8/graph/d0$$Lambda$2006
instanceKlass com/android/tools/r8/graph/l0$$Lambda$2005
instanceKlass com/android/tools/r8/graph/A$$Lambda$2004
instanceKlass com/android/tools/r8/graph/S0$$Lambda$2003
instanceKlass com/android/tools/r8/dex/e$$Lambda$2002
instanceKlass com/android/tools/r8/internal/Eb1
instanceKlass com/android/tools/r8/internal/Gb1
instanceKlass com/android/tools/r8/internal/MH0$$Lambda$2001
instanceKlass com/android/tools/r8/internal/MH0$$Lambda$2000
instanceKlass com/android/tools/r8/internal/yb1
instanceKlass com/android/tools/r8/internal/zb1
instanceKlass com/android/tools/r8/internal/J0
instanceKlass com/android/tools/r8/internal/MH0
instanceKlass com/android/tools/r8/internal/U51
instanceKlass com/android/tools/r8/internal/Kj1
instanceKlass com/android/tools/r8/internal/e1
instanceKlass com/android/tools/r8/internal/KL0$$Lambda$1999
instanceKlass com/android/tools/r8/internal/KL0$$Lambda$1998
instanceKlass com/android/tools/r8/graph/b2$$Lambda$1997
instanceKlass com/android/tools/r8/graph/U1
instanceKlass com/android/tools/r8/graph/S0$$Lambda$1996
instanceKlass com/android/tools/r8/graph/S0$$Lambda$1995
instanceKlass com/android/tools/r8/graph/S0$$Lambda$1994
instanceKlass com/android/tools/r8/internal/qz0
instanceKlass com/android/tools/r8/internal/EY0
instanceKlass com/android/tools/r8/internal/AY0
instanceKlass com/android/tools/r8/dex/Q
instanceKlass com/android/tools/r8/dex/P
instanceKlass com/android/tools/r8/dex/K$$Lambda$1993
instanceKlass com/android/tools/r8/internal/gF0$$Lambda$1992
instanceKlass com/android/tools/r8/internal/Ic1
instanceKlass com/android/tools/r8/dex/T$$Lambda$1991
instanceKlass com/android/tools/r8/internal/AL0
instanceKlass com/android/tools/r8/naming/c
instanceKlass com/android/tools/r8/dex/N$$Lambda$1990
instanceKlass com/android/tools/r8/dex/N$$Lambda$1989
instanceKlass com/android/tools/r8/dex/N$$Lambda$1988
instanceKlass com/android/tools/r8/dex/N$$Lambda$1987
instanceKlass com/android/tools/r8/dex/N$$Lambda$1986
instanceKlass com/android/tools/r8/dex/N$$Lambda$1985
instanceKlass com/android/tools/r8/dex/N$$Lambda$1984
instanceKlass com/android/tools/r8/dex/N$$Lambda$1983
instanceKlass com/android/tools/r8/dex/N$$Lambda$1982
instanceKlass com/android/tools/r8/internal/t41
instanceKlass com/android/tools/r8/dex/N
instanceKlass com/android/tools/r8/dex/S
instanceKlass com/android/tools/r8/internal/sT0
instanceKlass com/android/tools/r8/dex/T
instanceKlass com/android/tools/r8/dex/e$$Lambda$1981
instanceKlass com/android/tools/r8/dex/e$$Lambda$1980
instanceKlass com/android/tools/r8/dex/e$$Lambda$1979
instanceKlass com/android/tools/r8/internal/tr1
instanceKlass com/android/tools/r8/internal/vr1
instanceKlass com/android/tools/r8/internal/dZ0
instanceKlass com/android/tools/r8/internal/H61$$Lambda$1978
instanceKlass com/android/tools/r8/internal/H61$$Lambda$1977
instanceKlass com/android/tools/r8/internal/Ge1$$Lambda$1976
instanceKlass com/android/tools/r8/internal/Ge1
instanceKlass com/android/tools/r8/dex/e$$Lambda$1975
instanceKlass com/android/tools/r8/dex/k
instanceKlass com/android/tools/r8/internal/P71
instanceKlass com/android/tools/r8/dex/F
instanceKlass com/android/tools/r8/dex/J
instanceKlass com/android/tools/r8/dex/e
instanceKlass com/android/tools/r8/internal/gq1
instanceKlass com/android/tools/r8/synthesis/p$$Lambda$1974
instanceKlass com/android/tools/r8/synthesis/c$$Lambda$1973
instanceKlass com/android/tools/r8/synthesis/c$$Lambda$1972
instanceKlass com/android/tools/r8/synthesis/p$$Lambda$1971
instanceKlass com/android/tools/r8/synthesis/p$$Lambda$1970
instanceKlass com/android/tools/r8/synthesis/p$$Lambda$1969
instanceKlass com/android/tools/r8/synthesis/p$$Lambda$1968
instanceKlass com/android/tools/r8/synthesis/p$$Lambda$1967
instanceKlass com/android/tools/r8/synthesis/p$$Lambda$1966
instanceKlass java/lang/invoke/LambdaForm$DMH
instanceKlass com/android/tools/r8/synthesis/p$$Lambda$1965
instanceKlass com/android/tools/r8/synthesis/p$$Lambda$1964
instanceKlass com/android/tools/r8/synthesis/p$$Lambda$1963
instanceKlass com/android/tools/r8/synthesis/n
instanceKlass java/lang/invoke/LambdaForm$MH
instanceKlass java/lang/invoke/LambdaForm$DMH
instanceKlass java/lang/invoke/LambdaForm$DMH
instanceKlass com/android/tools/r8/synthesis/p$$Lambda$1962
instanceKlass java/lang/invoke/LambdaForm$DMH
instanceKlass java/lang/invoke/LambdaForm$MH
instanceKlass java/lang/invoke/LambdaForm$DMH
instanceKlass com/android/tools/r8/synthesis/p$$Lambda$1961
instanceKlass com/android/tools/r8/internal/vH0
instanceKlass com/android/tools/r8/internal/qY0
instanceKlass com/android/tools/r8/internal/pY0$$Lambda$1960
instanceKlass com/android/tools/r8/internal/uB0
instanceKlass com/android/tools/r8/internal/f91
instanceKlass com/android/tools/r8/internal/e91
instanceKlass com/android/tools/r8/synthesis/m
instanceKlass com/android/tools/r8/graph/Q2
instanceKlass com/android/tools/r8/synthesis/p
instanceKlass com/android/tools/r8/internal/Ga1
instanceKlass com/android/tools/r8/internal/k31
instanceKlass com/android/tools/r8/internal/TQ0$$Lambda$1959
instanceKlass com/android/tools/r8/internal/TQ0$$Lambda$1958
instanceKlass com/android/tools/r8/graph/G1
instanceKlass com/android/tools/r8/graph/K1$$Lambda$1957
instanceKlass com/android/tools/r8/graph/K1
instanceKlass com/android/tools/r8/internal/TQ0$$Lambda$1956
instanceKlass com/android/tools/r8/internal/pY0$$Lambda$1955
instanceKlass com/android/tools/r8/internal/TQ0$$Lambda$1954
instanceKlass com/android/tools/r8/internal/TQ0$$Lambda$1953
instanceKlass com/android/tools/r8/internal/TQ0$$Lambda$1952
instanceKlass com/android/tools/r8/graph/O1
instanceKlass com/android/tools/r8/internal/TQ0
instanceKlass com/android/tools/r8/internal/b51
instanceKlass com/android/tools/r8/internal/G61
instanceKlass com/android/tools/r8/internal/c51
instanceKlass com/android/tools/r8/internal/W41
instanceKlass com/android/tools/r8/internal/TY0
instanceKlass com/android/tools/r8/internal/H61
instanceKlass com/android/tools/r8/synthesis/c$$Lambda$1951
instanceKlass com/android/tools/r8/synthesis/b$$Lambda$1950
instanceKlass com/android/tools/r8/internal/r41
instanceKlass com/android/tools/r8/internal/di1
instanceKlass com/android/tools/r8/internal/ci1
instanceKlass com/android/tools/r8/graph/C2$$Lambda$1949
instanceKlass com/android/tools/r8/graph/B2$$Lambda$1948
instanceKlass com/android/tools/r8/graph/S0$$Lambda$1947
instanceKlass com/android/tools/r8/internal/PJ0$$Lambda$1946
instanceKlass com/android/tools/r8/ir/conversion/q$$Lambda$1945
instanceKlass com/android/tools/r8/ir/conversion/r$$Lambda$1944
instanceKlass com/android/tools/r8/internal/AE0
instanceKlass com/android/tools/r8/internal/zf1$$Lambda$1943
instanceKlass com/android/tools/r8/internal/zf1$$Lambda$1942
instanceKlass com/android/tools/r8/internal/TJ0$$Lambda$1941
instanceKlass com/android/tools/r8/internal/TJ0$$Lambda$1940
instanceKlass com/android/tools/r8/ir/conversion/r$$Lambda$1939
instanceKlass com/android/tools/r8/internal/TJ0$$Lambda$1938
instanceKlass com/android/tools/r8/internal/TJ0$$Lambda$1937
instanceKlass com/android/tools/r8/ir/conversion/r$$Lambda$1936
instanceKlass com/android/tools/r8/ir/conversion/r$$Lambda$1935
instanceKlass com/android/tools/r8/internal/WK0
instanceKlass com/android/tools/r8/internal/TJ0$$Lambda$1934
instanceKlass com/android/tools/r8/internal/RJ0
instanceKlass com/android/tools/r8/internal/TJ0$$Lambda$1933
instanceKlass com/android/tools/r8/internal/r91
instanceKlass com/android/tools/r8/ir/conversion/r$$Lambda$1932
instanceKlass com/android/tools/r8/internal/iG0
instanceKlass com/android/tools/r8/internal/WD0$$Lambda$1931
instanceKlass com/android/tools/r8/internal/WD0$$Lambda$1930
instanceKlass com/android/tools/r8/internal/Y31
instanceKlass com/android/tools/r8/internal/Z31
instanceKlass com/android/tools/r8/internal/WD0$$Lambda$1929
instanceKlass com/android/tools/r8/internal/WD0$$Lambda$1928
instanceKlass com/android/tools/r8/internal/WD0$$Lambda$1927
instanceKlass com/android/tools/r8/internal/gY0
instanceKlass com/android/tools/r8/internal/WD0$$Lambda$1926
instanceKlass com/android/tools/r8/internal/Li1$$Lambda$1925
instanceKlass com/android/tools/r8/graph/X1
instanceKlass com/android/tools/r8/internal/XH0
instanceKlass com/android/tools/r8/internal/U81
instanceKlass com/android/tools/r8/internal/T81
instanceKlass com/android/tools/r8/internal/Kz0
instanceKlass com/android/tools/r8/internal/R81
instanceKlass com/android/tools/r8/internal/Y81
instanceKlass com/android/tools/r8/internal/wr1$$Lambda$1924
instanceKlass com/android/tools/r8/internal/wr1$$Lambda$1923
instanceKlass com/android/tools/r8/internal/OJ0
instanceKlass com/android/tools/r8/internal/OX0
instanceKlass com/android/tools/r8/internal/r0
instanceKlass com/android/tools/r8/internal/oS0
instanceKlass com/android/tools/r8/internal/Uz0$$Lambda$1922
instanceKlass com/android/tools/r8/internal/E51
instanceKlass com/android/tools/r8/ir/regalloc/e$$Lambda$1921
instanceKlass com/android/tools/r8/ir/regalloc/e$$Lambda$1920
instanceKlass com/android/tools/r8/ir/regalloc/b$$Lambda$1919
instanceKlass java/lang/invoke/LambdaForm$DMH
instanceKlass com/android/tools/r8/graph/p0$$Lambda$1918
instanceKlass com/android/tools/r8/ir/regalloc/b$$Lambda$1917
instanceKlass com/android/tools/r8/internal/yk1
instanceKlass com/android/tools/r8/graph/M$b$$Lambda$1916
instanceKlass com/android/tools/r8/graph/M$b$$Lambda$1915
instanceKlass com/android/tools/r8/graph/M$b$$Lambda$1914
instanceKlass com/android/tools/r8/graph/p0$$Lambda$1913
instanceKlass com/android/tools/r8/internal/i51
instanceKlass com/android/tools/r8/internal/CL0$$Lambda$1911
instanceKlass com/android/tools/r8/graph/p0$$Lambda$1910
instanceKlass com/android/tools/r8/internal/k51
instanceKlass com/android/tools/r8/internal/BL0
instanceKlass com/android/tools/r8/internal/Oa1
instanceKlass com/android/tools/r8/graph/p0$$Lambda$1909
instanceKlass com/android/tools/r8/internal/rL0
instanceKlass com/android/tools/r8/internal/fB0$$Lambda$1908
instanceKlass com/android/tools/r8/internal/fB0$$Lambda$1907
instanceKlass com/android/tools/r8/internal/pe1$$Lambda$1906
instanceKlass com/android/tools/r8/internal/YA0
instanceKlass com/android/tools/r8/internal/pe1$$Lambda$1904
instanceKlass com/android/tools/r8/code/e0
instanceKlass com/android/tools/r8/internal/hO0
instanceKlass com/android/tools/r8/internal/AJ0$$Lambda$1902
instanceKlass com/android/tools/r8/internal/dK0$$Lambda$1901
instanceKlass com/android/tools/r8/internal/hI0$$Lambda$1900
instanceKlass com/android/tools/r8/internal/zk1
instanceKlass com/android/tools/r8/ir/regalloc/e$$Lambda$1899
instanceKlass com/android/tools/r8/ir/regalloc/e$$Lambda$1898
instanceKlass com/android/tools/r8/ir/regalloc/e$$Lambda$1897
instanceKlass com/android/tools/r8/ir/regalloc/e$$Lambda$1896
instanceKlass com/android/tools/r8/ir/regalloc/d
instanceKlass com/android/tools/r8/internal/eB0$$Lambda$1895
instanceKlass com/android/tools/r8/internal/hI0$$Lambda$1894
instanceKlass com/android/tools/r8/internal/A0
instanceKlass com/android/tools/r8/internal/fB0$$Lambda$1893
instanceKlass com/android/tools/r8/internal/fB0$$Lambda$1892
instanceKlass com/android/tools/r8/internal/eB0$$Lambda$1891
instanceKlass com/android/tools/r8/internal/e51
instanceKlass com/android/tools/r8/internal/Me1
instanceKlass com/android/tools/r8/internal/gB0$$Lambda$1890
instanceKlass com/android/tools/r8/internal/fB0$$Lambda$1889
instanceKlass com/android/tools/r8/internal/eB0$$Lambda$1888
instanceKlass com/android/tools/r8/internal/Ie1
instanceKlass com/android/tools/r8/internal/fB0$$Lambda$1887
instanceKlass com/android/tools/r8/internal/Fs1$$Lambda$1886
instanceKlass com/android/tools/r8/internal/RR0
instanceKlass com/android/tools/r8/internal/ce1
instanceKlass com/android/tools/r8/internal/Br1
instanceKlass com/android/tools/r8/internal/TR0$$Lambda$1885
instanceKlass com/android/tools/r8/internal/BU0$$Lambda$1884
instanceKlass com/android/tools/r8/internal/Li1$$Lambda$1883
instanceKlass com/android/tools/r8/internal/Ni1$$Lambda$1882
instanceKlass com/android/tools/r8/internal/Fs1$$Lambda$1881
instanceKlass com/android/tools/r8/internal/Fs1$$Lambda$1880
instanceKlass com/android/tools/r8/graph/H$$Lambda$1879
instanceKlass com/android/tools/r8/graph/H$$Lambda$1878
instanceKlass com/android/tools/r8/internal/zH0$$Lambda$1877
instanceKlass com/android/tools/r8/internal/rB0$$Lambda$1876
instanceKlass com/android/tools/r8/internal/Ni1
instanceKlass com/android/tools/r8/internal/Oi1
instanceKlass com/android/tools/r8/internal/gF0$$Lambda$1873
instanceKlass com/android/tools/r8/internal/mK0
instanceKlass com/android/tools/r8/internal/gF0$$Lambda$1872
instanceKlass com/android/tools/r8/internal/gF0$$Lambda$1871
instanceKlass com/android/tools/r8/internal/hf1
instanceKlass com/android/tools/r8/internal/WC0
instanceKlass com/android/tools/r8/internal/Li1
instanceKlass com/android/tools/r8/internal/Mi1
instanceKlass com/android/tools/r8/internal/Pi1
instanceKlass com/android/tools/r8/internal/Ri1
instanceKlass com/android/tools/r8/internal/gF0$$Lambda$1869
instanceKlass com/android/tools/r8/internal/gF0$$Lambda$1868
instanceKlass com/android/tools/r8/internal/fF0
instanceKlass com/android/tools/r8/internal/Ra1
instanceKlass com/android/tools/r8/graph/h0
instanceKlass com/android/tools/r8/internal/NT0
instanceKlass com/android/tools/r8/graph/Z
instanceKlass com/android/tools/r8/ir/optimize/b
instanceKlass com/android/tools/r8/graph/p0$$Lambda$1867
instanceKlass java/lang/invoke/LambdaForm$DMH
instanceKlass com/android/tools/r8/internal/KV0
instanceKlass com/android/tools/r8/graph/Y
instanceKlass com/android/tools/r8/internal/VO0
instanceKlass com/android/tools/r8/internal/xL0
instanceKlass com/android/tools/r8/internal/CL0
instanceKlass com/android/tools/r8/internal/y81$$Lambda$1865
instanceKlass java/lang/invoke/LambdaForm$DMH
instanceKlass com/android/tools/r8/internal/y81
instanceKlass com/android/tools/r8/internal/BU0$$Lambda$1864
instanceKlass com/android/tools/r8/internal/NU0
instanceKlass com/android/tools/r8/ir/regalloc/b$$Lambda$1863
instanceKlass com/android/tools/r8/ir/regalloc/b$$Lambda$1862
instanceKlass com/android/tools/r8/internal/Am1$$Lambda$1861
instanceKlass com/android/tools/r8/ir/regalloc/b$$Lambda$1860
instanceKlass com/android/tools/r8/internal/pe1
instanceKlass com/android/tools/r8/ir/regalloc/a
instanceKlass com/android/tools/r8/ir/regalloc/b$$Lambda$1859
instanceKlass com/android/tools/r8/internal/BU0$$Lambda$1858
instanceKlass com/android/tools/r8/internal/eB0$$Lambda$1857
instanceKlass com/android/tools/r8/ir/regalloc/b$$Lambda$1856
instanceKlass com/android/tools/r8/ir/regalloc/e
instanceKlass com/android/tools/r8/ir/regalloc/b$$Lambda$1855
instanceKlass com/android/tools/r8/ir/regalloc/b$$Lambda$1854
instanceKlass com/android/tools/r8/ir/regalloc/b$$Lambda$1853
instanceKlass com/android/tools/r8/ir/regalloc/b$$Lambda$1851
instanceKlass com/android/tools/r8/ir/regalloc/b$$Lambda$1849
instanceKlass com/android/tools/r8/ir/regalloc/b$$Lambda$1847
instanceKlass com/android/tools/r8/internal/Bk1
instanceKlass com/android/tools/r8/internal/Fs1$$Lambda$1846
instanceKlass com/android/tools/r8/internal/o51
instanceKlass com/android/tools/r8/internal/WR0$$Lambda$1845
instanceKlass com/android/tools/r8/internal/q51
instanceKlass com/android/tools/r8/ir/regalloc/b$$Lambda$1843
instanceKlass com/android/tools/r8/ir/regalloc/c
instanceKlass com/android/tools/r8/internal/VR0
instanceKlass com/android/tools/r8/internal/gB0
instanceKlass com/android/tools/r8/internal/hI0$$Lambda$1842
instanceKlass com/android/tools/r8/internal/S81
instanceKlass com/android/tools/r8/internal/Am1
instanceKlass com/android/tools/r8/internal/hI0$$Lambda$1840
instanceKlass com/android/tools/r8/internal/Nb1
instanceKlass com/android/tools/r8/ir/regalloc/b
instanceKlass com/android/tools/r8/internal/Pb1
instanceKlass java/util/stream/SliceOps
instanceKlass com/android/tools/r8/internal/fS0
instanceKlass com/android/tools/r8/internal/AJ0$$Lambda$1838
instanceKlass com/android/tools/r8/internal/hI0$$Lambda$1837
instanceKlass com/android/tools/r8/internal/AJ0$$Lambda$1834
instanceKlass com/android/tools/r8/internal/Mp1
instanceKlass com/android/tools/r8/internal/Sb1
instanceKlass com/android/tools/r8/internal/Np1
instanceKlass com/android/tools/r8/internal/Op1
instanceKlass com/android/tools/r8/internal/hI0$$Lambda$1832
instanceKlass com/android/tools/r8/internal/Kp1
instanceKlass com/android/tools/r8/internal/IM0
instanceKlass com/android/tools/r8/internal/aB0
instanceKlass com/android/tools/r8/internal/AJ0$$Lambda$1831
instanceKlass com/android/tools/r8/internal/zJ0
instanceKlass com/android/tools/r8/internal/Ub1
instanceKlass com/android/tools/r8/internal/K0
instanceKlass com/android/tools/r8/internal/Tb1
instanceKlass com/android/tools/r8/internal/AU0
instanceKlass com/android/tools/r8/internal/cK0
instanceKlass com/android/tools/r8/internal/tG0
instanceKlass com/android/tools/r8/internal/cI0
instanceKlass com/android/tools/r8/internal/fB0
instanceKlass com/android/tools/r8/internal/Rp1
instanceKlass com/android/tools/r8/internal/Ln1$$Lambda$1830
instanceKlass com/android/tools/r8/internal/Ln1$$Lambda$1829
instanceKlass com/android/tools/r8/internal/Ln1$$Lambda$1827
instanceKlass com/android/tools/r8/internal/Ln1
instanceKlass com/android/tools/r8/internal/AA0
instanceKlass com/android/tools/r8/ir/conversion/r$$Lambda$1826
instanceKlass com/android/tools/r8/internal/PQ0
instanceKlass com/android/tools/r8/ir/conversion/r$$Lambda$1825
instanceKlass com/android/tools/r8/internal/DQ0
instanceKlass com/android/tools/r8/internal/YR0
instanceKlass com/android/tools/r8/internal/wr1$$Lambda$1824
instanceKlass com/android/tools/r8/internal/UR0
instanceKlass com/android/tools/r8/internal/wr1
instanceKlass com/android/tools/r8/internal/IK0
instanceKlass com/android/tools/r8/internal/jB0
instanceKlass com/android/tools/r8/internal/XR0
instanceKlass com/android/tools/r8/internal/WR0$$Lambda$1823
instanceKlass com/android/tools/r8/internal/WR0
instanceKlass com/android/tools/r8/internal/hB0
instanceKlass com/android/tools/r8/internal/jn1
instanceKlass com/android/tools/r8/internal/R0
instanceKlass com/android/tools/r8/internal/Rc1
instanceKlass com/android/tools/r8/internal/bd1
instanceKlass com/android/tools/r8/internal/PV0
instanceKlass com/android/tools/r8/internal/RV0
instanceKlass com/android/tools/r8/internal/QE0$$Lambda$1822
instanceKlass java/lang/invoke/LambdaForm$DMH
instanceKlass com/android/tools/r8/internal/Uz0$$Lambda$1821
instanceKlass com/android/tools/r8/internal/Et1
instanceKlass com/android/tools/r8/internal/Os1
instanceKlass com/android/tools/r8/internal/Ce1$$Lambda$1820
instanceKlass com/android/tools/r8/graph/T0$$Lambda$1819
instanceKlass com/android/tools/r8/internal/Dp1$$Lambda$1818
instanceKlass com/android/tools/r8/internal/Dp1$$Lambda$1817
instanceKlass java/util/function/Function$$Lambda$1816
instanceKlass com/android/tools/r8/internal/Dp1$$Lambda$1815
instanceKlass com/android/tools/r8/graph/Y0$$Lambda$1814
instanceKlass com/android/tools/r8/graph/Y0$$Lambda$1813
instanceKlass com/android/tools/r8/graph/T0$$Lambda$1812
instanceKlass com/android/tools/r8/code/v1
instanceKlass com/android/tools/r8/graph/T0$$Lambda$1811
instanceKlass com/android/tools/r8/graph/T0$$Lambda$1810
instanceKlass com/android/tools/r8/graph/L0$$Lambda$1809
instanceKlass com/android/tools/r8/graph/L0$$Lambda$1808
instanceKlass com/android/tools/r8/internal/Dp1$$Lambda$1807
instanceKlass com/android/tools/r8/graph/L0$$Lambda$1806
instanceKlass com/android/tools/r8/graph/L0$$Lambda$1805
instanceKlass com/android/tools/r8/internal/Ce1$$Lambda$1804
instanceKlass com/android/tools/r8/internal/Ce1$$Lambda$1803
instanceKlass com/android/tools/r8/internal/Dp1$$Lambda$1802
instanceKlass com/android/tools/r8/internal/CR0
instanceKlass com/android/tools/r8/internal/Dp1$$Lambda$1801
instanceKlass com/android/tools/r8/internal/Dp1$$Lambda$1800
instanceKlass com/android/tools/r8/internal/Ce1$$Lambda$1799
instanceKlass com/android/tools/r8/internal/Ce1$$Lambda$1798
instanceKlass com/android/tools/r8/internal/Ce1$$Lambda$1797
instanceKlass com/android/tools/r8/internal/i41
instanceKlass com/android/tools/r8/internal/B
instanceKlass com/android/tools/r8/internal/g21
instanceKlass com/android/tools/r8/internal/SR0
instanceKlass com/android/tools/r8/internal/n
instanceKlass com/android/tools/r8/internal/Ds1
instanceKlass com/android/tools/r8/internal/v1
instanceKlass com/android/tools/r8/internal/Z0
instanceKlass com/android/tools/r8/internal/Yi1
instanceKlass com/android/tools/r8/internal/Vi1
instanceKlass com/android/tools/r8/internal/Si1
instanceKlass com/android/tools/r8/internal/eX0
instanceKlass com/android/tools/r8/internal/zH0$$Lambda$1796
instanceKlass com/android/tools/r8/internal/Fa1
instanceKlass com/android/tools/r8/graph/p0$$Lambda$1795
instanceKlass com/android/tools/r8/internal/QE0$$Lambda$1794
instanceKlass java/lang/invoke/LambdaForm$DMH
instanceKlass com/android/tools/r8/internal/YE0
instanceKlass com/android/tools/r8/internal/pW0
instanceKlass com/android/tools/r8/internal/OE0
instanceKlass com/android/tools/r8/internal/PE0
instanceKlass com/android/tools/r8/internal/aX0
instanceKlass com/android/tools/r8/internal/On1
instanceKlass com/android/tools/r8/internal/uW0
instanceKlass com/android/tools/r8/internal/TC0
instanceKlass com/android/tools/r8/internal/eB0
instanceKlass com/android/tools/r8/internal/OR0
instanceKlass com/android/tools/r8/internal/bS0
instanceKlass com/android/tools/r8/internal/Ma1
instanceKlass com/android/tools/r8/internal/QC0
instanceKlass com/android/tools/r8/internal/bF0
instanceKlass com/android/tools/r8/internal/eF0
instanceKlass com/android/tools/r8/internal/gk1
instanceKlass com/android/tools/r8/internal/xj1
instanceKlass com/android/tools/r8/internal/cF0
instanceKlass com/android/tools/r8/internal/QE0
instanceKlass com/android/tools/r8/internal/mD0
instanceKlass com/android/tools/r8/internal/IW0
instanceKlass com/android/tools/r8/internal/vW0
instanceKlass com/android/tools/r8/internal/Ms1
instanceKlass com/android/tools/r8/internal/zD0$$Lambda$1788
instanceKlass com/android/tools/r8/internal/zD0$$Lambda$1787
instanceKlass com/android/tools/r8/references/ArrayReference
instanceKlass com/android/tools/r8/internal/JD0$$Lambda$1786
instanceKlass com/android/tools/r8/internal/JD0$$Lambda$1785
instanceKlass com/android/tools/r8/internal/rB0$$Lambda$1784
instanceKlass com/android/tools/r8/internal/JD0$$Lambda$1783
instanceKlass com/android/tools/r8/internal/rB0
instanceKlass com/android/tools/r8/internal/JD0$$Lambda$1782
instanceKlass com/android/tools/r8/internal/JD0$$Lambda$1781
instanceKlass com/android/tools/r8/internal/am1$$Lambda$1780
instanceKlass com/android/tools/r8/internal/JD0$$Lambda$1779
instanceKlass com/android/tools/r8/internal/am1
instanceKlass com/android/tools/r8/internal/SE0
instanceKlass com/android/tools/r8/internal/jV0
instanceKlass com/android/tools/r8/internal/DS0
instanceKlass com/android/tools/r8/graph/l$$Lambda$1778
instanceKlass java/lang/invoke/LambdaForm$DMH
instanceKlass com/android/tools/r8/internal/JD0
instanceKlass com/android/tools/r8/internal/kW0
instanceKlass com/android/tools/r8/internal/DW0
instanceKlass com/android/tools/r8/internal/bm1
instanceKlass com/android/tools/r8/internal/em1
instanceKlass com/android/tools/r8/internal/TR0
instanceKlass com/android/tools/r8/internal/la1$$Lambda$1777
instanceKlass com/android/tools/r8/internal/la1$$Lambda$1776
instanceKlass com/android/tools/r8/internal/la1$$Lambda$1775
instanceKlass com/android/tools/r8/ir/conversion/r$$Lambda$1774
instanceKlass com/android/tools/r8/references/MethodReference
instanceKlass com/android/tools/r8/references/ClassReference
instanceKlass com/android/tools/r8/references/PrimitiveReference
instanceKlass com/android/tools/r8/references/Reference
instanceKlass com/android/tools/r8/position/MethodPosition
instanceKlass com/android/tools/r8/internal/ie1
instanceKlass com/android/tools/r8/internal/x1
instanceKlass com/android/tools/r8/internal/hC0
instanceKlass com/android/tools/r8/internal/mU0
instanceKlass com/android/tools/r8/internal/g51$$Lambda$1773
instanceKlass com/android/tools/r8/internal/g51
instanceKlass com/android/tools/r8/ir/conversion/r$$Lambda$1772
instanceKlass com/android/tools/r8/internal/H
instanceKlass com/android/tools/r8/graph/H$$Lambda$1771
instanceKlass com/android/tools/r8/graph/H$$Lambda$1770
instanceKlass com/android/tools/r8/ir/conversion/p$$Lambda$1769
instanceKlass com/android/tools/r8/utils/B$$Lambda$1768
instanceKlass com/android/tools/r8/utils/B$$Lambda$1767
instanceKlass com/android/tools/r8/utils/B$$Lambda$1766
instanceKlass com/android/tools/r8/internal/Aq1
instanceKlass com/android/tools/r8/utils/B$$Lambda$1765
instanceKlass com/android/tools/r8/internal/xq1
instanceKlass com/android/tools/r8/internal/lf1$$Lambda$1764
instanceKlass com/android/tools/r8/internal/wq1
instanceKlass com/android/tools/r8/internal/t91$$Lambda$1763
instanceKlass com/android/tools/r8/internal/la1$$Lambda$1762
instanceKlass com/android/tools/r8/graph/B2$$Lambda$1761
instanceKlass com/android/tools/r8/graph/S0$$Lambda$1760
instanceKlass com/android/tools/r8/ir/conversion/r$$Lambda$1759
instanceKlass com/android/tools/r8/ir/conversion/r$$Lambda$1758
instanceKlass com/android/tools/r8/ir/conversion/r$$Lambda$1757
instanceKlass com/android/tools/r8/internal/lf1
instanceKlass com/android/tools/r8/internal/iD0
instanceKlass com/android/tools/r8/internal/jD0
instanceKlass com/android/tools/r8/internal/hG0
instanceKlass com/android/tools/r8/internal/PP0
instanceKlass com/android/tools/r8/graph/A2$$Lambda$1756
instanceKlass com/android/tools/r8/graph/A2$$Lambda$1755
instanceKlass com/android/tools/r8/internal/c41
instanceKlass com/android/tools/r8/internal/PJ0
instanceKlass com/android/tools/r8/internal/dq1
instanceKlass com/android/tools/r8/internal/Ji1
instanceKlass com/android/tools/r8/internal/xE0
instanceKlass com/android/tools/r8/internal/fD0
instanceKlass com/android/tools/r8/internal/BC0
instanceKlass com/android/tools/r8/internal/Vo1
instanceKlass com/android/tools/r8/internal/lY0
instanceKlass com/android/tools/r8/internal/hY0
instanceKlass com/android/tools/r8/internal/DJ0
instanceKlass com/android/tools/r8/internal/d41
instanceKlass com/android/tools/r8/internal/BX0
instanceKlass com/android/tools/r8/internal/NA0$$Lambda$1754
instanceKlass com/android/tools/r8/internal/NA0$$Lambda$1753
instanceKlass com/android/tools/r8/internal/NA0$$Lambda$1752
instanceKlass com/android/tools/r8/internal/NA0$$Lambda$1751
instanceKlass com/android/tools/r8/internal/NA0$$Lambda$1750
instanceKlass com/android/tools/r8/internal/NA0$$Lambda$1749
instanceKlass com/android/tools/r8/internal/NA0$$Lambda$1748
instanceKlass com/android/tools/r8/internal/Bd1$$Lambda$1747
instanceKlass com/android/tools/r8/internal/Bd1$$Lambda$1746
instanceKlass com/android/tools/r8/internal/Bd1$$Lambda$1745
instanceKlass com/android/tools/r8/internal/Bd1$$Lambda$1744
instanceKlass com/android/tools/r8/internal/Bd1$$Lambda$1743
instanceKlass com/android/tools/r8/internal/Bd1
instanceKlass com/android/tools/r8/internal/NA0$$Lambda$1742
instanceKlass com/android/tools/r8/internal/NA0$$Lambda$1741
instanceKlass com/android/tools/r8/internal/NA0$$Lambda$1740
instanceKlass com/android/tools/r8/internal/NA0$$Lambda$1739
instanceKlass com/android/tools/r8/internal/NA0$$Lambda$1738
instanceKlass com/android/tools/r8/internal/NA0$$Lambda$1737
instanceKlass com/android/tools/r8/internal/NA0$$Lambda$1736
instanceKlass com/android/tools/r8/internal/NA0$$Lambda$1735
instanceKlass com/android/tools/r8/internal/NA0$$Lambda$1734
instanceKlass com/android/tools/r8/graph/R2
instanceKlass com/android/tools/r8/internal/t91
instanceKlass com/android/tools/r8/internal/UD0
instanceKlass com/android/tools/r8/ir/conversion/r$$Lambda$1733
instanceKlass com/android/tools/r8/ir/conversion/r$$Lambda$1732
instanceKlass com/android/tools/r8/internal/gS0
instanceKlass com/android/tools/r8/internal/fA0
instanceKlass com/android/tools/r8/internal/hA0$$Lambda$1731
instanceKlass com/android/tools/r8/internal/gA0
instanceKlass com/android/tools/r8/internal/dK0
instanceKlass com/android/tools/r8/ir/optimize/string/h
instanceKlass com/android/tools/r8/internal/dB0
instanceKlass com/android/tools/r8/ir/optimize/string/e
instanceKlass com/android/tools/r8/ir/optimize/string/g
instanceKlass com/android/tools/r8/internal/nO0
instanceKlass com/android/tools/r8/internal/Yo1
instanceKlass com/android/tools/r8/internal/l91
instanceKlass com/android/tools/r8/internal/vG0
instanceKlass com/android/tools/r8/internal/C51
instanceKlass com/android/tools/r8/internal/cR0
instanceKlass com/android/tools/r8/internal/AJ0
instanceKlass com/android/tools/r8/internal/c1
instanceKlass com/android/tools/r8/internal/yj1
instanceKlass com/android/tools/r8/internal/mj1
instanceKlass com/android/tools/r8/internal/t
instanceKlass com/android/tools/r8/internal/KU0
instanceKlass com/android/tools/r8/internal/eU0
instanceKlass com/android/tools/r8/internal/mT0
instanceKlass com/android/tools/r8/internal/eI0
instanceKlass com/android/tools/r8/internal/P
instanceKlass com/android/tools/r8/internal/Fs1
instanceKlass com/android/tools/r8/internal/HW0
instanceKlass com/android/tools/r8/internal/hI0
instanceKlass com/android/tools/r8/shaking/j
instanceKlass com/android/tools/r8/internal/xY0
instanceKlass com/android/tools/r8/graph/f
instanceKlass com/android/tools/r8/internal/yY0
instanceKlass com/android/tools/r8/internal/GO0
instanceKlass com/android/tools/r8/graph/D2$$Lambda$1730
instanceKlass com/android/tools/r8/shaking/A0
instanceKlass com/android/tools/r8/graph/D2$$Lambda$1729
instanceKlass com/android/tools/r8/internal/Dc1
instanceKlass com/android/tools/r8/internal/zc1
instanceKlass com/android/tools/r8/internal/F0
instanceKlass com/android/tools/r8/internal/QT0
instanceKlass com/android/tools/r8/ir/conversion/p
instanceKlass com/android/tools/r8/internal/xk1
instanceKlass com/android/tools/r8/internal/YD0
instanceKlass com/android/tools/r8/internal/Gi1
instanceKlass com/android/tools/r8/internal/u91
instanceKlass com/android/tools/r8/internal/u71
instanceKlass com/android/tools/r8/internal/Gs1
instanceKlass com/android/tools/r8/internal/EE0
instanceKlass com/android/tools/r8/internal/jX0
instanceKlass com/android/tools/r8/internal/mL0
instanceKlass com/android/tools/r8/internal/aR0
instanceKlass com/android/tools/r8/internal/J71
instanceKlass com/android/tools/r8/ir/conversion/r
instanceKlass com/android/tools/r8/internal/XW0
instanceKlass com/android/tools/r8/internal/yV0
instanceKlass com/android/tools/r8/internal/BW0
instanceKlass com/android/tools/r8/internal/w
instanceKlass com/android/tools/r8/internal/GV0
instanceKlass com/android/tools/r8/internal/kF0
instanceKlass com/android/tools/r8/internal/In1
instanceKlass com/android/tools/r8/internal/BD0
instanceKlass com/android/tools/r8/internal/yp1
instanceKlass com/android/tools/r8/internal/lF0
instanceKlass com/android/tools/r8/internal/Zb1
instanceKlass com/android/tools/r8/internal/ec1
instanceKlass com/android/tools/r8/graph/l$a
instanceKlass com/android/tools/r8/graph/D2$$Lambda$1728
instanceKlass com/android/tools/r8/graph/n2$$Lambda$1727
instanceKlass com/android/tools/r8/internal/bc1
instanceKlass com/android/tools/r8/internal/gK0
instanceKlass com/android/tools/r8/internal/Tc1
instanceKlass com/android/tools/r8/internal/Kc1
instanceKlass com/android/tools/r8/internal/Nc1
instanceKlass com/android/tools/r8/graph/C2$$Lambda$1726
instanceKlass com/android/tools/r8/graph/D2$$Lambda$1725
instanceKlass com/android/tools/r8/internal/yc1
instanceKlass com/android/tools/r8/internal/Zc1
instanceKlass com/android/tools/r8/internal/N0
instanceKlass com/android/tools/r8/internal/fc1
instanceKlass com/android/tools/r8/internal/Ce1
instanceKlass com/android/tools/r8/graph/n2$$Lambda$1722
instanceKlass com/android/tools/r8/graph/l2
instanceKlass com/android/tools/r8/internal/rd1
instanceKlass com/android/tools/r8/internal/m41
instanceKlass com/android/tools/r8/graph/o2$$Lambda$1721
instanceKlass com/android/tools/r8/utils/B$$Lambda$1720
instanceKlass com/android/tools/r8/utils/B$$Lambda$1719
instanceKlass com/android/tools/r8/internal/wW0
instanceKlass com/android/tools/r8/utils/B$$Lambda$1718
instanceKlass com/android/tools/r8/internal/Gq1
instanceKlass com/android/tools/r8/utils/B$$Lambda$1717
instanceKlass com/android/tools/r8/internal/MP0
instanceKlass com/android/tools/r8/utils/B$$Lambda$1716
instanceKlass com/android/tools/r8/internal/Fq1
instanceKlass com/android/tools/r8/D8$$Lambda$1715
instanceKlass com/android/tools/r8/internal/zq1
instanceKlass com/android/tools/r8/internal/pN0
instanceKlass com/android/tools/r8/internal/ZO0
instanceKlass com/android/tools/r8/internal/hA0
instanceKlass com/android/tools/r8/graph/r2$$Lambda$1714
instanceKlass com/android/tools/r8/graph/D
instanceKlass com/android/tools/r8/synthesis/b
instanceKlass com/android/tools/r8/internal/MG0$$Lambda$1713
instanceKlass com/android/tools/r8/internal/MG0
instanceKlass com/android/tools/r8/internal/NG0$$Lambda$1712
instanceKlass com/android/tools/r8/shaking/V0
instanceKlass com/android/tools/r8/internal/mf1$$Lambda$1711
instanceKlass com/android/tools/r8/internal/G81
instanceKlass com/android/tools/r8/internal/lH0
instanceKlass com/android/tools/r8/graph/e2$$Lambda$1710
instanceKlass com/android/tools/r8/internal/IJ0
instanceKlass com/android/tools/r8/graph/C2
instanceKlass com/android/tools/r8/graph/B2
instanceKlass com/android/tools/r8/internal/w81
instanceKlass java/lang/invoke/LambdaForm$MH
instanceKlass java/lang/invoke/LambdaForm$DMH
instanceKlass com/android/tools/r8/graph/f2$$Lambda$1708
instanceKlass java/lang/invoke/LambdaForm$DMH
instanceKlass java/lang/invoke/LambdaForm$DMH
instanceKlass com/android/tools/r8/internal/GG0
instanceKlass com/android/tools/r8/internal/JN0
instanceKlass com/android/tools/r8/internal/lU0
instanceKlass com/android/tools/r8/internal/p31
instanceKlass com/android/tools/r8/internal/x21
instanceKlass com/android/tools/r8/shaking/C1
instanceKlass com/android/tools/r8/internal/q31
instanceKlass com/android/tools/r8/internal/R21
instanceKlass com/android/tools/r8/internal/s31
instanceKlass com/android/tools/r8/internal/c31
instanceKlass com/android/tools/r8/internal/vN0
instanceKlass com/android/tools/r8/internal/Vz0
instanceKlass com/android/tools/r8/graph/u1$f
instanceKlass com/android/tools/r8/internal/YO0
instanceKlass com/android/tools/r8/internal/OC0
instanceKlass com/android/tools/r8/internal/E71
instanceKlass com/android/tools/r8/graph/e2$$Lambda$1704
instanceKlass com/android/tools/r8/internal/kO0
instanceKlass com/android/tools/r8/internal/FJ0
instanceKlass com/android/tools/r8/graph/i2$$Lambda$1703
instanceKlass java/lang/invoke/LambdaForm$DMH
instanceKlass com/android/tools/r8/graph/u1$h
instanceKlass com/android/tools/r8/graph/u1$g
instanceKlass com/android/tools/r8/internal/lO0
instanceKlass com/android/tools/r8/graph/x1
instanceKlass com/android/tools/r8/internal/TT0
instanceKlass com/android/tools/r8/internal/MY0$$Lambda$1701
instanceKlass com/android/tools/r8/internal/MY0$$Lambda$1700
instanceKlass com/android/tools/r8/internal/sr1
instanceKlass com/android/tools/r8/internal/bA0
instanceKlass com/android/tools/r8/internal/nF0$$Lambda$1691
instanceKlass com/android/tools/r8/internal/nF0$$Lambda$1687
instanceKlass com/android/tools/r8/internal/Ap1
instanceKlass com/android/tools/r8/internal/nF0$$Lambda$1681
instanceKlass com/android/tools/r8/internal/Cp1
instanceKlass com/android/tools/r8/internal/Dp1
instanceKlass com/android/tools/r8/internal/oK0$$Lambda$1674
instanceKlass com/android/tools/r8/internal/kl1
instanceKlass com/android/tools/r8/internal/oK0
instanceKlass com/android/tools/r8/internal/Bp1$$Lambda$1672
instanceKlass com/android/tools/r8/internal/zp1
instanceKlass com/android/tools/r8/internal/MJ0
instanceKlass com/android/tools/r8/graph/u1$i
instanceKlass com/android/tools/r8/graph/u1
instanceKlass com/android/tools/r8/internal/NY0
instanceKlass com/android/tools/r8/internal/lP0
instanceKlass com/android/tools/r8/internal/R71
instanceKlass com/android/tools/r8/internal/BJ0
instanceKlass com/android/tools/r8/internal/O31
instanceKlass com/android/tools/r8/internal/mH0
instanceKlass com/android/tools/r8/internal/pO0$$Lambda$1666
instanceKlass com/android/tools/r8/position/a
instanceKlass com/android/tools/r8/position/Position
instanceKlass com/android/tools/r8/graph/i2$$Lambda$1664
instanceKlass com/google/common/util/concurrent/InterruptibleTask$DoNothingRunnable
instanceKlass com/android/tools/r8/dex/a$$Lambda$1662
instanceKlass com/android/tools/r8/dex/a$$Lambda$1659
instanceKlass com/android/tools/r8/internal/az0
instanceKlass com/android/tools/r8/graph/i2
instanceKlass com/android/tools/r8/D8$$Lambda$1658
instanceKlass com/android/tools/r8/C$a
instanceKlass com/android/tools/r8/C
instanceKlass com/android/tools/r8/internal/YT0
instanceKlass com/android/tools/r8/inspector/Inspector
instanceKlass com/android/tools/r8/internal/dA0
instanceKlass com/android/tools/r8/D8
instanceKlass com/android/tools/r8/DataResourceProvider
instanceKlass com/android/tools/r8/utils/i
instanceKlass com/android/tools/r8/shaking/F1
instanceKlass com/android/tools/r8/BaseCommand$Builder$$Lambda$1654
instanceKlass com/android/tools/r8/BaseCommand$Builder$$Lambda$1653
instanceKlass com/android/tools/r8/utils/z
instanceKlass com/android/tools/r8/BaseCommand$Builder$$Lambda$1652
instanceKlass com/android/builder/dexing/D8DexArchiveBuilder$$Lambda$1650
instanceKlass com/android/tools/r8/AssertionsConfiguration
instanceKlass com/android/tools/r8/AssertionsConfiguration$Builder
instanceKlass com/android/tools/r8/internal/CM0
instanceKlass com/android/tools/r8/internal/Wd1
instanceKlass com/android/tools/r8/internal/nP0
instanceKlass org/gradle/internal/watch/vfs/impl/WatchingVirtualFileSystem$VfsChangeLoggingNodeDiffListener
instanceKlass com/android/tools/r8/ProgramResource$ByteResource
instanceKlass org/gradle/internal/watch/vfs/impl/WatchingVirtualFileSystem$3$$Lambda$1649
instanceKlass org/gradle/internal/watch/vfs/impl/WatchingVirtualFileSystem$3$$Lambda$1648
instanceKlass com/android/tools/r8/ProgramResource
instanceKlass com/android/tools/r8/BaseCommand$Builder$$Lambda$1646
instanceKlass com/google/common/io/ByteArrayDataOutput
instanceKlass com/google/common/io/ByteArrayDataInput
instanceKlass org/gradle/api/internal/artifacts/transform/DefaultTransformerInvocationFactory$AbstractTransformerExecution$2
instanceKlass com/google/common/io/ByteStreams
instanceKlass org/gradle/api/internal/artifacts/transform/TransformationResultSerializer$$Lambda$1643
instanceKlass org/gradle/api/internal/artifacts/transform/TransformationResultSerializer$$Lambda$1642
instanceKlass com/android/builder/dexing/NoCacheJarClassFileEntry
instanceKlass com/android/builder/dexing/D8DexArchiveBuilder$$Lambda$1634
instanceKlass com/android/tools/r8/internal/QM0
instanceKlass com/android/tools/r8/BaseCompilerCommand$Builder$$Lambda$1630
instanceKlass com/android/tools/r8/ClassFileConsumer$ForwardingConsumer
instanceKlass com/android/tools/r8/ClassFileConsumer
instanceKlass com/android/tools/r8/DexFilePerClassFileConsumer$ForwardingConsumer
instanceKlass com/android/tools/r8/DexFilePerClassFileConsumer
instanceKlass com/android/tools/r8/O
instanceKlass com/android/tools/r8/DataResourceConsumer
instanceKlass com/android/tools/r8/DexIndexedConsumer$ForwardingConsumer
instanceKlass com/android/tools/r8/DexIndexedConsumer
instanceKlass com/android/tools/r8/ByteBufferProvider
instanceKlass com/android/tools/r8/ProgramConsumer
instanceKlass com/android/tools/r8/internal/HY0
instanceKlass com/android/tools/r8/BaseCommand$Builder
instanceKlass com/android/tools/r8/k
instanceKlass com/android/tools/r8/BaseCommand
instanceKlass com/android/builder/dexing/JarClassFileInput$$Lambda$1626
instanceKlass com/android/builder/dexing/ClassFileInput$$Lambda$1625
instanceKlass java/util/zip/ZipFile$$Lambda$1623
instanceKlass com/android/build/gradle/internal/dependency/BaseDexingTransform$process$1$1$1
instanceKlass com/android/builder/dexing/ClassFileEntry
instanceKlass com/android/builder/dexing/JarClassFileInput
instanceKlass sun/nio/fs/WindowsFileSystem$2
instanceKlass sun/nio/fs/Globs
instanceKlass com/android/builder/dexing/ClassFileInput
instanceKlass com/android/builder/dexing/ClassFileInputs
instanceKlass com/android/tools/r8/DesugarGraphConsumer
instanceKlass com/android/builder/dexing/D8DiagnosticsHandler
instanceKlass com/android/builder/dexing/DexParameters
instanceKlass com/android/builder/dexing/r8/ClassFileProviderFactory$OrderedClassFileResourceProvider$$Lambda$1617
instanceKlass com/android/builder/dexing/r8/ClassFileProviderFactory$OrderedClassFileResourceProvider
instanceKlass com/android/tools/r8/ClassFileResourceProvider
instanceKlass com/android/builder/dexing/r8/ClassFileProviderFactory
instanceKlass com/android/builder/dexing/DexArchiveBuilder$Companion
instanceKlass com/android/builder/dexing/DexArchiveBuilder
instanceKlass java/nio/file/Files$$Lambda$1615
instanceKlass java/nio/file/Files$2
instanceKlass com/android/builder/dexing/DexUtilsKt
instanceKlass org/gradle/api/internal/artifacts/transform/DefaultTransformOutputs$$Lambda$1614
instanceKlass org/gradle/api/internal/artifacts/transform/DefaultTransformOutputs
instanceKlass org/gradle/api/internal/artifacts/transform/TransformOutputsInternal
instanceKlass org/gradle/api/internal/artifacts/transform/DefaultTransformer$TransformServiceLookup$$Lambda$1613
instanceKlass org/gradle/api/internal/artifacts/transform/DefaultTransformer$TransformServiceLookup$$Lambda$1612
instanceKlass org/gradle/api/internal/artifacts/transform/DefaultTransformer$TransformServiceLookup$InjectionPoint
instanceKlass org/gradle/api/internal/artifacts/transform/DefaultTransformer$TransformServiceLookup$$Lambda$1611
instanceKlass org/gradle/api/internal/artifacts/transform/DefaultTransformer$TransformServiceLookup
instanceKlass org/gradle/internal/isolated/IsolationScheme$$Lambda$1610
instanceKlass org/gradle/api/internal/artifacts/transform/DefaultTransformerInvocationFactory$AbstractTransformerExecution$1
instanceKlass org/gradle/internal/execution/history/changes/RebuildExecutionStateChanges
instanceKlass org/gradle/api/internal/artifacts/transform/DefaultTransformer$1$$Lambda$1609
instanceKlass com/android/build/gradle/internal/dependency/BaseDexingTransform$Parameters$Inject
instanceKlass org/gradle/api/internal/file/AbstractFileTreeElement
instanceKlass java/nio/file/FileTreeWalker$1
instanceKlass org/gradle/api/internal/file/collections/DefaultDirectoryWalker$PathVisitor
instanceKlass org/gradle/api/file/ReproducibleFileVisitor
instanceKlass com/android/build/gradle/tasks/XmlDocumentUtilsKt
instanceKlass kotlin/jvm/JvmDefault
instanceKlass org/gradle/internal/work/DefaultWorkerLeaseService$4$1
instanceKlass org/gradle/internal/work/DefaultWorkerLeaseService$4
instanceKlass org/gradle/internal/work/DefaultAsyncWorkTracker$1
instanceKlass com/android/build/gradle/tasks/ProcessPackagedManifestTask$WorkItemParameters$Inject
instanceKlass org/gradle/internal/work/DefaultAsyncWorkTracker$2
instanceKlass com/android/build/api/artifact/impl/ArtifactTransformationRequestImpl$submit$4
instanceKlass com/android/build/gradle/tasks/ProcessPackagedManifestTask$WorkItemParameters_Decorated
instanceKlass com/android/build/gradle/tasks/ProcessPackagedManifestTask$WorkItemParameters
instanceKlass com/android/build/api/artifact/impl/ArtifactTransformationRequestImpl$submit$2$1
instanceKlass kotlin/jvm/internal/Ref$ObjectRef
instanceKlass com/android/build/gradle/tasks/ProcessPackagedManifestTask$WorkItem
instanceKlass com/android/build/gradle/internal/workeractions/WorkActionAdapter
instanceKlass org/gradle/internal/execution/history/impl/OutputSnapshotUtil$SnapshotFilteringVisitor$1
instanceKlass org/gradle/internal/execution/history/impl/OutputSnapshotUtil$$Lambda$1608
instanceKlass org/gradle/internal/execution/history/impl/OutputSnapshotUtil$$Lambda$1607
instanceKlass org/gradle/internal/execution/history/impl/OutputSnapshotUtil
instanceKlass org/gradle/internal/snapshot/DirectorySnapshot$$Lambda$1606
instanceKlass org/gradle/internal/execution/history/OverlappingOutputs
instanceKlass org/gradle/internal/execution/history/impl/DefaultOverlappingOutputDetector$OverlappingOutputsDetectingVisitor$1
instanceKlass org/gradle/internal/snapshot/FileSystemLocationSnapshot$FileSystemLocationSnapshotTransformer
instanceKlass org/gradle/internal/snapshot/SnapshotUtil$$Lambda$1605
instanceKlass com/android/build/api/variant/impl/BuiltArtifactImpl$Companion
instanceKlass com/android/utils/FileUtils$$Lambda$1604
instanceKlass com/android/build/gradle/internal/api/artifact/ArtifactTypeUtils
instanceKlass com/android/ide/common/build/ListingFileRedirect
instanceKlass com/android/build/api/variant/impl/BuiltArtifactsLoaderImpl$Companion
instanceKlass com/android/build/api/variant/impl/BuiltArtifactsLoaderImpl
instanceKlass com/android/build/api/variant/BuiltArtifactsLoader
instanceKlass org/gradle/internal/execution/history/changes/CollectingChangeVisitor
instanceKlass org/gradle/internal/execution/history/changes/IncrementalInputChanges
instanceKlass org/gradle/internal/execution/history/changes/DefaultFileChange
instanceKlass org/gradle/internal/fingerprint/impl/RelativePathFingerprintingStrategy$$Lambda$1603
instanceKlass com/android/ide/common/xml/XmlAttributeSortOrder$3
instanceKlass com/android/ide/common/xml/XmlPrettyPrinter
instanceKlass com/android/ide/common/xml/XmlAttributeSortOrder$2
instanceKlass com/android/ide/common/xml/XmlAttributeSortOrder$1
instanceKlass com/android/ide/common/xml/XmlFormatPreferences
instanceKlass com/google/common/base/Optional
instanceKlass com/android/manifmerger/ToolsInstructionsCleaner
instanceKlass com/android/manifmerger/PostValidator$1
instanceKlass com/android/manifmerger/Actions
instanceKlass com/android/manifmerger/PostValidator
instanceKlass com/android/manifmerger/ManifestMerger2$$Lambda$1602
instanceKlass com/android/manifmerger/ElementsTrimmer
instanceKlass com/android/manifmerger/NavGraphExpander
instanceKlass com/android/manifmerger/DeepLink$Companion
instanceKlass com/android/manifmerger/DeepLink
instanceKlass com/google/gson/internal/$Gson$Types$GenericArrayTypeImpl
instanceKlass com/android/manifmerger/NavigationXmlDocumentData
instanceKlass com/google/common/io/Java8Compatibility
instanceKlass com/google/common/io/LineBuffer
instanceKlass com/google/common/io/LineReader
instanceKlass com/google/common/io/CharStreams
instanceKlass com/google/common/io/Files$1
instanceKlass com/google/common/io/CharSource
instanceKlass com/google/common/hash/PrimitiveSink
instanceKlass com/android/manifmerger/XmlElement$1
instanceKlass com/android/manifmerger/PreValidator
instanceKlass org/apache/xerces/dom/DeepNodeListImpl
instanceKlass com/google/common/collect/CollectSpliterators$1$$Lambda$1601
instanceKlass com/android/manifmerger/ManifestMerger2$$Lambda$1600
instanceKlass com/android/manifmerger/ManifestMerger2$$Lambda$1599
instanceKlass com/google/common/collect/CollectSpliterators$1
instanceKlass com/google/common/collect/CollectSpliterators
instanceKlass com/google/common/collect/AbstractMapBasedMultimap$AsMap$AsMapEntries$$Lambda$1598
instanceKlass com/android/manifmerger/ManifestMerger2$$Lambda$1597
instanceKlass com/android/manifmerger/ManifestMerger2$$Lambda$1596
instanceKlass com/android/manifmerger/ManifestMerger2$$Lambda$1595
instanceKlass com/android/manifmerger/ActionRecorder$$Lambda$1594
instanceKlass com/android/manifmerger/ConvertibleName
instanceKlass com/android/manifmerger/Actions$Record
instanceKlass com/android/manifmerger/ActionRecorder$$Lambda$1593
instanceKlass com/android/manifmerger/Actions$DecisionTreeRecord
instanceKlass com/android/manifmerger/XmlNode$Name
instanceKlass com/android/manifmerger/AttributeModel$Hexadecimal32Bits
instanceKlass com/android/manifmerger/ManifestModel$TwoAttributesBasedKeyResolver
instanceKlass com/android/manifmerger/AttributeModel$SeparatedValuesValidator
instanceKlass com/android/manifmerger/CompositeNodeKeyResolver
instanceKlass com/android/manifmerger/ManifestModel$NodeTypes$1
instanceKlass com/android/manifmerger/XmlNode$NamespaceAwareName
instanceKlass com/android/manifmerger/AttributeModel$3
instanceKlass com/android/manifmerger/AttributeModel$2
instanceKlass com/android/manifmerger/AttributeModel$1
instanceKlass com/android/manifmerger/AttributeModel
instanceKlass com/android/manifmerger/AttributeModel$Builder
instanceKlass com/android/manifmerger/AttributeModel$MergingPolicy
instanceKlass com/google/common/base/Ascii
instanceKlass com/google/common/base/Suppliers$MemoizingSupplier
instanceKlass com/google/common/base/Suppliers$NonSerializableMemoizingSupplier
instanceKlass com/android/manifmerger/XmlNode$$Lambda$1592
instanceKlass com/android/manifmerger/XmlNode$NodeKey
instanceKlass com/android/manifmerger/XmlNode$$Lambda$1591
instanceKlass com/android/manifmerger/XmlNode$NodeName
instanceKlass com/android/manifmerger/XmlNode
instanceKlass com/android/manifmerger/XmlDocument
instanceKlass com/android/manifmerger/XmlLoader
instanceKlass com/android/manifmerger/ManifestMerger2$SelectorResolver
instanceKlass com/android/manifmerger/ActionRecorder
instanceKlass com/android/manifmerger/MergingReport$Builder
instanceKlass com/android/manifmerger/AttributeModel$BooleanValidator
instanceKlass com/android/manifmerger/AttributeModel$Validator
instanceKlass com/android/manifmerger/ManifestModel$2
instanceKlass com/android/manifmerger/ManifestModel$1
instanceKlass com/android/manifmerger/ManifestModel$NoKeyNodeResolver
instanceKlass com/android/manifmerger/ManifestModel$AttributeBasedNodeKeyResolver
instanceKlass com/android/manifmerger/NodeKeyResolver
instanceKlass com/android/manifmerger/ManifestModel
instanceKlass com/android/manifmerger/ManifestMerger2$MapBasedKeyBasedValueResolver
instanceKlass com/android/manifmerger/ManifestMerger2$FileStreamProvider
instanceKlass com/android/manifmerger/ManifestMerger2$AutoAddingProperty
instanceKlass com/android/manifmerger/ManifestMerger2$Invoker
instanceKlass com/android/manifmerger/PlaceholderHandler$KeyBasedValueResolver
instanceKlass com/android/manifmerger/ManifestMerger2$ManifestInfo
instanceKlass com/android/manifmerger/KeyResolver
instanceKlass com/android/manifmerger/DocumentModel
instanceKlass com/android/manifmerger/ManifestMerger2
instanceKlass com/android/build/gradle/internal/tasks/manifest/ManifestHelperKt
instanceKlass com/android/build/gradle/tasks/ProcessApplicationManifest$CreationAction$ManifestProviderImpl
instanceKlass com/android/manifmerger/ManifestProvider
instanceKlass org/apache/log4j/Log4jLoggerFactory
instanceKlass org/apache/log4j/Category
instanceKlass com/android/build/gradle/internal/tasks/IncrementalTask$taskAction$$inlined$recordTaskAction$1
instanceKlass org/gradle/api/tasks/incremental/InputFileDetails
instanceKlass org/gradle/api/internal/changedetection/changes/StatefulIncrementalTaskInputs
instanceKlass org/gradle/internal/execution/history/changes/NonIncrementalInputChanges$$Lambda$1590
instanceKlass com/google/gson/internal/$Gson$Types$WildcardTypeImpl
instanceKlass com/google/gson/internal/Streams
instanceKlass com/android/build/api/variant/impl/BuiltArtifactsImpl$Companion
instanceKlass com/android/utils/PathUtils
instanceKlass com/android/build/gradle/internal/tasks/NonIncrementalTask$taskAction$$inlined$recordTaskAction$1
instanceKlass org/gradle/internal/execution/history/changes/DefaultIncrementalInputProperties$$Lambda$1589
instanceKlass org/gradle/internal/execution/history/changes/DefaultIncrementalInputProperties$$Lambda$1588
instanceKlass com/google/common/collect/ForwardingObject
instanceKlass com/google/common/collect/ImmutableList$SerializedForm
instanceKlass org/gradle/internal/execution/steps/SkipUpToDateStep$2
instanceKlass org/gradle/internal/execution/history/impl/FileSystemSnapshotSerializer$1$1
instanceKlass org/gradle/internal/snapshot/RootTrackingFileSystemSnapshotHierarchyVisitor
instanceKlass org/gradle/internal/execution/history/impl/DefaultOutputFilesRepository$1
instanceKlass org/gradle/internal/execution/history/impl/DefaultOutputFilesRepository$$Lambda$1587
instanceKlass com/google/common/collect/Maps$13
instanceKlass com/google/common/collect/Maps$9
instanceKlass org/gradle/internal/execution/history/impl/DefaultExecutionHistoryStore$$Lambda$1586
instanceKlass org/gradle/internal/execution/steps/StoreExecutionStateStep$$Lambda$1585
instanceKlass java/lang/invoke/LambdaForm$DMH
instanceKlass org/gradle/internal/execution/steps/StoreExecutionStateStep$$Lambda$1584
instanceKlass org/gradle/internal/execution/steps/CaptureStateAfterExecutionStep$1
instanceKlass org/gradle/internal/execution/steps/CaptureStateAfterExecutionStep$Operation$Result$1
instanceKlass org/gradle/internal/execution/steps/CaptureStateAfterExecutionStep$Operation$Result
instanceKlass com/android/ide/common/resources/CopyToOutputDirectoryResourceCompilationService
instanceKlass org/gradle/internal/execution/steps/CaptureStateAfterExecutionStep$$Lambda$1583
instanceKlass org/gradle/internal/execution/steps/CaptureStateAfterExecutionStep$Operation$Details$1
instanceKlass org/gradle/internal/execution/steps/CaptureStateAfterExecutionStep$Operation$Details
instanceKlass org/gradle/internal/execution/steps/CaptureStateAfterExecutionStep$$Lambda$1582
instanceKlass org/gradle/internal/execution/steps/ExecuteStep$Operation$Result$1
instanceKlass org/gradle/internal/execution/steps/ExecuteStep$Operation$Result
instanceKlass org/gradle/internal/execution/steps/ExecuteStep$ResultImpl
instanceKlass org/gradle/internal/execution/steps/ExecuteStep$ExecutionResultImpl
instanceKlass org/gradle/internal/execution/steps/ExecuteStep$$Lambda$1581
instanceKlass org/gradle/internal/execution/steps/ExecuteStep$3
instanceKlass org/gradle/api/internal/tasks/execution/ExecuteActionsTaskExecuter$TaskExecution$1
instanceKlass com/android/aaptcompiler/XmlProcessor$process$3
instanceKlass com/android/aaptcompiler/XmlProcessor$process$$inlined$sortedBy$1
instanceKlass com/android/aaptcompiler/XmlResource
instanceKlass com/android/aaptcompiler/XmlProcessorKt
instanceKlass org/codehaus/stax2/ri/SingletonIterator
instanceKlass com/ctc/wstx/util/DataUtil$EI
instanceKlass com/android/aapt/Resources$XmlNamespaceOrBuilder
instanceKlass com/android/aapt/Resources$XmlNodeOrBuilder
instanceKlass com/android/aapt/Resources$XmlAttributeOrBuilder
instanceKlass com/android/aapt/Resources$XmlElementOrBuilder
instanceKlass com/android/aaptcompiler/NamespaceContext
instanceKlass com/android/aaptcompiler/XmlResourceBuilder
instanceKlass com/android/aaptcompiler/XmlProcessor
instanceKlass com/android/aapt/Resources$Styleable$EntryOrBuilder
instanceKlass com/android/aapt/Resources$Attribute$SymbolOrBuilder
instanceKlass com/android/aapt/Resources$FileReference$Type$1
instanceKlass android/aapt/pb/internal/ResourcesInternal$CompiledFile$SymbolOrBuilder
instanceKlass android/aapt/pb/internal/ResourcesInternal$CompiledFileOrBuilder
instanceKlass kotlin/io/ByteStreamsKt
